{"E:\\workspace\\k-view\\src\\index.js": {"path":"E:\\workspace\\k-view\\src\\index.js","statementMap":{"0":{"start":{"line":13,"column":17},"end":{"line":22,"column":1}},"1":{"start":{"line":24,"column":14},"end":{"line":37,"column":1}},"2":{"start":{"line":25,"column":4},"end":{"line":25,"column":26}},"3":{"start":{"line":26,"column":4},"end":{"line":26,"column":27}},"4":{"start":{"line":28,"column":4},"end":{"line":28,"column":34}},"5":{"start":{"line":28,"column":27},"end":{"line":28,"column":34}},"6":{"start":{"line":30,"column":4},"end":{"line":30,"column":20}},"7":{"start":{"line":32,"column":4},"end":{"line":34,"column":6}},"8":{"start":{"line":33,"column":8},"end":{"line":33,"column":38}},"9":{"start":{"line":36,"column":4},"end":{"line":36,"column":28}},"10":{"start":{"line":40,"column":0},"end":{"line":42,"column":1}},"11":{"start":{"line":41,"column":4},"end":{"line":41,"column":23}},"12":{"start":{"line":44,"column":14},"end":{"line":49,"column":1}}},"fnMap":{"0":{"name":"(anonymous_0)","decl":{"start":{"line":24,"column":14},"end":{"line":24,"column":15}},"loc":{"start":{"line":24,"column":32},"end":{"line":37,"column":1}},"line":24},"1":{"name":"(anonymous_1)","decl":{"start":{"line":32,"column":23},"end":{"line":32,"column":24}},"loc":{"start":{"line":32,"column":29},"end":{"line":34,"column":5}},"line":32}},"branchMap":{"0":{"loc":{"start":{"line":24,"column":20},"end":{"line":24,"column":29}},"type":"default-arg","locations":[{"start":{"line":24,"column":27},"end":{"line":24,"column":29}}],"line":24},"1":{"loc":{"start":{"line":28,"column":4},"end":{"line":28,"column":34}},"type":"if","locations":[{"start":{"line":28,"column":4},"end":{"line":28,"column":34}},{"start":{"line":28,"column":4},"end":{"line":28,"column":34}}],"line":28},"2":{"loc":{"start":{"line":40,"column":0},"end":{"line":42,"column":1}},"type":"if","locations":[{"start":{"line":40,"column":0},"end":{"line":42,"column":1}},{"start":{"line":40,"column":0},"end":{"line":42,"column":1}}],"line":40},"3":{"loc":{"start":{"line":40,"column":4},"end":{"line":40,"column":45}},"type":"binary-expr","locations":[{"start":{"line":40,"column":4},"end":{"line":40,"column":33}},{"start":{"line":40,"column":35},"end":{"line":40,"column":45}}],"line":40}},"s":{"0":0,"1":0,"2":0,"3":0,"4":0,"5":0,"6":0,"7":0,"8":0,"9":0,"10":0,"11":0,"12":0},"f":{"0":0,"1":0},"b":{"0":[0],"1":[0,0],"2":[0,0],"3":[0,0]}}
,"E:\\workspace\\k-view\\src\\components\\col-table\\index.js": {"path":"E:\\workspace\\k-view\\src\\components\\col-table\\index.js","statementMap":{"0":{"start":{"line":3,"column":0},"end":{"line":5,"column":1}},"1":{"start":{"line":4,"column":4},"end":{"line":4,"column":41}}},"fnMap":{"0":{"name":"(anonymous_0)","decl":{"start":{"line":3,"column":19},"end":{"line":3,"column":20}},"loc":{"start":{"line":3,"column":25},"end":{"line":5,"column":1}},"line":3}},"branchMap":{},"s":{"0":0,"1":0},"f":{"0":0},"b":{}}
,"E:\\workspace\\k-view\\src\\components\\col-table\\src\\ColTable.vue": {"path":"E:\\workspace\\k-view\\src\\components\\col-table\\src\\ColTable.vue","statementMap":{"0":{"start":{"line":86,"column":0},"end":{"line":86,"column":null}},"1":{"start":{"line":92,"column":0},"end":{"line":92,"column":null}},"2":{"start":{"line":98,"column":0},"end":{"line":98,"column":null}},"3":{"start":{"line":103,"column":0},"end":{"line":103,"column":null}},"4":{"start":{"line":112,"column":0},"end":{"line":112,"column":null}},"5":{"start":{"line":118,"column":0},"end":{"line":118,"column":null}},"6":{"start":{"line":119,"column":0},"end":{"line":119,"column":null}},"7":{"start":{"line":122,"column":0},"end":{"line":122,"column":null}}},"fnMap":{"0":{"name":"(anonymous_1)","decl":{"start":{"line":85,"column":0},"end":{"line":85,"column":null}},"loc":{"start":{"line":85,"column":0},"end":{"line":87,"column":null}}},"1":{"name":"(anonymous_2)","decl":{"start":{"line":91,"column":0},"end":{"line":91,"column":null}},"loc":{"start":{"line":91,"column":0},"end":{"line":93,"column":null}}},"2":{"name":"(anonymous_3)","decl":{"start":{"line":97,"column":0},"end":{"line":97,"column":null}},"loc":{"start":{"line":97,"column":0},"end":{"line":99,"column":null}}},"3":{"name":"(anonymous_4)","decl":{"start":{"line":102,"column":0},"end":{"line":102,"column":null}},"loc":{"start":{"line":102,"column":0},"end":{"line":107,"column":null}}},"4":{"name":"(anonymous_5)","decl":{"start":{"line":111,"column":0},"end":{"line":111,"column":null}},"loc":{"start":{"line":111,"column":0},"end":{"line":113,"column":null}}},"5":{"name":"(anonymous_6)","decl":{"start":{"line":117,"column":0},"end":{"line":117,"column":null}},"loc":{"start":{"line":117,"column":0},"end":{"line":120,"column":null}}},"6":{"name":"(anonymous_7)","decl":{"start":{"line":121,"column":0},"end":{"line":121,"column":null}},"loc":{"start":{"line":121,"column":0},"end":{"line":123,"column":null}}}},"branchMap":{},"s":{"0":0,"1":0,"2":0,"3":0,"4":0,"5":0,"6":0,"7":0},"f":{"0":0,"1":0,"2":0,"3":0,"4":0,"5":0,"6":0},"b":{}}
,"E:\\workspace\\k-view\\src\\components\\drop-box\\index.js": {"path":"E:\\workspace\\k-view\\src\\components\\drop-box\\index.js","statementMap":{"0":{"start":{"line":3,"column":0},"end":{"line":5,"column":1}},"1":{"start":{"line":4,"column":4},"end":{"line":4,"column":39}}},"fnMap":{"0":{"name":"(anonymous_0)","decl":{"start":{"line":3,"column":18},"end":{"line":3,"column":19}},"loc":{"start":{"line":3,"column":24},"end":{"line":5,"column":1}},"line":3}},"branchMap":{},"s":{"0":0,"1":0},"f":{"0":0},"b":{}}
,"E:\\workspace\\k-view\\src\\components\\drop-box\\src\\DropBox.vue": {"path":"E:\\workspace\\k-view\\src\\components\\drop-box\\src\\DropBox.vue","statementMap":{"0":{"start":{"line":80,"column":0},"end":{"line":80,"column":null}},"1":{"start":{"line":86,"column":0},"end":{"line":86,"column":null}},"2":{"start":{"line":92,"column":0},"end":{"line":92,"column":null}}},"fnMap":{"0":{"name":"(anonymous_1)","decl":{"start":{"line":79,"column":0},"end":{"line":79,"column":null}},"loc":{"start":{"line":79,"column":0},"end":{"line":81,"column":null}}},"1":{"name":"(anonymous_2)","decl":{"start":{"line":85,"column":0},"end":{"line":85,"column":null}},"loc":{"start":{"line":85,"column":0},"end":{"line":87,"column":null}}},"2":{"name":"(anonymous_3)","decl":{"start":{"line":91,"column":0},"end":{"line":91,"column":null}},"loc":{"start":{"line":91,"column":0},"end":{"line":93,"column":null}}}},"branchMap":{},"s":{"0":0,"1":0,"2":0},"f":{"0":0,"1":0,"2":0},"b":{}}
,"E:\\workspace\\k-view\\src\\components\\fade-pop\\index.js": {"path":"E:\\workspace\\k-view\\src\\components\\fade-pop\\index.js","statementMap":{"0":{"start":{"line":4,"column":0},"end":{"line":13,"column":2}},"1":{"start":{"line":5,"column":2},"end":{"line":11,"column":5}},"2":{"start":{"line":7,"column":6},"end":{"line":9,"column":7}},"3":{"start":{"line":8,"column":8},"end":{"line":8,"column":43}},"4":{"start":{"line":12,"column":2},"end":{"line":12,"column":39}}},"fnMap":{"0":{"name":"(anonymous_0)","decl":{"start":{"line":4,"column":18},"end":{"line":4,"column":19}},"loc":{"start":{"line":4,"column":25},"end":{"line":13,"column":1}},"line":4},"1":{"name":"(anonymous_1)","decl":{"start":{"line":6,"column":14},"end":{"line":6,"column":15}},"loc":{"start":{"line":6,"column":36},"end":{"line":10,"column":5}},"line":6}},"branchMap":{"0":{"loc":{"start":{"line":7,"column":6},"end":{"line":9,"column":7}},"type":"if","locations":[{"start":{"line":7,"column":6},"end":{"line":9,"column":7}},{"start":{"line":7,"column":6},"end":{"line":9,"column":7}}],"line":7}},"s":{"0":0,"1":0,"2":0,"3":0,"4":0},"f":{"0":0,"1":0},"b":{"0":[0,0]}}
,"E:\\workspace\\k-view\\src\\components\\fade-pop\\src\\FadeBody.vue": {"path":"E:\\workspace\\k-view\\src\\components\\fade-pop\\src\\FadeBody.vue","statementMap":{"0":{"start":{"line":20,"column":0},"end":{"line":20,"column":null}}},"fnMap":{"0":{"name":"(anonymous_1)","decl":{"start":{"line":19,"column":0},"end":{"line":19,"column":null}},"loc":{"start":{"line":19,"column":0},"end":{"line":21,"column":null}}},"1":{"name":"(anonymous_2)","decl":{"start":{"line":24,"column":0},"end":{"line":24,"column":null}},"loc":{"start":{"line":24,"column":0},"end":{"line":24,"column":null}}},"2":{"name":"(anonymous_3)","decl":{"start":{"line":25,"column":0},"end":{"line":25,"column":null}},"loc":{"start":{"line":25,"column":0},"end":{"line":25,"column":null}}}},"branchMap":{},"s":{"0":0},"f":{"0":0,"1":0,"2":0},"b":{}}
,"E:\\workspace\\k-view\\src\\components\\fade-pop\\src\\FadePop.vue": {"path":"E:\\workspace\\k-view\\src\\components\\fade-pop\\src\\FadePop.vue","statementMap":{"0":{"start":{"line":163,"column":0},"end":{"line":163,"column":null}},"1":{"start":{"line":177,"column":0},"end":{"line":177,"column":null}},"2":{"start":{"line":183,"column":0},"end":{"line":183,"column":null}},"3":{"start":{"line":189,"column":0},"end":{"line":189,"column":null}},"4":{"start":{"line":195,"column":0},"end":{"line":195,"column":null}},"5":{"start":{"line":216,"column":0},"end":{"line":216,"column":null}},"6":{"start":{"line":222,"column":0},"end":{"line":222,"column":null}},"7":{"start":{"line":232,"column":0},"end":{"line":237,"column":null}},"8":{"start":{"line":235,"column":0},"end":{"line":235,"column":null}},"9":{"start":{"line":236,"column":0},"end":{"line":236,"column":null}},"10":{"start":{"line":238,"column":0},"end":{"line":238,"column":null}},"11":{"start":{"line":239,"column":0},"end":{"line":245,"column":null}},"12":{"start":{"line":240,"column":0},"end":{"line":242,"column":null}},"13":{"start":{"line":241,"column":0},"end":{"line":241,"column":null}},"14":{"start":{"line":244,"column":0},"end":{"line":244,"column":null}},"15":{"start":{"line":248,"column":0},"end":{"line":248,"column":null}},"16":{"start":{"line":251,"column":0},"end":{"line":255,"column":null}},"17":{"start":{"line":252,"column":0},"end":{"line":252,"column":null}},"18":{"start":{"line":254,"column":0},"end":{"line":254,"column":null}},"19":{"start":{"line":258,"column":0},"end":{"line":258,"column":null}}},"fnMap":{"0":{"name":"(anonymous_2)","decl":{"start":{"line":176,"column":0},"end":{"line":176,"column":null}},"loc":{"start":{"line":176,"column":0},"end":{"line":178,"column":null}}},"1":{"name":"(anonymous_3)","decl":{"start":{"line":182,"column":0},"end":{"line":182,"column":null}},"loc":{"start":{"line":182,"column":0},"end":{"line":184,"column":null}}},"2":{"name":"(anonymous_4)","decl":{"start":{"line":188,"column":0},"end":{"line":188,"column":null}},"loc":{"start":{"line":188,"column":0},"end":{"line":190,"column":null}}},"3":{"name":"(anonymous_5)","decl":{"start":{"line":194,"column":0},"end":{"line":194,"column":null}},"loc":{"start":{"line":194,"column":0},"end":{"line":196,"column":null}}},"4":{"name":"(anonymous_6)","decl":{"start":{"line":215,"column":0},"end":{"line":215,"column":null}},"loc":{"start":{"line":215,"column":0},"end":{"line":219,"column":null}}},"5":{"name":"(anonymous_7)","decl":{"start":{"line":221,"column":0},"end":{"line":221,"column":null}},"loc":{"start":{"line":221,"column":0},"end":{"line":228,"column":null}}},"6":{"name":"(anonymous_8)","decl":{"start":{"line":231,"column":0},"end":{"line":231,"column":null}},"loc":{"start":{"line":231,"column":0},"end":{"line":246,"column":null}}},"7":{"name":"(anonymous_9)","decl":{"start":{"line":240,"column":0},"end":{"line":240,"column":null}},"loc":{"start":{"line":240,"column":0},"end":{"line":242,"column":null}}},"8":{"name":"(anonymous_10)","decl":{"start":{"line":247,"column":0},"end":{"line":247,"column":null}},"loc":{"start":{"line":247,"column":0},"end":{"line":249,"column":null}}},"9":{"name":"(anonymous_11)","decl":{"start":{"line":250,"column":0},"end":{"line":250,"column":null}},"loc":{"start":{"line":250,"column":0},"end":{"line":256,"column":null}}},"10":{"name":"(anonymous_12)","decl":{"start":{"line":257,"column":0},"end":{"line":257,"column":null}},"loc":{"start":{"line":257,"column":0},"end":{"line":259,"column":null}}}},"branchMap":{"0":{"loc":{"start":{"line":232,"column":0},"end":{"line":237,"column":null}},"type":"if","locations":[{"start":{"line":232,"column":0},"end":{"line":237,"column":null}},{"start":{"line":232,"column":0},"end":{"line":237,"column":null}}]},"1":{"loc":{"start":{"line":239,"column":0},"end":{"line":245,"column":null}},"type":"if","locations":[{"start":{"line":239,"column":0},"end":{"line":245,"column":null}},{"start":{"line":239,"column":0},"end":{"line":245,"column":null}}]},"2":{"loc":{"start":{"line":239,"column":0},"end":{"line":239,"column":null}},"type":"binary-expr","locations":[{"start":{"line":239,"column":0},"end":{"line":239,"column":null}},{"start":{"line":239,"column":0},"end":{"line":239,"column":null}}]},"3":{"loc":{"start":{"line":251,"column":0},"end":{"line":255,"column":null}},"type":"if","locations":[{"start":{"line":251,"column":0},"end":{"line":255,"column":null}},{"start":{"line":251,"column":0},"end":{"line":255,"column":null}}]},"4":{"loc":{"start":{"line":258,"column":0},"end":{"line":258,"column":null}},"type":"if","locations":[{"start":{"line":258,"column":0},"end":{"line":258,"column":null}},{"start":{"line":258,"column":0},"end":{"line":258,"column":null}}]}},"s":{"0":0,"1":0,"2":0,"3":0,"4":0,"5":0,"6":0,"7":0,"8":0,"9":0,"10":0,"11":0,"12":0,"13":0,"14":0,"15":0,"16":0,"17":0,"18":0,"19":0},"f":{"0":0,"1":0,"2":0,"3":0,"4":0,"5":0,"6":0,"7":0,"8":0,"9":0,"10":0},"b":{"0":[0,0],"1":[0,0],"2":[0,0],"3":[0,0],"4":[0,0]}}
,"E:\\workspace\\k-view\\src\\components\\hello-world\\hello-world.vue": {"path":"E:\\workspace\\k-view\\src\\components\\hello-world\\hello-world.vue","statementMap":{"0":{"start":{"line":17,"column":0},"end":{"line":17,"column":null}}},"fnMap":{"0":{"name":"(anonymous_1)","decl":{"start":{"line":16,"column":0},"end":{"line":16,"column":null}},"loc":{"start":{"line":16,"column":0},"end":{"line":20,"column":null}}}},"branchMap":{},"s":{"0":1},"f":{"0":1},"b":{}}
,"E:\\workspace\\k-view\\src\\components\\icon\\index.js": {"path":"E:\\workspace\\k-view\\src\\components\\icon\\index.js","statementMap":{"0":{"start":{"line":3,"column":0},"end":{"line":5,"column":1}},"1":{"start":{"line":4,"column":4},"end":{"line":4,"column":34}}},"fnMap":{"0":{"name":"(anonymous_0)","decl":{"start":{"line":3,"column":15},"end":{"line":3,"column":16}},"loc":{"start":{"line":3,"column":21},"end":{"line":5,"column":1}},"line":3}},"branchMap":{},"s":{"0":0,"1":0},"f":{"0":0},"b":{}}
,"E:\\workspace\\k-view\\src\\components\\icon\\src\\Icon.vue": {"path":"E:\\workspace\\k-view\\src\\components\\icon\\src\\Icon.vue","statementMap":{"0":{"start":{"line":26,"column":0},"end":{"line":26,"column":null}}},"fnMap":{},"branchMap":{},"s":{"0":0},"f":{},"b":{}}
,"E:\\workspace\\k-view\\src\\components\\icon\\src\\iconfont.js": {"path":"E:\\workspace\\k-view\\src\\components\\icon\\src\\iconfont.js","statementMap":{"0":{"start":{"line":1,"column":0},"end":{"line":1,"column":6034}},"1":{"start":{"line":1,"column":21},"end":{"line":1,"column":4786}},"2":{"start":{"line":1,"column":4789},"end":{"line":1,"column":4875}},"3":{"start":{"line":1,"column":4876},"end":{"line":1,"column":5134}},"4":{"start":{"line":1,"column":4915},"end":{"line":1,"column":4949}},"5":{"start":{"line":1,"column":4949},"end":{"line":1,"column":5133}},"6":{"start":{"line":1,"column":4953},"end":{"line":1,"column":5099}},"7":{"start":{"line":1,"column":5109},"end":{"line":1,"column":5132}},"8":{"start":{"line":1,"column":5134},"end":{"line":1,"column":6024}},"9":{"start":{"line":1,"column":5147},"end":{"line":1,"column":5662}},"10":{"start":{"line":1,"column":5176},"end":{"line":1,"column":5393}},"11":{"start":{"line":1,"column":5245},"end":{"line":1,"column":5261}},"12":{"start":{"line":1,"column":5272},"end":{"line":1,"column":5341}},"13":{"start":{"line":1,"column":5283},"end":{"line":1,"column":5340}},"14":{"start":{"line":1,"column":5342},"end":{"line":1,"column":5392}},"15":{"start":{"line":1,"column":5398},"end":{"line":1,"column":5662}},"16":{"start":{"line":1,"column":5456},"end":{"line":1,"column":5469}},"17":{"start":{"line":1,"column":5485},"end":{"line":1,"column":5562}},"18":{"start":{"line":1,"column":5489},"end":{"line":1,"column":5523}},"19":{"start":{"line":1,"column":5533},"end":{"line":1,"column":5561}},"20":{"start":{"line":1,"column":5562},"end":{"line":1,"column":5565}},"21":{"start":{"line":1,"column":5602},"end":{"line":1,"column":5659}},"22":{"start":{"line":1,"column":5704},"end":{"line":1,"column":6022}}},"fnMap":{"0":{"name":"(anonymous_0)","decl":{"start":{"line":1,"column":1},"end":{"line":1,"column":2}},"loc":{"start":{"line":1,"column":12},"end":{"line":1,"column":6025}},"line":1},"1":{"name":"(anonymous_1)","decl":{"start":{"line":1,"column":5135},"end":{"line":1,"column":5136}},"loc":{"start":{"line":1,"column":5146},"end":{"line":1,"column":5676}},"line":1},"2":{"name":"(anonymous_2)","decl":{"start":{"line":1,"column":5272},"end":{"line":1,"column":5273}},"loc":{"start":{"line":1,"column":5282},"end":{"line":1,"column":5341}},"line":1},"3":{"name":"(anonymous_3)","decl":{"start":{"line":1,"column":5445},"end":{"line":1,"column":5446}},"loc":{"start":{"line":1,"column":5455},"end":{"line":1,"column":5470}},"line":1},"4":{"name":"(anonymous_4)","decl":{"start":{"line":1,"column":5474},"end":{"line":1,"column":5475}},"loc":{"start":{"line":1,"column":5484},"end":{"line":1,"column":5566}},"line":1},"5":{"name":"(anonymous_5)","decl":{"start":{"line":1,"column":5591},"end":{"line":1,"column":5592}},"loc":{"start":{"line":1,"column":5601},"end":{"line":1,"column":5660}},"line":1},"6":{"name":"(anonymous_6)","decl":{"start":{"line":1,"column":5677},"end":{"line":1,"column":5678}},"loc":{"start":{"line":1,"column":5687},"end":{"line":1,"column":6023}},"line":1}},"branchMap":{"0":{"loc":{"start":{"line":1,"column":4876},"end":{"line":1,"column":5134}},"type":"if","locations":[{"start":{"line":1,"column":4876},"end":{"line":1,"column":5134}},{"start":{"line":1,"column":4876},"end":{"line":1,"column":5134}}],"line":1},"1":{"loc":{"start":{"line":1,"column":4879},"end":{"line":1,"column":4913}},"type":"binary-expr","locations":[{"start":{"line":1,"column":4879},"end":{"line":1,"column":4880}},{"start":{"line":1,"column":4882},"end":{"line":1,"column":4913}}],"line":1},"2":{"loc":{"start":{"line":1,"column":5109},"end":{"line":1,"column":5132}},"type":"binary-expr","locations":[{"start":{"line":1,"column":5109},"end":{"line":1,"column":5116}},{"start":{"line":1,"column":5118},"end":{"line":1,"column":5132}}],"line":1},"3":{"loc":{"start":{"line":1,"column":5147},"end":{"line":1,"column":5662}},"type":"if","locations":[{"start":{"line":1,"column":5147},"end":{"line":1,"column":5662}},{"start":{"line":1,"column":5147},"end":{"line":1,"column":5662}}],"line":1},"4":{"loc":{"start":{"line":1,"column":5176},"end":{"line":1,"column":5393}},"type":"if","locations":[{"start":{"line":1,"column":5176},"end":{"line":1,"column":5393}},{"start":{"line":1,"column":5176},"end":{"line":1,"column":5393}}],"line":1},"5":{"loc":{"start":{"line":1,"column":5398},"end":{"line":1,"column":5661}},"type":"binary-expr","locations":[{"start":{"line":1,"column":5398},"end":{"line":1,"column":5418}},{"start":{"line":1,"column":5421},"end":{"line":1,"column":5660}}],"line":1},"6":{"loc":{"start":{"line":1,"column":5456},"end":{"line":1,"column":5469}},"type":"binary-expr","locations":[{"start":{"line":1,"column":5456},"end":{"line":1,"column":5457}},{"start":{"line":1,"column":5460},"end":{"line":1,"column":5468}}],"line":1},"7":{"loc":{"start":{"line":1,"column":5602},"end":{"line":1,"column":5659}},"type":"binary-expr","locations":[{"start":{"line":1,"column":5602},"end":{"line":1,"column":5626}},{"start":{"line":1,"column":5629},"end":{"line":1,"column":5658}}],"line":1},"8":{"loc":{"start":{"line":1,"column":5757},"end":{"line":1,"column":6022}},"type":"binary-expr","locations":[{"start":{"line":1,"column":5758},"end":{"line":1,"column":5792}},{"start":{"line":1,"column":5796},"end":{"line":1,"column":6021}}],"line":1},"9":{"loc":{"start":{"line":1,"column":5924},"end":{"line":1,"column":6021}},"type":"cond-expr","locations":[{"start":{"line":1,"column":5954},"end":{"line":1,"column":6003}},{"start":{"line":1,"column":6005},"end":{"line":1,"column":6021}}],"line":1}},"s":{"0":0,"1":0,"2":0,"3":0,"4":0,"5":0,"6":0,"7":0,"8":0,"9":0,"10":0,"11":0,"12":0,"13":0,"14":0,"15":0,"16":0,"17":0,"18":0,"19":0,"20":0,"21":0,"22":0},"f":{"0":0,"1":0,"2":0,"3":0,"4":0,"5":0,"6":0},"b":{"0":[0,0],"1":[0,0],"2":[0,0],"3":[0,0],"4":[0,0],"5":[0,0],"6":[0,0],"7":[0,0],"8":[0,0],"9":[0,0]}}
,"E:\\workspace\\k-view\\src\\components\\image\\index.js": {"path":"E:\\workspace\\k-view\\src\\components\\image\\index.js","statementMap":{"0":{"start":{"line":3,"column":0},"end":{"line":5,"column":1}},"1":{"start":{"line":4,"column":4},"end":{"line":4,"column":36}}},"fnMap":{"0":{"name":"(anonymous_0)","decl":{"start":{"line":3,"column":16},"end":{"line":3,"column":17}},"loc":{"start":{"line":3,"column":21},"end":{"line":5,"column":1}},"line":3}},"branchMap":{},"s":{"0":0,"1":0},"f":{"0":0},"b":{}}
,"E:\\workspace\\k-view\\src\\components\\image\\src\\Image.vue": {"path":"E:\\workspace\\k-view\\src\\components\\image\\src\\Image.vue","statementMap":{"0":{"start":{"line":21,"column":0},"end":{"line":21,"column":null}},"1":{"start":{"line":26,"column":0},"end":{"line":26,"column":null}}},"fnMap":{"0":{"name":"(anonymous_1)","decl":{"start":{"line":20,"column":0},"end":{"line":20,"column":null}},"loc":{"start":{"line":20,"column":0},"end":{"line":22,"column":null}}},"1":{"name":"(anonymous_2)","decl":{"start":{"line":25,"column":0},"end":{"line":25,"column":null}},"loc":{"start":{"line":25,"column":0},"end":{"line":29,"column":null}}},"2":{"name":"(anonymous_3)","decl":{"start":{"line":32,"column":0},"end":{"line":32,"column":null}},"loc":{"start":{"line":32,"column":0},"end":{"line":32,"column":null}}},"3":{"name":"(anonymous_4)","decl":{"start":{"line":35,"column":0},"end":{"line":35,"column":null}},"loc":{"start":{"line":35,"column":0},"end":{"line":35,"column":null}}}},"branchMap":{},"s":{"0":0,"1":0},"f":{"0":0,"1":0,"2":0,"3":0},"b":{}}
,"E:\\workspace\\k-view\\src\\components\\loading\\index.js": {"path":"E:\\workspace\\k-view\\src\\components\\loading\\index.js","statementMap":{"0":{"start":{"line":7,"column":22},"end":{"line":7,"column":26}},"1":{"start":{"line":9,"column":16},"end":{"line":31,"column":1}},"2":{"start":{"line":10,"column":2},"end":{"line":10,"column":72}},"3":{"start":{"line":10,"column":13},"end":{"line":10,"column":72}},"4":{"start":{"line":11,"column":30},"end":{"line":11,"column":34}},"5":{"start":{"line":12,"column":2},"end":{"line":12,"column":50}},"6":{"start":{"line":12,"column":19},"end":{"line":12,"column":50}},"7":{"start":{"line":13,"column":2},"end":{"line":13,"column":32}},"8":{"start":{"line":13,"column":14},"end":{"line":13,"column":32}},"9":{"start":{"line":14,"column":2},"end":{"line":26,"column":4}},"10":{"start":{"line":15,"column":4},"end":{"line":22,"column":5}},"11":{"start":{"line":16,"column":25},"end":{"line":16,"column":48}},"12":{"start":{"line":17,"column":6},"end":{"line":17,"column":41}},"13":{"start":{"line":18,"column":6},"end":{"line":18,"column":46}},"14":{"start":{"line":19,"column":6},"end":{"line":19,"column":36}},"15":{"start":{"line":20,"column":18},"end":{"line":20,"column":46}},"16":{"start":{"line":21,"column":6},"end":{"line":21,"column":37}},"17":{"start":{"line":23,"column":4},"end":{"line":23,"column":39}},"18":{"start":{"line":24,"column":4},"end":{"line":24,"column":45}},"19":{"start":{"line":24,"column":19},"end":{"line":24,"column":45}},"20":{"start":{"line":25,"column":4},"end":{"line":25,"column":15}},"21":{"start":{"line":27,"column":2},"end":{"line":30,"column":5}},"22":{"start":{"line":28,"column":4},"end":{"line":29,"column":57}},"23":{"start":{"line":29,"column":6},"end":{"line":29,"column":55}}},"fnMap":{"0":{"name":"(anonymous_0)","decl":{"start":{"line":9,"column":16},"end":{"line":9,"column":17}},"loc":{"start":{"line":9,"column":31},"end":{"line":31,"column":1}},"line":9},"1":{"name":"(anonymous_1)","decl":{"start":{"line":14,"column":27},"end":{"line":14,"column":28}},"loc":{"start":{"line":14,"column":54},"end":{"line":26,"column":3}},"line":14},"2":{"name":"(anonymous_2)","decl":{"start":{"line":27,"column":27},"end":{"line":27,"column":28}},"loc":{"start":{"line":27,"column":35},"end":{"line":30,"column":3}},"line":27},"3":{"name":"(anonymous_3)","decl":{"start":{"line":28,"column":48},"end":{"line":28,"column":49}},"loc":{"start":{"line":29,"column":6},"end":{"line":29,"column":55}},"line":29}},"branchMap":{"0":{"loc":{"start":{"line":10,"column":2},"end":{"line":10,"column":72}},"type":"if","locations":[{"start":{"line":10,"column":2},"end":{"line":10,"column":72}},{"start":{"line":10,"column":2},"end":{"line":10,"column":72}}],"line":10},"1":{"loc":{"start":{"line":12,"column":2},"end":{"line":12,"column":50}},"type":"if","locations":[{"start":{"line":12,"column":2},"end":{"line":12,"column":50}},{"start":{"line":12,"column":2},"end":{"line":12,"column":50}}],"line":12},"2":{"loc":{"start":{"line":13,"column":2},"end":{"line":13,"column":32}},"type":"if","locations":[{"start":{"line":13,"column":2},"end":{"line":13,"column":32}},{"start":{"line":13,"column":2},"end":{"line":13,"column":32}}],"line":13},"3":{"loc":{"start":{"line":15,"column":4},"end":{"line":22,"column":5}},"type":"if","locations":[{"start":{"line":15,"column":4},"end":{"line":22,"column":5}},{"start":{"line":15,"column":4},"end":{"line":22,"column":5}}],"line":15},"4":{"loc":{"start":{"line":24,"column":4},"end":{"line":24,"column":45}},"type":"if","locations":[{"start":{"line":24,"column":4},"end":{"line":24,"column":45}},{"start":{"line":24,"column":4},"end":{"line":24,"column":45}}],"line":24}},"s":{"0":0,"1":0,"2":0,"3":0,"4":0,"5":0,"6":0,"7":0,"8":0,"9":0,"10":0,"11":0,"12":0,"13":0,"14":0,"15":0,"16":0,"17":0,"18":0,"19":0,"20":0,"21":0,"22":0,"23":0},"f":{"0":0,"1":0,"2":0,"3":0},"b":{"0":[0,0],"1":[0,0],"2":[0,0],"3":[0,0],"4":[0,0]}}
,"E:\\workspace\\k-view\\src\\components\\loading\\src\\Loading.vue": {"path":"E:\\workspace\\k-view\\src\\components\\loading\\src\\Loading.vue","statementMap":{"0":{"start":{"line":107,"column":0},"end":{"line":107,"column":null}}},"fnMap":{"0":{"name":"(anonymous_1)","decl":{"start":{"line":106,"column":0},"end":{"line":106,"column":null}},"loc":{"start":{"line":106,"column":0},"end":{"line":112,"column":null}}},"1":{"name":"(anonymous_2)","decl":{"start":{"line":115,"column":0},"end":{"line":115,"column":null}},"loc":{"start":{"line":115,"column":0},"end":{"line":115,"column":null}}},"2":{"name":"(anonymous_3)","decl":{"start":{"line":116,"column":0},"end":{"line":116,"column":null}},"loc":{"start":{"line":116,"column":0},"end":{"line":116,"column":null}}}},"branchMap":{},"s":{"0":0},"f":{"0":0,"1":0,"2":0},"b":{}}
,"E:\\workspace\\k-view\\src\\components\\markdown\\index.js": {"path":"E:\\workspace\\k-view\\src\\components\\markdown\\index.js","statementMap":{"0":{"start":{"line":3,"column":0},"end":{"line":5,"column":2}},"1":{"start":{"line":4,"column":2},"end":{"line":4,"column":41}}},"fnMap":{"0":{"name":"(anonymous_0)","decl":{"start":{"line":3,"column":19},"end":{"line":3,"column":20}},"loc":{"start":{"line":3,"column":26},"end":{"line":5,"column":1}},"line":3}},"branchMap":{},"s":{"0":0,"1":0},"f":{"0":0},"b":{}}
,"E:\\workspace\\k-view\\src\\components\\markdown\\src\\Markdown.vue": {"path":"E:\\workspace\\k-view\\src\\components\\markdown\\src\\Markdown.vue","statementMap":{"0":{"start":{"line":31,"column":0},"end":{"line":31,"column":null}},"1":{"start":{"line":32,"column":0},"end":{"line":32,"column":null}},"2":{"start":{"line":33,"column":0},"end":{"line":33,"column":null}},"3":{"start":{"line":35,"column":0},"end":{"line":35,"column":null}},"4":{"start":{"line":47,"column":0},"end":{"line":47,"column":null}},"5":{"start":{"line":53,"column":0},"end":{"line":53,"column":null}},"6":{"start":{"line":59,"column":0},"end":{"line":59,"column":null}},"7":{"start":{"line":91,"column":0},"end":{"line":91,"column":null}},"8":{"start":{"line":96,"column":0},"end":{"line":96,"column":null}},"9":{"start":{"line":99,"column":0},"end":{"line":99,"column":null}},"10":{"start":{"line":105,"column":0},"end":{"line":105,"column":null}},"11":{"start":{"line":108,"column":0},"end":{"line":108,"column":null}}},"fnMap":{"0":{"name":"(anonymous_2)","decl":{"start":{"line":46,"column":0},"end":{"line":46,"column":null}},"loc":{"start":{"line":46,"column":0},"end":{"line":48,"column":null}}},"1":{"name":"(anonymous_3)","decl":{"start":{"line":52,"column":0},"end":{"line":52,"column":null}},"loc":{"start":{"line":52,"column":0},"end":{"line":54,"column":null}}},"2":{"name":"(anonymous_4)","decl":{"start":{"line":58,"column":0},"end":{"line":58,"column":null}},"loc":{"start":{"line":58,"column":0},"end":{"line":87,"column":null}}},"3":{"name":"(anonymous_5)","decl":{"start":{"line":90,"column":0},"end":{"line":90,"column":null}},"loc":{"start":{"line":90,"column":0},"end":{"line":92,"column":null}}},"4":{"name":"(anonymous_6)","decl":{"start":{"line":95,"column":0},"end":{"line":95,"column":null}},"loc":{"start":{"line":95,"column":0},"end":{"line":97,"column":null}}},"5":{"name":"(anonymous_7)","decl":{"start":{"line":98,"column":0},"end":{"line":98,"column":null}},"loc":{"start":{"line":98,"column":0},"end":{"line":100,"column":null}}},"6":{"name":"(anonymous_8)","decl":{"start":{"line":104,"column":0},"end":{"line":104,"column":null}},"loc":{"start":{"line":104,"column":0},"end":{"line":106,"column":null}}},"7":{"name":"(anonymous_9)","decl":{"start":{"line":107,"column":0},"end":{"line":107,"column":null}},"loc":{"start":{"line":107,"column":0},"end":{"line":109,"column":null}}}},"branchMap":{"0":{"loc":{"start":{"line":108,"column":0},"end":{"line":108,"column":null}},"type":"if","locations":[{"start":{"line":108,"column":0},"end":{"line":108,"column":null}},{"start":{"line":108,"column":0},"end":{"line":108,"column":null}}]}},"s":{"0":0,"1":0,"2":0,"3":0,"4":0,"5":0,"6":0,"7":0,"8":0,"9":0,"10":0,"11":0},"f":{"0":0,"1":0,"2":0,"3":0,"4":0,"5":0,"6":0,"7":0},"b":{"0":[0,0]}}
,"E:\\workspace\\k-view\\src\\components\\menu-tree\\index.js": {"path":"E:\\workspace\\k-view\\src\\components\\menu-tree\\index.js","statementMap":{"0":{"start":{"line":3,"column":0},"end":{"line":5,"column":1}},"1":{"start":{"line":4,"column":4},"end":{"line":4,"column":43}}},"fnMap":{"0":{"name":"(anonymous_0)","decl":{"start":{"line":3,"column":19},"end":{"line":3,"column":20}},"loc":{"start":{"line":3,"column":26},"end":{"line":5,"column":1}},"line":3}},"branchMap":{},"s":{"0":0,"1":0},"f":{"0":0},"b":{}}
,"E:\\workspace\\k-view\\src\\components\\menu-tree\\src\\MenuTree.vue": {"path":"E:\\workspace\\k-view\\src\\components\\menu-tree\\src\\MenuTree.vue","statementMap":{"0":{"start":{"line":85,"column":0},"end":{"line":85,"column":null}},"1":{"start":{"line":91,"column":0},"end":{"line":91,"column":null}},"2":{"start":{"line":97,"column":0},"end":{"line":97,"column":null}},"3":{"start":{"line":103,"column":0},"end":{"line":103,"column":null}},"4":{"start":{"line":109,"column":0},"end":{"line":109,"column":null}},"5":{"start":{"line":114,"column":0},"end":{"line":114,"column":null}},"6":{"start":{"line":118,"column":0},"end":{"line":118,"column":null}},"7":{"start":{"line":120,"column":0},"end":{"line":120,"column":null}},"8":{"start":{"line":123,"column":0},"end":{"line":123,"column":null}}},"fnMap":{"0":{"name":"(anonymous_2)","decl":{"start":{"line":84,"column":0},"end":{"line":84,"column":null}},"loc":{"start":{"line":84,"column":0},"end":{"line":86,"column":null}}},"1":{"name":"(anonymous_3)","decl":{"start":{"line":90,"column":0},"end":{"line":90,"column":null}},"loc":{"start":{"line":90,"column":0},"end":{"line":92,"column":null}}},"2":{"name":"(anonymous_4)","decl":{"start":{"line":96,"column":0},"end":{"line":96,"column":null}},"loc":{"start":{"line":96,"column":0},"end":{"line":98,"column":null}}},"3":{"name":"(anonymous_5)","decl":{"start":{"line":102,"column":0},"end":{"line":102,"column":null}},"loc":{"start":{"line":102,"column":0},"end":{"line":104,"column":null}}},"4":{"name":"(anonymous_6)","decl":{"start":{"line":108,"column":0},"end":{"line":108,"column":null}},"loc":{"start":{"line":108,"column":0},"end":{"line":110,"column":null}}},"5":{"name":"(anonymous_7)","decl":{"start":{"line":113,"column":0},"end":{"line":113,"column":null}},"loc":{"start":{"line":113,"column":0},"end":{"line":115,"column":null}}},"6":{"name":"(anonymous_8)","decl":{"start":{"line":117,"column":0},"end":{"line":117,"column":null}},"loc":{"start":{"line":117,"column":0},"end":{"line":121,"column":null}}},"7":{"name":"(anonymous_9)","decl":{"start":{"line":122,"column":0},"end":{"line":122,"column":null}},"loc":{"start":{"line":122,"column":0},"end":{"line":124,"column":null}}}},"branchMap":{"0":{"loc":{"start":{"line":120,"column":0},"end":{"line":120,"column":null}},"type":"binary-expr","locations":[{"start":{"line":120,"column":0},"end":{"line":120,"column":null}},{"start":{"line":120,"column":0},"end":{"line":120,"column":null}}]},"1":{"loc":{"start":{"line":123,"column":0},"end":{"line":123,"column":null}},"type":"cond-expr","locations":[{"start":{"line":123,"column":0},"end":{"line":123,"column":null}},{"start":{"line":123,"column":0},"end":{"line":123,"column":null}}]}},"s":{"0":0,"1":0,"2":0,"3":0,"4":0,"5":0,"6":0,"7":0,"8":0},"f":{"0":0,"1":0,"2":0,"3":0,"4":0,"5":0,"6":0,"7":0},"b":{"0":[0,0],"1":[0,0]}}
,"E:\\workspace\\k-view\\src\\components\\select-search\\index.js": {"path":"E:\\workspace\\k-view\\src\\components\\select-search\\index.js","statementMap":{"0":{"start":{"line":3,"column":0},"end":{"line":5,"column":2}},"1":{"start":{"line":4,"column":2},"end":{"line":4,"column":49}}},"fnMap":{"0":{"name":"(anonymous_0)","decl":{"start":{"line":3,"column":23},"end":{"line":3,"column":24}},"loc":{"start":{"line":3,"column":30},"end":{"line":5,"column":1}},"line":3}},"branchMap":{},"s":{"0":0,"1":0},"f":{"0":0},"b":{}}
,"E:\\workspace\\k-view\\src\\components\\select-search\\src\\SelectSearch.vue": {"path":"E:\\workspace\\k-view\\src\\components\\select-search\\src\\SelectSearch.vue","statementMap":{"0":{"start":{"line":52,"column":0},"end":{"line":52,"column":null}},"1":{"start":{"line":58,"column":0},"end":{"line":58,"column":null}},"2":{"start":{"line":64,"column":0},"end":{"line":64,"column":null}},"3":{"start":{"line":69,"column":0},"end":{"line":69,"column":null}},"4":{"start":{"line":83,"column":0},"end":{"line":83,"column":null}},"5":{"start":{"line":85,"column":0},"end":{"line":89,"column":null}},"6":{"start":{"line":86,"column":0},"end":{"line":86,"column":null}},"7":{"start":{"line":88,"column":0},"end":{"line":88,"column":null}},"8":{"start":{"line":90,"column":0},"end":{"line":90,"column":null}}},"fnMap":{"0":{"name":"(anonymous_2)","decl":{"start":{"line":51,"column":0},"end":{"line":51,"column":null}},"loc":{"start":{"line":51,"column":0},"end":{"line":53,"column":null}}},"1":{"name":"(anonymous_3)","decl":{"start":{"line":57,"column":0},"end":{"line":57,"column":null}},"loc":{"start":{"line":57,"column":0},"end":{"line":59,"column":null}}},"2":{"name":"(anonymous_4)","decl":{"start":{"line":63,"column":0},"end":{"line":63,"column":null}},"loc":{"start":{"line":63,"column":0},"end":{"line":65,"column":null}}},"3":{"name":"(anonymous_5)","decl":{"start":{"line":68,"column":0},"end":{"line":68,"column":null}},"loc":{"start":{"line":68,"column":0},"end":{"line":73,"column":null}}},"4":{"name":"(anonymous_6)","decl":{"start":{"line":79,"column":0},"end":{"line":79,"column":null}},"loc":{"start":{"line":79,"column":0},"end":{"line":79,"column":null}}},"5":{"name":"(anonymous_7)","decl":{"start":{"line":80,"column":0},"end":{"line":80,"column":null}},"loc":{"start":{"line":80,"column":0},"end":{"line":80,"column":null}}},"6":{"name":"(anonymous_8)","decl":{"start":{"line":82,"column":0},"end":{"line":82,"column":null}},"loc":{"start":{"line":82,"column":0},"end":{"line":91,"column":null}}}},"branchMap":{"0":{"loc":{"start":{"line":85,"column":0},"end":{"line":89,"column":null}},"type":"if","locations":[{"start":{"line":85,"column":0},"end":{"line":89,"column":null}},{"start":{"line":85,"column":0},"end":{"line":89,"column":null}}]}},"s":{"0":0,"1":0,"2":0,"3":0,"4":0,"5":0,"6":0,"7":0,"8":0},"f":{"0":0,"1":0,"2":0,"3":0,"4":0,"5":0,"6":0},"b":{"0":[0,0]}}
,"E:\\workspace\\k-view\\src\\components\\side-nav\\index.js": {"path":"E:\\workspace\\k-view\\src\\components\\side-nav\\index.js","statementMap":{"0":{"start":{"line":3,"column":0},"end":{"line":5,"column":1}},"1":{"start":{"line":4,"column":4},"end":{"line":4,"column":40}}},"fnMap":{"0":{"name":"(anonymous_0)","decl":{"start":{"line":3,"column":18},"end":{"line":3,"column":19}},"loc":{"start":{"line":3,"column":24},"end":{"line":5,"column":1}},"line":3}},"branchMap":{},"s":{"0":0,"1":0},"f":{"0":0},"b":{}}
,"E:\\workspace\\k-view\\src\\components\\side-nav\\src\\SideNav.vue": {"path":"E:\\workspace\\k-view\\src\\components\\side-nav\\src\\SideNav.vue","statementMap":{"0":{"start":{"line":88,"column":0},"end":{"line":88,"column":null}},"1":{"start":{"line":100,"column":0},"end":{"line":100,"column":null}},"2":{"start":{"line":106,"column":0},"end":{"line":106,"column":null}},"3":{"start":{"line":112,"column":0},"end":{"line":112,"column":null}},"4":{"start":{"line":118,"column":0},"end":{"line":118,"column":null}},"5":{"start":{"line":124,"column":0},"end":{"line":124,"column":null}},"6":{"start":{"line":130,"column":0},"end":{"line":130,"column":null}},"7":{"start":{"line":135,"column":0},"end":{"line":135,"column":null}},"8":{"start":{"line":145,"column":0},"end":{"line":157,"column":null}},"9":{"start":{"line":146,"column":0},"end":{"line":146,"column":null}},"10":{"start":{"line":147,"column":0},"end":{"line":147,"column":null}},"11":{"start":{"line":148,"column":0},"end":{"line":156,"column":null}},"12":{"start":{"line":149,"column":0},"end":{"line":155,"column":null}},"13":{"start":{"line":150,"column":0},"end":{"line":154,"column":null}},"14":{"start":{"line":151,"column":0},"end":{"line":153,"column":null}},"15":{"start":{"line":152,"column":0},"end":{"line":152,"column":null}},"16":{"start":{"line":161,"column":0},"end":{"line":161,"column":null}},"17":{"start":{"line":165,"column":0},"end":{"line":165,"column":null}},"18":{"start":{"line":169,"column":0},"end":{"line":169,"column":null}},"19":{"start":{"line":170,"column":0},"end":{"line":170,"column":null}},"20":{"start":{"line":171,"column":0},"end":{"line":171,"column":null}},"21":{"start":{"line":172,"column":0},"end":{"line":172,"column":null}},"22":{"start":{"line":173,"column":0},"end":{"line":173,"column":null}},"23":{"start":{"line":174,"column":0},"end":{"line":174,"column":null}},"24":{"start":{"line":178,"column":0},"end":{"line":178,"column":null}},"25":{"start":{"line":179,"column":0},"end":{"line":179,"column":null}},"26":{"start":{"line":180,"column":0},"end":{"line":180,"column":null}},"27":{"start":{"line":181,"column":0},"end":{"line":181,"column":null}},"28":{"start":{"line":182,"column":0},"end":{"line":182,"column":null}},"29":{"start":{"line":183,"column":0},"end":{"line":185,"column":null}},"30":{"start":{"line":184,"column":0},"end":{"line":184,"column":null}},"31":{"start":{"line":186,"column":0},"end":{"line":186,"column":null}}},"fnMap":{"0":{"name":"(anonymous_2)","decl":{"start":{"line":99,"column":0},"end":{"line":99,"column":null}},"loc":{"start":{"line":99,"column":0},"end":{"line":101,"column":null}}},"1":{"name":"(anonymous_3)","decl":{"start":{"line":105,"column":0},"end":{"line":105,"column":null}},"loc":{"start":{"line":105,"column":0},"end":{"line":107,"column":null}}},"2":{"name":"(anonymous_4)","decl":{"start":{"line":111,"column":0},"end":{"line":111,"column":null}},"loc":{"start":{"line":111,"column":0},"end":{"line":113,"column":null}}},"3":{"name":"(anonymous_5)","decl":{"start":{"line":117,"column":0},"end":{"line":117,"column":null}},"loc":{"start":{"line":117,"column":0},"end":{"line":119,"column":null}}},"4":{"name":"(anonymous_6)","decl":{"start":{"line":123,"column":0},"end":{"line":123,"column":null}},"loc":{"start":{"line":123,"column":0},"end":{"line":125,"column":null}}},"5":{"name":"(anonymous_7)","decl":{"start":{"line":129,"column":0},"end":{"line":129,"column":null}},"loc":{"start":{"line":129,"column":0},"end":{"line":131,"column":null}}},"6":{"name":"(anonymous_8)","decl":{"start":{"line":134,"column":0},"end":{"line":134,"column":null}},"loc":{"start":{"line":134,"column":0},"end":{"line":138,"column":null}}},"7":{"name":"(anonymous_9)","decl":{"start":{"line":139,"column":0},"end":{"line":139,"column":null}},"loc":{"start":{"line":139,"column":0},"end":{"line":142,"column":null}}},"8":{"name":"(anonymous_10)","decl":{"start":{"line":144,"column":0},"end":{"line":144,"column":null}},"loc":{"start":{"line":144,"column":0},"end":{"line":158,"column":null}}},"9":{"name":"(anonymous_11)","decl":{"start":{"line":145,"column":0},"end":{"line":145,"column":null}},"loc":{"start":{"line":145,"column":0},"end":{"line":157,"column":null}}},"10":{"name":"(anonymous_12)","decl":{"start":{"line":149,"column":0},"end":{"line":149,"column":null}},"loc":{"start":{"line":149,"column":0},"end":{"line":155,"column":null}}},"11":{"name":"(anonymous_13)","decl":{"start":{"line":150,"column":0},"end":{"line":150,"column":null}},"loc":{"start":{"line":150,"column":0},"end":{"line":154,"column":null}}},"12":{"name":"(anonymous_14)","decl":{"start":{"line":151,"column":0},"end":{"line":151,"column":null}},"loc":{"start":{"line":151,"column":0},"end":{"line":153,"column":null}}},"13":{"name":"(anonymous_15)","decl":{"start":{"line":159,"column":0},"end":{"line":159,"column":null}},"loc":{"start":{"line":159,"column":0},"end":{"line":162,"column":null}}},"14":{"name":"(anonymous_16)","decl":{"start":{"line":163,"column":0},"end":{"line":163,"column":null}},"loc":{"start":{"line":163,"column":0},"end":{"line":166,"column":null}}},"15":{"name":"(anonymous_17)","decl":{"start":{"line":168,"column":0},"end":{"line":168,"column":null}},"loc":{"start":{"line":168,"column":0},"end":{"line":175,"column":null}}},"16":{"name":"(anonymous_18)","decl":{"start":{"line":177,"column":0},"end":{"line":177,"column":null}},"loc":{"start":{"line":177,"column":0},"end":{"line":187,"column":null}}},"17":{"name":"(anonymous_19)","decl":{"start":{"line":182,"column":0},"end":{"line":182,"column":null}},"loc":{"start":{"line":182,"column":0},"end":{"line":182,"column":null}}}},"branchMap":{"0":{"loc":{"start":{"line":148,"column":0},"end":{"line":156,"column":null}},"type":"if","locations":[{"start":{"line":148,"column":0},"end":{"line":156,"column":null}},{"start":{"line":148,"column":0},"end":{"line":156,"column":null}}]},"1":{"loc":{"start":{"line":148,"column":0},"end":{"line":148,"column":null}},"type":"binary-expr","locations":[{"start":{"line":148,"column":0},"end":{"line":148,"column":null}},{"start":{"line":148,"column":0},"end":{"line":148,"column":null}}]},"2":{"loc":{"start":{"line":172,"column":0},"end":{"line":172,"column":null}},"type":"cond-expr","locations":[{"start":{"line":172,"column":0},"end":{"line":172,"column":null}},{"start":{"line":172,"column":0},"end":{"line":172,"column":null}}]},"3":{"loc":{"start":{"line":180,"column":0},"end":{"line":180,"column":null}},"type":"cond-expr","locations":[{"start":{"line":180,"column":0},"end":{"line":180,"column":null}},{"start":{"line":180,"column":0},"end":{"line":180,"column":null}}]},"4":{"loc":{"start":{"line":183,"column":0},"end":{"line":185,"column":null}},"type":"if","locations":[{"start":{"line":183,"column":0},"end":{"line":185,"column":null}},{"start":{"line":183,"column":0},"end":{"line":185,"column":null}}]}},"s":{"0":0,"1":0,"2":0,"3":0,"4":0,"5":0,"6":0,"7":0,"8":0,"9":0,"10":0,"11":0,"12":0,"13":0,"14":0,"15":0,"16":0,"17":0,"18":0,"19":0,"20":0,"21":0,"22":0,"23":0,"24":0,"25":0,"26":0,"27":0,"28":0,"29":0,"30":0,"31":0},"f":{"0":0,"1":0,"2":0,"3":0,"4":0,"5":0,"6":0,"7":0,"8":0,"9":0,"10":0,"11":0,"12":0,"13":0,"14":0,"15":0,"16":0,"17":0},"b":{"0":[0,0],"1":[0,0],"2":[0,0],"3":[0,0],"4":[0,0]}}
,"E:\\workspace\\k-view\\src\\components\\tab\\index.js": {"path":"E:\\workspace\\k-view\\src\\components\\tab\\index.js","statementMap":{"0":{"start":{"line":3,"column":0},"end":{"line":5,"column":2}},"1":{"start":{"line":4,"column":2},"end":{"line":4,"column":31}}},"fnMap":{"0":{"name":"(anonymous_0)","decl":{"start":{"line":3,"column":14},"end":{"line":3,"column":15}},"loc":{"start":{"line":3,"column":21},"end":{"line":5,"column":1}},"line":3}},"branchMap":{},"s":{"0":0,"1":0},"f":{"0":0},"b":{}}
,"E:\\workspace\\k-view\\src\\components\\tab\\src\\Tab.vue": {"path":"E:\\workspace\\k-view\\src\\components\\tab\\src\\Tab.vue","statementMap":{"0":{"start":{"line":40,"column":0},"end":{"line":40,"column":null}},"1":{"start":{"line":46,"column":0},"end":{"line":51,"column":null}},"2":{"start":{"line":60,"column":0},"end":{"line":60,"column":null}},"3":{"start":{"line":66,"column":0},"end":{"line":66,"column":null}}},"fnMap":{"0":{"name":"(anonymous_2)","decl":{"start":{"line":39,"column":0},"end":{"line":39,"column":null}},"loc":{"start":{"line":39,"column":0},"end":{"line":41,"column":null}}},"1":{"name":"(anonymous_3)","decl":{"start":{"line":45,"column":0},"end":{"line":45,"column":null}},"loc":{"start":{"line":45,"column":0},"end":{"line":56,"column":null}}},"2":{"name":"(anonymous_4)","decl":{"start":{"line":59,"column":0},"end":{"line":59,"column":null}},"loc":{"start":{"line":59,"column":0},"end":{"line":63,"column":null}}},"3":{"name":"(anonymous_5)","decl":{"start":{"line":65,"column":0},"end":{"line":65,"column":null}},"loc":{"start":{"line":65,"column":0},"end":{"line":67,"column":null}}},"4":{"name":"(anonymous_6)","decl":{"start":{"line":69,"column":0},"end":{"line":69,"column":null}},"loc":{"start":{"line":69,"column":0},"end":{"line":69,"column":null}}},"5":{"name":"(anonymous_7)","decl":{"start":{"line":70,"column":0},"end":{"line":70,"column":null}},"loc":{"start":{"line":70,"column":0},"end":{"line":70,"column":null}}}},"branchMap":{},"s":{"0":0,"1":0,"2":0,"3":0},"f":{"0":0,"1":0,"2":0,"3":0,"4":0,"5":0},"b":{}}
,"E:\\workspace\\k-view\\src\\components\\table\\index.js": {"path":"E:\\workspace\\k-view\\src\\components\\table\\index.js","statementMap":{"0":{"start":{"line":3,"column":0},"end":{"line":5,"column":2}},"1":{"start":{"line":4,"column":2},"end":{"line":4,"column":35}}},"fnMap":{"0":{"name":"(anonymous_0)","decl":{"start":{"line":3,"column":16},"end":{"line":3,"column":17}},"loc":{"start":{"line":3,"column":23},"end":{"line":5,"column":1}},"line":3}},"branchMap":{},"s":{"0":0,"1":0},"f":{"0":0},"b":{}}
,"E:\\workspace\\k-view\\src\\components\\table\\src\\Table.vue": {"path":"E:\\workspace\\k-view\\src\\components\\table\\src\\Table.vue","statementMap":{"0":{"start":{"line":129,"column":0},"end":{"line":129,"column":null}},"1":{"start":{"line":135,"column":0},"end":{"line":135,"column":null}},"2":{"start":{"line":152,"column":0},"end":{"line":152,"column":null}},"3":{"start":{"line":158,"column":0},"end":{"line":158,"column":null}},"4":{"start":{"line":164,"column":0},"end":{"line":164,"column":null}},"5":{"start":{"line":169,"column":0},"end":{"line":169,"column":null}},"6":{"start":{"line":175,"column":0},"end":{"line":175,"column":null}},"7":{"start":{"line":180,"column":0},"end":{"line":180,"column":null}},"8":{"start":{"line":181,"column":0},"end":{"line":181,"column":null}},"9":{"start":{"line":184,"column":0},"end":{"line":184,"column":null}},"10":{"start":{"line":187,"column":0},"end":{"line":187,"column":null}},"11":{"start":{"line":190,"column":0},"end":{"line":190,"column":null}}},"fnMap":{"0":{"name":"(anonymous_2)","decl":{"start":{"line":128,"column":0},"end":{"line":128,"column":null}},"loc":{"start":{"line":128,"column":0},"end":{"line":130,"column":null}}},"1":{"name":"(anonymous_3)","decl":{"start":{"line":134,"column":0},"end":{"line":134,"column":null}},"loc":{"start":{"line":134,"column":0},"end":{"line":136,"column":null}}},"2":{"name":"(anonymous_4)","decl":{"start":{"line":151,"column":0},"end":{"line":151,"column":null}},"loc":{"start":{"line":151,"column":0},"end":{"line":153,"column":null}}},"3":{"name":"(anonymous_5)","decl":{"start":{"line":157,"column":0},"end":{"line":157,"column":null}},"loc":{"start":{"line":157,"column":0},"end":{"line":159,"column":null}}},"4":{"name":"(anonymous_6)","decl":{"start":{"line":163,"column":0},"end":{"line":163,"column":null}},"loc":{"start":{"line":163,"column":0},"end":{"line":165,"column":null}}},"5":{"name":"(anonymous_7)","decl":{"start":{"line":168,"column":0},"end":{"line":168,"column":null}},"loc":{"start":{"line":168,"column":0},"end":{"line":172,"column":null}}},"6":{"name":"(anonymous_8)","decl":{"start":{"line":174,"column":0},"end":{"line":174,"column":null}},"loc":{"start":{"line":174,"column":0},"end":{"line":176,"column":null}}},"7":{"name":"(anonymous_9)","decl":{"start":{"line":179,"column":0},"end":{"line":179,"column":null}},"loc":{"start":{"line":179,"column":0},"end":{"line":182,"column":null}}},"8":{"name":"(anonymous_10)","decl":{"start":{"line":183,"column":0},"end":{"line":183,"column":null}},"loc":{"start":{"line":183,"column":0},"end":{"line":185,"column":null}}},"9":{"name":"(anonymous_11)","decl":{"start":{"line":186,"column":0},"end":{"line":186,"column":null}},"loc":{"start":{"line":186,"column":0},"end":{"line":188,"column":null}}},"10":{"name":"(anonymous_12)","decl":{"start":{"line":189,"column":0},"end":{"line":189,"column":null}},"loc":{"start":{"line":189,"column":0},"end":{"line":191,"column":null}}}},"branchMap":{},"s":{"0":0,"1":0,"2":0,"3":0,"4":0,"5":0,"6":0,"7":0,"8":0,"9":0,"10":0,"11":0},"f":{"0":0,"1":0,"2":0,"3":0,"4":0,"5":0,"6":0,"7":0,"8":0,"9":0,"10":0},"b":{}}
,"E:\\workspace\\k-view\\src\\components\\text\\index.js": {"path":"E:\\workspace\\k-view\\src\\components\\text\\index.js","statementMap":{"0":{"start":{"line":3,"column":0},"end":{"line":5,"column":1}},"1":{"start":{"line":4,"column":4},"end":{"line":4,"column":34}}},"fnMap":{"0":{"name":"(anonymous_0)","decl":{"start":{"line":3,"column":15},"end":{"line":3,"column":16}},"loc":{"start":{"line":3,"column":20},"end":{"line":5,"column":1}},"line":3}},"branchMap":{},"s":{"0":0,"1":0},"f":{"0":0},"b":{}}
,"E:\\workspace\\k-view\\src\\components\\text\\src\\Text.vue": {"path":"E:\\workspace\\k-view\\src\\components\\text\\src\\Text.vue","statementMap":{"0":{"start":{"line":21,"column":0},"end":{"line":21,"column":null}},"1":{"start":{"line":26,"column":0},"end":{"line":26,"column":null}}},"fnMap":{"0":{"name":"(anonymous_1)","decl":{"start":{"line":20,"column":0},"end":{"line":20,"column":null}},"loc":{"start":{"line":20,"column":0},"end":{"line":22,"column":null}}},"1":{"name":"(anonymous_2)","decl":{"start":{"line":25,"column":0},"end":{"line":25,"column":null}},"loc":{"start":{"line":25,"column":0},"end":{"line":29,"column":null}}},"2":{"name":"(anonymous_3)","decl":{"start":{"line":32,"column":0},"end":{"line":32,"column":null}},"loc":{"start":{"line":32,"column":0},"end":{"line":32,"column":null}}},"3":{"name":"(anonymous_4)","decl":{"start":{"line":35,"column":0},"end":{"line":35,"column":null}},"loc":{"start":{"line":35,"column":0},"end":{"line":35,"column":null}}}},"branchMap":{},"s":{"0":0,"1":0},"f":{"0":0,"1":0,"2":0,"3":0},"b":{}}
,"E:\\workspace\\k-view\\src\\components\\tip\\index.js": {"path":"E:\\workspace\\k-view\\src\\components\\tip\\index.js","statementMap":{"0":{"start":{"line":3,"column":0},"end":{"line":5,"column":2}},"1":{"start":{"line":4,"column":2},"end":{"line":4,"column":31}}},"fnMap":{"0":{"name":"(anonymous_0)","decl":{"start":{"line":3,"column":14},"end":{"line":3,"column":15}},"loc":{"start":{"line":3,"column":21},"end":{"line":5,"column":1}},"line":3}},"branchMap":{},"s":{"0":0,"1":0},"f":{"0":0},"b":{}}
,"E:\\workspace\\k-view\\src\\components\\tip\\src\\Tip.vue": {"path":"E:\\workspace\\k-view\\src\\components\\tip\\src\\Tip.vue","statementMap":{"0":{"start":{"line":36,"column":0},"end":{"line":36,"column":null}},"1":{"start":{"line":37,"column":0},"end":{"line":37,"column":null}},"2":{"start":{"line":48,"column":0},"end":{"line":48,"column":null}},"3":{"start":{"line":54,"column":0},"end":{"line":54,"column":null}},"4":{"start":{"line":60,"column":0},"end":{"line":60,"column":null}},"5":{"start":{"line":66,"column":0},"end":{"line":66,"column":null}},"6":{"start":{"line":72,"column":0},"end":{"line":72,"column":null}},"7":{"start":{"line":77,"column":0},"end":{"line":77,"column":null}},"8":{"start":{"line":83,"column":0},"end":{"line":83,"column":null}},"9":{"start":{"line":85,"column":0},"end":{"line":90,"column":null}},"10":{"start":{"line":87,"column":0},"end":{"line":87,"column":null}},"11":{"start":{"line":89,"column":0},"end":{"line":89,"column":null}},"12":{"start":{"line":93,"column":0},"end":{"line":93,"column":null}}},"fnMap":{"0":{"name":"(anonymous_2)","decl":{"start":{"line":47,"column":0},"end":{"line":47,"column":null}},"loc":{"start":{"line":47,"column":0},"end":{"line":49,"column":null}}},"1":{"name":"(anonymous_3)","decl":{"start":{"line":53,"column":0},"end":{"line":53,"column":null}},"loc":{"start":{"line":53,"column":0},"end":{"line":55,"column":null}}},"2":{"name":"(anonymous_4)","decl":{"start":{"line":59,"column":0},"end":{"line":59,"column":null}},"loc":{"start":{"line":59,"column":0},"end":{"line":61,"column":null}}},"3":{"name":"(anonymous_5)","decl":{"start":{"line":65,"column":0},"end":{"line":65,"column":null}},"loc":{"start":{"line":65,"column":0},"end":{"line":67,"column":null}}},"4":{"name":"(anonymous_6)","decl":{"start":{"line":71,"column":0},"end":{"line":71,"column":null}},"loc":{"start":{"line":71,"column":0},"end":{"line":73,"column":null}}},"5":{"name":"(anonymous_7)","decl":{"start":{"line":76,"column":0},"end":{"line":76,"column":null}},"loc":{"start":{"line":76,"column":0},"end":{"line":80,"column":null}}},"6":{"name":"(anonymous_8)","decl":{"start":{"line":82,"column":0},"end":{"line":82,"column":null}},"loc":{"start":{"line":82,"column":0},"end":{"line":91,"column":null}}},"7":{"name":"(anonymous_9)","decl":{"start":{"line":92,"column":0},"end":{"line":92,"column":null}},"loc":{"start":{"line":92,"column":0},"end":{"line":94,"column":null}}}},"branchMap":{"0":{"loc":{"start":{"line":85,"column":0},"end":{"line":90,"column":null}},"type":"if","locations":[{"start":{"line":85,"column":0},"end":{"line":90,"column":null}},{"start":{"line":85,"column":0},"end":{"line":90,"column":null}}]},"1":{"loc":{"start":{"line":85,"column":0},"end":{"line":85,"column":null}},"type":"binary-expr","locations":[{"start":{"line":85,"column":0},"end":{"line":85,"column":null}},{"start":{"line":85,"column":0},"end":{"line":85,"column":null}}]}},"s":{"0":0,"1":0,"2":0,"3":0,"4":0,"5":0,"6":0,"7":0,"8":0,"9":0,"10":0,"11":0,"12":0},"f":{"0":0,"1":0,"2":0,"3":0,"4":0,"5":0,"6":0,"7":0},"b":{"0":[0,0],"1":[0,0]}}
,"E:\\workspace\\k-view\\src\\components\\tree\\index.js": {"path":"E:\\workspace\\k-view\\src\\components\\tree\\index.js","statementMap":{"0":{"start":{"line":3,"column":0},"end":{"line":5,"column":1}},"1":{"start":{"line":4,"column":4},"end":{"line":4,"column":34}}},"fnMap":{"0":{"name":"(anonymous_0)","decl":{"start":{"line":3,"column":13},"end":{"line":3,"column":14}},"loc":{"start":{"line":3,"column":20},"end":{"line":5,"column":1}},"line":3}},"branchMap":{},"s":{"0":0,"1":0},"f":{"0":0},"b":{}}
,"E:\\workspace\\k-view\\src\\components\\tree-select\\index.js": {"path":"E:\\workspace\\k-view\\src\\components\\tree-select\\index.js","statementMap":{"0":{"start":{"line":3,"column":0},"end":{"line":5,"column":1}},"1":{"start":{"line":4,"column":4},"end":{"line":4,"column":45}}},"fnMap":{"0":{"name":"(anonymous_0)","decl":{"start":{"line":3,"column":21},"end":{"line":3,"column":22}},"loc":{"start":{"line":3,"column":27},"end":{"line":5,"column":1}},"line":3}},"branchMap":{},"s":{"0":0,"1":0},"f":{"0":0},"b":{}}
,"E:\\workspace\\k-view\\src\\components\\tree-select\\src\\TreeSelect.vue": {"path":"E:\\workspace\\k-view\\src\\components\\tree-select\\src\\TreeSelect.vue","statementMap":{"0":{"start":{"line":58,"column":0},"end":{"line":58,"column":null}},"1":{"start":{"line":70,"column":0},"end":{"line":70,"column":null}},"2":{"start":{"line":76,"column":0},"end":{"line":76,"column":null}},"3":{"start":{"line":82,"column":0},"end":{"line":82,"column":null}},"4":{"start":{"line":92,"column":0},"end":{"line":92,"column":null}},"5":{"start":{"line":97,"column":0},"end":{"line":97,"column":null}},"6":{"start":{"line":107,"column":0},"end":{"line":107,"column":null}},"7":{"start":{"line":110,"column":0},"end":{"line":110,"column":null}},"8":{"start":{"line":113,"column":0},"end":{"line":113,"column":null}}},"fnMap":{"0":{"name":"(anonymous_2)","decl":{"start":{"line":69,"column":0},"end":{"line":69,"column":null}},"loc":{"start":{"line":69,"column":0},"end":{"line":71,"column":null}}},"1":{"name":"(anonymous_3)","decl":{"start":{"line":75,"column":0},"end":{"line":75,"column":null}},"loc":{"start":{"line":75,"column":0},"end":{"line":77,"column":null}}},"2":{"name":"(anonymous_4)","decl":{"start":{"line":81,"column":0},"end":{"line":81,"column":null}},"loc":{"start":{"line":81,"column":0},"end":{"line":87,"column":null}}},"3":{"name":"(anonymous_5)","decl":{"start":{"line":91,"column":0},"end":{"line":91,"column":null}},"loc":{"start":{"line":91,"column":0},"end":{"line":93,"column":null}}},"4":{"name":"(anonymous_6)","decl":{"start":{"line":96,"column":0},"end":{"line":96,"column":null}},"loc":{"start":{"line":96,"column":0},"end":{"line":101,"column":null}}},"5":{"name":"(anonymous_7)","decl":{"start":{"line":106,"column":0},"end":{"line":106,"column":null}},"loc":{"start":{"line":106,"column":0},"end":{"line":108,"column":null}}},"6":{"name":"(anonymous_8)","decl":{"start":{"line":109,"column":0},"end":{"line":109,"column":null}},"loc":{"start":{"line":109,"column":0},"end":{"line":114,"column":null}}},"7":{"name":"(anonymous_9)","decl":{"start":{"line":110,"column":0},"end":{"line":110,"column":null}},"loc":{"start":{"line":110,"column":0},"end":{"line":110,"column":null}}}},"branchMap":{},"s":{"0":0,"1":0,"2":0,"3":0,"4":0,"5":0,"6":0,"7":0,"8":0},"f":{"0":0,"1":0,"2":0,"3":0,"4":0,"5":0,"6":0,"7":0},"b":{}}
,"E:\\workspace\\k-view\\src\\components\\tree\\src\\Tree.vue": {"path":"E:\\workspace\\k-view\\src\\components\\tree\\src\\Tree.vue","statementMap":{"0":{"start":{"line":191,"column":0},"end":{"line":191,"column":null}},"1":{"start":{"line":192,"column":0},"end":{"line":192,"column":null}},"2":{"start":{"line":193,"column":0},"end":{"line":193,"column":null}},"3":{"start":{"line":206,"column":0},"end":{"line":206,"column":null}},"4":{"start":{"line":212,"column":0},"end":{"line":212,"column":null}},"5":{"start":{"line":218,"column":0},"end":{"line":218,"column":null}},"6":{"start":{"line":224,"column":0},"end":{"line":224,"column":null}},"7":{"start":{"line":230,"column":0},"end":{"line":230,"column":null}},"8":{"start":{"line":240,"column":0},"end":{"line":240,"column":null}},"9":{"start":{"line":275,"column":0},"end":{"line":275,"column":null}},"10":{"start":{"line":288,"column":0},"end":{"line":288,"column":null}},"11":{"start":{"line":294,"column":0},"end":{"line":294,"column":null}},"12":{"start":{"line":295,"column":0},"end":{"line":295,"column":null}},"13":{"start":{"line":296,"column":0},"end":{"line":296,"column":null}},"14":{"start":{"line":297,"column":0},"end":{"line":297,"column":null}},"15":{"start":{"line":305,"column":0},"end":{"line":308,"column":null}},"16":{"start":{"line":306,"column":0},"end":{"line":306,"column":null}},"17":{"start":{"line":307,"column":0},"end":{"line":307,"column":null}},"18":{"start":{"line":315,"column":0},"end":{"line":315,"column":null}},"19":{"start":{"line":317,"column":0},"end":{"line":317,"column":null}},"20":{"start":{"line":319,"column":0},"end":{"line":344,"column":null}},"21":{"start":{"line":321,"column":0},"end":{"line":321,"column":null}},"22":{"start":{"line":325,"column":0},"end":{"line":325,"column":null}},"23":{"start":{"line":327,"column":0},"end":{"line":327,"column":null}},"24":{"start":{"line":329,"column":0},"end":{"line":329,"column":null}},"25":{"start":{"line":331,"column":0},"end":{"line":335,"column":null}},"26":{"start":{"line":333,"column":0},"end":{"line":333,"column":null}},"27":{"start":{"line":334,"column":0},"end":{"line":334,"column":null}},"28":{"start":{"line":337,"column":0},"end":{"line":343,"column":null}},"29":{"start":{"line":339,"column":0},"end":{"line":339,"column":null}},"30":{"start":{"line":340,"column":0},"end":{"line":340,"column":null}},"31":{"start":{"line":342,"column":0},"end":{"line":342,"column":null}},"32":{"start":{"line":346,"column":0},"end":{"line":346,"column":null}},"33":{"start":{"line":347,"column":0},"end":{"line":347,"column":null}},"34":{"start":{"line":349,"column":0},"end":{"line":349,"column":null}},"35":{"start":{"line":359,"column":0},"end":{"line":359,"column":null}},"36":{"start":{"line":361,"column":0},"end":{"line":361,"column":null}},"37":{"start":{"line":363,"column":0},"end":{"line":391,"column":null}},"38":{"start":{"line":365,"column":0},"end":{"line":365,"column":null}},"39":{"start":{"line":367,"column":0},"end":{"line":389,"column":null}},"40":{"start":{"line":369,"column":0},"end":{"line":371,"column":null}},"41":{"start":{"line":370,"column":0},"end":{"line":370,"column":null}},"42":{"start":{"line":372,"column":0},"end":{"line":372,"column":null}},"43":{"start":{"line":376,"column":0},"end":{"line":385,"column":null}},"44":{"start":{"line":377,"column":0},"end":{"line":377,"column":null}},"45":{"start":{"line":378,"column":0},"end":{"line":384,"column":null}},"46":{"start":{"line":379,"column":0},"end":{"line":379,"column":null}},"47":{"start":{"line":383,"column":0},"end":{"line":383,"column":null}},"48":{"start":{"line":387,"column":0},"end":{"line":387,"column":null}},"49":{"start":{"line":390,"column":0},"end":{"line":390,"column":null}},"50":{"start":{"line":399,"column":0},"end":{"line":399,"column":null}},"51":{"start":{"line":400,"column":0},"end":{"line":400,"column":null}},"52":{"start":{"line":401,"column":0},"end":{"line":401,"column":null}},"53":{"start":{"line":408,"column":0},"end":{"line":408,"column":null}},"54":{"start":{"line":409,"column":0},"end":{"line":409,"column":null}},"55":{"start":{"line":416,"column":0},"end":{"line":416,"column":null}},"56":{"start":{"line":417,"column":0},"end":{"line":422,"column":null}},"57":{"start":{"line":418,"column":0},"end":{"line":420,"column":null}},"58":{"start":{"line":419,"column":0},"end":{"line":419,"column":null}},"59":{"start":{"line":421,"column":0},"end":{"line":421,"column":null}},"60":{"start":{"line":429,"column":0},"end":{"line":429,"column":null}},"61":{"start":{"line":430,"column":0},"end":{"line":433,"column":null}},"62":{"start":{"line":431,"column":0},"end":{"line":431,"column":null}},"63":{"start":{"line":432,"column":0},"end":{"line":432,"column":null}},"64":{"start":{"line":440,"column":0},"end":{"line":440,"column":null}},"65":{"start":{"line":462,"column":0},"end":{"line":462,"column":null}},"66":{"start":{"line":471,"column":0},"end":{"line":471,"column":null}},"67":{"start":{"line":479,"column":0},"end":{"line":479,"column":null}},"68":{"start":{"line":481,"column":0},"end":{"line":481,"column":null}},"69":{"start":{"line":489,"column":0},"end":{"line":489,"column":null}},"70":{"start":{"line":491,"column":0},"end":{"line":491,"column":null}},"71":{"start":{"line":493,"column":0},"end":{"line":493,"column":null}},"72":{"start":{"line":495,"column":0},"end":{"line":495,"column":null}},"73":{"start":{"line":497,"column":0},"end":{"line":497,"column":null}},"74":{"start":{"line":506,"column":0},"end":{"line":506,"column":null}},"75":{"start":{"line":508,"column":0},"end":{"line":519,"column":null}},"76":{"start":{"line":509,"column":0},"end":{"line":509,"column":null}},"77":{"start":{"line":510,"column":0},"end":{"line":510,"column":null}},"78":{"start":{"line":512,"column":0},"end":{"line":512,"column":null}},"79":{"start":{"line":516,"column":0},"end":{"line":516,"column":null}},"80":{"start":{"line":518,"column":0},"end":{"line":518,"column":null}},"81":{"start":{"line":526,"column":0},"end":{"line":530,"column":null}},"82":{"start":{"line":528,"column":0},"end":{"line":528,"column":null}},"83":{"start":{"line":529,"column":0},"end":{"line":529,"column":null}},"84":{"start":{"line":538,"column":0},"end":{"line":538,"column":null}},"85":{"start":{"line":541,"column":0},"end":{"line":543,"column":null}},"86":{"start":{"line":542,"column":0},"end":{"line":542,"column":null}},"87":{"start":{"line":545,"column":0},"end":{"line":545,"column":null}},"88":{"start":{"line":547,"column":0},"end":{"line":547,"column":null}},"89":{"start":{"line":549,"column":0},"end":{"line":549,"column":null}},"90":{"start":{"line":559,"column":0},"end":{"line":559,"column":null}},"91":{"start":{"line":560,"column":0},"end":{"line":560,"column":null}},"92":{"start":{"line":562,"column":0},"end":{"line":566,"column":null}},"93":{"start":{"line":563,"column":0},"end":{"line":563,"column":null}},"94":{"start":{"line":565,"column":0},"end":{"line":565,"column":null}},"95":{"start":{"line":573,"column":0},"end":{"line":575,"column":null}},"96":{"start":{"line":573,"column":0},"end":{"line":573,"column":null}},"97":{"start":{"line":574,"column":0},"end":{"line":574,"column":null}},"98":{"start":{"line":582,"column":0},"end":{"line":582,"column":null}},"99":{"start":{"line":589,"column":0},"end":{"line":589,"column":null}}},"fnMap":{"0":{"name":"(anonymous_2)","decl":{"start":{"line":205,"column":0},"end":{"line":205,"column":null}},"loc":{"start":{"line":205,"column":0},"end":{"line":207,"column":null}}},"1":{"name":"(anonymous_3)","decl":{"start":{"line":211,"column":0},"end":{"line":211,"column":null}},"loc":{"start":{"line":211,"column":0},"end":{"line":213,"column":null}}},"2":{"name":"(anonymous_4)","decl":{"start":{"line":217,"column":0},"end":{"line":217,"column":null}},"loc":{"start":{"line":217,"column":0},"end":{"line":219,"column":null}}},"3":{"name":"(anonymous_5)","decl":{"start":{"line":223,"column":0},"end":{"line":223,"column":null}},"loc":{"start":{"line":223,"column":0},"end":{"line":225,"column":null}}},"4":{"name":"(anonymous_6)","decl":{"start":{"line":229,"column":0},"end":{"line":229,"column":null}},"loc":{"start":{"line":229,"column":0},"end":{"line":231,"column":null}}},"5":{"name":"(anonymous_7)","decl":{"start":{"line":239,"column":0},"end":{"line":239,"column":null}},"loc":{"start":{"line":239,"column":0},"end":{"line":241,"column":null}}},"6":{"name":"(anonymous_8)","decl":{"start":{"line":274,"column":0},"end":{"line":274,"column":null}},"loc":{"start":{"line":274,"column":0},"end":{"line":281,"column":null}}},"7":{"name":"(anonymous_9)","decl":{"start":{"line":287,"column":0},"end":{"line":287,"column":null}},"loc":{"start":{"line":287,"column":0},"end":{"line":289,"column":null}}},"8":{"name":"(anonymous_10)","decl":{"start":{"line":293,"column":0},"end":{"line":293,"column":null}},"loc":{"start":{"line":293,"column":0},"end":{"line":298,"column":null}}},"9":{"name":"(anonymous_11)","decl":{"start":{"line":304,"column":0},"end":{"line":304,"column":null}},"loc":{"start":{"line":304,"column":0},"end":{"line":309,"column":null}}},"10":{"name":"(anonymous_12)","decl":{"start":{"line":314,"column":0},"end":{"line":314,"column":null}},"loc":{"start":{"line":314,"column":0},"end":{"line":351,"column":null}}},"11":{"name":"(anonymous_13)","decl":{"start":{"line":319,"column":0},"end":{"line":319,"column":null}},"loc":{"start":{"line":319,"column":0},"end":{"line":344,"column":null}}},"12":{"name":"(anonymous_14)","decl":{"start":{"line":340,"column":0},"end":{"line":340,"column":null}},"loc":{"start":{"line":340,"column":0},"end":{"line":340,"column":null}}},"13":{"name":"(anonymous_15)","decl":{"start":{"line":346,"column":0},"end":{"line":346,"column":null}},"loc":{"start":{"line":346,"column":0},"end":{"line":346,"column":null}}},"14":{"name":"(anonymous_16)","decl":{"start":{"line":356,"column":0},"end":{"line":356,"column":null}},"loc":{"start":{"line":356,"column":0},"end":{"line":393,"column":null}}},"15":{"name":"(anonymous_17)","decl":{"start":{"line":369,"column":0},"end":{"line":369,"column":null}},"loc":{"start":{"line":369,"column":0},"end":{"line":371,"column":null}}},"16":{"name":"(anonymous_18)","decl":{"start":{"line":376,"column":0},"end":{"line":376,"column":null}},"loc":{"start":{"line":376,"column":0},"end":{"line":385,"column":null}}},"17":{"name":"(anonymous_19)","decl":{"start":{"line":398,"column":0},"end":{"line":398,"column":null}},"loc":{"start":{"line":398,"column":0},"end":{"line":402,"column":null}}},"18":{"name":"(anonymous_20)","decl":{"start":{"line":407,"column":0},"end":{"line":407,"column":null}},"loc":{"start":{"line":407,"column":0},"end":{"line":410,"column":null}}},"19":{"name":"(anonymous_21)","decl":{"start":{"line":415,"column":0},"end":{"line":415,"column":null}},"loc":{"start":{"line":415,"column":0},"end":{"line":423,"column":null}}},"20":{"name":"(anonymous_22)","decl":{"start":{"line":418,"column":0},"end":{"line":418,"column":null}},"loc":{"start":{"line":418,"column":0},"end":{"line":420,"column":null}}},"21":{"name":"(anonymous_23)","decl":{"start":{"line":428,"column":0},"end":{"line":428,"column":null}},"loc":{"start":{"line":428,"column":0},"end":{"line":434,"column":null}}},"22":{"name":"(anonymous_24)","decl":{"start":{"line":439,"column":0},"end":{"line":439,"column":null}},"loc":{"start":{"line":439,"column":0},"end":{"line":463,"column":null}}},"23":{"name":"(anonymous_25)","decl":{"start":{"line":440,"column":0},"end":{"line":440,"column":null}},"loc":{"start":{"line":440,"column":0},"end":{"line":440,"column":null}}},"24":{"name":"(anonymous_28)","decl":{"start":{"line":469,"column":0},"end":{"line":469,"column":null}},"loc":{"start":{"line":469,"column":0},"end":{"line":472,"column":null}}},"25":{"name":"(anonymous_29)","decl":{"start":{"line":477,"column":0},"end":{"line":477,"column":null}},"loc":{"start":{"line":477,"column":0},"end":{"line":483,"column":null}}},"26":{"name":"(anonymous_30)","decl":{"start":{"line":488,"column":0},"end":{"line":488,"column":null}},"loc":{"start":{"line":488,"column":0},"end":{"line":499,"column":null}}},"27":{"name":"(anonymous_31)","decl":{"start":{"line":505,"column":0},"end":{"line":505,"column":null}},"loc":{"start":{"line":505,"column":0},"end":{"line":520,"column":null}}},"28":{"name":"(anonymous_32)","decl":{"start":{"line":512,"column":0},"end":{"line":512,"column":null}},"loc":{"start":{"line":512,"column":0},"end":{"line":512,"column":null}}},"29":{"name":"(anonymous_33)","decl":{"start":{"line":525,"column":0},"end":{"line":525,"column":null}},"loc":{"start":{"line":525,"column":0},"end":{"line":531,"column":null}}},"30":{"name":"(anonymous_34)","decl":{"start":{"line":526,"column":0},"end":{"line":526,"column":null}},"loc":{"start":{"line":526,"column":0},"end":{"line":530,"column":null}}},"31":{"name":"(anonymous_35)","decl":{"start":{"line":536,"column":0},"end":{"line":536,"column":null}},"loc":{"start":{"line":536,"column":0},"end":{"line":551,"column":null}}},"32":{"name":"(anonymous_36)","decl":{"start":{"line":557,"column":0},"end":{"line":557,"column":null}},"loc":{"start":{"line":557,"column":0},"end":{"line":567,"column":null}}},"33":{"name":"(anonymous_37)","decl":{"start":{"line":572,"column":0},"end":{"line":572,"column":null}},"loc":{"start":{"line":572,"column":0},"end":{"line":576,"column":null}}},"34":{"name":"(anonymous_38)","decl":{"start":{"line":573,"column":0},"end":{"line":573,"column":null}},"loc":{"start":{"line":573,"column":0},"end":{"line":573,"column":null}}},"35":{"name":"(anonymous_41)","decl":{"start":{"line":581,"column":0},"end":{"line":581,"column":null}},"loc":{"start":{"line":581,"column":0},"end":{"line":583,"column":null}}},"36":{"name":"(anonymous_42)","decl":{"start":{"line":582,"column":0},"end":{"line":582,"column":null}},"loc":{"start":{"line":582,"column":0},"end":{"line":582,"column":null}}},"37":{"name":"(anonymous_44)","decl":{"start":{"line":588,"column":0},"end":{"line":588,"column":null}},"loc":{"start":{"line":588,"column":0},"end":{"line":590,"column":null}}},"38":{"name":"(anonymous_45)","decl":{"start":{"line":589,"column":0},"end":{"line":589,"column":null}},"loc":{"start":{"line":589,"column":0},"end":{"line":589,"column":null}}}},"branchMap":{"0":{"loc":{"start":{"line":305,"column":0},"end":{"line":308,"column":null}},"type":"if","locations":[{"start":{"line":305,"column":0},"end":{"line":308,"column":null}},{"start":{"line":305,"column":0},"end":{"line":308,"column":null}}]},"1":{"loc":{"start":{"line":305,"column":0},"end":{"line":305,"column":null}},"type":"binary-expr","locations":[{"start":{"line":305,"column":0},"end":{"line":305,"column":null}},{"start":{"line":305,"column":0},"end":{"line":305,"column":null}}]},"2":{"loc":{"start":{"line":325,"column":0},"end":{"line":325,"column":null}},"type":"cond-expr","locations":[{"start":{"line":325,"column":0},"end":{"line":325,"column":null}},{"start":{"line":325,"column":0},"end":{"line":325,"column":null}}]},"3":{"loc":{"start":{"line":331,"column":0},"end":{"line":335,"column":null}},"type":"if","locations":[{"start":{"line":331,"column":0},"end":{"line":335,"column":null}},{"start":{"line":331,"column":0},"end":{"line":335,"column":null}}]},"4":{"loc":{"start":{"line":337,"column":0},"end":{"line":343,"column":null}},"type":"if","locations":[{"start":{"line":337,"column":0},"end":{"line":343,"column":null}},{"start":{"line":337,"column":0},"end":{"line":343,"column":null}}]},"5":{"loc":{"start":{"line":337,"column":0},"end":{"line":337,"column":null}},"type":"binary-expr","locations":[{"start":{"line":337,"column":0},"end":{"line":337,"column":null}},{"start":{"line":337,"column":0},"end":{"line":337,"column":null}}]},"6":{"loc":{"start":{"line":361,"column":0},"end":{"line":361,"column":null}},"type":"if","locations":[{"start":{"line":361,"column":0},"end":{"line":361,"column":null}},{"start":{"line":361,"column":0},"end":{"line":361,"column":null}}]},"7":{"loc":{"start":{"line":363,"column":0},"end":{"line":391,"column":null}},"type":"if","locations":[{"start":{"line":363,"column":0},"end":{"line":391,"column":null}},{"start":{"line":363,"column":0},"end":{"line":391,"column":null}}]},"8":{"loc":{"start":{"line":363,"column":0},"end":{"line":363,"column":null}},"type":"binary-expr","locations":[{"start":{"line":363,"column":0},"end":{"line":363,"column":null}},{"start":{"line":363,"column":0},"end":{"line":363,"column":null}}]},"9":{"loc":{"start":{"line":367,"column":0},"end":{"line":389,"column":null}},"type":"if","locations":[{"start":{"line":367,"column":0},"end":{"line":389,"column":null}},{"start":{"line":367,"column":0},"end":{"line":389,"column":null}}]},"10":{"loc":{"start":{"line":378,"column":0},"end":{"line":384,"column":null}},"type":"if","locations":[{"start":{"line":378,"column":0},"end":{"line":384,"column":null}},{"start":{"line":378,"column":0},"end":{"line":384,"column":null}}]},"11":{"loc":{"start":{"line":399,"column":0},"end":{"line":399,"column":null}},"type":"cond-expr","locations":[{"start":{"line":399,"column":0},"end":{"line":399,"column":null}},{"start":{"line":399,"column":0},"end":{"line":399,"column":null}}]},"12":{"loc":{"start":{"line":417,"column":0},"end":{"line":422,"column":null}},"type":"if","locations":[{"start":{"line":417,"column":0},"end":{"line":422,"column":null}},{"start":{"line":417,"column":0},"end":{"line":422,"column":null}}]},"13":{"loc":{"start":{"line":430,"column":0},"end":{"line":433,"column":null}},"type":"if","locations":[{"start":{"line":430,"column":0},"end":{"line":433,"column":null}},{"start":{"line":430,"column":0},"end":{"line":433,"column":null}}]},"14":{"loc":{"start":{"line":440,"column":0},"end":{"line":440,"column":null}},"type":"cond-expr","locations":[{"start":{"line":440,"column":0},"end":{"line":440,"column":null}},{"start":{"line":440,"column":0},"end":{"line":440,"column":null}}]},"15":{"loc":{"start":{"line":508,"column":0},"end":{"line":519,"column":null}},"type":"if","locations":[{"start":{"line":508,"column":0},"end":{"line":519,"column":null}},{"start":{"line":508,"column":0},"end":{"line":519,"column":null}}]},"16":{"loc":{"start":{"line":526,"column":0},"end":{"line":530,"column":null}},"type":"if","locations":[{"start":{"line":526,"column":0},"end":{"line":530,"column":null}},{"start":{"line":526,"column":0},"end":{"line":530,"column":null}}]},"17":{"loc":{"start":{"line":526,"column":0},"end":{"line":526,"column":null}},"type":"binary-expr","locations":[{"start":{"line":526,"column":0},"end":{"line":526,"column":null}},{"start":{"line":526,"column":0},"end":{"line":526,"column":null}}]},"18":{"loc":{"start":{"line":541,"column":0},"end":{"line":543,"column":null}},"type":"if","locations":[{"start":{"line":541,"column":0},"end":{"line":543,"column":null}},{"start":{"line":541,"column":0},"end":{"line":543,"column":null}}]},"19":{"loc":{"start":{"line":562,"column":0},"end":{"line":566,"column":null}},"type":"if","locations":[{"start":{"line":562,"column":0},"end":{"line":566,"column":null}},{"start":{"line":562,"column":0},"end":{"line":566,"column":null}}]},"20":{"loc":{"start":{"line":565,"column":0},"end":{"line":565,"column":null}},"type":"cond-expr","locations":[{"start":{"line":565,"column":0},"end":{"line":565,"column":null}},{"start":{"line":565,"column":0},"end":{"line":565,"column":null}}]}},"s":{"0":0,"1":0,"2":0,"3":0,"4":0,"5":0,"6":0,"7":0,"8":0,"9":0,"10":0,"11":0,"12":0,"13":0,"14":0,"15":0,"16":0,"17":0,"18":0,"19":0,"20":0,"21":0,"22":0,"23":0,"24":0,"25":0,"26":0,"27":0,"28":0,"29":0,"30":0,"31":0,"32":0,"33":0,"34":0,"35":0,"36":0,"37":0,"38":0,"39":0,"40":0,"41":0,"42":0,"43":0,"44":0,"45":0,"46":0,"47":0,"48":0,"49":0,"50":0,"51":0,"52":0,"53":0,"54":0,"55":0,"56":0,"57":0,"58":0,"59":0,"60":0,"61":0,"62":0,"63":0,"64":0,"65":0,"66":0,"67":0,"68":0,"69":0,"70":0,"71":0,"72":0,"73":0,"74":0,"75":0,"76":0,"77":0,"78":0,"79":0,"80":0,"81":0,"82":0,"83":0,"84":0,"85":0,"86":0,"87":0,"88":0,"89":0,"90":0,"91":0,"92":0,"93":0,"94":0,"95":0,"96":0,"97":0,"98":0,"99":0},"f":{"0":0,"1":0,"2":0,"3":0,"4":0,"5":0,"6":0,"7":0,"8":0,"9":0,"10":0,"11":0,"12":0,"13":0,"14":0,"15":0,"16":0,"17":0,"18":0,"19":0,"20":0,"21":0,"22":0,"23":0,"24":0,"25":0,"26":0,"27":0,"28":0,"29":0,"30":0,"31":0,"32":0,"33":0,"34":0,"35":0,"36":0,"37":0,"38":0},"b":{"0":[0,0],"1":[0,0],"2":[0,0],"3":[0,0],"4":[0,0],"5":[0,0],"6":[0,0],"7":[0,0],"8":[0,0],"9":[0,0],"10":[0,0],"11":[0,0],"12":[0,0],"13":[0,0],"14":[0,0],"15":[0,0],"16":[0,0],"17":[0,0],"18":[0,0],"19":[0,0],"20":[0,0]}}
[...]
,"E:\\workspace\\k-view\\src\\utils\\throttleUtil.js": {"path":"E:\\workspace\\k-view\\src\\utils\\throttleUtil.js","statementMap":{"0":{"start":{"line":9,"column":16},"end":{"line":9,"column":20}},"1":{"start":{"line":10,"column":4},"end":{"line":10,"column":21}},"2":{"start":{"line":10,"column":14},"end":{"line":10,"column":21}},"3":{"start":{"line":11,"column":4},"end":{"line":13,"column":5}},"4":{"start":{"line":12,"column":8},"end":{"line":12,"column":76}},"5":{"start":{"line":14,"column":4},"end":{"line":14,"column":26}},"6":{"start":{"line":14,"column":16},"end":{"line":14,"column":26}},"7":{"start":{"line":15,"column":20},"end":{"line":15,"column":30}},"8":{"start":{"line":16,"column":4},"end":{"line":29,"column":5}},"9":{"start":{"line":17,"column":16},"end":{"line":17,"column":20}},"10":{"start":{"line":17,"column":26},"end":{"line":17,"column":35}},"11":{"start":{"line":18,"column":22},"end":{"line":18,"column":32}},"12":{"start":{"line":19,"column":24},"end":{"line":19,"column":49}},"13":{"start":{"line":20,"column":8},"end":{"line":20,"column":28}},"14":{"start":{"line":21,"column":8},"end":{"line":28,"column":9}},"15":{"start":{"line":22,"column":12},"end":{"line":22,"column":33}},"16":{"start":{"line":23,"column":12},"end":{"line":23,"column":35}},"17":{"start":{"line":25,"column":12},"end":{"line":27,"column":25}},"18":{"start":{"line":26,"column":16},"end":{"line":26,"column":37}},"19":{"start":{"line":34,"column":16},"end":{"line":39,"column":1}},"20":{"start":{"line":35,"column":4},"end":{"line":37,"column":5}},"21":{"start":{"line":36,"column":8},"end":{"line":36,"column":60}},"22":{"start":{"line":38,"column":4},"end":{"line":38,"column":127}}},"fnMap":{"0":{"name":"(anonymous_0)","decl":{"start":{"line":8,"column":15},"end":{"line":8,"column":16}},"loc":{"start":{"line":8,"column":29},"end":{"line":30,"column":1}},"line":8},"1":{"name":"(anonymous_1)","decl":{"start":{"line":16,"column":11},"end":{"line":16,"column":12}},"loc":{"start":{"line":16,"column":15},"end":{"line":29,"column":5}},"line":16},"2":{"name":"(anonymous_2)","decl":{"start":{"line":25,"column":31},"end":{"line":25,"column":32}},"loc":{"start":{"line":25,"column":35},"end":{"line":27,"column":13}},"line":25},"3":{"name":"(anonymous_3)","decl":{"start":{"line":34,"column":16},"end":{"line":34,"column":17}},"loc":{"start":{"line":34,"column":30},"end":{"line":39,"column":1}},"line":34}},"branchMap":{"0":{"loc":{"start":{"line":10,"column":4},"end":{"line":10,"column":21}},"type":"if","locations":[{"start":{"line":10,"column":4},"end":{"line":10,"column":21}},{"start":{"line":10,"column":4},"end":{"line":10,"column":21}}],"line":10},"1":{"loc":{"start":{"line":11,"column":4},"end":{"line":13,"column":5}},"type":"if","locations":[{"start":{"line":11,"column":4},"end":{"line":13,"column":5}},{"start":{"line":11,"column":4},"end":{"line":13,"column":5}}],"line":11},"2":{"loc":{"start":{"line":14,"column":4},"end":{"line":14,"column":26}},"type":"if","locations":[{"start":{"line":14,"column":4},"end":{"line":14,"column":26}},{"start":{"line":14,"column":4},"end":{"line":14,"column":26}}],"line":14},"3":{"loc":{"start":{"line":21,"column":8},"end":{"line":28,"column":9}},"type":"if","locations":[{"start":{"line":21,"column":8},"end":{"line":28,"column":9}},{"start":{"line":21,"column":8},"end":{"line":28,"column":9}}],"line":21},"4":{"loc":{"start":{"line":35,"column":4},"end":{"line":37,"column":5}},"type":"if","locations":[{"start":{"line":35,"column":4},"end":{"line":37,"column":5}},{"start":{"line":35,"column":4},"end":{"line":37,"column":5}}],"line":35}},"s":{"0":0,"1":0,"2":0,"3":0,"4":0,"5":0,"6":0,"7":0,"8":0,"9":0,"10":0,"11":0,"12":0,"13":0,"14":0,"15":0,"16":0,"17":0,"18":0,"19":0,"20":0,"21":0,"22":0},"f":{"0":0,"1":0,"2":0,"3":0},"b":{"0":[0,0],"1":[0,0],"2":[0,0],"3":[0,0],"4":[0,0]}}
,"E:\\workspace\\k-view\\src\\utils\\upload.js": {"path":"E:\\workspace\\k-view\\src\\utils\\upload.js","statementMap":{"0":{"start":{"line":32,"column":15},"end":{"line":91,"column":3}},"1":{"start":{"line":33,"column":4},"end":{"line":35,"column":5}},"2":{"start":{"line":34,"column":6},"end":{"line":34,"column":13}},"3":{"start":{"line":37,"column":16},"end":{"line":37,"column":36}},"4":{"start":{"line":38,"column":19},"end":{"line":38,"column":32}},"5":{"start":{"line":40,"column":4},"end":{"line":47,"column":5}},"6":{"start":{"line":41,"column":6},"end":{"line":46,"column":8}},"7":{"start":{"line":42,"column":8},"end":{"line":44,"column":9}},"8":{"start":{"line":43,"column":10},"end":{"line":43,"column":47}},"9":{"start":{"line":45,"column":8},"end":{"line":45,"column":29}},"10":{"start":{"line":49,"column":21},"end":{"line":49,"column":35}},"11":{"start":{"line":50,"column":4},"end":{"line":54,"column":5}},"12":{"start":{"line":51,"column":6},"end":{"line":53,"column":9}},"13":{"start":{"line":52,"column":8},"end":{"line":52,"column":47}},"14":{"start":{"line":55,"column":4},"end":{"line":55,"column":83}},"15":{"start":{"line":55,"column":37},"end":{"line":55,"column":83}},"16":{"start":{"line":58,"column":4},"end":{"line":60,"column":6}},"17":{"start":{"line":59,"column":6},"end":{"line":59,"column":24}},"18":{"start":{"line":62,"column":4},"end":{"line":68,"column":6}},"19":{"start":{"line":63,"column":6},"end":{"line":65,"column":7}},"20":{"start":{"line":64,"column":8},"end":{"line":64,"column":80}},"21":{"start":{"line":67,"column":6},"end":{"line":67,"column":37}},"22":{"start":{"line":70,"column":4},"end":{"line":70,"column":33}},"23":{"start":{"line":73,"column":4},"end":{"line":75,"column":5}},"24":{"start":{"line":74,"column":6},"end":{"line":74,"column":33}},"25":{"start":{"line":77,"column":20},"end":{"line":77,"column":40}},"26":{"start":{"line":83,"column":4},"end":{"line":87,"column":5}},"27":{"start":{"line":84,"column":6},"end":{"line":86,"column":7}},"28":{"start":{"line":85,"column":8},"end":{"line":85,"column":50}},"29":{"start":{"line":89,"column":4},"end":{"line":89,"column":23}},"30":{"start":{"line":103,"column":19},"end":{"line":110,"column":3}},"31":{"start":{"line":104,"column":16},"end":{"line":104,"column":57}},"32":{"start":{"line":105,"column":16},"end":{"line":105,"column":30}},"33":{"start":{"line":106,"column":4},"end":{"line":106,"column":28}},"34":{"start":{"line":107,"column":4},"end":{"line":107,"column":22}},"35":{"start":{"line":108,"column":4},"end":{"line":108,"column":21}},"36":{"start":{"line":109,"column":4},"end":{"line":109,"column":15}},"37":{"start":{"line":118,"column":18},"end":{"line":128,"column":3}},"38":{"start":{"line":119,"column":17},"end":{"line":119,"column":49}},"39":{"start":{"line":120,"column":4},"end":{"line":122,"column":5}},"40":{"start":{"line":121,"column":6},"end":{"line":121,"column":18}},"41":{"start":{"line":123,"column":4},"end":{"line":127,"column":5}},"42":{"start":{"line":124,"column":6},"end":{"line":124,"column":30}},"43":{"start":{"line":126,"column":6},"end":{"line":126,"column":18}}},"fnMap":{"0":{"name":"(anonymous_0)","decl":{"start":{"line":32,"column":15},"end":{"line":32,"column":16}},"loc":{"start":{"line":32,"column":39},"end":{"line":91,"column":3}},"line":32},"1":{"name":"progress","decl":{"start":{"line":41,"column":39},"end":{"line":41,"column":47}},"loc":{"start":{"line":41,"column":51},"end":{"line":46,"column":7}},"line":41},"2":{"name":"(anonymous_2)","decl":{"start":{"line":51,"column":35},"end":{"line":51,"column":36}},"loc":{"start":{"line":51,"column":42},"end":{"line":53,"column":7}},"line":51},"3":{"name":"error","decl":{"start":{"line":58,"column":27},"end":{"line":58,"column":32}},"loc":{"start":{"line":58,"column":36},"end":{"line":60,"column":5}},"line":58},"4":{"name":"onload","decl":{"start":{"line":62,"column":26},"end":{"line":62,"column":32}},"loc":{"start":{"line":62,"column":35},"end":{"line":68,"column":5}},"line":62},"5":{"name":"(anonymous_5)","decl":{"start":{"line":103,"column":19},"end":{"line":103,"column":20}},"loc":{"start":{"line":103,"column":49},"end":{"line":110,"column":3}},"line":103},"6":{"name":"(anonymous_6)","decl":{"start":{"line":118,"column":18},"end":{"line":118,"column":19}},"loc":{"start":{"line":118,"column":27},"end":{"line":128,"column":3}},"line":118}},"branchMap":{"0":{"loc":{"start":{"line":32,"column":23},"end":{"line":32,"column":34}},"type":"default-arg","locations":[{"start":{"line":32,"column":28},"end":{"line":32,"column":34}}],"line":32},"1":{"loc":{"start":{"line":33,"column":4},"end":{"line":35,"column":5}},"type":"if","locations":[{"start":{"line":33,"column":4},"end":{"line":35,"column":5}},{"start":{"line":33,"column":4},"end":{"line":35,"column":5}}],"line":33},"2":{"loc":{"start":{"line":40,"column":4},"end":{"line":47,"column":5}},"type":"if","locations":[{"start":{"line":40,"column":4},"end":{"line":47,"column":5}},{"start":{"line":40,"column":4},"end":{"line":47,"column":5}}],"line":40},"3":{"loc":{"start":{"line":42,"column":8},"end":{"line":44,"column":9}},"type":"if","locations":[{"start":{"line":42,"column":8},"end":{"line":44,"column":9}},{"start":{"line":42,"column":8},"end":{"line":44,"column":9}}],"line":42},"4":{"loc":{"start":{"line":50,"column":4},"end":{"line":54,"column":5}},"type":"if","locations":[{"start":{"line":50,"column":4},"end":{"line":54,"column":5}},{"start":{"line":50,"column":4},"end":{"line":54,"column":5}}],"line":50},"5":{"loc":{"start":{"line":55,"column":4},"end":{"line":55,"column":83}},"type":"if","locations":[{"start":{"line":55,"column":4},"end":{"line":55,"column":83}},{"start":{"line":55,"column":4},"end":{"line":55,"column":83}}],"line":55},"6":{"loc":{"start":{"line":55,"column":7},"end":{"line":55,"column":35}},"type":"binary-expr","locations":[{"start":{"line":55,"column":7},"end":{"line":55,"column":22}},{"start":{"line":55,"column":24},"end":{"line":55,"column":35}}],"line":55},"7":{"loc":{"start":{"line":63,"column":6},"end":{"line":65,"column":7}},"type":"if","locations":[{"start":{"line":63,"column":6},"end":{"line":65,"column":7}},{"start":{"line":63,"column":6},"end":{"line":65,"column":7}}],"line":63},"8":{"loc":{"start":{"line":63,"column":10},"end":{"line":63,"column":47}},"type":"binary-expr","locations":[{"start":{"line":63,"column":10},"end":{"line":63,"column":26}},{"start":{"line":63,"column":30},"end":{"line":63,"column":47}}],"line":63},"9":{"loc":{"start":{"line":73,"column":4},"end":{"line":75,"column":5}},"type":"if","locations":[{"start":{"line":73,"column":4},"end":{"line":75,"column":5}},{"start":{"line":73,"column":4},"end":{"line":75,"column":5}}],"line":73},"10":{"loc":{"start":{"line":73,"column":8},"end":{"line":73,"column":58}},"type":"binary-expr","locations":[{"start":{"line":73,"column":8},"end":{"line":73,"column":30}},{"start":{"line":73,"column":34},"end":{"line":73,"column":58}}],"line":73},"11":{"loc":{"start":{"line":77,"column":20},"end":{"line":77,"column":40}},"type":"binary-expr","locations":[{"start":{"line":77,"column":20},"end":{"line":77,"column":34}},{"start":{"line":77,"column":38},"end":{"line":77,"column":40}}],"line":77},"12":{"loc":{"start":{"line":84,"column":6},"end":{"line":86,"column":7}},"type":"if","locations":[{"start":{"line":84,"column":6},"end":{"line":86,"column":7}},{"start":{"line":84,"column":6},"end":{"line":86,"column":7}}],"line":84},"13":{"loc":{"start":{"line":84,"column":10},"end":{"line":84,"column":64}},"type":"binary-expr","locations":[{"start":{"line":84,"column":10},"end":{"line":84,"column":38}},{"start":{"line":84,"column":42},"end":{"line":84,"column":64}}],"line":84},"14":{"loc":{"start":{"line":119,"column":17},"end":{"line":119,"column":49}},"type":"binary-expr","locations":[{"start":{"line":119,"column":17},"end":{"line":119,"column":33}},{"start":{"line":119,"column":37},"end":{"line":119,"column":49}}],"line":119},"15":{"loc":{"start":{"line":120,"column":4},"end":{"line":122,"column":5}},"type":"if","locations":[{"start":{"line":120,"column":4},"end":{"line":122,"column":5}},{"start":{"line":120,"column":4},"end":{"line":122,"column":5}}],"line":120}},"s":{"0":0,"1":0,"2":0,"3":0,"4":0,"5":0,"6":0,"7":0,"8":0,"9":0,"10":0,"11":0,"12":0,"13":0,"14":0,"15":0,"16":0,"17":0,"18":0,"19":0,"20":0,"21":0,"22":0,"23":0,"24":0,"25":0,"26":0,"27":0,"28":0,"29":0,"30":0,"31":0,"32":0,"33":0,"34":0,"35":0,"36":0,"37":0,"38":0,"39":0,"40":0,"41":0,"42":0,"43":0},"f":{"0":0,"1":0,"2":0,"3":0,"4":0,"5":0,"6":0},"b":{"0":[0],"1":[0,0],"2":[0,0],"3":[0,0],"4":[0,0],"5":[0,0],"6":[0,0],"7":[0,0],"8":[0,0],"9":[0,0],"10":[0,0],"11":[0,0],"12":[0,0],"13":[0,0],"14":[0,0],"15":[0,0]}}
,"E:\\workspace\\k-view\\src\\utils\\vueBus.js": {"path":"E:\\workspace\\k-view\\src\\utils\\vueBus.js","statementMap":{"0":{"start":{"line":20,"column":17},"end":{"line":36,"column":1}},"1":{"start":{"line":21,"column":16},"end":{"line":33,"column":6}},"2":{"start":{"line":24,"column":16},"end":{"line":24,"column":42}},"3":{"start":{"line":27,"column":16},"end":{"line":27,"column":41}},"4":{"start":{"line":30,"column":16},"end":{"line":30,"column":42}},"5":{"start":{"line":35,"column":4},"end":{"line":35,"column":26}}},"fnMap":{"0":{"name":"(anonymous_0)","decl":{"start":{"line":20,"column":17},"end":{"line":20,"column":18}},"loc":{"start":{"line":20,"column":24},"end":{"line":36,"column":1}},"line":20},"1":{"name":"(anonymous_1)","decl":{"start":{"line":23,"column":12},"end":{"line":23,"column":13}},"loc":{"start":{"line":23,"column":31},"end":{"line":25,"column":13}},"line":23},"2":{"name":"(anonymous_2)","decl":{"start":{"line":26,"column":12},"end":{"line":26,"column":13}},"loc":{"start":{"line":26,"column":30},"end":{"line":28,"column":13}},"line":26},"3":{"name":"(anonymous_3)","decl":{"start":{"line":29,"column":12},"end":{"line":29,"column":13}},"loc":{"start":{"line":29,"column":31},"end":{"line":31,"column":13}},"line":29}},"branchMap":{},"s":{"0":0,"1":0,"2":0,"3":0,"4":0,"5":0},"f":{"0":0,"1":0,"2":0,"3":0},"b":{}}
,"E:\\workspace\\k-view\\src\\utils\\waveUtil.js": {"path":"E:\\workspace\\k-view\\src\\utils\\waveUtil.js","statementMap":{"0":{"start":{"line":18,"column":6},"end":{"line":18,"column":23}},"1":{"start":{"line":19,"column":6},"end":{"line":19,"column":22}},"2":{"start":{"line":20,"column":6},"end":{"line":20,"column":37}},"3":{"start":{"line":21,"column":6},"end":{"line":21,"column":39}},"4":{"start":{"line":22,"column":6},"end":{"line":22,"column":33}},"5":{"start":{"line":23,"column":6},"end":{"line":23,"column":35}},"6":{"start":{"line":24,"column":6},"end":{"line":24,"column":29}},"7":{"start":{"line":25,"column":6},"end":{"line":25,"column":25}},"8":{"start":{"line":26,"column":6},"end":{"line":26,"column":27}},"9":{"start":{"line":29,"column":21},"end":{"line":29,"column":41}},"10":{"start":{"line":30,"column":18},"end":{"line":30,"column":85}},"11":{"start":{"line":31,"column":6},"end":{"line":31,"column":42}},"12":{"start":{"line":32,"column":6},"end":{"line":32,"column":42}},"13":{"start":{"line":33,"column":6},"end":{"line":33,"column":17}},"14":{"start":{"line":36,"column":6},"end":{"line":36,"column":17}},"15":{"start":{"line":37,"column":21},"end":{"line":37,"column":32}},"16":{"start":{"line":38,"column":6},"end":{"line":38,"column":22}},"17":{"start":{"line":39,"column":6},"end":{"line":42,"column":7}},"18":{"start":{"line":39,"column":19},"end":{"line":39,"column":20}},"19":{"start":{"line":40,"column":22},"end":{"line":40,"column":31}},"20":{"start":{"line":41,"column":8},"end":{"line":41,"column":39}},"21":{"start":{"line":43,"column":6},"end":{"line":43,"column":54}},"22":{"start":{"line":44,"column":6},"end":{"line":44,"column":49}},"23":{"start":{"line":45,"column":6},"end":{"line":45,"column":45}},"24":{"start":{"line":46,"column":6},"end":{"line":46,"column":46}},"25":{"start":{"line":47,"column":6},"end":{"line":47,"column":17}},"26":{"start":{"line":48,"column":6},"end":{"line":48,"column":20}},"27":{"start":{"line":53,"column":6},"end":{"line":53,"column":23}},"28":{"start":{"line":61,"column":10},"end":{"line":61,"column":14}},"29":{"start":{"line":62,"column":6},"end":{"line":66,"column":7}},"30":{"start":{"line":62,"column":19},"end":{"line":62,"column":25}},"31":{"start":{"line":63,"column":18},"end":{"line":63,"column":64}},"32":{"start":{"line":64,"column":19},"end":{"line":64,"column":56}},"33":{"start":{"line":65,"column":8},"end":{"line":65,"column":53}},"34":{"start":{"line":67,"column":6},"end":{"line":67,"column":33}}},"fnMap":{"0":{"name":"(anonymous_0)","decl":{"start":{"line":9,"column":4},"end":{"line":9,"column":5}},"loc":{"start":{"line":17,"column":12},"end":{"line":27,"column":5}},"line":17},"1":{"name":"(anonymous_1)","decl":{"start":{"line":28,"column":4},"end":{"line":28,"column":5}},"loc":{"start":{"line":28,"column":23},"end":{"line":34,"column":5}},"line":28},"2":{"name":"(anonymous_2)","decl":{"start":{"line":35,"column":4},"end":{"line":35,"column":5}},"loc":{"start":{"line":35,"column":14},"end":{"line":49,"column":5}},"line":35},"3":{"name":"(anonymous_3)","decl":{"start":{"line":50,"column":4},"end":{"line":50,"column":5}},"loc":{"start":{"line":52,"column":12},"end":{"line":68,"column":5}},"line":52}},"branchMap":{"0":{"loc":{"start":{"line":9,"column":16},"end":{"line":17,"column":10}},"type":"default-arg","locations":[{"start":{"line":17,"column":8},"end":{"line":17,"column":10}}],"line":9},"1":{"loc":{"start":{"line":12,"column":6},"end":{"line":12,"column":23}},"type":"default-arg","locations":[{"start":{"line":12,"column":18},"end":{"line":12,"column":23}}],"line":12},"2":{"loc":{"start":{"line":13,"column":6},"end":{"line":13,"column":20}},"type":"default-arg","locations":[{"start":{"line":13,"column":19},"end":{"line":13,"column":20}}],"line":13},"3":{"loc":{"start":{"line":14,"column":6},"end":{"line":14,"column":17}},"type":"default-arg","locations":[{"start":{"line":14,"column":16},"end":{"line":14,"column":17}}],"line":14},"4":{"loc":{"start":{"line":15,"column":6},"end":{"line":15,"column":18}},"type":"default-arg","locations":[{"start":{"line":15,"column":14},"end":{"line":15,"column":18}}],"line":15},"5":{"loc":{"start":{"line":16,"column":6},"end":{"line":16,"column":37}},"type":"default-arg","locations":[{"start":{"line":16,"column":15},"end":{"line":16,"column":37}}],"line":16},"6":{"loc":{"start":{"line":50,"column":11},"end":{"line":52,"column":10}},"type":"default-arg","locations":[{"start":{"line":52,"column":8},"end":{"line":52,"column":10}}],"line":50}},"s":{"0":0,"1":0,"2":0,"3":0,"4":0,"5":0,"6":0,"7":0,"8":0,"9":0,"10":0,"11":0,"12":0,"13":0,"14":0,"15":0,"16":0,"17":0,"18":0,"19":0,"20":0,"21":0,"22":0,"23":0,"24":0,"25":0,"26":0,"27":0,"28":0,"29":0,"30":0,"31":0,"32":0,"33":0,"34":0},"f":{"0":0,"1":0,"2":0,"3":0},"b":{"0":[0],"1":[0],"2":[0],"3":[0],"4":[0],"5":[0],"6":[0]}}
}
