<?xml version="1.0" encoding="UTF-8"?>
<coverage generated="1583161332936" clover="3.2.0">
  <project timestamp="1583161332936" name="All files">
    <metrics statements="1431" coveredstatements="349" conditionals="974" coveredconditionals="103" methods="287" coveredmethods="79" elements="2692" coveredelements="531" complexity="0" loc="1431" ncloc="1431" packages="1" files="1" classes="1"/>
    <file name="index.js" path="F:\Workspace\k-view\lib\tip\index.js">
      <metrics statements="1431" coveredstatements="349" conditionals="974" coveredconditionals="103" methods="287" coveredmethods="79"/>
      <line num="1" count="1" type="stmt"/>
      <line num="4" count="1" type="stmt"/>
      <line num="10" count="30" type="cond" truecount="2" falsecount="0"/>
      <line num="11" count="8" type="stmt"/>
      <line num="14" count="22" type="stmt"/>
      <line num="21" count="22" type="stmt"/>
      <line num="24" count="22" type="stmt"/>
      <line num="27" count="22" type="stmt"/>
      <line num="32" count="1" type="stmt"/>
      <line num="35" count="1" type="stmt"/>
      <line num="38" count="1" type="stmt"/>
      <line num="39" count="3" type="cond" truecount="1" falsecount="1"/>
      <line num="40" count="3" type="stmt"/>
      <line num="45" count="1" type="stmt"/>
      <line num="46" count="1" type="cond" truecount="3" falsecount="1"/>
      <line num="47" count="1" type="stmt"/>
      <line num="49" count="1" type="stmt"/>
      <line num="57" count="1" type="stmt"/>
      <line num="58" count="0" type="cond" truecount="0" falsecount="2"/>
      <line num="59" count="0" type="cond" truecount="0" falsecount="2"/>
      <line num="60" count="0" type="cond" truecount="0" falsecount="6"/>
      <line num="61" count="0" type="stmt"/>
      <line num="62" count="0" type="stmt"/>
      <line num="63" count="0" type="stmt"/>
      <line num="64" count="0" type="cond" truecount="0" falsecount="4"/>
      <line num="65" count="0" type="stmt"/>
      <line num="69" count="1" type="stmt"/>
      <line num="70" count="2" type="cond" truecount="4" falsecount="0"/>
      <line num="71" count="1" type="stmt"/>
      <line num="72" count="1" type="stmt"/>
      <line num="73" count="2" type="stmt"/>
      <line num="74" count="2" type="stmt"/>
      <line num="78" count="3" type="stmt"/>
      <line num="81" count="1" type="stmt"/>
      <line num="85" count="1" type="stmt"/>
      <line num="93" count="1" type="stmt"/>
      <line num="111" count="1" type="cond" truecount="1" falsecount="1"/>
      <line num="116" count="1" type="cond" truecount="1" falsecount="1"/>
      <line num="117" count="1" type="stmt"/>
      <line num="118" count="1" type="stmt"/>
      <line num="119" count="1" type="stmt"/>
      <line num="123" count="1" type="cond" truecount="1" falsecount="1"/>
      <line num="124" count="0" type="stmt"/>
      <line num="128" count="1" type="cond" truecount="1" falsecount="1"/>
      <line num="129" count="0" type="stmt"/>
      <line num="133" count="1" type="cond" truecount="1" falsecount="1"/>
      <line num="134" count="0" type="stmt"/>
      <line num="136" count="0" type="stmt"/>
      <line num="141" count="0" type="cond" truecount="0" falsecount="4"/>
      <line num="142" count="0" type="stmt"/>
      <line num="145" count="0" type="cond" truecount="0" falsecount="2"/>
      <line num="146" count="0" type="stmt"/>
      <line num="149" count="0" type="cond" truecount="0" falsecount="4"/>
      <line num="150" count="0" type="stmt"/>
      <line num="155" count="0" type="stmt"/>
      <line num="156" count="1" type="cond" truecount="1" falsecount="1"/>
      <line num="157" count="0" type="cond" truecount="0" falsecount="2"/>
      <line num="158" count="0" type="stmt"/>
      <line num="162" count="1" type="cond" truecount="1" falsecount="1"/>
      <line num="163" count="0" type="cond" truecount="0" falsecount="2"/>
      <line num="166" count="0" type="stmt"/>
      <line num="168" count="0" type="stmt"/>
      <line num="169" count="0" type="stmt"/>
      <line num="170" count="0" type="stmt"/>
      <line num="171" count="0" type="stmt"/>
      <line num="175" count="0" type="stmt"/>
      <line num="176" count="0" type="cond" truecount="0" falsecount="2"/>
      <line num="182" count="1" type="stmt"/>
      <line num="193" count="1" type="stmt"/>
      <line num="202" count="1" type="stmt"/>
      <line num="203" count="1" type="stmt"/>
      <line num="205" count="1" type="cond" truecount="3" falsecount="7"/>
      <line num="208" count="1" type="stmt"/>
      <line num="209" count="1" type="stmt"/>
      <line num="210" count="1" type="stmt"/>
      <line num="212" count="1" type="stmt"/>
      <line num="214" count="1" type="stmt"/>
      <line num="216" count="1" type="cond" truecount="3" falsecount="1"/>
      <line num="218" count="1" type="stmt"/>
      <line num="219" count="1" type="stmt"/>
      <line num="220" count="1" type="stmt"/>
      <line num="221" count="1" type="cond" truecount="1" falsecount="1"/>
      <line num="389" count="1" type="stmt"/>
      <line num="390" count="0" type="cond" truecount="0" falsecount="2"/>
      <line num="392" count="0" type="cond" truecount="0" falsecount="2"/>
      <line num="393" count="0" type="cond" truecount="0" falsecount="4"/>
      <line num="395" count="0" type="stmt"/>
      <line num="398" count="1" type="stmt"/>
      <line num="399" count="0" type="cond" truecount="0" falsecount="2"/>
      <line num="401" count="0" type="stmt"/>
      <line num="402" count="0" type="stmt"/>
      <line num="403" count="0" type="cond" truecount="0" falsecount="2"/>
      <line num="404" count="0" type="stmt"/>
      <line num="406" count="0" type="cond" truecount="0" falsecount="2"/>
      <line num="407" count="0" type="stmt"/>
      <line num="409" count="0" type="stmt"/>
      <line num="412" count="0" type="stmt"/>
      <line num="415" count="1" type="stmt"/>
      <line num="416" count="0" type="cond" truecount="0" falsecount="5"/>
      <line num="418" count="0" type="stmt"/>
      <line num="419" count="0" type="stmt"/>
      <line num="421" count="0" type="cond" truecount="0" falsecount="2"/>
      <line num="422" count="0" type="stmt"/>
      <line num="429" count="0" type="stmt"/>
      <line num="432" count="0" type="cond" truecount="0" falsecount="4"/>
      <line num="442" count="1" type="stmt"/>
      <line num="443" count="1" type="stmt"/>
      <line num="445" count="1" type="cond" truecount="3" falsecount="7"/>
      <line num="447" count="1" type="stmt"/>
      <line num="448" count="1" type="stmt"/>
      <line num="449" count="1" type="stmt"/>
      <line num="450" count="1" type="stmt"/>
      <line num="451" count="1" type="stmt"/>
      <line num="452" count="1" type="stmt"/>
      <line num="454" count="1" type="stmt"/>
      <line num="456" count="1" type="stmt"/>
      <line num="458" count="1" type="stmt"/>
      <line num="460" count="1" type="cond" truecount="3" falsecount="1"/>
      <line num="462" count="1" type="stmt"/>
      <line num="467" count="0" type="stmt"/>
      <line num="471" count="0" type="stmt"/>
      <line num="472" count="0" type="stmt"/>
      <line num="474" count="0" type="stmt"/>
      <line num="478" count="0" type="stmt"/>
      <line num="479" count="0" type="stmt"/>
      <line num="480" count="0" type="cond" truecount="0" falsecount="2"/>
      <line num="481" count="0" type="stmt"/>
      <line num="484" count="0" type="stmt"/>
      <line num="487" count="1" type="stmt"/>
      <line num="488" count="0" type="cond" truecount="0" falsecount="2"/>
      <line num="489" count="0" type="stmt"/>
      <line num="490" count="0" type="stmt"/>
      <line num="491" count="0" type="stmt"/>
      <line num="492" count="0" type="stmt"/>
      <line num="493" count="0" type="stmt"/>
      <line num="494" count="0" type="cond" truecount="0" falsecount="2"/>
      <line num="496" count="0" type="cond" truecount="0" falsecount="2"/>
      <line num="497" count="0" type="stmt"/>
      <line num="498" count="0" type="stmt"/>
      <line num="500" count="0" type="stmt"/>
      <line num="502" count="0" type="stmt"/>
      <line num="506" count="0" type="stmt"/>
      <line num="507" count="0" type="stmt"/>
      <line num="508" count="0" type="stmt"/>
      <line num="510" count="0" type="stmt"/>
      <line num="511" count="0" type="stmt"/>
      <line num="512" count="0" type="stmt"/>
      <line num="513" count="0" type="cond" truecount="0" falsecount="4"/>
      <line num="514" count="0" type="stmt"/>
      <line num="515" count="0" type="cond" truecount="0" falsecount="2"/>
      <line num="516" count="0" type="stmt"/>
      <line num="518" count="0" type="cond" truecount="0" falsecount="2"/>
      <line num="519" count="0" type="stmt"/>
      <line num="521" count="0" type="stmt"/>
      <line num="524" count="0" type="stmt"/>
      <line num="531" count="1" type="stmt"/>
      <line num="532" count="0" type="stmt"/>
      <line num="535" count="1" type="stmt"/>
      <line num="537" count="0" type="cond" truecount="0" falsecount="2"/>
      <line num="538" count="0" type="cond" truecount="0" falsecount="2"/>
      <line num="539" count="0" type="cond" truecount="0" falsecount="2"/>
      <line num="540" count="0" type="cond" truecount="0" falsecount="2"/>
      <line num="541" count="0" type="stmt"/>
      <line num="542" count="0" type="cond" truecount="0" falsecount="2"/>
      <line num="544" count="0" type="stmt"/>
      <line num="547" count="1" type="stmt"/>
      <line num="548" count="0" type="cond" truecount="0" falsecount="4"/>
      <line num="549" count="0" type="stmt"/>
      <line num="553" count="1" type="stmt"/>
      <line num="554" count="0" type="stmt"/>
      <line num="555" count="0" type="cond" truecount="0" falsecount="2"/>
      <line num="556" count="0" type="stmt"/>
      <line num="559" count="0" type="stmt"/>
      <line num="562" count="1" type="stmt"/>
      <line num="563" count="0" type="stmt"/>
      <line num="564" count="0" type="cond" truecount="0" falsecount="2"/>
      <line num="568" count="1" type="stmt"/>
      <line num="569" count="0" type="cond" truecount="0" falsecount="2"/>
      <line num="570" count="0" type="stmt"/>
      <line num="571" count="0" type="cond" truecount="0" falsecount="2"/>
      <line num="572" count="0" type="stmt"/>
      <line num="574" count="0" type="stmt"/>
      <line num="578" count="1" type="stmt"/>
      <line num="579" count="0" type="cond" truecount="0" falsecount="2"/>
      <line num="582" count="1" type="stmt"/>
      <line num="583" count="0" type="cond" truecount="0" falsecount="2"/>
      <line num="586" count="1" type="stmt"/>
      <line num="587" count="0" type="cond" truecount="0" falsecount="2"/>
      <line num="590" count="1" type="stmt"/>
      <line num="591" count="0" type="cond" truecount="0" falsecount="4"/>
      <line num="592" count="0" type="stmt"/>
      <line num="593" count="0" type="stmt"/>
      <line num="594" count="0" type="stmt"/>
      <line num="595" count="0" type="stmt"/>
      <line num="596" count="0" type="cond" truecount="0" falsecount="4"/>
      <line num="597" count="0" type="stmt"/>
      <line num="598" count="0" type="stmt"/>
      <line num="602" count="0" type="stmt"/>
      <line num="605" count="1" type="stmt"/>
      <line num="606" count="0" type="stmt"/>
      <line num="607" count="0" type="stmt"/>
      <line num="610" count="1" type="stmt"/>
      <line num="611" count="0" type="cond" truecount="0" falsecount="2"/>
      <line num="612" count="0" type="stmt"/>
      <line num="615" count="1" type="stmt"/>
      <line num="616" count="0" type="stmt"/>
      <line num="617" count="0" type="stmt"/>
      <line num="618" count="0" type="cond" truecount="0" falsecount="4"/>
      <line num="619" count="0" type="stmt"/>
      <line num="620" count="0" type="cond" truecount="0" falsecount="4"/>
      <line num="621" count="0" type="stmt"/>
      <line num="623" count="0" type="stmt"/>
      <line num="627" count="1" type="stmt"/>
      <line num="628" count="0" type="cond" truecount="0" falsecount="2"/>
      <line num="629" count="0" type="cond" truecount="0" falsecount="2"/>
      <line num="631" count="0" type="cond" truecount="0" falsecount="2"/>
      <line num="632" count="0" type="stmt"/>
      <line num="635" count="0" type="stmt"/>
      <line num="636" count="0" type="cond" truecount="0" falsecount="2"/>
      <line num="637" count="0" type="stmt"/>
      <line num="641" count="0" type="stmt"/>
      <line num="644" count="1" type="stmt"/>
      <line num="645" count="0" type="cond" truecount="0" falsecount="4"/>
      <line num="646" count="0" type="stmt"/>
      <line num="648" count="0" type="stmt"/>
      <line num="651" count="1" type="stmt"/>
      <line num="653" count="0" type="cond" truecount="0" falsecount="2"/>
      <line num="655" count="0" type="cond" truecount="0" falsecount="2"/>
      <line num="657" count="0" type="cond" truecount="0" falsecount="2"/>
      <line num="659" count="0" type="cond" truecount="0" falsecount="2"/>
      <line num="661" count="0" type="cond" truecount="0" falsecount="6"/>
      <line num="665" count="0" type="stmt"/>
      <line num="672" count="0" type="stmt"/>
      <line num="677" count="0" type="stmt"/>
      <line num="681" count="0" type="stmt"/>
      <line num="685" count="0" type="stmt"/>
      <line num="686" count="0" type="stmt"/>
      <line num="687" count="0" type="stmt"/>
      <line num="689" count="0" type="stmt"/>
      <line num="690" count="0" type="stmt"/>
      <line num="693" count="0" type="cond" truecount="0" falsecount="2"/>
      <line num="694" count="0" type="stmt"/>
      <line num="695" count="0" type="stmt"/>
      <line num="696" count="0" type="stmt"/>
      <line num="697" count="0" type="stmt"/>
      <line num="703" count="0" type="cond" truecount="0" falsecount="2"/>
      <line num="704" count="0" type="stmt"/>
      <line num="706" count="0" type="cond" truecount="0" falsecount="2"/>
      <line num="721" count="1" type="stmt"/>
      <line num="722" count="1" type="stmt"/>
      <line num="724" count="1" type="stmt"/>
      <line num="725" count="0" type="stmt"/>
      <line num="726" count="0" type="stmt"/>
      <line num="728" count="0" type="cond" truecount="0" falsecount="2"/>
      <line num="729" count="0" type="stmt"/>
      <line num="731" count="0" type="stmt"/>
      <line num="737" count="1" type="stmt"/>
      <line num="738" count="0" type="cond" truecount="0" falsecount="2"/>
      <line num="739" count="0" type="stmt"/>
      <line num="742" count="0" type="stmt"/>
      <line num="744" count="0" type="stmt"/>
      <line num="745" count="0" type="stmt"/>
      <line num="747" count="0" type="cond" truecount="0" falsecount="2"/>
      <line num="748" count="0" type="stmt"/>
      <line num="752" count="0" type="stmt"/>
      <line num="753" count="0" type="stmt"/>
      <line num="758" count="0" type="cond" truecount="0" falsecount="4"/>
      <line num="759" count="0" type="cond" truecount="0" falsecount="4"/>
      <line num="760" count="0" type="stmt"/>
      <line num="761" count="0" type="cond" truecount="0" falsecount="2"/>
      <line num="762" count="0" type="stmt"/>
      <line num="765" count="0" type="stmt"/>
      <line num="770" count="1" type="stmt"/>
      <line num="774" count="0" type="cond" truecount="0" falsecount="2"/>
      <line num="775" count="0" type="stmt"/>
      <line num="777" count="0" type="cond" truecount="0" falsecount="2"/>
      <line num="778" count="0" type="stmt"/>
      <line num="781" count="0" type="cond" truecount="0" falsecount="4"/>
      <line num="782" count="0" type="stmt"/>
      <line num="783" count="0" type="stmt"/>
      <line num="784" count="0" type="stmt"/>
      <line num="786" count="0" type="stmt"/>
      <line num="789" count="0" type="stmt"/>
      <line num="795" count="0" type="stmt"/>
      <line num="796" count="0" type="stmt"/>
      <line num="797" count="0" type="stmt"/>
      <line num="809" count="1" type="stmt"/>
      <line num="811" count="1" type="stmt"/>
      <line num="814" count="1" type="stmt"/>
      <line num="815" count="1" type="cond" truecount="1" falsecount="1"/>
      <line num="816" count="1" type="stmt"/>
      <line num="820" count="1" type="stmt"/>
      <line num="826" count="1" type="cond" truecount="3" falsecount="1"/>
      <line num="829" count="1" type="stmt"/>
      <line num="830" count="1" type="cond" truecount="1" falsecount="1"/>
      <line num="831" count="0" type="stmt"/>
      <line num="833" count="1" type="stmt"/>
      <line num="836" count="1" type="stmt"/>
      <line num="837" count="1" type="stmt"/>
      <line num="839" count="1" type="stmt"/>
      <line num="845" count="1" type="cond" truecount="1" falsecount="1"/>
      <line num="846" count="0" type="stmt"/>
      <line num="848" count="1" type="cond" truecount="1" falsecount="1"/>
      <line num="849" count="1" type="stmt"/>
      <line num="851" count="1" type="cond" truecount="3" falsecount="1"/>
      <line num="852" count="0" type="stmt"/>
      <line num="855" count="0" type="stmt"/>
      <line num="857" count="0" type="stmt"/>
      <line num="860" count="1" type="stmt"/>
      <line num="862" count="1" type="stmt"/>
      <line num="866" count="1" type="stmt"/>
      <line num="867" count="1" type="stmt"/>
      <line num="868" count="1" type="stmt"/>
      <line num="870" count="1" type="stmt"/>
      <line num="872" count="1" type="stmt"/>
      <line num="873" count="1" type="cond" truecount="2" falsecount="2"/>
      <line num="874" count="0" type="cond" truecount="0" falsecount="2"/>
      <line num="877" count="1" type="cond" truecount="1" falsecount="1"/>
      <line num="879" count="1" type="cond" truecount="1" falsecount="1"/>
      <line num="883" count="1" type="cond" truecount="3" falsecount="1"/>
      <line num="886" count="1" type="cond" truecount="1" falsecount="1"/>
      <line num="889" count="1" type="cond" truecount="1" falsecount="1"/>
      <line num="891" count="1" type="stmt"/>
      <line num="893" count="1" type="stmt"/>
      <line num="895" count="1" type="stmt"/>
      <line num="896" count="0" type="stmt"/>
      <line num="898" count="0" type="stmt"/>
      <line num="899" count="0" type="stmt"/>
      <line num="900" count="0" type="stmt"/>
      <line num="902" count="0" type="stmt"/>
      <line num="903" count="0" type="stmt"/>
      <line num="906" count="0" type="cond" truecount="0" falsecount="2"/>
      <line num="907" count="0" type="stmt"/>
      <line num="908" count="0" type="stmt"/>
      <line num="911" count="0" type="stmt"/>
      <line num="912" count="0" type="stmt"/>
      <line num="914" count="0" type="cond" truecount="0" falsecount="2"/>
      <line num="915" count="0" type="stmt"/>
      <line num="917" count="0" type="stmt"/>
      <line num="924" count="1" type="stmt"/>
      <line num="925" count="1" type="stmt"/>
      <line num="926" count="1" type="stmt"/>
      <line num="928" count="1" type="cond" truecount="1" falsecount="1"/>
      <line num="929" count="0" type="stmt"/>
      <line num="931" count="0" type="stmt"/>
      <line num="932" count="0" type="stmt"/>
      <line num="935" count="0" type="stmt"/>
      <line num="936" count="0" type="stmt"/>
      <line num="939" count="1" type="stmt"/>
      <line num="941" count="1" type="stmt"/>
      <line num="942" count="1" type="stmt"/>
      <line num="945" count="1" type="stmt"/>
      <line num="951" count="1" type="stmt"/>
      <line num="952" count="1" type="stmt"/>
      <line num="954" count="1" type="stmt"/>
      <line num="955" count="1" type="stmt"/>
      <line num="956" count="1" type="cond" truecount="1" falsecount="1"/>
      <line num="957" count="1" type="stmt"/>
      <line num="958" count="1" type="stmt"/>
      <line num="959" count="1" type="stmt"/>
      <line num="960" count="1" type="stmt"/>
      <line num="962" count="1" type="cond" truecount="1" falsecount="1"/>
      <line num="963" count="0" type="stmt"/>
      <line num="966" count="1" type="stmt"/>
      <line num="970" count="1" type="stmt"/>
      <line num="972" count="1" type="cond" truecount="1" falsecount="1"/>
      <line num="973" count="0" type="stmt"/>
      <line num="976" count="1" type="stmt"/>
      <line num="978" count="1" type="cond" truecount="1" falsecount="1"/>
      <line num="979" count="0" type="cond" truecount="0" falsecount="2"/>
      <line num="980" count="0" type="stmt"/>
      <line num="981" count="0" type="cond" truecount="0" falsecount="2"/>
      <line num="982" count="0" type="stmt"/>
      <line num="984" count="0" type="stmt"/>
      <line num="986" count="0" type="stmt"/>
      <line num="987" count="1" type="cond" truecount="1" falsecount="1"/>
      <line num="988" count="1" type="stmt"/>
      <line num="989" count="0" type="cond" truecount="0" falsecount="4"/>
      <line num="990" count="0" type="stmt"/>
      <line num="991" count="0" type="stmt"/>
      <line num="993" count="0" type="stmt"/>
      <line num="998" count="0" type="cond" truecount="0" falsecount="2"/>
      <line num="999" count="0" type="stmt"/>
      <line num="1001" count="0" type="stmt"/>
      <line num="1002" count="0" type="cond" truecount="0" falsecount="2"/>
      <line num="1003" count="0" type="stmt"/>
      <line num="1008" count="1" type="stmt"/>
      <line num="1010" count="1" type="cond" truecount="1" falsecount="1"/>
      <line num="1011" count="1" type="stmt"/>
      <line num="1014" count="1" type="cond" truecount="1" falsecount="1"/>
      <line num="1015" count="1" type="stmt"/>
      <line num="1016" count="1" type="cond" truecount="1" falsecount="1"/>
      <line num="1017" count="0" type="stmt"/>
      <line num="1021" count="1" type="stmt"/>
      <line num="1022" count="1" type="stmt"/>
      <line num="1024" count="1" type="stmt"/>
      <line num="1028" count="0" type="stmt"/>
      <line num="1030" count="0" type="cond" truecount="0" falsecount="2"/>
      <line num="1031" count="0" type="stmt"/>
      <line num="1033" count="0" type="stmt"/>
      <line num="1035" count="0" type="stmt"/>
      <line num="1036" count="0" type="stmt"/>
      <line num="1038" count="0" type="stmt"/>
      <line num="1042" count="1" type="stmt"/>
      <line num="1043" count="1" type="stmt"/>
      <line num="1048" count="1" type="cond" truecount="1" falsecount="1"/>
      <line num="1050" count="1" type="stmt"/>
      <line num="1057" count="1" type="cond" truecount="2" falsecount="2"/>
      <line num="1058" count="0" type="cond" truecount="0" falsecount="2"/>
      <line num="1062" count="0" type="cond" truecount="0" falsecount="2"/>
      <line num="1065" count="0" type="stmt"/>
      <line num="1069" count="0" type="stmt"/>
      <line num="1075" count="1" type="cond" truecount="1" falsecount="1"/>
      <line num="1076" count="0" type="stmt"/>
      <line num="1078" count="0" type="cond" truecount="0" falsecount="2"/>
      <line num="1080" count="0" type="stmt"/>
      <line num="1081" count="0" type="stmt"/>
      <line num="1083" count="1" type="cond" truecount="1" falsecount="1"/>
      <line num="1091" count="0" type="stmt"/>
      <line num="1092" count="0" type="stmt"/>
      <line num="1093" count="0" type="stmt"/>
      <line num="1094" count="0" type="stmt"/>
      <line num="1096" count="0" type="cond" truecount="0" falsecount="2"/>
      <line num="1099" count="1" type="stmt"/>
      <line num="1100" count="1" type="stmt"/>
      <line num="1101" count="1" type="stmt"/>
      <line num="1102" count="0" type="stmt"/>
      <line num="1106" count="1" type="stmt"/>
      <line num="1108" count="1" type="stmt"/>
      <line num="1109" count="0" type="cond" truecount="0" falsecount="2"/>
      <line num="1110" count="0" type="cond" truecount="0" falsecount="2"/>
      <line num="1115" count="0" type="stmt"/>
      <line num="1118" count="0" type="stmt"/>
      <line num="1120" count="0" type="stmt"/>
      <line num="1125" count="1" type="stmt"/>
      <line num="1126" count="1" type="stmt"/>
      <line num="1128" count="1" type="stmt"/>
      <line num="1129" count="0" type="stmt"/>
      <line num="1131" count="0" type="stmt"/>
      <line num="1136" count="0" type="cond" truecount="0" falsecount="2"/>
      <line num="1138" count="0" type="cond" truecount="0" falsecount="2"/>
      <line num="1139" count="0" type="stmt"/>
      <line num="1141" count="0" type="stmt"/>
      <line num="1142" count="0" type="stmt"/>
      <line num="1144" count="0" type="cond" truecount="0" falsecount="2"/>
      <line num="1146" count="0" type="cond" truecount="0" falsecount="2"/>
      <line num="1147" count="0" type="stmt"/>
      <line num="1149" count="0" type="stmt"/>
      <line num="1155" count="1" type="stmt"/>
      <line num="1156" count="1" type="stmt"/>
      <line num="1158" count="1" type="cond" truecount="1" falsecount="1"/>
      <line num="1159" count="0" type="stmt"/>
      <line num="1162" count="1" type="cond" truecount="1" falsecount="1"/>
      <line num="1163" count="0" type="stmt"/>
      <line num="1165" count="1" type="stmt"/>
      <line num="1166" count="0" type="stmt"/>
      <line num="1169" count="1" type="stmt"/>
      <line num="1174" count="0" type="stmt"/>
      <line num="1175" count="0" type="stmt"/>
      <line num="1183" count="0" type="cond" truecount="0" falsecount="2"/>
      <line num="1185" count="0" type="cond" truecount="0" falsecount="4"/>
      <line num="1186" count="0" type="stmt"/>
      <line num="1189" count="0" type="cond" truecount="0" falsecount="2"/>
      <line num="1191" count="0" type="stmt"/>
      <line num="1194" count="0" type="stmt"/>
      <line num="1196" count="0" type="stmt"/>
      <line num="1198" count="0" type="stmt"/>
      <line num="1200" count="0" type="cond" truecount="0" falsecount="2"/>
      <line num="1211" count="1" type="stmt"/>
      <line num="1227" count="1" type="stmt"/>
      <line num="1228" count="0" type="cond" truecount="0" falsecount="2"/>
      <line num="1239" count="1" type="stmt"/>
      <line num="1241" count="1" type="stmt"/>
      <line num="1243" count="1" type="stmt"/>
      <line num="1245" count="1" type="stmt"/>
      <line num="1247" count="1" type="cond" truecount="3" falsecount="1"/>
      <line num="1249" count="1" type="cond" truecount="1" falsecount="1"/>
      <line num="1250" count="1" type="stmt"/>
      <line num="1251" count="0" type="stmt"/>
      <line num="1262" count="1" type="stmt"/>
      <line num="1294" count="0" type="stmt"/>
      <line num="1302" count="0" type="stmt"/>
      <line num="1313" count="0" type="stmt"/>
      <line num="1314" count="0" type="stmt"/>
      <line num="1319" count="0" type="cond" truecount="0" falsecount="2"/>
      <line num="1320" count="0" type="cond" truecount="0" falsecount="2"/>
      <line num="1321" count="0" type="stmt"/>
      <line num="1327" count="0" type="stmt"/>
      <line num="1329" count="0" type="cond" truecount="0" falsecount="2"/>
      <line num="1330" count="0" type="cond" truecount="0" falsecount="2"/>
      <line num="1331" count="0" type="cond" truecount="0" falsecount="2"/>
      <line num="1332" count="0" type="stmt"/>
      <line num="1335" count="0" type="stmt"/>
      <line num="1336" count="0" type="cond" truecount="0" falsecount="3"/>
      <line num="1337" count="0" type="cond" truecount="0" falsecount="3"/>
      <line num="1339" count="0" type="cond" truecount="0" falsecount="5"/>
      <line num="1340" count="0" type="stmt"/>
      <line num="1343" count="0" type="cond" truecount="0" falsecount="4"/>
      <line num="1344" count="0" type="cond" truecount="0" falsecount="2"/>
      <line num="1345" count="0" type="cond" truecount="0" falsecount="2"/>
      <line num="1346" count="0" type="cond" truecount="0" falsecount="4"/>
      <line num="1347" count="0" type="stmt"/>
      <line num="1350" count="0" type="stmt"/>
      <line num="1351" count="0" type="stmt"/>
      <line num="1352" count="0" type="stmt"/>
      <line num="1353" count="0" type="stmt"/>
      <line num="1354" count="0" type="stmt"/>
      <line num="1355" count="0" type="stmt"/>
      <line num="1356" count="0" type="stmt"/>
      <line num="1357" count="0" type="stmt"/>
      <line num="1359" count="0" type="cond" truecount="0" falsecount="2"/>
      <line num="1360" count="0" type="stmt"/>
      <line num="1362" count="0" type="stmt"/>
      <line num="1363" count="0" type="stmt"/>
      <line num="1366" count="0" type="stmt"/>
      <line num="1367" count="0" type="cond" truecount="0" falsecount="2"/>
      <line num="1368" count="0" type="stmt"/>
      <line num="1369" count="0" type="cond" truecount="0" falsecount="2"/>
      <line num="1370" count="0" type="stmt"/>
      <line num="1373" count="0" type="stmt"/>
      <line num="1378" count="0" type="cond" truecount="0" falsecount="4"/>
      <line num="1379" count="0" type="stmt"/>
      <line num="1380" count="0" type="stmt"/>
      <line num="1383" count="0" type="cond" truecount="0" falsecount="2"/>
      <line num="1384" count="0" type="stmt"/>
      <line num="1388" count="0" type="cond" truecount="0" falsecount="2"/>
      <line num="1389" count="0" type="stmt"/>
      <line num="1395" count="0" type="stmt"/>
      <line num="1396" count="0" type="stmt"/>
      <line num="1397" count="0" type="cond" truecount="0" falsecount="4"/>
      <line num="1400" count="0" type="stmt"/>
      <line num="1401" count="0" type="cond" truecount="0" falsecount="2"/>
      <line num="1402" count="0" type="stmt"/>
      <line num="1405" count="0" type="stmt"/>
      <line num="1407" count="0" type="stmt"/>
      <line num="1408" count="0" type="cond" truecount="0" falsecount="2"/>
      <line num="1409" count="0" type="stmt"/>
      <line num="1410" count="0" type="stmt"/>
      <line num="1414" count="0" type="stmt"/>
      <line num="1416" count="0" type="cond" truecount="0" falsecount="2"/>
      <line num="1417" count="0" type="stmt"/>
      <line num="1419" count="0" type="stmt"/>
      <line num="1420" count="0" type="stmt"/>
      <line num="1421" count="0" type="stmt"/>
      <line num="1426" count="0" type="stmt"/>
      <line num="1427" count="0" type="cond" truecount="0" falsecount="4"/>
      <line num="1428" count="0" type="stmt"/>
      <line num="1429" count="0" type="stmt"/>
      <line num="1436" count="0" type="stmt"/>
      <line num="1447" count="1" type="stmt"/>
      <line num="1449" count="1" type="stmt"/>
      <line num="1450" count="0" type="cond" truecount="0" falsecount="2"/>
      <line num="1451" count="0" type="cond" truecount="0" falsecount="2"/>
      <line num="1453" count="0" type="stmt"/>
      <line num="1454" count="0" type="stmt"/>
      <line num="1455" count="0" type="stmt"/>
      <line num="1456" count="0" type="stmt"/>
      <line num="1457" count="0" type="stmt"/>
      <line num="1458" count="0" type="stmt"/>
      <line num="1459" count="0" type="stmt"/>
      <line num="1461" count="0" type="stmt"/>
      <line num="1462" count="0" type="stmt"/>
      <line num="1464" count="0" type="stmt"/>
      <line num="1465" count="0" type="stmt"/>
      <line num="1466" count="0" type="stmt"/>
      <line num="1468" count="0" type="stmt"/>
      <line num="1469" count="0" type="stmt"/>
      <line num="1470" count="0" type="stmt"/>
      <line num="1472" count="0" type="stmt"/>
      <line num="1475" count="1" type="stmt"/>
      <line num="1477" count="1" type="stmt"/>
      <line num="1479" count="1" type="cond" truecount="3" falsecount="1"/>
      <line num="1481" count="1" type="stmt"/>
      <line num="1491" count="1" type="stmt"/>
      <line num="1494" count="1" type="stmt"/>
      <line num="1500" count="6" type="cond" truecount="1" falsecount="1"/>
      <line num="1501" count="0" type="stmt"/>
      <line num="1504" count="6" type="stmt"/>
      <line num="1511" count="6" type="stmt"/>
      <line num="1514" count="6" type="stmt"/>
      <line num="1517" count="6" type="stmt"/>
      <line num="1522" count="1" type="stmt"/>
      <line num="1525" count="1" type="stmt"/>
      <line num="1528" count="1" type="stmt"/>
      <line num="1529" count="3" type="cond" truecount="1" falsecount="1"/>
      <line num="1530" count="3" type="stmt"/>
      <line num="1535" count="1" type="stmt"/>
      <line num="1536" count="1" type="cond" truecount="3" falsecount="1"/>
      <line num="1537" count="1" type="stmt"/>
      <line num="1539" count="1" type="stmt"/>
      <line num="1547" count="1" type="stmt"/>
      <line num="1548" count="0" type="cond" truecount="0" falsecount="2"/>
      <line num="1549" count="0" type="cond" truecount="0" falsecount="2"/>
      <line num="1550" count="0" type="cond" truecount="0" falsecount="6"/>
      <line num="1551" count="0" type="stmt"/>
      <line num="1552" count="0" type="stmt"/>
      <line num="1553" count="0" type="stmt"/>
      <line num="1554" count="0" type="cond" truecount="0" falsecount="4"/>
      <line num="1555" count="0" type="stmt"/>
      <line num="1559" count="1" type="stmt"/>
      <line num="1560" count="3" type="cond" truecount="4" falsecount="0"/>
      <line num="1561" count="1" type="stmt"/>
      <line num="1562" count="0" type="stmt"/>
      <line num="1563" count="3" type="stmt"/>
      <line num="1564" count="3" type="stmt"/>
      <line num="1568" count="3" type="stmt"/>
      <line num="1571" count="1" type="stmt"/>
      <line num="1575" count="1" type="stmt"/>
      <line num="1584" count="1" type="stmt"/>
      <line num="1587" count="1" type="stmt"/>
      <line num="1588" count="1" type="stmt"/>
      <line num="1591" count="1" type="stmt"/>
      <line num="1592" count="1" type="stmt"/>
      <line num="1595" count="1" type="stmt"/>
      <line num="1598" count="1" type="stmt"/>
      <line num="1601" count="1" type="stmt"/>
      <line num="1602" count="1" type="stmt"/>
      <line num="1611" count="1" type="stmt"/>
      <line num="1642" count="2" type="stmt"/>
      <line num="1663" count="0" type="stmt"/>
      <line num="1670" count="0" type="stmt"/>
      <line num="1672" count="0" type="cond" truecount="0" falsecount="2"/>
      <line num="1674" count="0" type="stmt"/>
      <line num="1677" count="0" type="stmt"/>
      <line num="1681" count="0" type="stmt"/>
      <line num="1682" count="0" type="stmt"/>
      <line num="1686" count="0" type="stmt"/>
      <line num="1688" count="0" type="cond" truecount="0" falsecount="2"/>
      <line num="1689" count="0" type="stmt"/>
      <line num="1704" count="0" type="stmt"/>
      <line num="1707" count="0" type="stmt"/>
      <line num="1727" count="0" type="stmt"/>
      <line num="1728" count="0" type="cond" truecount="0" falsecount="2"/>
      <line num="1730" count="0" type="cond" truecount="0" falsecount="2"/>
      <line num="1731" count="0" type="stmt"/>
      <line num="1733" count="0" type="stmt"/>
      <line num="1736" count="0" type="stmt"/>
      <line num="1738" count="0" type="stmt"/>
      <line num="1739" count="0" type="cond" truecount="0" falsecount="2"/>
      <line num="1740" count="0" type="stmt"/>
      <line num="1741" count="0" type="stmt"/>
      <line num="1742" count="0" type="stmt"/>
      <line num="1743" count="0" type="stmt"/>
      <line num="1744" count="0" type="stmt"/>
      <line num="1745" count="0" type="cond" truecount="0" falsecount="4"/>
      <line num="1746" count="0" type="stmt"/>
      <line num="1747" count="0" type="stmt"/>
      <line num="1749" count="0" type="stmt"/>
      <line num="1750" count="0" type="cond" truecount="0" falsecount="4"/>
      <line num="1751" count="0" type="stmt"/>
      <line num="1753" count="0" type="stmt"/>
      <line num="1756" count="0" type="stmt"/>
      <line num="1757" count="0" type="stmt"/>
      <line num="1760" count="0" type="cond" truecount="0" falsecount="4"/>
      <line num="1761" count="0" type="stmt"/>
      <line num="1762" count="0" type="cond" truecount="0" falsecount="2"/>
      <line num="1763" count="0" type="stmt"/>
      <line num="1771" count="0" type="cond" truecount="0" falsecount="2"/>
      <line num="1772" count="0" type="stmt"/>
      <line num="1774" count="0" type="stmt"/>
      <line num="1780" count="0" type="stmt"/>
      <line num="1781" count="0" type="stmt"/>
      <line num="1784" count="0" type="stmt"/>
      <line num="1785" count="0" type="stmt"/>
      <line num="1788" count="0" type="stmt"/>
      <line num="1789" count="0" type="stmt"/>
      <line num="1792" count="0" type="stmt"/>
      <line num="1793" count="0" type="stmt"/>
      <line num="1796" count="0" type="stmt"/>
      <line num="1799" count="0" type="cond" truecount="0" falsecount="2"/>
      <line num="1800" count="0" type="stmt"/>
      <line num="1802" count="0" type="stmt"/>
      <line num="1806" count="0" type="stmt"/>
      <line num="1808" count="0" type="cond" truecount="0" falsecount="4"/>
      <line num="1809" count="0" type="stmt"/>
      <line num="1810" count="0" type="stmt"/>
      <line num="1811" count="0" type="stmt"/>
      <line num="1814" count="0" type="cond" truecount="0" falsecount="2"/>
      <line num="1815" count="0" type="stmt"/>
      <line num="1816" count="0" type="stmt"/>
      <line num="1821" count="0" type="cond" truecount="0" falsecount="5"/>
      <line num="1822" count="0" type="stmt"/>
      <line num="1824" count="0" type="cond" truecount="0" falsecount="2"/>
      <line num="1825" count="0" type="stmt"/>
      <line num="1827" count="0" type="stmt"/>
      <line num="1829" count="0" type="cond" truecount="0" falsecount="2"/>
      <line num="1830" count="0" type="stmt"/>
      <line num="1834" count="0" type="cond" truecount="0" falsecount="2"/>
      <line num="1835" count="0" type="stmt"/>
      <line num="1837" count="0" type="stmt"/>
      <line num="1840" count="0" type="stmt"/>
      <line num="1841" count="0" type="cond" truecount="0" falsecount="2"/>
      <line num="1842" count="0" type="stmt"/>
      <line num="1843" count="0" type="stmt"/>
      <line num="1844" count="0" type="cond" truecount="0" falsecount="4"/>
      <line num="1845" count="0" type="stmt"/>
      <line num="1848" count="0" type="stmt"/>
      <line num="1853" count="0" type="cond" truecount="0" falsecount="2"/>
      <line num="1856" count="0" type="stmt"/>
      <line num="1857" count="0" type="cond" truecount="0" falsecount="2"/>
      <line num="1858" count="0" type="stmt"/>
      <line num="1859" count="0" type="stmt"/>
      <line num="1860" count="0" type="stmt"/>
      <line num="1861" count="0" type="stmt"/>
      <line num="1862" count="0" type="stmt"/>
      <line num="1874" count="1" type="stmt"/>
      <line num="1881" count="1" type="stmt"/>
      <line num="1888" count="1" type="stmt"/>
      <line num="1895" count="1" type="stmt"/>
      <line num="1902" count="1" type="stmt"/>
      <line num="1909" count="1" type="stmt"/>
      <line num="1944" count="1" type="stmt"/>
      <line num="1952" count="0" type="stmt"/>
      <line num="1955" count="0" type="cond" truecount="0" falsecount="2"/>
      <line num="1956" count="0" type="stmt"/>
      <line num="1957" count="0" type="stmt"/>
      <line num="1958" count="0" type="stmt"/>
      <line num="1966" count="0" type="stmt"/>
      <line num="1967" count="0" type="stmt"/>
      <line num="1968" count="0" type="stmt"/>
      <line num="1972" count="0" type="stmt"/>
      <line num="1973" count="0" type="stmt"/>
      <line num="1979" count="0" type="stmt"/>
      <line num="1982" count="0" type="cond" truecount="0" falsecount="4"/>
      <line num="1985" count="0" type="stmt"/>
      <line num="1989" count="0" type="cond" truecount="0" falsecount="2"/>
      <line num="1990" count="0" type="stmt"/>
      <line num="1993" count="0" type="cond" truecount="0" falsecount="4"/>
      <line num="1996" count="0" type="stmt"/>
      <line num="1998" count="0" type="cond" truecount="0" falsecount="2"/>
      <line num="2008" count="0" type="cond" truecount="0" falsecount="4"/>
      <line num="2014" count="0" type="stmt"/>
      <line num="2026" count="1" type="stmt"/>
      <line num="2027" count="1" type="stmt"/>
      <line num="2029" count="1" type="stmt"/>
      <line num="2031" count="1" type="stmt"/>
      <line num="2033" count="1" type="stmt"/>
      <line num="2035" count="1" type="stmt"/>
      <line num="2037" count="1" type="stmt"/>
      <line num="2039" count="1" type="stmt"/>
      <line num="2041" count="1" type="stmt"/>
      <line num="2043" count="1" type="stmt"/>
      <line num="2045" count="1" type="stmt"/>
      <line num="2047" count="4" type="cond" truecount="4" falsecount="0"/>
      <line num="2049" count="1" type="stmt"/>
      <line num="2051" count="1" type="stmt"/>
      <line num="2053" count="1" type="stmt"/>
      <line num="2090" count="0" type="stmt"/>
      <line num="2091" count="0" type="stmt"/>
      <line num="2094" count="0" type="stmt"/>
      <line num="2095" count="0" type="stmt"/>
      <line num="2097" count="0" type="stmt"/>
      <line num="2100" count="0" type="stmt"/>
      <line num="2112" count="0" type="stmt"/>
      <line num="2114" count="0" type="cond" truecount="0" falsecount="2"/>
      <line num="2115" count="0" type="cond" truecount="0" falsecount="2"/>
      <line num="2116" count="0" type="cond" truecount="0" falsecount="2"/>
      <line num="2117" count="0" type="stmt"/>
      <line num="2118" count="0" type="stmt"/>
      <line num="2119" count="0" type="stmt"/>
      <line num="2122" count="0" type="stmt"/>
      <line num="2125" count="0" type="stmt"/>
      <line num="2132" count="0" type="stmt"/>
      <line num="2134" count="0" type="cond" truecount="0" falsecount="2"/>
      <line num="2135" count="0" type="stmt"/>
      <line num="2138" count="0" type="cond" truecount="0" falsecount="2"/>
      <line num="2140" count="0" type="cond" truecount="0" falsecount="2"/>
      <line num="2141" count="0" type="stmt"/>
      <line num="2142" count="0" type="stmt"/>
      <line num="2144" count="0" type="stmt"/>
      <line num="2146" count="0" type="stmt"/>
      <line num="2147" count="0" type="cond" truecount="0" falsecount="2"/>
      <line num="2148" count="0" type="stmt"/>
      <line num="2149" count="0" type="stmt"/>
      <line num="2150" count="0" type="stmt"/>
      <line num="2153" count="0" type="stmt"/>
      <line num="2157" count="0" type="cond" truecount="0" falsecount="2"/>
      <line num="2158" count="0" type="cond" truecount="0" falsecount="4"/>
      <line num="2159" count="0" type="cond" truecount="0" falsecount="2"/>
      <line num="2161" count="0" type="stmt"/>
      <line num="2163" count="0" type="stmt"/>
      <line num="2165" count="0" type="stmt"/>
      <line num="2167" count="0" type="stmt"/>
      <line num="2168" count="0" type="cond" truecount="0" falsecount="2"/>
      <line num="2169" count="0" type="stmt"/>
      <line num="2172" count="0" type="cond" truecount="0" falsecount="2"/>
      <line num="2173" count="0" type="cond" truecount="0" falsecount="2"/>
      <line num="2174" count="0" type="stmt"/>
      <line num="2175" count="0" type="stmt"/>
      <line num="2177" count="0" type="cond" truecount="0" falsecount="2"/>
      <line num="2178" count="0" type="cond" truecount="0" falsecount="2"/>
      <line num="2179" count="0" type="stmt"/>
      <line num="2180" count="0" type="cond" truecount="0" falsecount="2"/>
      <line num="2181" count="0" type="stmt"/>
      <line num="2182" count="0" type="stmt"/>
      <line num="2184" count="0" type="stmt"/>
      <line num="2185" count="0" type="stmt"/>
      <line num="2186" count="0" type="stmt"/>
      <line num="2187" count="0" type="cond" truecount="0" falsecount="6"/>
      <line num="2188" count="0" type="stmt"/>
      <line num="2190" count="0" type="stmt"/>
      <line num="2194" count="0" type="cond" truecount="0" falsecount="2"/>
      <line num="2195" count="0" type="stmt"/>
      <line num="2198" count="0" type="stmt"/>
      <line num="2199" count="0" type="stmt"/>
      <line num="2201" count="0" type="cond" truecount="0" falsecount="2"/>
      <line num="2203" count="0" type="stmt"/>
      <line num="2206" count="0" type="stmt"/>
      <line num="2209" count="0" type="stmt"/>
      <line num="2211" count="0" type="cond" truecount="0" falsecount="4"/>
      <line num="2213" count="0" type="cond" truecount="0" falsecount="2"/>
      <line num="2214" count="0" type="stmt"/>
      <line num="2215" count="0" type="stmt"/>
      <line num="2217" count="0" type="stmt"/>
      <line num="2219" count="0" type="stmt"/>
      <line num="2221" count="0" type="cond" truecount="0" falsecount="2"/>
      <line num="2222" count="0" type="stmt"/>
      <line num="2223" count="0" type="stmt"/>
      <line num="2224" count="0" type="stmt"/>
      <line num="2227" count="0" type="stmt"/>
      <line num="2231" count="0" type="stmt"/>
      <line num="2233" count="0" type="cond" truecount="0" falsecount="2"/>
      <line num="2235" count="0" type="cond" truecount="0" falsecount="2"/>
      <line num="2236" count="0" type="stmt"/>
      <line num="2239" count="0" type="stmt"/>
      <line num="2241" count="0" type="stmt"/>
      <line num="2244" count="0" type="stmt"/>
      <line num="2245" count="0" type="stmt"/>
      <line num="2248" count="0" type="cond" truecount="0" falsecount="4"/>
      <line num="2249" count="0" type="stmt"/>
      <line num="2250" count="0" type="stmt"/>
      <line num="2252" count="0" type="stmt"/>
      <line num="2256" count="1" type="stmt"/>
      <line num="2265" count="1" type="stmt"/>
      <line num="2267" count="1" type="stmt"/>
      <line num="2268" count="0" type="stmt"/>
      <line num="2269" count="0" type="cond" truecount="0" falsecount="2"/>
      <line num="2270" count="0" type="stmt"/>
      <line num="2271" count="0" type="cond" truecount="0" falsecount="2"/>
      <line num="2272" count="0" type="stmt"/>
      <line num="2273" count="0" type="cond" truecount="0" falsecount="2"/>
      <line num="2274" count="0" type="stmt"/>
      <line num="2280" count="0" type="stmt"/>
      <line num="2292" count="1" type="stmt"/>
      <line num="2293" count="1" type="stmt"/>
      <line num="2294" count="1" type="stmt"/>
      <line num="2295" count="1" type="stmt"/>
      <line num="2297" count="0" type="stmt"/>
      <line num="2301" count="0" type="stmt"/>
      <line num="2305" count="0" type="cond" truecount="0" falsecount="2"/>
      <line num="2308" count="1" type="stmt"/>
      <line num="2309" count="0" type="stmt"/>
      <line num="2310" count="0" type="cond" truecount="0" falsecount="2"/>
      <line num="2313" count="1" type="stmt"/>
      <line num="2314" count="0" type="stmt"/>
      <line num="2317" count="1" type="stmt"/>
      <line num="2318" count="0" type="cond" truecount="0" falsecount="2"/>
      <line num="2328" count="1" type="stmt"/>
      <line num="2330" count="1" type="stmt"/>
      <line num="2332" count="1" type="stmt"/>
      <line num="2334" count="1" type="stmt"/>
      <line num="2336" count="1" type="cond" truecount="3" falsecount="1"/>
      <line num="2338" count="1" type="stmt"/>
      <line num="2339" count="1" type="stmt"/>
      <line num="2340" count="1" type="stmt"/>
      <line num="2342" count="1" type="stmt"/>
      <line num="2343" count="0" type="cond" truecount="0" falsecount="2"/>
      <line num="2344" count="0" type="stmt"/>
      <line num="2345" count="0" type="cond" truecount="0" falsecount="2"/>
      <line num="2346" count="0" type="stmt"/>
      <line num="2348" count="0" type="stmt"/>
      <line num="2349" count="0" type="stmt"/>
      <line num="2350" count="0" type="stmt"/>
      <line num="2352" count="0" type="stmt"/>
      <line num="2353" count="0" type="stmt"/>
      <line num="2354" count="0" type="stmt"/>
      <line num="2357" count="0" type="stmt"/>
      <line num="2358" count="0" type="cond" truecount="0" falsecount="2"/>
      <line num="2362" count="0" type="stmt"/>
      <line num="2365" count="1" type="stmt"/>
      <line num="2367" count="1" type="stmt"/>
      <line num="2371" count="0" type="stmt"/>
      <line num="2375" count="0" type="cond" truecount="0" falsecount="4"/>
      <line num="2376" count="0" type="stmt"/>
      <line num="2381" count="0" type="cond" truecount="0" falsecount="2"/>
      <line num="2382" count="0" type="stmt"/>
      <line num="2383" count="0" type="stmt"/>
      <line num="2388" count="0" type="stmt"/>
      <line num="2394" count="0" type="stmt"/>
      <line num="2395" count="0" type="cond" truecount="0" falsecount="2"/>
      <line num="2397" count="0" type="stmt"/>
      <line num="2398" count="0" type="cond" truecount="0" falsecount="4"/>
      <line num="2399" count="0" type="stmt"/>
      <line num="2404" count="0" type="cond" truecount="0" falsecount="2"/>
      <line num="2405" count="0" type="cond" truecount="0" falsecount="4"/>
      <line num="2406" count="0" type="stmt"/>
      <line num="2408" count="0" type="stmt"/>
      <line num="2410" count="0" type="stmt"/>
      <line num="2411" count="0" type="stmt"/>
      <line num="2412" count="0" type="cond" truecount="0" falsecount="2"/>
      <line num="2413" count="0" type="stmt"/>
      <line num="2417" count="0" type="stmt"/>
      <line num="2419" count="0" type="stmt"/>
      <line num="2420" count="0" type="cond" truecount="0" falsecount="4"/>
      <line num="2421" count="0" type="stmt"/>
      <line num="2423" count="0" type="cond" truecount="0" falsecount="2"/>
      <line num="2424" count="0" type="stmt"/>
      <line num="2425" count="0" type="stmt"/>
      <line num="2426" count="0" type="stmt"/>
      <line num="2429" count="0" type="stmt"/>
      <line num="2430" count="0" type="stmt"/>
      <line num="2433" count="0" type="cond" truecount="0" falsecount="5"/>
      <line num="2434" count="0" type="stmt"/>
      <line num="2436" count="0" type="stmt"/>
      <line num="2439" count="0" type="cond" truecount="0" falsecount="2"/>
      <line num="2440" count="0" type="stmt"/>
      <line num="2442" count="0" type="stmt"/>
      <line num="2443" count="0" type="stmt"/>
      <line num="2445" count="0" type="stmt"/>
      <line num="2449" count="0" type="stmt"/>
      <line num="2450" count="0" type="stmt"/>
      <line num="2452" count="0" type="cond" truecount="0" falsecount="2"/>
      <line num="2453" count="0" type="stmt"/>
      <line num="2454" count="0" type="cond" truecount="0" falsecount="2"/>
      <line num="2455" count="0" type="cond" truecount="0" falsecount="2"/>
      <line num="2456" count="0" type="stmt"/>
      <line num="2457" count="0" type="stmt"/>
      <line num="2458" count="0" type="stmt"/>
      <line num="2462" count="0" type="stmt"/>
      <line num="2463" count="0" type="cond" truecount="0" falsecount="2"/>
      <line num="2464" count="0" type="stmt"/>
      <line num="2467" count="0" type="stmt"/>
      <line num="2468" count="0" type="cond" truecount="0" falsecount="2"/>
      <line num="2469" count="0" type="stmt"/>
      <line num="2470" count="0" type="stmt"/>
      <line num="2476" count="0" type="cond" truecount="0" falsecount="2"/>
      <line num="2477" count="0" type="cond" truecount="0" falsecount="2"/>
      <line num="2478" count="0" type="stmt"/>
      <line num="2480" count="0" type="stmt"/>
      <line num="2481" count="0" type="cond" truecount="0" falsecount="2"/>
      <line num="2482" count="0" type="cond" truecount="0" falsecount="2"/>
      <line num="2483" count="0" type="stmt"/>
      <line num="2484" count="0" type="stmt"/>
      <line num="2486" count="0" type="stmt"/>
      <line num="2492" count="1" type="stmt"/>
      <line num="2495" count="0" type="cond" truecount="0" falsecount="2"/>
      <line num="2496" count="0" type="cond" truecount="0" falsecount="5"/>
      <line num="2497" count="0" type="stmt"/>
      <line num="2499" count="0" type="stmt"/>
      <line num="2502" count="0" type="stmt"/>
      <line num="2506" count="1" type="stmt"/>
      <line num="2507" count="0" type="cond" truecount="0" falsecount="2"/>
      <line num="2508" count="0" type="cond" truecount="0" falsecount="2"/>
      <line num="2509" count="0" type="stmt"/>
      <line num="2510" count="0" type="cond" truecount="0" falsecount="2"/>
      <line num="2511" count="0" type="stmt"/>
      <line num="2513" count="0" type="stmt"/>
      <line num="2517" count="1" type="cond" truecount="1" falsecount="1"/>
      <line num="2519" count="1" type="stmt"/>
      <line num="2520" count="0" type="cond" truecount="0" falsecount="2"/>
      <line num="2521" count="0" type="stmt"/>
      <line num="2523" count="0" type="cond" truecount="0" falsecount="4"/>
      <line num="2524" count="0" type="cond" truecount="0" falsecount="4"/>
      <line num="2530" count="1" type="stmt"/>
      <line num="2539" count="1" type="cond" truecount="3" falsecount="7"/>
      <line num="2570" count="1" type="stmt"/>
      <line num="2571" count="1" type="cond" truecount="1" falsecount="1"/>
      <line num="2573" count="1" type="stmt"/>
      <line num="2583" count="1" type="stmt"/>
      <line num="2586" count="1" type="stmt"/>
      <line num="2686" count="0" type="cond" truecount="0" falsecount="2"/>
      <line num="2687" count="0" type="stmt"/>
      <line num="2691" count="0" type="cond" truecount="0" falsecount="2"/>
      <line num="2692" count="0" type="cond" truecount="0" falsecount="2"/>
      <line num="2693" count="0" type="cond" truecount="0" falsecount="4"/>
      <line num="2694" count="0" type="cond" truecount="0" falsecount="2"/>
      <line num="2698" count="0" type="cond" truecount="0" falsecount="2"/>
      <line num="2702" count="0" type="stmt"/>
      <line num="2705" count="0" type="stmt"/>
      <line num="2707" count="0" type="cond" truecount="0" falsecount="2"/>
      <line num="2711" count="0" type="cond" truecount="0" falsecount="2"/>
      <line num="2712" count="0" type="stmt"/>
      <line num="2716" count="0" type="cond" truecount="0" falsecount="2"/>
      <line num="2720" count="0" type="stmt"/>
      <line num="2721" count="0" type="stmt"/>
      <line num="2724" count="0" type="stmt"/>
      <line num="2727" count="0" type="stmt"/>
      <line num="2728" count="0" type="stmt"/>
      <line num="2739" count="1" type="stmt"/>
      <line num="2740" count="0" type="stmt"/>
      <line num="2741" count="0" type="stmt"/>
      <line num="2742" count="0" type="stmt"/>
      <line num="2743" count="0" type="stmt"/>
      <line num="2744" count="0" type="stmt"/>
      <line num="2745" count="0" type="stmt"/>
      <line num="2748" count="0" type="cond" truecount="0" falsecount="2"/>
      <line num="2749" count="0" type="stmt"/>
      <line num="2751" count="0" type="stmt"/>
      <line num="2759" count="1" type="stmt"/>
      <line num="2760" count="0" type="stmt"/>
      <line num="2764" count="0" type="stmt"/>
      <line num="2765" count="0" type="stmt"/>
      <line num="2768" count="0" type="stmt"/>
      <line num="2771" count="0" type="stmt"/>
      <line num="2773" count="0" type="stmt"/>
      <line num="2775" count="0" type="cond" truecount="0" falsecount="2"/>
      <line num="2776" count="0" type="stmt"/>
      <line num="2786" count="1" type="stmt"/>
      <line num="2788" count="0" type="stmt"/>
      <line num="2789" count="0" type="stmt"/>
      <line num="2800" count="1" type="stmt"/>
      <line num="2801" count="0" type="stmt"/>
      <line num="2802" count="0" type="stmt"/>
      <line num="2812" count="1" type="stmt"/>
      <line num="2813" count="0" type="stmt"/>
      <line num="2824" count="0" type="stmt"/>
      <line num="2826" count="0" type="stmt"/>
      <line num="2828" count="0" type="stmt"/>
      <line num="2829" count="0" type="stmt"/>
      <line num="2830" count="0" type="stmt"/>
      <line num="2831" count="0" type="cond" truecount="0" falsecount="2"/>
      <line num="2832" count="0" type="cond" truecount="0" falsecount="2"/>
      <line num="2833" count="0" type="cond" truecount="0" falsecount="2"/>
      <line num="2834" count="0" type="stmt"/>
      <line num="2836" count="0" type="stmt"/>
      <line num="2839" count="0" type="cond" truecount="0" falsecount="2"/>
      <line num="2840" count="0" type="stmt"/>
      <line num="2841" count="0" type="stmt"/>
      <line num="2842" count="0" type="stmt"/>
      <line num="2843" count="0" type="stmt"/>
      <line num="2846" count="0" type="cond" truecount="0" falsecount="2"/>
      <line num="2851" count="0" type="cond" truecount="0" falsecount="2"/>
      <line num="2852" count="0" type="stmt"/>
      <line num="2853" count="0" type="cond" truecount="0" falsecount="2"/>
      <line num="2854" count="0" type="stmt"/>
      <line num="2856" count="0" type="cond" truecount="0" falsecount="2"/>
      <line num="2857" count="0" type="stmt"/>
      <line num="2859" count="0" type="stmt"/>
      <line num="2863" count="0" type="cond" truecount="0" falsecount="4"/>
      <line num="2864" count="0" type="stmt"/>
      <line num="2865" count="0" type="stmt"/>
      <line num="2869" count="0" type="stmt"/>
      <line num="2871" count="0" type="stmt"/>
      <line num="2881" count="0" type="stmt"/>
      <line num="2882" count="0" type="stmt"/>
      <line num="2896" count="0" type="stmt"/>
      <line num="2897" count="0" type="cond" truecount="0" falsecount="2"/>
      <line num="2910" count="1" type="stmt"/>
      <line num="2911" count="0" type="stmt"/>
      <line num="2913" count="0" type="cond" truecount="0" falsecount="2"/>
      <line num="2914" count="0" type="stmt"/>
      <line num="2919" count="0" type="stmt"/>
      <line num="2920" count="0" type="cond" truecount="0" falsecount="2"/>
      <line num="2932" count="1" type="stmt"/>
      <line num="2933" count="0" type="stmt"/>
      <line num="2934" count="0" type="stmt"/>
      <line num="2936" count="0" type="stmt"/>
      <line num="2937" count="0" type="stmt"/>
      <line num="2942" count="0" type="stmt"/>
      <line num="2947" count="0" type="stmt"/>
      <line num="2954" count="0" type="cond" truecount="0" falsecount="2"/>
      <line num="2955" count="0" type="stmt"/>
      <line num="2956" count="0" type="cond" truecount="0" falsecount="2"/>
      <line num="2957" count="0" type="stmt"/>
      <line num="2959" count="0" type="stmt"/>
      <line num="2962" count="0" type="stmt"/>
      <line num="2963" count="0" type="cond" truecount="0" falsecount="2"/>
      <line num="2964" count="0" type="stmt"/>
      <line num="2966" count="0" type="stmt"/>
      <line num="2971" count="0" type="stmt"/>
      <line num="2972" count="0" type="stmt"/>
      <line num="2974" count="0" type="stmt"/>
      <line num="2986" count="1" type="stmt"/>
      <line num="2988" count="0" type="stmt"/>
      <line num="2989" count="0" type="stmt"/>
      <line num="2991" count="0" type="cond" truecount="0" falsecount="2"/>
      <line num="2992" count="0" type="stmt"/>
      <line num="2994" count="0" type="cond" truecount="0" falsecount="4"/>
      <line num="2995" count="0" type="stmt"/>
      <line num="2997" count="0" type="stmt"/>
      <line num="2998" count="0" type="stmt"/>
      <line num="3008" count="1" type="stmt"/>
      <line num="3010" count="0" type="stmt"/>
      <line num="3011" count="0" type="cond" truecount="0" falsecount="4"/>
      <line num="3012" count="0" type="stmt"/>
      <line num="3013" count="0" type="stmt"/>
      <line num="3015" count="0" type="stmt"/>
      <line num="3028" count="1" type="stmt"/>
      <line num="3030" count="0" type="stmt"/>
      <line num="3032" count="0" type="cond" truecount="0" falsecount="2"/>
      <line num="3033" count="0" type="stmt"/>
      <line num="3034" count="0" type="stmt"/>
      <line num="3036" count="0" type="stmt"/>
      <line num="3037" count="0" type="stmt"/>
      <line num="3039" count="0" type="stmt"/>
      <line num="3045" count="0" type="cond" truecount="0" falsecount="2"/>
      <line num="3046" count="0" type="stmt"/>
      <line num="3047" count="0" type="stmt"/>
      <line num="3048" count="0" type="stmt"/>
      <line num="3051" count="0" type="stmt"/>
      <line num="3052" count="0" type="cond" truecount="0" falsecount="2"/>
      <line num="3054" count="0" type="stmt"/>
      <line num="3055" count="0" type="cond" truecount="0" falsecount="2"/>
      <line num="3059" count="0" type="cond" truecount="0" falsecount="2"/>
      <line num="3060" count="0" type="cond" truecount="0" falsecount="2"/>
      <line num="3062" count="0" type="stmt"/>
      <line num="3069" count="0" type="cond" truecount="0" falsecount="2"/>
      <line num="3070" count="0" type="stmt"/>
      <line num="3077" count="0" type="stmt"/>
      <line num="3080" count="0" type="stmt"/>
      <line num="3081" count="0" type="stmt"/>
      <line num="3082" count="0" type="stmt"/>
      <line num="3083" count="0" type="stmt"/>
      <line num="3084" count="0" type="stmt"/>
      <line num="3096" count="1" type="stmt"/>
      <line num="3097" count="0" type="stmt"/>
      <line num="3098" count="0" type="cond" truecount="0" falsecount="2"/>
      <line num="3099" count="0" type="stmt"/>
      <line num="3102" count="0" type="stmt"/>
      <line num="3103" count="0" type="cond" truecount="0" falsecount="2"/>
      <line num="3104" count="0" type="stmt"/>
      <line num="3108" count="0" type="stmt"/>
      <line num="3119" count="1" type="stmt"/>
      <line num="3120" count="0" type="stmt"/>
      <line num="3121" count="0" type="stmt"/>
      <line num="3122" count="0" type="stmt"/>
      <line num="3136" count="1" type="stmt"/>
      <line num="3145" count="1" type="stmt"/>
      <line num="3148" count="0" type="stmt"/>
      <line num="3153" count="0" type="stmt"/>
      <line num="3154" count="0" type="stmt"/>
      <line num="3159" count="0" type="cond" truecount="0" falsecount="4"/>
      <line num="3160" count="0" type="stmt"/>
      <line num="3161" count="0" type="stmt"/>
      <line num="3162" count="0" type="stmt"/>
      <line num="3166" count="0" type="stmt"/>
      <line num="3167" count="0" type="stmt"/>
      <line num="3174" count="0" type="stmt"/>
      <line num="3176" count="0" type="stmt"/>
      <line num="3180" count="0" type="stmt"/>
      <line num="3183" count="0" type="cond" truecount="0" falsecount="4"/>
      <line num="3184" count="0" type="stmt"/>
      <line num="3187" count="0" type="stmt"/>
      <line num="3197" count="1" type="stmt"/>
      <line num="3198" count="0" type="stmt"/>
      <line num="3199" count="0" type="stmt"/>
      <line num="3200" count="0" type="stmt"/>
      <line num="3203" count="0" type="cond" truecount="0" falsecount="2"/>
      <line num="3204" count="0" type="stmt"/>
      <line num="3205" count="0" type="stmt"/>
      <line num="3207" count="0" type="stmt"/>
      <line num="3218" count="0" type="cond" truecount="0" falsecount="2"/>
      <line num="3220" count="0" type="stmt"/>
      <line num="3223" count="0" type="stmt"/>
      <line num="3233" count="1" type="stmt"/>
      <line num="3234" count="0" type="stmt"/>
      <line num="3235" count="0" type="stmt"/>
      <line num="3237" count="0" type="stmt"/>
      <line num="3239" count="0" type="stmt"/>
      <line num="3240" count="0" type="cond" truecount="0" falsecount="2"/>
      <line num="3241" count="0" type="stmt"/>
      <line num="3243" count="0" type="stmt"/>
      <line num="3246" count="0" type="stmt"/>
      <line num="3247" count="0" type="cond" truecount="0" falsecount="2"/>
      <line num="3248" count="0" type="stmt"/>
      <line num="3250" count="0" type="stmt"/>
      <line num="3253" count="0" type="stmt"/>
      <line num="3254" count="0" type="cond" truecount="0" falsecount="2"/>
      <line num="3255" count="0" type="stmt"/>
      <line num="3257" count="0" type="stmt"/>
      <line num="3260" count="0" type="stmt"/>
      <line num="3261" count="0" type="cond" truecount="0" falsecount="2"/>
      <line num="3262" count="0" type="stmt"/>
      <line num="3264" count="0" type="stmt"/>
      <line num="3268" count="0" type="stmt"/>
      <line num="3269" count="0" type="stmt"/>
      <line num="3272" count="0" type="stmt"/>
      <line num="3282" count="1" type="stmt"/>
      <line num="3283" count="0" type="stmt"/>
      <line num="3284" count="0" type="stmt"/>
      <line num="3285" count="0" type="stmt"/>
      <line num="3287" count="0" type="cond" truecount="0" falsecount="2"/>
      <line num="3288" count="0" type="stmt"/>
      <line num="3290" count="0" type="cond" truecount="0" falsecount="2"/>
      <line num="3291" count="0" type="stmt"/>
      <line num="3293" count="0" type="cond" truecount="0" falsecount="2"/>
      <line num="3294" count="0" type="stmt"/>
      <line num="3296" count="0" type="cond" truecount="0" falsecount="2"/>
      <line num="3297" count="0" type="stmt"/>
      <line num="3300" count="0" type="stmt"/>
      <line num="3312" count="1" type="stmt"/>
      <line num="3315" count="0" type="cond" truecount="0" falsecount="2"/>
      <line num="3316" count="0" type="stmt"/>
      <line num="3317" count="0" type="stmt"/>
      <line num="3320" count="0" type="cond" truecount="0" falsecount="4"/>
      <line num="3322" count="0" type="stmt"/>
      <line num="3325" count="0" type="stmt"/>
      <line num="3326" count="0" type="stmt"/>
      <line num="3327" count="0" type="cond" truecount="0" falsecount="2"/>
      <line num="3329" count="0" type="stmt"/>
      <line num="3330" count="0" type="cond" truecount="0" falsecount="2"/>
      <line num="3331" count="0" type="stmt"/>
      <line num="3333" count="0" type="stmt"/>
      <line num="3336" count="0" type="stmt"/>
      <line num="3337" count="0" type="cond" truecount="0" falsecount="4"/>
      <line num="3338" count="0" type="stmt"/>
      <line num="3341" count="0" type="stmt"/>
      <line num="3342" count="0" type="stmt"/>
      <line num="3344" count="0" type="stmt"/>
      <line num="3348" count="0" type="stmt"/>
      <line num="3351" count="0" type="cond" truecount="0" falsecount="6"/>
      <line num="3353" count="0" type="stmt"/>
      <line num="3354" count="0" type="stmt"/>
      <line num="3355" count="0" type="cond" truecount="0" falsecount="2"/>
      <line num="3356" count="0" type="stmt"/>
      <line num="3358" count="0" type="stmt"/>
      <line num="3360" count="0" type="stmt"/>
      <line num="3363" count="0" type="stmt"/>
      <line num="3374" count="1" type="stmt"/>
      <line num="3375" count="0" type="stmt"/>
      <line num="3376" count="0" type="stmt"/>
      <line num="3378" count="0" type="cond" truecount="0" falsecount="2"/>
      <line num="3379" count="0" type="stmt"/>
      <line num="3380" count="0" type="cond" truecount="0" falsecount="2"/>
      <line num="3381" count="0" type="stmt"/>
      <line num="3382" count="0" type="cond" truecount="0" falsecount="2"/>
      <line num="3383" count="0" type="stmt"/>
      <line num="3384" count="0" type="cond" truecount="0" falsecount="2"/>
      <line num="3385" count="0" type="stmt"/>
      <line num="3387" count="0" type="stmt"/>
      <line num="3398" count="1" type="stmt"/>
      <line num="3399" count="0" type="stmt"/>
      <line num="3400" count="0" type="stmt"/>
      <line num="3403" count="0" type="cond" truecount="0" falsecount="2"/>
      <line num="3404" count="0" type="stmt"/>
      <line num="3408" count="0" type="cond" truecount="0" falsecount="2"/>
      <line num="3409" count="0" type="stmt"/>
      <line num="3413" count="0" type="cond" truecount="0" falsecount="2"/>
      <line num="3414" count="0" type="stmt"/>
      <line num="3415" count="0" type="stmt"/>
      <line num="3419" count="0" type="cond" truecount="0" falsecount="2"/>
      <line num="3420" count="0" type="stmt"/>
      <line num="3421" count="0" type="stmt"/>
      <line num="3424" count="0" type="stmt"/>
      <line num="3425" count="0" type="stmt"/>
      <line num="3426" count="0" type="stmt"/>
      <line num="3427" count="0" type="stmt"/>
      <line num="3428" count="0" type="stmt"/>
      <line num="3430" count="0" type="cond" truecount="0" falsecount="2"/>
      <line num="3431" count="0" type="cond" truecount="0" falsecount="2"/>
      <line num="3432" count="0" type="cond" truecount="0" falsecount="2"/>
      <line num="3433" count="0" type="cond" truecount="0" falsecount="2"/>
      <line num="3434" count="0" type="cond" truecount="0" falsecount="2"/>
      <line num="3435" count="0" type="stmt"/>
      <line num="3442" count="0" type="cond" truecount="0" falsecount="2"/>
      <line num="3443" count="0" type="stmt"/>
      <line num="3446" count="0" type="cond" truecount="0" falsecount="2"/>
      <line num="3447" count="0" type="stmt"/>
      <line num="3451" count="0" type="cond" truecount="0" falsecount="2"/>
      <line num="3453" count="0" type="stmt"/>
      <line num="3456" count="0" type="stmt"/>
      <line num="3457" count="0" type="stmt"/>
      <line num="3458" count="0" type="stmt"/>
      <line num="3460" count="0" type="stmt"/>
      <line num="3461" count="0" type="stmt"/>
      <line num="3463" count="0" type="stmt"/>
      <line num="3479" count="0" type="stmt"/>
      <line num="3480" count="0" type="stmt"/>
      <line num="3481" count="0" type="stmt"/>
      <line num="3482" count="0" type="stmt"/>
      <line num="3485" count="0" type="stmt"/>
      <line num="3486" count="0" type="stmt"/>
      <line num="3487" count="0" type="stmt"/>
      <line num="3488" count="0" type="stmt"/>
      <line num="3491" count="0" type="stmt"/>
      <line num="3492" count="0" type="stmt"/>
      <line num="3503" count="0" type="stmt"/>
      <line num="3504" count="0" type="stmt"/>
      <line num="3505" count="0" type="stmt"/>
      <line num="3517" count="0" type="stmt"/>
      <line num="3518" count="0" type="stmt"/>
      <line num="3519" count="0" type="stmt"/>
      <line num="3520" count="0" type="stmt"/>
      <line num="3532" count="0" type="stmt"/>
      <line num="3534" count="0" type="stmt"/>
      <line num="3535" count="0" type="cond" truecount="0" falsecount="2"/>
      <line num="3536" count="0" type="stmt"/>
      <line num="3538" count="0" type="stmt"/>
      <line num="3540" count="0" type="stmt"/>
      <line num="3552" count="0" type="stmt"/>
      <line num="3553" count="0" type="stmt"/>
      <line num="3565" count="0" type="stmt"/>
      <line num="3566" count="0" type="cond" truecount="0" falsecount="4"/>
      <line num="3577" count="0" type="stmt"/>
      <line num="3579" count="0" type="cond" truecount="0" falsecount="2"/>
      <line num="3580" count="0" type="stmt"/>
      <line num="3583" count="0" type="cond" truecount="0" falsecount="2"/>
      <line num="3586" count="0" type="cond" truecount="0" falsecount="4"/>
      <line num="3587" count="0" type="stmt"/>
      <line num="3589" count="0" type="stmt"/>
      <line num="3594" count="0" type="cond" truecount="0" falsecount="5"/>
      <line num="3598" count="0" type="stmt"/>
      <line num="3600" count="0" type="stmt"/>
      <line num="3612" count="0" type="cond" truecount="0" falsecount="2"/>
      <line num="3613" count="0" type="stmt"/>
      <line num="3615" count="0" type="cond" truecount="0" falsecount="2"/>
      <line num="3616" count="0" type="stmt"/>
      <line num="3618" count="0" type="cond" truecount="0" falsecount="2"/>
      <line num="3630" count="0" type="cond" truecount="0" falsecount="3"/>
      <line num="3632" count="0" type="stmt"/>
      <line num="3633" count="0" type="stmt"/>
      <line num="3635" count="0" type="cond" truecount="0" falsecount="4"/>
      <line num="3636" count="0" type="stmt"/>
      <line num="3638" count="0" type="stmt"/>
      <line num="3650" count="0" type="stmt"/>
      <line num="3651" count="0" type="cond" truecount="0" falsecount="2"/>
      <line num="3662" count="0" type="stmt"/>
      <line num="3669" count="0" type="stmt"/>
      <line num="3670" count="0" type="stmt"/>
      <line num="3673" count="0" type="stmt"/>
      <line num="3684" count="0" type="stmt"/>
      <line num="3687" count="0" type="stmt"/>
      <line num="3690" count="0" type="cond" truecount="0" falsecount="4"/>
      <line num="3692" count="0" type="stmt"/>
      <line num="3711" count="0" type="stmt"/>
      <line num="3712" count="0" type="stmt"/>
      <line num="3714" count="0" type="cond" truecount="0" falsecount="2"/>
      <line num="3715" count="0" type="stmt"/>
      <line num="3716" count="0" type="stmt"/>
      <line num="3717" count="0" type="stmt"/>
      <line num="3718" count="0" type="stmt"/>
      <line num="3719" count="0" type="stmt"/>
      <line num="3722" count="0" type="stmt"/>
      <line num="3730" count="0" type="stmt"/>
      <line num="3741" count="0" type="stmt"/>
      <line num="3743" count="0" type="stmt"/>
      <line num="3744" count="0" type="cond" truecount="0" falsecount="2"/>
      <line num="3745" count="0" type="cond" truecount="0" falsecount="2"/>
      <line num="3746" count="0" type="stmt"/>
      <line num="3749" count="0" type="stmt"/>
      <line num="3760" count="1" type="cond" truecount="1" falsecount="1"/>
      <line num="3761" count="0" type="stmt"/>
      <line num="3766" count="0" type="cond" truecount="0" falsecount="4"/>
      <line num="3767" count="0" type="stmt"/>
      <line num="3770" count="0" type="stmt"/>
      <line num="3771" count="0" type="stmt"/>
      <line num="3772" count="0" type="stmt"/>
      <line num="3773" count="0" type="cond" truecount="0" falsecount="4"/>
      <line num="3774" count="0" type="stmt"/>
      <line num="3776" count="0" type="stmt"/>
      <line num="3778" count="0" type="stmt"/>
      <line num="3779" count="0" type="stmt"/>
      <line num="3780" count="0" type="stmt"/>
      <line num="3781" count="0" type="stmt"/>
      <line num="3782" count="0" type="cond" truecount="0" falsecount="4"/>
      <line num="3783" count="0" type="stmt"/>
      <line num="3787" count="0" type="stmt"/>
      <line num="3792" count="1" type="stmt"/>
      <line num="3813" count="1" type="stmt"/>
      <line num="3815" count="0" type="cond" truecount="0" falsecount="2"/>
      <line num="3817" count="0" type="cond" truecount="0" falsecount="2"/>
      <line num="3818" count="0" type="stmt"/>
      <line num="3822" count="0" type="cond" truecount="0" falsecount="4"/>
      <line num="3823" count="0" type="stmt"/>
      <line num="3826" count="0" type="stmt"/>
      <line num="3827" count="0" type="stmt"/>
      <line num="3855" count="0" type="stmt"/>
      <line num="3857" count="0" type="stmt"/>
      <line num="3859" count="0" type="stmt"/>
      <line num="3860" count="0" type="stmt"/>
      <line num="3863" count="0" type="cond" truecount="0" falsecount="2"/>
      <line num="3864" count="0" type="stmt"/>
      <line num="3870" count="0" type="cond" truecount="0" falsecount="2"/>
      <line num="3872" count="0" type="stmt"/>
      <line num="3873" count="0" type="cond" truecount="0" falsecount="2"/>
      <line num="3875" count="0" type="stmt"/>
      <line num="3878" count="0" type="stmt"/>
      <line num="3882" count="0" type="stmt"/>
      <line num="3886" count="0" type="stmt"/>
      <line num="3907" count="1" type="stmt"/>
      <line num="3910" count="1" type="stmt"/>
      <line num="3911" count="3" type="stmt"/>
      <line num="3912" count="3" type="stmt"/>
      <line num="3913" count="3" type="cond" truecount="1" falsecount="1"/>
      <line num="3914" count="3" type="stmt"/>
      <line num="3920" count="0" type="stmt"/>
      <line num="3923" count="0" type="stmt"/>
      <line num="3955" count="1" type="stmt"/>
      <line num="3956" count="1" type="stmt"/>
      <line num="3962" count="1" type="stmt"/>
      <line num="3963" count="1" type="stmt"/>
      <line num="4002" count="1" type="stmt"/>
      <line num="4004" count="1" type="stmt"/>
      <line num="4013" count="2" type="stmt"/>
      <line num="4019" count="2" type="stmt"/>
      <line num="4025" count="2" type="stmt"/>
      <line num="4031" count="2" type="stmt"/>
      <line num="4037" count="2" type="stmt"/>
      <line num="4042" count="2" type="stmt"/>
      <line num="4048" count="0" type="stmt"/>
      <line num="4049" count="0" type="stmt"/>
      <line num="4050" count="0" type="stmt"/>
      <line num="4051" count="0" type="stmt"/>
      <line num="4052" count="0" type="stmt"/>
      <line num="4054" count="0" type="cond" truecount="0" falsecount="4"/>
      <line num="4055" count="0" type="stmt"/>
      <line num="4057" count="0" type="stmt"/>
      <line num="4061" count="0" type="stmt"/>
      <line num="4066" count="1" type="stmt"/>
      <line num="4068" count="1" type="stmt"/>
      <line num="4071" count="1" type="stmt"/>
      <line num="4082" count="1" type="stmt"/>
      <line num="4094" count="1" type="cond" truecount="1" falsecount="1"/>
      <line num="4095" count="1" type="stmt"/>
      <line num="4096" count="1" type="stmt"/>
      <line num="4100" count="1" type="stmt"/>
      <line num="4101" count="0" type="stmt"/>
      <line num="4104" count="1" type="stmt"/>
      <line num="4114" count="1" type="stmt"/>
      <line num="4116" count="1" type="cond" truecount="1" falsecount="1"/>
      <line num="4123" count="1" type="stmt"/>
      <line num="4125" count="1" type="stmt"/>
      <line num="4126" count="1" type="stmt"/>
      <line num="4128" count="1" type="stmt"/>
      <line num="4130" count="1" type="cond" truecount="1" falsecount="1"/>
      <line num="4132" count="1" type="cond" truecount="1" falsecount="1"/>
      <line num="4138" count="1" type="stmt"/>
      <line num="4140" count="1" type="stmt"/>
      <line num="4149" count="1" type="stmt"/>
      <line num="4150" count="1" type="stmt"/>
      <line num="4152" count="1" type="stmt"/>
    </file>
  </project>
</coverage>
