{"D:\\workspace\\k-view\\lib\\tip\\index.js": {"path":"D:\\workspace\\k-view\\lib\\tip\\index.js","statementMap":{"0":{"start":{"line":1,"column":0},"end":{"line":5096,"column":12}},"1":{"start":{"line":4,"column":33},"end":{"line":4,"column":35}},"2":{"start":{"line":10,"column":11},"end":{"line":12,"column":12}},"3":{"start":{"line":11,"column":12},"end":{"line":11,"column":54}},"4":{"start":{"line":14,"column":24},"end":{"line":18,"column":12}},"5":{"start":{"line":21,"column":11},"end":{"line":21,"column":95}},"6":{"start":{"line":24,"column":11},"end":{"line":24,"column":27}},"7":{"start":{"line":27,"column":11},"end":{"line":27,"column":33}},"8":{"start":{"line":32,"column":10},"end":{"line":32,"column":42}},"9":{"start":{"line":35,"column":10},"end":{"line":35,"column":51}},"10":{"start":{"line":38,"column":10},"end":{"line":42,"column":12}},"11":{"start":{"line":39,"column":11},"end":{"line":41,"column":12}},"12":{"start":{"line":40,"column":12},"end":{"line":40,"column":84}},"13":{"start":{"line":45,"column":10},"end":{"line":50,"column":12}},"14":{"start":{"line":46,"column":11},"end":{"line":48,"column":12}},"15":{"start":{"line":47,"column":12},"end":{"line":47,"column":84}},"16":{"start":{"line":49,"column":11},"end":{"line":49,"column":73}},"17":{"start":{"line":57,"column":10},"end":{"line":66,"column":12}},"18":{"start":{"line":58,"column":11},"end":{"line":58,"column":59}},"19":{"start":{"line":58,"column":24},"end":{"line":58,"column":59}},"20":{"start":{"line":59,"column":11},"end":{"line":59,"column":37}},"21":{"start":{"line":59,"column":24},"end":{"line":59,"column":37}},"22":{"start":{"line":60,"column":11},"end":{"line":60,"column":97}},"23":{"start":{"line":60,"column":84},"end":{"line":60,"column":97}},"24":{"start":{"line":61,"column":20},"end":{"line":61,"column":39}},"25":{"start":{"line":62,"column":11},"end":{"line":62,"column":37}},"26":{"start":{"line":63,"column":11},"end":{"line":63,"column":84}},"27":{"start":{"line":64,"column":11},"end":{"line":64,"column":159}},"28":{"start":{"line":64,"column":52},"end":{"line":64,"column":159}},"29":{"start":{"line":64,"column":74},"end":{"line":64,"column":159}},"30":{"start":{"line":64,"column":121},"end":{"line":64,"column":139}},"31":{"start":{"line":65,"column":11},"end":{"line":65,"column":21}},"32":{"start":{"line":69,"column":10},"end":{"line":75,"column":12}},"33":{"start":{"line":70,"column":24},"end":{"line":72,"column":58}},"34":{"start":{"line":71,"column":36},"end":{"line":71,"column":61}},"35":{"start":{"line":72,"column":42},"end":{"line":72,"column":56}},"36":{"start":{"line":73,"column":11},"end":{"line":73,"column":54}},"37":{"start":{"line":74,"column":11},"end":{"line":74,"column":25}},"38":{"start":{"line":78,"column":10},"end":{"line":78,"column":128}},"39":{"start":{"line":78,"column":63},"end":{"line":78,"column":125}},"40":{"start":{"line":81,"column":10},"end":{"line":81,"column":43}},"41":{"start":{"line":85,"column":10},"end":{"line":85,"column":66}},"42":{"start":{"line":93,"column":0},"end":{"line":95,"column":3}},"43":{"start":{"line":94,"column":2},"end":{"line":94,"column":83}},"44":{"start":{"line":94,"column":61},"end":{"line":94,"column":70}},"45":{"start":{"line":103,"column":13},"end":{"line":106,"column":29}},"46":{"start":{"line":107,"column":0},"end":{"line":107,"column":41}},"47":{"start":{"line":107,"column":28},"end":{"line":107,"column":41}},"48":{"start":{"line":116,"column":31},"end":{"line":116,"column":122}},"49":{"start":{"line":116,"column":92},"end":{"line":116,"column":118}},"50":{"start":{"line":134,"column":16},"end":{"line":136,"column":19}},"51":{"start":{"line":139,"column":2},"end":{"line":143,"column":3}},"52":{"start":{"line":140,"column":4},"end":{"line":140,"column":27}},"53":{"start":{"line":141,"column":4},"end":{"line":141,"column":45}},"54":{"start":{"line":142,"column":4},"end":{"line":142,"column":28}},"55":{"start":{"line":146,"column":2},"end":{"line":148,"column":3}},"56":{"start":{"line":147,"column":4},"end":{"line":147,"column":29}},"57":{"start":{"line":151,"column":2},"end":{"line":153,"column":3}},"58":{"start":{"line":152,"column":4},"end":{"line":152,"column":42}},"59":{"start":{"line":156,"column":2},"end":{"line":183,"column":3}},"60":{"start":{"line":157,"column":4},"end":{"line":175,"column":5}},"61":{"start":{"line":159,"column":6},"end":{"line":162,"column":76}},"62":{"start":{"line":164,"column":6},"end":{"line":166,"column":7}},"63":{"start":{"line":165,"column":8},"end":{"line":165,"column":37}},"64":{"start":{"line":168,"column":6},"end":{"line":170,"column":7}},"65":{"start":{"line":169,"column":8},"end":{"line":169,"column":40}},"66":{"start":{"line":172,"column":6},"end":{"line":174,"column":7}},"67":{"start":{"line":173,"column":8},"end":{"line":173,"column":59}},"68":{"start":{"line":178,"column":4},"end":{"line":178,"column":31}},"69":{"start":{"line":179,"column":9},"end":{"line":183,"column":3}},"70":{"start":{"line":180,"column":4},"end":{"line":182,"column":20}},"71":{"start":{"line":181,"column":22},"end":{"line":181,"column":77}},"72":{"start":{"line":185,"column":2},"end":{"line":203,"column":3}},"73":{"start":{"line":186,"column":4},"end":{"line":202,"column":5}},"74":{"start":{"line":189,"column":6},"end":{"line":189,"column":34}},"75":{"start":{"line":191,"column":27},"end":{"line":191,"column":41}},"76":{"start":{"line":192,"column":6},"end":{"line":195,"column":7}},"77":{"start":{"line":193,"column":8},"end":{"line":193,"column":26}},"78":{"start":{"line":194,"column":8},"end":{"line":194,"column":41}},"79":{"start":{"line":198,"column":21},"end":{"line":198,"column":41}},"80":{"start":{"line":199,"column":6},"end":{"line":201,"column":16}},"81":{"start":{"line":205,"column":2},"end":{"line":208,"column":3}},"82":{"start":{"line":216,"column":0},"end":{"line":218,"column":2}},"83":{"start":{"line":217,"column":2},"end":{"line":217,"column":73}},"84":{"start":{"line":225,"column":15},"end":{"line":225,"column":37}},"85":{"start":{"line":226,"column":0},"end":{"line":229,"column":2}},"86":{"start":{"line":227,"column":2},"end":{"line":227,"column":64}},"87":{"start":{"line":227,"column":21},"end":{"line":227,"column":64}},"88":{"start":{"line":228,"column":2},"end":{"line":228,"column":12}},"89":{"start":{"line":236,"column":15},"end":{"line":236,"column":37}},"90":{"start":{"line":237,"column":21},"end":{"line":237,"column":44}},"91":{"start":{"line":238,"column":18},"end":{"line":238,"column":41}},"92":{"start":{"line":239,"column":9},"end":{"line":239,"column":30}},"93":{"start":{"line":241,"column":0},"end":{"line":251,"column":2}},"94":{"start":{"line":242,"column":2},"end":{"line":242,"column":14}},"95":{"start":{"line":243,"column":2},"end":{"line":243,"column":27}},"96":{"start":{"line":244,"column":2},"end":{"line":244,"column":23}},"97":{"start":{"line":245,"column":2},"end":{"line":247,"column":29}},"98":{"start":{"line":245,"column":22},"end":{"line":247,"column":29}},"99":{"start":{"line":246,"column":4},"end":{"line":246,"column":32}},"100":{"start":{"line":248,"column":2},"end":{"line":248,"column":94}},"101":{"start":{"line":248,"column":50},"end":{"line":248,"column":94}},"102":{"start":{"line":249,"column":2},"end":{"line":249,"column":53}},"103":{"start":{"line":249,"column":29},"end":{"line":249,"column":53}},"104":{"start":{"line":250,"column":2},"end":{"line":250,"column":11}},"105":{"start":{"line":258,"column":0},"end":{"line":264,"column":2}},"106":{"start":{"line":259,"column":2},"end":{"line":263,"column":3}},"107":{"start":{"line":260,"column":4},"end":{"line":260,"column":20}},"108":{"start":{"line":262,"column":4},"end":{"line":262,"column":16}},"109":{"start":{"line":279,"column":0},"end":{"line":329,"column":2}},"110":{"start":{"line":280,"column":13},"end":{"line":280,"column":15}},"111":{"start":{"line":282,"column":2},"end":{"line":292,"column":4}},"112":{"start":{"line":283,"column":4},"end":{"line":291,"column":16}},"113":{"start":{"line":284,"column":20},"end":{"line":284,"column":62}},"114":{"start":{"line":286,"column":6},"end":{"line":290,"column":7}},"115":{"start":{"line":287,"column":8},"end":{"line":287,"column":57}},"116":{"start":{"line":289,"column":8},"end":{"line":289,"column":23}},"117":{"start":{"line":295,"column":2},"end":{"line":326,"column":4}},"118":{"start":{"line":296,"column":4},"end":{"line":298,"column":5}},"119":{"start":{"line":297,"column":6},"end":{"line":297,"column":38}},"120":{"start":{"line":300,"column":33},"end":{"line":300,"column":35}},"121":{"start":{"line":302,"column":4},"end":{"line":308,"column":5}},"122":{"start":{"line":302,"column":17},"end":{"line":302,"column":18}},"123":{"start":{"line":303,"column":15},"end":{"line":303,"column":25}},"124":{"start":{"line":305,"column":6},"end":{"line":307,"column":7}},"125":{"start":{"line":306,"column":8},"end":{"line":306,"column":42}},"126":{"start":{"line":310,"column":4},"end":{"line":325,"column":5}},"127":{"start":{"line":311,"column":17},"end":{"line":311,"column":27}},"128":{"start":{"line":316,"column":6},"end":{"line":324,"column":7}},"129":{"start":{"line":317,"column":8},"end":{"line":321,"column":9}},"130":{"start":{"line":318,"column":10},"end":{"line":318,"column":31}},"131":{"start":{"line":319,"column":15},"end":{"line":321,"column":9}},"132":{"start":{"line":320,"column":10},"end":{"line":320,"column":65}},"133":{"start":{"line":323,"column":8},"end":{"line":323,"column":24}},"134":{"start":{"line":328,"column":2},"end":{"line":328,"column":14}},"135":{"start":{"line":332,"column":16},"end":{"line":332,"column":29}},"136":{"start":{"line":333,"column":19},"end":{"line":333,"column":26}},"137":{"start":{"line":335,"column":2},"end":{"line":337,"column":3}},"138":{"start":{"line":336,"column":4},"end":{"line":336,"column":19}},"139":{"start":{"line":339,"column":2},"end":{"line":345,"column":3}},"140":{"start":{"line":340,"column":24},"end":{"line":340,"column":45}},"141":{"start":{"line":341,"column":21},"end":{"line":343,"column":6}},"142":{"start":{"line":342,"column":6},"end":{"line":342,"column":71}},"143":{"start":{"line":344,"column":4},"end":{"line":344,"column":75}},"144":{"start":{"line":347,"column":2},"end":{"line":347,"column":30}},"145":{"start":{"line":353,"column":15},"end":{"line":353,"column":76}},"146":{"start":{"line":354,"column":13},"end":{"line":354,"column":84}},"147":{"start":{"line":355,"column":2},"end":{"line":355,"column":31}},"148":{"start":{"line":367,"column":18},"end":{"line":367,"column":20}},"149":{"start":{"line":369,"column":14},"end":{"line":376,"column":1}},"150":{"start":{"line":372,"column":1},"end":{"line":375,"column":3}},"151":{"start":{"line":373,"column":2},"end":{"line":373,"column":68}},"152":{"start":{"line":373,"column":35},"end":{"line":373,"column":68}},"153":{"start":{"line":374,"column":2},"end":{"line":374,"column":14}},"154":{"start":{"line":378,"column":14},"end":{"line":385,"column":2}},"155":{"start":{"line":384,"column":1},"end":{"line":384,"column":59}},"156":{"start":{"line":387,"column":16},"end":{"line":392,"column":1}},"157":{"start":{"line":388,"column":2},"end":{"line":390,"column":3}},"158":{"start":{"line":389,"column":4},"end":{"line":389,"column":40}},"159":{"start":{"line":391,"column":2},"end":{"line":391,"column":40}},"160":{"start":{"line":394,"column":17},"end":{"line":422,"column":4}},"161":{"start":{"line":395,"column":12},"end":{"line":395,"column":14}},"162":{"start":{"line":397,"column":1},"end":{"line":421,"column":3}},"163":{"start":{"line":403,"column":16},"end":{"line":405,"column":17}},"164":{"start":{"line":404,"column":24},"end":{"line":404,"column":40}},"165":{"start":{"line":406,"column":16},"end":{"line":419,"column":3}},"166":{"start":{"line":407,"column":21},"end":{"line":407,"column":57}},"167":{"start":{"line":409,"column":3},"end":{"line":417,"column":4}},"168":{"start":{"line":410,"column":4},"end":{"line":416,"column":5}},"169":{"start":{"line":413,"column":5},"end":{"line":413,"column":52}},"170":{"start":{"line":415,"column":5},"end":{"line":415,"column":24}},"171":{"start":{"line":418,"column":3},"end":{"line":418,"column":30}},"172":{"start":{"line":420,"column":2},"end":{"line":420,"column":21}},"173":{"start":{"line":424,"column":16},"end":{"line":424,"column":20}},"174":{"start":{"line":425,"column":23},"end":{"line":425,"column":24}},"175":{"start":{"line":426,"column":26},"end":{"line":426,"column":28}},"176":{"start":{"line":428,"column":14},"end":{"line":428,"column":37}},"177":{"start":{"line":430,"column":0},"end":{"line":479,"column":2}},"178":{"start":{"line":431,"column":1},"end":{"line":433,"column":2}},"179":{"start":{"line":432,"column":2},"end":{"line":432,"column":116}},"180":{"start":{"line":432,"column":36},"end":{"line":432,"column":116}},"181":{"start":{"line":435,"column":1},"end":{"line":435,"column":25}},"182":{"start":{"line":437,"column":1},"end":{"line":437,"column":72}},"183":{"start":{"line":441,"column":1},"end":{"line":441,"column":97}},"184":{"start":{"line":441,"column":67},"end":{"line":441,"column":97}},"185":{"start":{"line":444,"column":8},"end":{"line":444,"column":61}},"186":{"start":{"line":444,"column":33},"end":{"line":444,"column":61}},"187":{"start":{"line":447,"column":1},"end":{"line":447,"column":52}},"188":{"start":{"line":447,"column":24},"end":{"line":447,"column":52}},"189":{"start":{"line":449,"column":14},"end":{"line":449,"column":41}},"190":{"start":{"line":451,"column":1},"end":{"line":451,"column":33}},"191":{"start":{"line":453,"column":1},"end":{"line":478,"column":3}},"192":{"start":{"line":454,"column":18},"end":{"line":454,"column":20}},"193":{"start":{"line":456,"column":2},"end":{"line":462,"column":3}},"194":{"start":{"line":456,"column":15},"end":{"line":456,"column":16}},"195":{"start":{"line":457,"column":14},"end":{"line":457,"column":23}},"196":{"start":{"line":458,"column":18},"end":{"line":458,"column":38}},"197":{"start":{"line":460,"column":3},"end":{"line":460,"column":19}},"198":{"start":{"line":461,"column":3},"end":{"line":461,"column":28}},"199":{"start":{"line":464,"column":2},"end":{"line":467,"column":3}},"200":{"start":{"line":465,"column":19},"end":{"line":465,"column":49}},"201":{"start":{"line":466,"column":3},"end":{"line":466,"column":38}},"202":{"start":{"line":469,"column":2},"end":{"line":477,"column":3}},"203":{"start":{"line":469,"column":15},"end":{"line":469,"column":16}},"204":{"start":{"line":470,"column":18},"end":{"line":470,"column":30}},"205":{"start":{"line":472,"column":3},"end":{"line":476,"column":4}},"206":{"start":{"line":473,"column":4},"end":{"line":473,"column":72}},"207":{"start":{"line":473,"column":17},"end":{"line":473,"column":18}},"208":{"start":{"line":473,"column":52},"end":{"line":473,"column":72}},"209":{"start":{"line":475,"column":4},"end":{"line":475,"column":36}},"210":{"start":{"line":482,"column":1},"end":{"line":505,"column":2}},"211":{"start":{"line":482,"column":14},"end":{"line":482,"column":15}},"212":{"start":{"line":483,"column":13},"end":{"line":483,"column":22}},"213":{"start":{"line":484,"column":17},"end":{"line":484,"column":37}},"214":{"start":{"line":486,"column":2},"end":{"line":504,"column":3}},"215":{"start":{"line":487,"column":3},"end":{"line":487,"column":19}},"216":{"start":{"line":489,"column":3},"end":{"line":491,"column":4}},"217":{"start":{"line":489,"column":15},"end":{"line":489,"column":16}},"218":{"start":{"line":490,"column":4},"end":{"line":490,"column":37}},"219":{"start":{"line":493,"column":3},"end":{"line":495,"column":4}},"220":{"start":{"line":494,"column":4},"end":{"line":494,"column":58}},"221":{"start":{"line":497,"column":15},"end":{"line":497,"column":17}},"222":{"start":{"line":499,"column":3},"end":{"line":501,"column":4}},"223":{"start":{"line":499,"column":15},"end":{"line":499,"column":16}},"224":{"start":{"line":500,"column":4},"end":{"line":500,"column":49}},"225":{"start":{"line":503,"column":3},"end":{"line":503,"column":63}},"226":{"start":{"line":509,"column":14},"end":{"line":509,"column":16}},"227":{"start":{"line":510,"column":17},"end":{"line":510,"column":19}},"228":{"start":{"line":512,"column":1},"end":{"line":522,"column":2}},"229":{"start":{"line":512,"column":14},"end":{"line":512,"column":15}},"230":{"start":{"line":513,"column":13},"end":{"line":513,"column":20}},"231":{"start":{"line":514,"column":11},"end":{"line":514,"column":58}},"232":{"start":{"line":515,"column":12},"end":{"line":515,"column":19}},"233":{"start":{"line":516,"column":14},"end":{"line":516,"column":21}},"234":{"start":{"line":517,"column":18},"end":{"line":517,"column":25}},"235":{"start":{"line":518,"column":13},"end":{"line":518,"column":59}},"236":{"start":{"line":520,"column":2},"end":{"line":521,"column":38}},"237":{"start":{"line":520,"column":21},"end":{"line":520,"column":74}},"238":{"start":{"line":521,"column":7},"end":{"line":521,"column":38}},"239":{"start":{"line":524,"column":1},"end":{"line":524,"column":15}},"240":{"start":{"line":528,"column":14},"end":{"line":528,"column":44}},"241":{"start":{"line":530,"column":1},"end":{"line":532,"column":2}},"242":{"start":{"line":531,"column":2},"end":{"line":531,"column":129}},"243":{"start":{"line":534,"column":37},"end":{"line":534,"column":88}},"244":{"start":{"line":536,"column":1},"end":{"line":552,"column":2}},"245":{"start":{"line":537,"column":2},"end":{"line":543,"column":3}},"246":{"start":{"line":538,"column":3},"end":{"line":538,"column":49}},"247":{"start":{"line":539,"column":9},"end":{"line":543,"column":3}},"248":{"start":{"line":540,"column":3},"end":{"line":540,"column":73}},"249":{"start":{"line":542,"column":3},"end":{"line":542,"column":29}},"250":{"start":{"line":544,"column":2},"end":{"line":544,"column":34}},"251":{"start":{"line":545,"column":8},"end":{"line":552,"column":2}},"252":{"start":{"line":546,"column":2},"end":{"line":546,"column":28}},"253":{"start":{"line":547,"column":8},"end":{"line":552,"column":2}},"254":{"start":{"line":548,"column":20},"end":{"line":548,"column":63}},"255":{"start":{"line":549,"column":2},"end":{"line":549,"column":42}},"256":{"start":{"line":551,"column":2},"end":{"line":551,"column":208}},"257":{"start":{"line":556,"column":1},"end":{"line":556,"column":45}},"258":{"start":{"line":556,"column":32},"end":{"line":556,"column":45}},"259":{"start":{"line":557,"column":1},"end":{"line":557,"column":37}},"260":{"start":{"line":559,"column":11},"end":{"line":559,"column":45}},"261":{"start":{"line":560,"column":1},"end":{"line":562,"column":2}},"262":{"start":{"line":561,"column":2},"end":{"line":561,"column":37}},"263":{"start":{"line":566,"column":13},"end":{"line":566,"column":44}},"264":{"start":{"line":568,"column":1},"end":{"line":570,"column":2}},"265":{"start":{"line":569,"column":2},"end":{"line":569,"column":34}},"266":{"start":{"line":572,"column":1},"end":{"line":577,"column":2}},"267":{"start":{"line":573,"column":14},"end":{"line":573,"column":24}},"268":{"start":{"line":574,"column":2},"end":{"line":576,"column":3}},"269":{"start":{"line":575,"column":3},"end":{"line":575,"column":31}},"270":{"start":{"line":579,"column":1},"end":{"line":579,"column":32}},"271":{"start":{"line":580,"column":1},"end":{"line":580,"column":36}},"272":{"start":{"line":582,"column":1},"end":{"line":582,"column":14}},"273":{"start":{"line":586,"column":12},"end":{"line":586,"column":42}},"274":{"start":{"line":588,"column":1},"end":{"line":590,"column":2}},"275":{"start":{"line":589,"column":2},"end":{"line":589,"column":34}},"276":{"start":{"line":591,"column":1},"end":{"line":591,"column":34}},"277":{"start":{"line":593,"column":1},"end":{"line":593,"column":31}},"278":{"start":{"line":594,"column":1},"end":{"line":594,"column":35}},"279":{"start":{"line":596,"column":1},"end":{"line":596,"column":13}},"280":{"start":{"line":600,"column":1},"end":{"line":602,"column":4}},"281":{"start":{"line":601,"column":2},"end":{"line":601,"column":35}},"282":{"start":{"line":606,"column":1},"end":{"line":606,"column":14}},"283":{"start":{"line":608,"column":1},"end":{"line":608,"column":31}},"284":{"start":{"line":615,"column":1},"end":{"line":631,"column":2}},"285":{"start":{"line":616,"column":5},"end":{"line":618,"column":40}},"286":{"start":{"line":620,"column":5},"end":{"line":630,"column":6}},"287":{"start":{"line":623,"column":6},"end":{"line":623,"column":23}},"288":{"start":{"line":627,"column":6},"end":{"line":629,"column":8}},"289":{"start":{"line":633,"column":1},"end":{"line":662,"column":2}},"290":{"start":{"line":634,"column":19},"end":{"line":634,"column":37}},"291":{"start":{"line":636,"column":2},"end":{"line":636,"column":65}},"292":{"start":{"line":638,"column":2},"end":{"line":638,"column":68}},"293":{"start":{"line":639,"column":2},"end":{"line":639,"column":67}},"294":{"start":{"line":641,"column":8},"end":{"line":662,"column":2}},"295":{"start":{"line":649,"column":2},"end":{"line":649,"column":37}},"296":{"start":{"line":650,"column":2},"end":{"line":650,"column":49}},"297":{"start":{"line":651,"column":2},"end":{"line":655,"column":4}},"298":{"start":{"line":652,"column":3},"end":{"line":652,"column":29}},"299":{"start":{"line":654,"column":3},"end":{"line":654,"column":50}},"300":{"start":{"line":654,"column":18},"end":{"line":654,"column":50}},"301":{"start":{"line":657,"column":2},"end":{"line":657,"column":38}},"302":{"start":{"line":658,"column":2},"end":{"line":658,"column":40}},"303":{"start":{"line":659,"column":2},"end":{"line":661,"column":4}},"304":{"start":{"line":660,"column":3},"end":{"line":660,"column":29}},"305":{"start":{"line":664,"column":1},"end":{"line":664,"column":13}},"306":{"start":{"line":666,"column":1},"end":{"line":680,"column":3}},"307":{"start":{"line":667,"column":2},"end":{"line":679,"column":3}},"308":{"start":{"line":668,"column":3},"end":{"line":674,"column":4}},"309":{"start":{"line":673,"column":4},"end":{"line":673,"column":11}},"310":{"start":{"line":676,"column":3},"end":{"line":676,"column":24}},"311":{"start":{"line":678,"column":3},"end":{"line":678,"column":12}},"312":{"start":{"line":683,"column":18},"end":{"line":691,"column":4}},"313":{"start":{"line":684,"column":17},"end":{"line":684,"column":19}},"314":{"start":{"line":686,"column":1},"end":{"line":690,"column":3}},"315":{"start":{"line":687,"column":2},"end":{"line":687,"column":33}},"316":{"start":{"line":689,"column":2},"end":{"line":689,"column":46}},"317":{"start":{"line":694,"column":11},"end":{"line":694,"column":32}},"318":{"start":{"line":696,"column":1},"end":{"line":709,"column":2}},"319":{"start":{"line":697,"column":2},"end":{"line":697,"column":53}},"320":{"start":{"line":699,"column":16},"end":{"line":699,"column":44}},"321":{"start":{"line":700,"column":19},"end":{"line":700,"column":35}},"322":{"start":{"line":702,"column":2},"end":{"line":702,"column":62}},"323":{"start":{"line":702,"column":25},"end":{"line":702,"column":62}},"324":{"start":{"line":704,"column":2},"end":{"line":708,"column":3}},"325":{"start":{"line":705,"column":3},"end":{"line":705,"column":50}},"326":{"start":{"line":707,"column":3},"end":{"line":707,"column":30}},"327":{"start":{"line":713,"column":11},"end":{"line":713,"column":18}},"328":{"start":{"line":714,"column":13},"end":{"line":714,"column":22}},"329":{"start":{"line":716,"column":1},"end":{"line":718,"column":2}},"330":{"start":{"line":717,"column":2},"end":{"line":717,"column":36}},"331":{"start":{"line":720,"column":1},"end":{"line":728,"column":2}},"332":{"start":{"line":721,"column":2},"end":{"line":721,"column":33}},"333":{"start":{"line":723,"column":2},"end":{"line":725,"column":3}},"334":{"start":{"line":724,"column":3},"end":{"line":724,"column":39}},"335":{"start":{"line":727,"column":2},"end":{"line":727,"column":50}},"336":{"start":{"line":732,"column":11},"end":{"line":732,"column":18}},"337":{"start":{"line":733,"column":17},"end":{"line":733,"column":30}},"338":{"start":{"line":741,"column":19},"end":{"line":741,"column":75}},"339":{"start":{"line":743,"column":1},"end":{"line":745,"column":2}},"340":{"start":{"line":744,"column":2},"end":{"line":744,"column":21}},"341":{"start":{"line":747,"column":1},"end":{"line":750,"column":2}},"342":{"start":{"line":749,"column":2},"end":{"line":749,"column":136}},"343":{"start":{"line":752,"column":12},"end":{"line":752,"column":49}},"344":{"start":{"line":754,"column":14},"end":{"line":754,"column":23}},"345":{"start":{"line":756,"column":1},"end":{"line":756,"column":39}},"346":{"start":{"line":758,"column":1},"end":{"line":758,"column":40}},"347":{"start":{"line":758,"column":12},"end":{"line":758,"column":40}},"348":{"start":{"line":766,"column":13},"end":{"line":766,"column":35}},"349":{"start":{"line":767,"column":11},"end":{"line":767,"column":34}},"350":{"start":{"line":768,"column":10},"end":{"line":768,"column":33}},"351":{"start":{"line":769,"column":10},"end":{"line":769,"column":40}},"352":{"start":{"line":770,"column":16},"end":{"line":770,"column":39}},"353":{"start":{"line":771,"column":16},"end":{"line":771,"column":26}},"354":{"start":{"line":772,"column":10},"end":{"line":772,"column":43}},"355":{"start":{"line":774,"column":0},"end":{"line":776,"column":2}},"356":{"start":{"line":775,"column":2},"end":{"line":775,"column":28}},"357":{"start":{"line":778,"column":0},"end":{"line":796,"column":3}},"358":{"start":{"line":779,"column":19},"end":{"line":779,"column":43}},"359":{"start":{"line":780,"column":2},"end":{"line":780,"column":61}},"360":{"start":{"line":780,"column":18},"end":{"line":780,"column":61}},"361":{"start":{"line":781,"column":2},"end":{"line":781,"column":29}},"362":{"start":{"line":781,"column":22},"end":{"line":781,"column":29}},"363":{"start":{"line":782,"column":2},"end":{"line":782,"column":96}},"364":{"start":{"line":782,"column":18},"end":{"line":782,"column":96}},"365":{"start":{"line":783,"column":2},"end":{"line":792,"column":3}},"366":{"start":{"line":784,"column":4},"end":{"line":784,"column":17}},"367":{"start":{"line":785,"column":9},"end":{"line":792,"column":3}},"368":{"start":{"line":786,"column":4},"end":{"line":786,"column":18}},"369":{"start":{"line":787,"column":4},"end":{"line":787,"column":22}},"370":{"start":{"line":788,"column":9},"end":{"line":792,"column":3}},"371":{"start":{"line":789,"column":4},"end":{"line":789,"column":17}},"372":{"start":{"line":791,"column":4},"end":{"line":791,"column":22}},"373":{"start":{"line":795,"column":2},"end":{"line":795,"column":72}},"374":{"start":{"line":803,"column":9},"end":{"line":803,"column":31}},"375":{"start":{"line":804,"column":17},"end":{"line":804,"column":40}},"376":{"start":{"line":805,"column":0},"end":{"line":810,"column":2}},"377":{"start":{"line":806,"column":2},"end":{"line":806,"column":49}},"378":{"start":{"line":808,"column":2},"end":{"line":808,"column":22}},"379":{"start":{"line":809,"column":2},"end":{"line":809,"column":16}},"380":{"start":{"line":817,"column":21},"end":{"line":817,"column":38}},"381":{"start":{"line":818,"column":0},"end":{"line":820,"column":2}},"382":{"start":{"line":819,"column":2},"end":{"line":819,"column":38}},"383":{"start":{"line":827,"column":0},"end":{"line":827,"column":32}},"384":{"start":{"line":833,"column":13},"end":{"line":833,"column":35}},"385":{"start":{"line":834,"column":11},"end":{"line":834,"column":34}},"386":{"start":{"line":835,"column":11},"end":{"line":835,"column":34}},"387":{"start":{"line":836,"column":15},"end":{"line":836,"column":38}},"388":{"start":{"line":837,"column":10},"end":{"line":837,"column":33}},"389":{"start":{"line":838,"column":16},"end":{"line":838,"column":27}},"390":{"start":{"line":840,"column":14},"end":{"line":864,"column":1}},"391":{"start":{"line":841,"column":18},"end":{"line":841,"column":34}},"392":{"start":{"line":842,"column":18},"end":{"line":842,"column":34}},"393":{"start":{"line":843,"column":18},"end":{"line":843,"column":34}},"394":{"start":{"line":844,"column":17},"end":{"line":844,"column":33}},"395":{"start":{"line":845,"column":16},"end":{"line":845,"column":32}},"396":{"start":{"line":846,"column":15},"end":{"line":846,"column":117}},"397":{"start":{"line":847,"column":16},"end":{"line":847,"column":66}},"398":{"start":{"line":848,"column":17},"end":{"line":848,"column":64}},"399":{"start":{"line":850,"column":2},"end":{"line":850,"column":31}},"400":{"start":{"line":850,"column":17},"end":{"line":850,"column":31}},"401":{"start":{"line":851,"column":2},"end":{"line":863,"column":3}},"402":{"start":{"line":853,"column":4},"end":{"line":853,"column":60}},"403":{"start":{"line":855,"column":4},"end":{"line":855,"column":39}},"404":{"start":{"line":857,"column":4},"end":{"line":857,"column":115}},"405":{"start":{"line":859,"column":4},"end":{"line":859,"column":61}},"406":{"start":{"line":859,"column":16},"end":{"line":859,"column":61}},"407":{"start":{"line":861,"column":4},"end":{"line":861,"column":53}},"408":{"start":{"line":861,"column":29},"end":{"line":861,"column":53}},"409":{"start":{"line":862,"column":4},"end":{"line":862,"column":62}},"410":{"start":{"line":862,"column":42},"end":{"line":862,"column":62}},"411":{"start":{"line":865,"column":0},"end":{"line":865,"column":19}},"412":{"start":{"line":867,"column":0},"end":{"line":867,"column":14}},"413":{"start":{"line":868,"column":0},"end":{"line":868,"column":14}},"414":{"start":{"line":869,"column":0},"end":{"line":869,"column":14}},"415":{"start":{"line":870,"column":0},"end":{"line":870,"column":14}},"416":{"start":{"line":871,"column":0},"end":{"line":871,"column":15}},"417":{"start":{"line":872,"column":0},"end":{"line":872,"column":15}},"418":{"start":{"line":873,"column":0},"end":{"line":873,"column":15}},"419":{"start":{"line":874,"column":0},"end":{"line":874,"column":16}},"420":{"start":{"line":875,"column":0},"end":{"line":875,"column":25}},"421":{"start":{"line":883,"column":0},"end":{"line":886,"column":2}},"422":{"start":{"line":884,"column":2},"end":{"line":884,"column":70}},"423":{"start":{"line":884,"column":23},"end":{"line":884,"column":70}},"424":{"start":{"line":885,"column":2},"end":{"line":885,"column":12}},"425":{"start":{"line":893,"column":11},"end":{"line":893,"column":49}},"426":{"start":{"line":894,"column":0},"end":{"line":894,"column":39}},"427":{"start":{"line":894,"column":28},"end":{"line":894,"column":39}},"428":{"start":{"line":901,"column":15},"end":{"line":901,"column":26}},"429":{"start":{"line":903,"column":0},"end":{"line":905,"column":2}},"430":{"start":{"line":904,"column":2},"end":{"line":904,"column":40}},"431":{"start":{"line":913,"column":16},"end":{"line":913,"column":39}},"432":{"start":{"line":914,"column":0},"end":{"line":931,"column":2}},"433":{"start":{"line":915,"column":2},"end":{"line":915,"column":16}},"434":{"start":{"line":916,"column":2},"end":{"line":916,"column":36}},"435":{"start":{"line":916,"column":26},"end":{"line":916,"column":36}},"436":{"start":{"line":917,"column":2},"end":{"line":927,"column":3}},"437":{"start":{"line":918,"column":12},"end":{"line":920,"column":6}},"438":{"start":{"line":919,"column":6},"end":{"line":919,"column":30}},"439":{"start":{"line":921,"column":12},"end":{"line":923,"column":6}},"440":{"start":{"line":922,"column":6},"end":{"line":922,"column":33}},"441":{"start":{"line":924,"column":12},"end":{"line":926,"column":6}},"442":{"start":{"line":925,"column":6},"end":{"line":925,"column":36}},"443":{"start":{"line":928,"column":2},"end":{"line":930,"column":4}},"444":{"start":{"line":929,"column":4},"end":{"line":929,"column":37}},"445":{"start":{"line":939,"column":14},"end":{"line":939,"column":37}},"446":{"start":{"line":940,"column":14},"end":{"line":940,"column":37}},"447":{"start":{"line":941,"column":0},"end":{"line":943,"column":2}},"448":{"start":{"line":942,"column":2},"end":{"line":942,"column":30}},"449":{"start":{"line":950,"column":9},"end":{"line":950,"column":10}},"450":{"start":{"line":951,"column":9},"end":{"line":951,"column":22}},"451":{"start":{"line":952,"column":0},"end":{"line":954,"column":2}},"452":{"start":{"line":953,"column":2},"end":{"line":953,"column":88}},"453":{"start":{"line":962,"column":11},"end":{"line":962,"column":20}},"454":{"start":{"line":963,"column":12},"end":{"line":963,"column":22}},"455":{"start":{"line":964,"column":0},"end":{"line":966,"column":2}},"456":{"start":{"line":965,"column":2},"end":{"line":965,"column":59}},"457":{"start":{"line":973,"column":9},"end":{"line":973,"column":33}},"458":{"start":{"line":974,"column":13},"end":{"line":974,"column":31}},"459":{"start":{"line":975,"column":13},"end":{"line":975,"column":36}},"460":{"start":{"line":976,"column":11},"end":{"line":976,"column":17}},"461":{"start":{"line":979,"column":0},"end":{"line":988,"column":3}},"462":{"start":{"line":982,"column":4},"end":{"line":986,"column":5}},"463":{"start":{"line":983,"column":6},"end":{"line":983,"column":42}},"464":{"start":{"line":985,"column":6},"end":{"line":985,"column":16}},"465":{"start":{"line":998,"column":0},"end":{"line":998,"column":26}},"466":{"start":{"line":999,"column":0},"end":{"line":999,"column":143}},"467":{"start":{"line":1001,"column":14},"end":{"line":1001,"column":268}},"468":{"start":{"line":1001,"column":101},"end":{"line":1001,"column":119}},"469":{"start":{"line":1001,"column":141},"end":{"line":1001,"column":266}},"470":{"start":{"line":1004,"column":0},"end":{"line":1004,"column":28}},"471":{"start":{"line":1005,"column":0},"end":{"line":1005,"column":34}},"472":{"start":{"line":1006,"column":0},"end":{"line":1006,"column":28}},"473":{"start":{"line":1008,"column":11},"end":{"line":1008,"column":34}},"474":{"start":{"line":1010,"column":12},"end":{"line":1010,"column":40}},"475":{"start":{"line":1012,"column":39},"end":{"line":1012,"column":93}},"476":{"start":{"line":1014,"column":15},"end":{"line":1014,"column":48}},"477":{"start":{"line":1015,"column":27},"end":{"line":1015,"column":44}},"478":{"start":{"line":1016,"column":22},"end":{"line":1016,"column":35}},"479":{"start":{"line":1017,"column":16},"end":{"line":1017,"column":60}},"480":{"start":{"line":1185,"column":15},"end":{"line":1192,"column":1}},"481":{"start":{"line":1186,"column":2},"end":{"line":1186,"column":23}},"482":{"start":{"line":1186,"column":16},"end":{"line":1186,"column":23}},"483":{"start":{"line":1188,"column":28},"end":{"line":1188,"column":71}},"484":{"start":{"line":1189,"column":17},"end":{"line":1189,"column":132}},"485":{"start":{"line":1191,"column":2},"end":{"line":1191,"column":41}},"486":{"start":{"line":1194,"column":25},"end":{"line":1209,"column":1}},"487":{"start":{"line":1195,"column":2},"end":{"line":1195,"column":23}},"488":{"start":{"line":1195,"column":16},"end":{"line":1195,"column":23}},"489":{"start":{"line":1197,"column":15},"end":{"line":1197,"column":17}},"490":{"start":{"line":1198,"column":2},"end":{"line":1206,"column":3}},"491":{"start":{"line":1199,"column":4},"end":{"line":1201,"column":5}},"492":{"start":{"line":1200,"column":6},"end":{"line":1200,"column":20}},"493":{"start":{"line":1202,"column":4},"end":{"line":1204,"column":5}},"494":{"start":{"line":1203,"column":6},"end":{"line":1203,"column":20}},"495":{"start":{"line":1205,"column":4},"end":{"line":1205,"column":31}},"496":{"start":{"line":1208,"column":2},"end":{"line":1208,"column":16}},"497":{"start":{"line":1211,"column":20},"end":{"line":1229,"column":1}},"498":{"start":{"line":1212,"column":2},"end":{"line":1212,"column":50}},"499":{"start":{"line":1212,"column":37},"end":{"line":1212,"column":50}},"500":{"start":{"line":1214,"column":15},"end":{"line":1214,"column":41}},"501":{"start":{"line":1215,"column":22},"end":{"line":1215,"column":28}},"502":{"start":{"line":1217,"column":2},"end":{"line":1226,"column":3}},"503":{"start":{"line":1218,"column":4},"end":{"line":1223,"column":6}},"504":{"start":{"line":1225,"column":4},"end":{"line":1225,"column":54}},"505":{"start":{"line":1228,"column":2},"end":{"line":1228,"column":154}},"506":{"start":{"line":1235,"column":11},"end":{"line":1235,"column":34}},"507":{"start":{"line":1236,"column":13},"end":{"line":1236,"column":35}},"508":{"start":{"line":1237,"column":13},"end":{"line":1237,"column":33}},"509":{"start":{"line":1238,"column":12},"end":{"line":1238,"column":51}},"510":{"start":{"line":1240,"column":0},"end":{"line":1246,"column":3}},"511":{"start":{"line":1241,"column":2},"end":{"line":1241,"column":71}},"512":{"start":{"line":1254,"column":16},"end":{"line":1254,"column":39}},"513":{"start":{"line":1255,"column":10},"end":{"line":1255,"column":18}},"514":{"start":{"line":1256,"column":0},"end":{"line":1258,"column":2}},"515":{"start":{"line":1257,"column":2},"end":{"line":1257,"column":59}},"516":{"start":{"line":1266,"column":15},"end":{"line":1266,"column":37}},"517":{"start":{"line":1269,"column":0},"end":{"line":1276,"column":2}},"518":{"start":{"line":1270,"column":2},"end":{"line":1270,"column":31}},"519":{"start":{"line":1270,"column":21},"end":{"line":1270,"column":31}},"520":{"start":{"line":1272,"column":2},"end":{"line":1272,"column":95}},"521":{"start":{"line":1272,"column":84},"end":{"line":1272,"column":95}},"522":{"start":{"line":1273,"column":2},"end":{"line":1273,"column":89}},"523":{"start":{"line":1273,"column":78},"end":{"line":1273,"column":89}},"524":{"start":{"line":1274,"column":2},"end":{"line":1274,"column":96}},"525":{"start":{"line":1274,"column":85},"end":{"line":1274,"column":96}},"526":{"start":{"line":1275,"column":2},"end":{"line":1275,"column":61}},"527":{"start":{"line":1283,"column":0},"end":{"line":1290,"column":2}},"528":{"start":{"line":1284,"column":2},"end":{"line":1289,"column":4}},"529":{"start":{"line":1298,"column":0},"end":{"line":1300,"column":13}},"530":{"start":{"line":1307,"column":13},"end":{"line":1307,"column":44}},"531":{"start":{"line":1308,"column":10},"end":{"line":1308,"column":33}},"532":{"start":{"line":1309,"column":0},"end":{"line":1311,"column":2}},"533":{"start":{"line":1310,"column":2},"end":{"line":1310,"column":49}},"534":{"start":{"line":1318,"column":15},"end":{"line":1318,"column":37}},"535":{"start":{"line":1319,"column":15},"end":{"line":1319,"column":46}},"536":{"start":{"line":1321,"column":9},"end":{"line":1321,"column":63}},"537":{"start":{"line":1322,"column":0},"end":{"line":1324,"column":2}},"538":{"start":{"line":1323,"column":2},"end":{"line":1323,"column":46}},"539":{"start":{"line":1331,"column":0},"end":{"line":1333,"column":3}},"540":{"start":{"line":1332,"column":2},"end":{"line":1332,"column":111}},"541":{"start":{"line":1332,"column":89},"end":{"line":1332,"column":98}},"542":{"start":{"line":1343,"column":0},"end":{"line":1343,"column":26}},"543":{"start":{"line":1344,"column":0},"end":{"line":1344,"column":382}},"544":{"start":{"line":1346,"column":14},"end":{"line":1346,"column":268}},"545":{"start":{"line":1346,"column":101},"end":{"line":1346,"column":119}},"546":{"start":{"line":1346,"column":141},"end":{"line":1346,"column":266}},"547":{"start":{"line":1348,"column":0},"end":{"line":1348,"column":20}},"548":{"start":{"line":1349,"column":0},"end":{"line":1349,"column":24}},"549":{"start":{"line":1350,"column":0},"end":{"line":1350,"column":28}},"550":{"start":{"line":1351,"column":0},"end":{"line":1351,"column":38}},"551":{"start":{"line":1352,"column":0},"end":{"line":1352,"column":34}},"552":{"start":{"line":1353,"column":0},"end":{"line":1353,"column":32}},"553":{"start":{"line":1355,"column":11},"end":{"line":1355,"column":34}},"554":{"start":{"line":1357,"column":12},"end":{"line":1357,"column":40}},"555":{"start":{"line":1359,"column":13},"end":{"line":1359,"column":36}},"556":{"start":{"line":1361,"column":39},"end":{"line":1361,"column":93}},"557":{"start":{"line":1363,"column":21},"end":{"line":1363,"column":52}},"558":{"start":{"line":1368,"column":2},"end":{"line":1368,"column":39}},"559":{"start":{"line":1372,"column":2},"end":{"line":1374,"column":3}},"560":{"start":{"line":1373,"column":4},"end":{"line":1373,"column":25}},"561":{"start":{"line":1375,"column":2},"end":{"line":1375,"column":12}},"562":{"start":{"line":1379,"column":12},"end":{"line":1379,"column":14}},"563":{"start":{"line":1380,"column":2},"end":{"line":1384,"column":3}},"564":{"start":{"line":1380,"column":15},"end":{"line":1380,"column":16}},"565":{"start":{"line":1381,"column":4},"end":{"line":1383,"column":5}},"566":{"start":{"line":1382,"column":6},"end":{"line":1382,"column":26}},"567":{"start":{"line":1385,"column":2},"end":{"line":1385,"column":13}},"568":{"start":{"line":1388,"column":21},"end":{"line":1404,"column":1}},"569":{"start":{"line":1389,"column":2},"end":{"line":1389,"column":20}},"570":{"start":{"line":1390,"column":14},"end":{"line":1390,"column":29}},"571":{"start":{"line":1391,"column":16},"end":{"line":1391,"column":22}},"572":{"start":{"line":1392,"column":15},"end":{"line":1392,"column":19}},"573":{"start":{"line":1393,"column":2},"end":{"line":1402,"column":3}},"574":{"start":{"line":1393,"column":15},"end":{"line":1393,"column":16}},"575":{"start":{"line":1393,"column":22},"end":{"line":1393,"column":34}},"576":{"start":{"line":1394,"column":15},"end":{"line":1394,"column":23}},"577":{"start":{"line":1395,"column":4},"end":{"line":1395,"column":24}},"578":{"start":{"line":1395,"column":18},"end":{"line":1395,"column":24}},"579":{"start":{"line":1397,"column":4},"end":{"line":1400,"column":5}},"580":{"start":{"line":1398,"column":6},"end":{"line":1398,"column":29}},"581":{"start":{"line":1399,"column":6},"end":{"line":1399,"column":12}},"582":{"start":{"line":1401,"column":4},"end":{"line":1401,"column":28}},"583":{"start":{"line":1403,"column":2},"end":{"line":1403,"column":16}},"584":{"start":{"line":1407,"column":16},"end":{"line":1407,"column":19}},"585":{"start":{"line":1408,"column":2},"end":{"line":1408,"column":43}},"586":{"start":{"line":1409,"column":2},"end":{"line":1409,"column":33}},"587":{"start":{"line":1411,"column":15},"end":{"line":1411,"column":30}},"588":{"start":{"line":1412,"column":10},"end":{"line":1412,"column":11}},"589":{"start":{"line":1413,"column":2},"end":{"line":1424,"column":3}},"590":{"start":{"line":1413,"column":17},"end":{"line":1413,"column":30}},"591":{"start":{"line":1414,"column":4},"end":{"line":1414,"column":35}},"592":{"start":{"line":1414,"column":29},"end":{"line":1414,"column":35}},"593":{"start":{"line":1415,"column":14},"end":{"line":1415,"column":23}},"594":{"start":{"line":1416,"column":4},"end":{"line":1423,"column":5}},"595":{"start":{"line":1417,"column":6},"end":{"line":1417,"column":29}},"596":{"start":{"line":1419,"column":6},"end":{"line":1421,"column":7}},"597":{"start":{"line":1420,"column":8},"end":{"line":1420,"column":75}},"598":{"start":{"line":1422,"column":6},"end":{"line":1422,"column":12}},"599":{"start":{"line":1425,"column":2},"end":{"line":1429,"column":4}},"600":{"start":{"line":1432,"column":17},"end":{"line":1434,"column":1}},"601":{"start":{"line":1433,"column":2},"end":{"line":1433,"column":43}},"602":{"start":{"line":1436,"column":18},"end":{"line":1446,"column":1}},"603":{"start":{"line":1438,"column":2},"end":{"line":1438,"column":27}},"604":{"start":{"line":1438,"column":15},"end":{"line":1438,"column":27}},"605":{"start":{"line":1439,"column":2},"end":{"line":1439,"column":42}},"606":{"start":{"line":1439,"column":29},"end":{"line":1439,"column":42}},"607":{"start":{"line":1440,"column":2},"end":{"line":1440,"column":42}},"608":{"start":{"line":1440,"column":29},"end":{"line":1440,"column":42}},"609":{"start":{"line":1441,"column":2},"end":{"line":1441,"column":42}},"610":{"start":{"line":1441,"column":29},"end":{"line":1441,"column":42}},"611":{"start":{"line":1442,"column":2},"end":{"line":1444,"column":3}},"612":{"start":{"line":1442,"column":15},"end":{"line":1442,"column":16}},"613":{"start":{"line":1443,"column":4},"end":{"line":1443,"column":36}},"614":{"start":{"line":1443,"column":23},"end":{"line":1443,"column":36}},"615":{"start":{"line":1445,"column":2},"end":{"line":1445,"column":14}},"616":{"start":{"line":1448,"column":25},"end":{"line":1451,"column":1}},"617":{"start":{"line":1449,"column":14},"end":{"line":1449,"column":84}},"618":{"start":{"line":1450,"column":2},"end":{"line":1450,"column":62}},"619":{"start":{"line":1454,"column":21},"end":{"line":1461,"column":1}},"620":{"start":{"line":1455,"column":2},"end":{"line":1459,"column":3}},"621":{"start":{"line":1455,"column":15},"end":{"line":1455,"column":16}},"622":{"start":{"line":1456,"column":4},"end":{"line":1458,"column":5}},"623":{"start":{"line":1457,"column":6},"end":{"line":1457,"column":15}},"624":{"start":{"line":1460,"column":2},"end":{"line":1460,"column":12}},"625":{"start":{"line":1463,"column":16},"end":{"line":1466,"column":1}},"626":{"start":{"line":1464,"column":12},"end":{"line":1464,"column":37}},"627":{"start":{"line":1465,"column":2},"end":{"line":1465,"column":43}},"628":{"start":{"line":1469,"column":31},"end":{"line":1477,"column":1}},"629":{"start":{"line":1470,"column":2},"end":{"line":1476,"column":3}},"630":{"start":{"line":1471,"column":4},"end":{"line":1471,"column":15}},"631":{"start":{"line":1472,"column":9},"end":{"line":1476,"column":3}},"632":{"start":{"line":1473,"column":4},"end":{"line":1473,"column":17}},"633":{"start":{"line":1475,"column":4},"end":{"line":1475,"column":14}},"634":{"start":{"line":1479,"column":11},"end":{"line":1481,"column":1}},"635":{"start":{"line":1480,"column":2},"end":{"line":1480,"column":85}},"636":{"start":{"line":1483,"column":13},"end":{"line":1485,"column":1}},"637":{"start":{"line":1484,"column":2},"end":{"line":1484,"column":88}},"638":{"start":{"line":1487,"column":16},"end":{"line":1489,"column":1}},"639":{"start":{"line":1488,"column":2},"end":{"line":1488,"column":94}},"640":{"start":{"line":1491,"column":19},"end":{"line":1504,"column":1}},"641":{"start":{"line":1492,"column":2},"end":{"line":1492,"column":95}},"642":{"start":{"line":1492,"column":82},"end":{"line":1492,"column":95}},"643":{"start":{"line":1493,"column":14},"end":{"line":1493,"column":54}},"644":{"start":{"line":1494,"column":17},"end":{"line":1494,"column":35}},"645":{"start":{"line":1495,"column":2},"end":{"line":1502,"column":5}},"646":{"start":{"line":1496,"column":16},"end":{"line":1496,"column":27}},"647":{"start":{"line":1497,"column":4},"end":{"line":1501,"column":5}},"648":{"start":{"line":1498,"column":6},"end":{"line":1500,"column":9}},"649":{"start":{"line":1499,"column":8},"end":{"line":1499,"column":37}},"650":{"start":{"line":1503,"column":2},"end":{"line":1503,"column":15}},"651":{"start":{"line":1506,"column":16},"end":{"line":1509,"column":1}},"652":{"start":{"line":1507,"column":20},"end":{"line":1507,"column":36}},"653":{"start":{"line":1508,"column":2},"end":{"line":1508,"column":87}},"654":{"start":{"line":1511,"column":17},"end":{"line":1514,"column":1}},"655":{"start":{"line":1512,"column":2},"end":{"line":1512,"column":45}},"656":{"start":{"line":1512,"column":34},"end":{"line":1512,"column":45}},"657":{"start":{"line":1513,"column":2},"end":{"line":1513,"column":52}},"658":{"start":{"line":1516,"column":17},"end":{"line":1526,"column":1}},"659":{"start":{"line":1517,"column":18},"end":{"line":1517,"column":41}},"660":{"start":{"line":1518,"column":18},"end":{"line":1518,"column":41}},"661":{"start":{"line":1519,"column":2},"end":{"line":1525,"column":3}},"662":{"start":{"line":1520,"column":4},"end":{"line":1520,"column":51}},"663":{"start":{"line":1521,"column":9},"end":{"line":1525,"column":3}},"664":{"start":{"line":1522,"column":4},"end":{"line":1522,"column":35}},"665":{"start":{"line":1524,"column":4},"end":{"line":1524,"column":17}},"666":{"start":{"line":1528,"column":18},"end":{"line":1543,"column":1}},"667":{"start":{"line":1529,"column":2},"end":{"line":1529,"column":24}},"668":{"start":{"line":1530,"column":2},"end":{"line":1530,"column":24}},"669":{"start":{"line":1532,"column":2},"end":{"line":1534,"column":3}},"670":{"start":{"line":1533,"column":4},"end":{"line":1533,"column":17}},"671":{"start":{"line":1536,"column":2},"end":{"line":1540,"column":3}},"672":{"start":{"line":1536,"column":15},"end":{"line":1536,"column":16}},"673":{"start":{"line":1537,"column":4},"end":{"line":1539,"column":5}},"674":{"start":{"line":1538,"column":6},"end":{"line":1538,"column":19}},"675":{"start":{"line":1542,"column":2},"end":{"line":1542,"column":14}},"676":{"start":{"line":1545,"column":14},"end":{"line":1550,"column":1}},"677":{"start":{"line":1546,"column":2},"end":{"line":1548,"column":3}},"678":{"start":{"line":1547,"column":4},"end":{"line":1547,"column":39}},"679":{"start":{"line":1549,"column":2},"end":{"line":1549,"column":36}},"680":{"start":{"line":1552,"column":14},"end":{"line":1583,"column":1}},"681":{"start":{"line":1554,"column":2},"end":{"line":1554,"column":31}},"682":{"start":{"line":1554,"column":19},"end":{"line":1554,"column":31}},"683":{"start":{"line":1556,"column":2},"end":{"line":1556,"column":45}},"684":{"start":{"line":1556,"column":32},"end":{"line":1556,"column":45}},"685":{"start":{"line":1558,"column":2},"end":{"line":1558,"column":43}},"686":{"start":{"line":1558,"column":31},"end":{"line":1558,"column":43}},"687":{"start":{"line":1560,"column":2},"end":{"line":1560,"column":54}},"688":{"start":{"line":1560,"column":28},"end":{"line":1560,"column":54}},"689":{"start":{"line":1562,"column":2},"end":{"line":1580,"column":3}},"690":{"start":{"line":1566,"column":6},"end":{"line":1566,"column":25}},"691":{"start":{"line":1573,"column":8},"end":{"line":1573,"column":25}},"692":{"start":{"line":1578,"column":8},"end":{"line":1578,"column":40}},"693":{"start":{"line":1582,"column":2},"end":{"line":1582,"column":15}},"694":{"start":{"line":1586,"column":15},"end":{"line":1586,"column":20}},"695":{"start":{"line":1587,"column":2},"end":{"line":1600,"column":4}},"696":{"start":{"line":1588,"column":16},"end":{"line":1588,"column":20}},"697":{"start":{"line":1590,"column":4},"end":{"line":1592,"column":5}},"698":{"start":{"line":1590,"column":20},"end":{"line":1590,"column":36}},"699":{"start":{"line":1590,"column":45},"end":{"line":1590,"column":56}},"700":{"start":{"line":1590,"column":65},"end":{"line":1590,"column":66}},"701":{"start":{"line":1591,"column":6},"end":{"line":1591,"column":35}},"702":{"start":{"line":1594,"column":4},"end":{"line":1594,"column":23}},"703":{"start":{"line":1594,"column":16},"end":{"line":1594,"column":23}},"704":{"start":{"line":1595,"column":4},"end":{"line":1595,"column":18}},"705":{"start":{"line":1596,"column":4},"end":{"line":1599,"column":7}},"706":{"start":{"line":1597,"column":6},"end":{"line":1597,"column":28}},"707":{"start":{"line":1598,"column":6},"end":{"line":1598,"column":21}},"708":{"start":{"line":1604,"column":2},"end":{"line":1606,"column":3}},"709":{"start":{"line":1605,"column":4},"end":{"line":1605,"column":15}},"710":{"start":{"line":1607,"column":2},"end":{"line":1607,"column":35}},"711":{"start":{"line":1615,"column":12},"end":{"line":1615,"column":35}},"712":{"start":{"line":1616,"column":18},"end":{"line":1616,"column":41}},"713":{"start":{"line":1618,"column":0},"end":{"line":1620,"column":2}},"714":{"start":{"line":1619,"column":2},"end":{"line":1619,"column":31}},"715":{"start":{"line":1628,"column":10},"end":{"line":1628,"column":33}},"716":{"start":{"line":1630,"column":0},"end":{"line":1632,"column":2}},"717":{"start":{"line":1631,"column":2},"end":{"line":1631,"column":57}},"718":{"start":{"line":1640,"column":0},"end":{"line":1640,"column":23}},"719":{"start":{"line":1647,"column":10},"end":{"line":1647,"column":33}},"720":{"start":{"line":1648,"column":16},"end":{"line":1648,"column":39}},"721":{"start":{"line":1649,"column":19},"end":{"line":1649,"column":49}},"722":{"start":{"line":1650,"column":15},"end":{"line":1650,"column":50}},"723":{"start":{"line":1652,"column":0},"end":{"line":1663,"column":2}},"724":{"start":{"line":1653,"column":10},"end":{"line":1653,"column":27}},"725":{"start":{"line":1654,"column":10},"end":{"line":1654,"column":11}},"726":{"start":{"line":1655,"column":15},"end":{"line":1655,"column":17}},"727":{"start":{"line":1657,"column":2},"end":{"line":1657,"column":70}},"728":{"start":{"line":1657,"column":17},"end":{"line":1657,"column":70}},"729":{"start":{"line":1657,"column":38},"end":{"line":1657,"column":70}},"730":{"start":{"line":1659,"column":2},"end":{"line":1661,"column":3}},"731":{"start":{"line":1659,"column":27},"end":{"line":1661,"column":3}},"732":{"start":{"line":1660,"column":4},"end":{"line":1660,"column":51}},"733":{"start":{"line":1662,"column":2},"end":{"line":1662,"column":16}},"734":{"start":{"line":1670,"column":0},"end":{"line":1673,"column":2}},"735":{"start":{"line":1671,"column":2},"end":{"line":1671,"column":75}},"736":{"start":{"line":1671,"column":31},"end":{"line":1671,"column":75}},"737":{"start":{"line":1672,"column":2},"end":{"line":1672,"column":12}},"738":{"start":{"line":1682,"column":16},"end":{"line":1682,"column":39}},"739":{"start":{"line":1683,"column":15},"end":{"line":1683,"column":38}},"740":{"start":{"line":1684,"column":22},"end":{"line":1684,"column":45}},"741":{"start":{"line":1685,"column":0},"end":{"line":1702,"column":2}},"742":{"start":{"line":1686,"column":2},"end":{"line":1701,"column":4}},"743":{"start":{"line":1687,"column":12},"end":{"line":1687,"column":28}},"744":{"start":{"line":1688,"column":17},"end":{"line":1688,"column":35}},"745":{"start":{"line":1689,"column":16},"end":{"line":1689,"column":50}},"746":{"start":{"line":1693,"column":4},"end":{"line":1700,"column":5}},"747":{"start":{"line":1693,"column":33},"end":{"line":1698,"column":5}},"748":{"start":{"line":1694,"column":6},"end":{"line":1694,"column":25}},"749":{"start":{"line":1696,"column":6},"end":{"line":1696,"column":38}},"750":{"start":{"line":1696,"column":26},"end":{"line":1696,"column":38}},"751":{"start":{"line":1698,"column":11},"end":{"line":1700,"column":5}},"752":{"start":{"line":1698,"column":42},"end":{"line":1700,"column":5}},"753":{"start":{"line":1699,"column":6},"end":{"line":1699,"column":60}},"754":{"start":{"line":1699,"column":27},"end":{"line":1699,"column":60}},"755":{"start":{"line":1700,"column":6},"end":{"line":1700,"column":32}},"756":{"start":{"line":1710,"column":15},"end":{"line":1710,"column":37}},"757":{"start":{"line":1711,"column":10},"end":{"line":1711,"column":33}},"758":{"start":{"line":1712,"column":18},"end":{"line":1712,"column":41}},"759":{"start":{"line":1713,"column":15},"end":{"line":1713,"column":50}},"760":{"start":{"line":1714,"column":12},"end":{"line":1714,"column":39}},"761":{"start":{"line":1715,"column":16},"end":{"line":1715,"column":27}},"762":{"start":{"line":1718,"column":17},"end":{"line":1737,"column":1}},"763":{"start":{"line":1720,"column":15},"end":{"line":1720,"column":48}},"764":{"start":{"line":1721,"column":10},"end":{"line":1721,"column":28}},"765":{"start":{"line":1722,"column":11},"end":{"line":1722,"column":14}},"766":{"start":{"line":1723,"column":11},"end":{"line":1723,"column":14}},"767":{"start":{"line":1725,"column":2},"end":{"line":1725,"column":32}},"768":{"start":{"line":1726,"column":2},"end":{"line":1726,"column":46}},"769":{"start":{"line":1727,"column":2},"end":{"line":1727,"column":29}},"770":{"start":{"line":1730,"column":2},"end":{"line":1730,"column":49}},"771":{"start":{"line":1731,"column":2},"end":{"line":1731,"column":24}},"772":{"start":{"line":1732,"column":2},"end":{"line":1732,"column":87}},"773":{"start":{"line":1733,"column":2},"end":{"line":1733,"column":25}},"774":{"start":{"line":1734,"column":2},"end":{"line":1734,"column":32}},"775":{"start":{"line":1735,"column":2},"end":{"line":1735,"column":59}},"776":{"start":{"line":1735,"column":14},"end":{"line":1735,"column":59}},"777":{"start":{"line":1736,"column":2},"end":{"line":1736,"column":22}},"778":{"start":{"line":1739,"column":0},"end":{"line":1749,"column":2}},"779":{"start":{"line":1741,"column":2},"end":{"line":1747,"column":31}},"780":{"start":{"line":1742,"column":4},"end":{"line":1742,"column":35}},"781":{"start":{"line":1743,"column":4},"end":{"line":1743,"column":25}},"782":{"start":{"line":1744,"column":4},"end":{"line":1744,"column":28}},"783":{"start":{"line":1746,"column":4},"end":{"line":1746,"column":25}},"784":{"start":{"line":1747,"column":9},"end":{"line":1747,"column":31}},"785":{"start":{"line":1748,"column":2},"end":{"line":1748,"column":69}},"786":{"start":{"line":1770,"column":0},"end":{"line":1844,"column":2}},"787":{"start":{"line":1772,"column":17},"end":{"line":1772,"column":65}},"788":{"start":{"line":1774,"column":2},"end":{"line":1776,"column":3}},"789":{"start":{"line":1775,"column":4},"end":{"line":1775,"column":56}},"790":{"start":{"line":1779,"column":1},"end":{"line":1781,"column":3}},"791":{"start":{"line":1780,"column":3},"end":{"line":1780,"column":14}},"792":{"start":{"line":1783,"column":16},"end":{"line":1783,"column":56}},"793":{"start":{"line":1784,"column":19},"end":{"line":1784,"column":72}},"794":{"start":{"line":1812,"column":16},"end":{"line":1840,"column":3}},"795":{"start":{"line":1814,"column":24},"end":{"line":1817,"column":54}},"796":{"start":{"line":1816,"column":41},"end":{"line":1816,"column":51}},"797":{"start":{"line":1817,"column":41},"end":{"line":1817,"column":51}},"798":{"start":{"line":1820,"column":2},"end":{"line":1822,"column":3}},"799":{"start":{"line":1821,"column":4},"end":{"line":1821,"column":21}},"800":{"start":{"line":1827,"column":2},"end":{"line":1836,"column":3}},"801":{"start":{"line":1829,"column":3},"end":{"line":1829,"column":28}},"802":{"start":{"line":1830,"column":9},"end":{"line":1836,"column":3}},"803":{"start":{"line":1832,"column":3},"end":{"line":1832,"column":38}},"804":{"start":{"line":1835,"column":3},"end":{"line":1835,"column":62}},"805":{"start":{"line":1839,"column":2},"end":{"line":1839,"column":47}},"806":{"start":{"line":1843,"column":1},"end":{"line":1843,"column":17}},"807":{"start":{"line":1854,"column":10},"end":{"line":1854,"column":33}},"808":{"start":{"line":1855,"column":17},"end":{"line":1855,"column":40}},"809":{"start":{"line":1856,"column":16},"end":{"line":1856,"column":39}},"810":{"start":{"line":1857,"column":18},"end":{"line":1857,"column":41}},"811":{"start":{"line":1858,"column":10},"end":{"line":1858,"column":33}},"812":{"start":{"line":1859,"column":21},"end":{"line":1859,"column":44}},"813":{"start":{"line":1860,"column":11},"end":{"line":1860,"column":42}},"814":{"start":{"line":1862,"column":0},"end":{"line":1869,"column":2}},"815":{"start":{"line":1863,"column":2},"end":{"line":1863,"column":19}},"816":{"start":{"line":1864,"column":2},"end":{"line":1864,"column":27}},"817":{"start":{"line":1865,"column":2},"end":{"line":1867,"column":29}},"818":{"start":{"line":1865,"column":22},"end":{"line":1867,"column":29}},"819":{"start":{"line":1866,"column":4},"end":{"line":1866,"column":22}},"820":{"start":{"line":1868,"column":2},"end":{"line":1868,"column":60}},"821":{"start":{"line":1868,"column":17},"end":{"line":1868,"column":60}},"822":{"start":{"line":1880,"column":0},"end":{"line":1880,"column":89}},"823":{"start":{"line":1887,"column":16},"end":{"line":1887,"column":39}},"824":{"start":{"line":1888,"column":10},"end":{"line":1888,"column":18}},"825":{"start":{"line":1889,"column":10},"end":{"line":1889,"column":18}},"826":{"start":{"line":1890,"column":0},"end":{"line":1893,"column":2}},"827":{"start":{"line":1891,"column":2},"end":{"line":1891,"column":27}},"828":{"start":{"line":1892,"column":2},"end":{"line":1892,"column":65}},"829":{"start":{"line":1902,"column":13},"end":{"line":1902,"column":35}},"830":{"start":{"line":1903,"column":10},"end":{"line":1903,"column":33}},"831":{"start":{"line":1904,"column":10},"end":{"line":1904,"column":33}},"832":{"start":{"line":1905,"column":24},"end":{"line":1905,"column":47}},"833":{"start":{"line":1906,"column":18},"end":{"line":1906,"column":41}},"834":{"start":{"line":1907,"column":12},"end":{"line":1907,"column":34}},"835":{"start":{"line":1908,"column":11},"end":{"line":1908,"column":36}},"836":{"start":{"line":1909,"column":11},"end":{"line":1909,"column":36}},"837":{"start":{"line":1910,"column":9},"end":{"line":1910,"column":33}},"838":{"start":{"line":1911,"column":12},"end":{"line":1911,"column":40}},"839":{"start":{"line":1912,"column":13},"end":{"line":1912,"column":21}},"840":{"start":{"line":1913,"column":14},"end":{"line":1913,"column":28}},"841":{"start":{"line":1914,"column":11},"end":{"line":1914,"column":18}},"842":{"start":{"line":1915,"column":12},"end":{"line":1915,"column":29}},"843":{"start":{"line":1917,"column":17},"end":{"line":1917,"column":62}},"844":{"start":{"line":1918,"column":11},"end":{"line":1918,"column":37}},"845":{"start":{"line":1921,"column":15},"end":{"line":1944,"column":1}},"846":{"start":{"line":1922,"column":11},"end":{"line":1922,"column":39}},"847":{"start":{"line":1923,"column":2},"end":{"line":1943,"column":3}},"848":{"start":{"line":1924,"column":4},"end":{"line":1924,"column":41}},"849":{"start":{"line":1925,"column":16},"end":{"line":1925,"column":32}},"850":{"start":{"line":1927,"column":4},"end":{"line":1942,"column":5}},"851":{"start":{"line":1928,"column":6},"end":{"line":1928,"column":31}},"852":{"start":{"line":1929,"column":6},"end":{"line":1929,"column":52}},"853":{"start":{"line":1929,"column":41},"end":{"line":1929,"column":52}},"854":{"start":{"line":1930,"column":11},"end":{"line":1942,"column":5}},"855":{"start":{"line":1931,"column":6},"end":{"line":1935,"column":7}},"856":{"start":{"line":1932,"column":26},"end":{"line":1932,"column":36}},"857":{"start":{"line":1932,"column":37},"end":{"line":1932,"column":50}},"858":{"start":{"line":1932,"column":51},"end":{"line":1932,"column":57}},"859":{"start":{"line":1933,"column":27},"end":{"line":1933,"column":37}},"860":{"start":{"line":1933,"column":38},"end":{"line":1933,"column":51}},"861":{"start":{"line":1933,"column":52},"end":{"line":1933,"column":58}},"862":{"start":{"line":1934,"column":17},"end":{"line":1934,"column":28}},"863":{"start":{"line":1936,"column":6},"end":{"line":1941,"column":7}},"864":{"start":{"line":1936,"column":24},"end":{"line":1936,"column":35}},"865":{"start":{"line":1936,"column":41},"end":{"line":1936,"column":42}},"866":{"start":{"line":1936,"column":48},"end":{"line":1936,"column":61}},"867":{"start":{"line":1937,"column":8},"end":{"line":1937,"column":36}},"868":{"start":{"line":1940,"column":8},"end":{"line":1940,"column":52}},"869":{"start":{"line":1940,"column":41},"end":{"line":1940,"column":52}},"870":{"start":{"line":1941,"column":8},"end":{"line":1941,"column":39}},"871":{"start":{"line":1943,"column":4},"end":{"line":1943,"column":15}},"872":{"start":{"line":1946,"column":0},"end":{"line":1969,"column":1}},"873":{"start":{"line":1947,"column":2},"end":{"line":1954,"column":4}},"874":{"start":{"line":1948,"column":13},"end":{"line":1948,"column":45}},"875":{"start":{"line":1949,"column":15},"end":{"line":1949,"column":19}},"876":{"start":{"line":1950,"column":4},"end":{"line":1953,"column":82}},"877":{"start":{"line":1952,"column":43},"end":{"line":1952,"column":68}},"878":{"start":{"line":1955,"column":2},"end":{"line":1965,"column":3}},"879":{"start":{"line":1955,"column":18},"end":{"line":1961,"column":14}},"880":{"start":{"line":1961,"column":20},"end":{"line":1961,"column":21}},"881":{"start":{"line":1962,"column":4},"end":{"line":1964,"column":5}},"882":{"start":{"line":1963,"column":6},"end":{"line":1963,"column":40}},"883":{"start":{"line":1966,"column":2},"end":{"line":1966,"column":28}},"884":{"start":{"line":1967,"column":2},"end":{"line":1967,"column":30}},"885":{"start":{"line":1968,"column":2},"end":{"line":1968,"column":51}},"886":{"start":{"line":1977,"column":15},"end":{"line":1977,"column":37}},"887":{"start":{"line":1978,"column":21},"end":{"line":1978,"column":48}},"888":{"start":{"line":1979,"column":0},"end":{"line":1985,"column":2}},"889":{"start":{"line":1980,"column":10},"end":{"line":1980,"column":28}},"890":{"start":{"line":1982,"column":2},"end":{"line":1984,"column":3}},"891":{"start":{"line":1983,"column":4},"end":{"line":1983,"column":28}},"892":{"start":{"line":1984,"column":4},"end":{"line":1984,"column":16}},"893":{"start":{"line":1992,"column":9},"end":{"line":1992,"column":31}},"894":{"start":{"line":1993,"column":15},"end":{"line":1993,"column":37}},"895":{"start":{"line":1994,"column":14},"end":{"line":1994,"column":37}},"896":{"start":{"line":1996,"column":0},"end":{"line":2004,"column":2}},"897":{"start":{"line":1997,"column":2},"end":{"line":1997,"column":14}},"898":{"start":{"line":1998,"column":13},"end":{"line":1998,"column":32}},"899":{"start":{"line":1999,"column":15},"end":{"line":1999,"column":26}},"900":{"start":{"line":2000,"column":10},"end":{"line":2000,"column":11}},"901":{"start":{"line":2002,"column":2},"end":{"line":2002,"column":59}},"902":{"start":{"line":2002,"column":21},"end":{"line":2002,"column":59}},"903":{"start":{"line":2003,"column":2},"end":{"line":2003,"column":11}},"904":{"start":{"line":2011,"column":15},"end":{"line":2011,"column":46}},"905":{"start":{"line":2012,"column":0},"end":{"line":2012,"column":54}},"906":{"start":{"line":2021,"column":15},"end":{"line":2021,"column":38}},"907":{"start":{"line":2037,"column":0},"end":{"line":2039,"column":2}},"908":{"start":{"line":2038,"column":1},"end":{"line":2038,"column":112}},"909":{"start":{"line":2049,"column":0},"end":{"line":2049,"column":26}},"910":{"start":{"line":2051,"column":11},"end":{"line":2051,"column":34}},"911":{"start":{"line":2053,"column":12},"end":{"line":2053,"column":40}},"912":{"start":{"line":2055,"column":13},"end":{"line":2055,"column":36}},"913":{"start":{"line":2057,"column":39},"end":{"line":2057,"column":93}},"914":{"start":{"line":2059,"column":15},"end":{"line":2059,"column":91}},"915":{"start":{"line":2060,"column":11},"end":{"line":2062,"column":1}},"916":{"start":{"line":2061,"column":2},"end":{"line":2061,"column":29}},"917":{"start":{"line":2072,"column":0},"end":{"line":2248,"column":2}},"918":{"start":{"line":2104,"column":8},"end":{"line":2106,"column":10}},"919":{"start":{"line":2112,"column":4},"end":{"line":2115,"column":6}},"920":{"start":{"line":2123,"column":8},"end":{"line":2123,"column":30}},"921":{"start":{"line":2124,"column":8},"end":{"line":2124,"column":33}},"922":{"start":{"line":2129,"column":6},"end":{"line":2129,"column":32}},"923":{"start":{"line":2129,"column":25},"end":{"line":2129,"column":32}},"924":{"start":{"line":2130,"column":6},"end":{"line":2130,"column":55}},"925":{"start":{"line":2131,"column":6},"end":{"line":2131,"column":31}},"926":{"start":{"line":2137,"column":18},"end":{"line":2137,"column":22}},"927":{"start":{"line":2139,"column":6},"end":{"line":2139,"column":33}},"928":{"start":{"line":2139,"column":26},"end":{"line":2139,"column":33}},"929":{"start":{"line":2140,"column":6},"end":{"line":2140,"column":70}},"930":{"start":{"line":2141,"column":6},"end":{"line":2143,"column":7}},"931":{"start":{"line":2142,"column":8},"end":{"line":2142,"column":15}},"932":{"start":{"line":2145,"column":20},"end":{"line":2145,"column":38}},"933":{"start":{"line":2146,"column":19},"end":{"line":2146,"column":86}},"934":{"start":{"line":2147,"column":22},"end":{"line":2147,"column":101}},"935":{"start":{"line":2149,"column":6},"end":{"line":2151,"column":7}},"936":{"start":{"line":2150,"column":8},"end":{"line":2150,"column":69}},"937":{"start":{"line":2153,"column":6},"end":{"line":2153,"column":40}},"938":{"start":{"line":2153,"column":33},"end":{"line":2153,"column":40}},"939":{"start":{"line":2154,"column":6},"end":{"line":2154,"column":54}},"940":{"start":{"line":2154,"column":29},"end":{"line":2154,"column":54}},"941":{"start":{"line":2155,"column":6},"end":{"line":2155,"column":71}},"942":{"start":{"line":2155,"column":29},"end":{"line":2155,"column":71}},"943":{"start":{"line":2156,"column":6},"end":{"line":2158,"column":7}},"944":{"start":{"line":2157,"column":8},"end":{"line":2157,"column":32}},"945":{"start":{"line":2160,"column":6},"end":{"line":2160,"column":48}},"946":{"start":{"line":2161,"column":6},"end":{"line":2161,"column":35}},"947":{"start":{"line":2162,"column":6},"end":{"line":2162,"column":45}},"948":{"start":{"line":2163,"column":6},"end":{"line":2163,"column":63}},"949":{"start":{"line":2164,"column":6},"end":{"line":2168,"column":9}},"950":{"start":{"line":2165,"column":8},"end":{"line":2165,"column":38}},"951":{"start":{"line":2166,"column":8},"end":{"line":2166,"column":37}},"952":{"start":{"line":2167,"column":8},"end":{"line":2167,"column":44}},"953":{"start":{"line":2169,"column":6},"end":{"line":2171,"column":7}},"954":{"start":{"line":2170,"column":8},"end":{"line":2170,"column":49}},"955":{"start":{"line":2172,"column":6},"end":{"line":2172,"column":76}},"956":{"start":{"line":2173,"column":6},"end":{"line":2173,"column":53}},"957":{"start":{"line":2176,"column":21},"end":{"line":2176,"column":34}},"958":{"start":{"line":2177,"column":6},"end":{"line":2184,"column":7}},"959":{"start":{"line":2178,"column":8},"end":{"line":2178,"column":26}},"960":{"start":{"line":2179,"column":8},"end":{"line":2181,"column":9}},"961":{"start":{"line":2180,"column":10},"end":{"line":2180,"column":75}},"962":{"start":{"line":2183,"column":8},"end":{"line":2183,"column":28}},"963":{"start":{"line":2188,"column":6},"end":{"line":2188,"column":69}},"964":{"start":{"line":2189,"column":6},"end":{"line":2189,"column":30}},"965":{"start":{"line":2190,"column":6},"end":{"line":2190,"column":27}},"966":{"start":{"line":2193,"column":6},"end":{"line":2195,"column":7}},"967":{"start":{"line":2194,"column":8},"end":{"line":2194,"column":36}},"968":{"start":{"line":2198,"column":6},"end":{"line":2198,"column":40}},"969":{"start":{"line":2198,"column":33},"end":{"line":2198,"column":40}},"970":{"start":{"line":2199,"column":25},"end":{"line":2204,"column":7}},"971":{"start":{"line":2205,"column":22},"end":{"line":2205,"column":85}},"972":{"start":{"line":2206,"column":19},"end":{"line":2206,"column":42}},"973":{"start":{"line":2207,"column":6},"end":{"line":2207,"column":202}},"974":{"start":{"line":2210,"column":17},"end":{"line":2210,"column":23}},"975":{"start":{"line":2211,"column":6},"end":{"line":2213,"column":7}},"976":{"start":{"line":2212,"column":8},"end":{"line":2212,"column":15}},"977":{"start":{"line":2215,"column":6},"end":{"line":2215,"column":27}},"978":{"start":{"line":2217,"column":6},"end":{"line":2222,"column":7}},"979":{"start":{"line":2218,"column":8},"end":{"line":2221,"column":9}},"980":{"start":{"line":2219,"column":10},"end":{"line":2219,"column":47}},"981":{"start":{"line":2220,"column":10},"end":{"line":2220,"column":16}},"982":{"start":{"line":2224,"column":18},"end":{"line":2224,"column":47}},"983":{"start":{"line":2226,"column":6},"end":{"line":2228,"column":7}},"984":{"start":{"line":2227,"column":8},"end":{"line":2227,"column":37}},"985":{"start":{"line":2229,"column":6},"end":{"line":2229,"column":40}},"986":{"start":{"line":2230,"column":6},"end":{"line":2230,"column":40}},"987":{"start":{"line":2231,"column":6},"end":{"line":2231,"column":33}},"988":{"start":{"line":2236,"column":4},"end":{"line":2236,"column":25}},"989":{"start":{"line":2237,"column":4},"end":{"line":2240,"column":5}},"990":{"start":{"line":2238,"column":6},"end":{"line":2238,"column":56}},"991":{"start":{"line":2239,"column":6},"end":{"line":2239,"column":48}},"992":{"start":{"line":2246,"column":4},"end":{"line":2246,"column":46}},"993":{"start":{"line":2257,"column":0},"end":{"line":2257,"column":26}},"994":{"start":{"line":2259,"column":0},"end":{"line":2283,"column":2}},"995":{"start":{"line":2260,"column":2},"end":{"line":2260,"column":50}},"996":{"start":{"line":2260,"column":41},"end":{"line":2260,"column":50}},"997":{"start":{"line":2261,"column":2},"end":{"line":2261,"column":58}},"998":{"start":{"line":2261,"column":36},"end":{"line":2261,"column":58}},"999":{"start":{"line":2263,"column":14},"end":{"line":2263,"column":43}},"1000":{"start":{"line":2264,"column":2},"end":{"line":2264,"column":41}},"1001":{"start":{"line":2265,"column":2},"end":{"line":2265,"column":36}},"1002":{"start":{"line":2266,"column":2},"end":{"line":2266,"column":30}},"1003":{"start":{"line":2267,"column":2},"end":{"line":2267,"column":36}},"1004":{"start":{"line":2268,"column":2},"end":{"line":2268,"column":30}},"1005":{"start":{"line":2269,"column":2},"end":{"line":2269,"column":35}},"1006":{"start":{"line":2271,"column":22},"end":{"line":2271,"column":39}},"1007":{"start":{"line":2272,"column":2},"end":{"line":2272,"column":34}},"1008":{"start":{"line":2274,"column":14},"end":{"line":2274,"column":43}},"1009":{"start":{"line":2275,"column":2},"end":{"line":2275,"column":29}},"1010":{"start":{"line":2276,"column":2},"end":{"line":2276,"column":27}},"1011":{"start":{"line":2278,"column":24},"end":{"line":2278,"column":41}},"1012":{"start":{"line":2279,"column":2},"end":{"line":2279,"column":38}},"1013":{"start":{"line":2280,"column":2},"end":{"line":2280,"column":51}},"1014":{"start":{"line":2282,"column":2},"end":{"line":2282,"column":24}},"1015":{"start":{"line":2285,"column":11},"end":{"line":2285,"column":34}},"1016":{"start":{"line":2287,"column":12},"end":{"line":2287,"column":40}},"1017":{"start":{"line":2289,"column":39},"end":{"line":2289,"column":93}},"1018":{"start":{"line":2291,"column":21},"end":{"line":2291,"column":27}},"1019":{"start":{"line":2299,"column":0},"end":{"line":2721,"column":12}},"1020":{"start":{"line":2302,"column":33},"end":{"line":2302,"column":35}},"1021":{"start":{"line":2308,"column":11},"end":{"line":2310,"column":12}},"1022":{"start":{"line":2309,"column":12},"end":{"line":2309,"column":54}},"1023":{"start":{"line":2312,"column":24},"end":{"line":2316,"column":12}},"1024":{"start":{"line":2319,"column":11},"end":{"line":2319,"column":95}},"1025":{"start":{"line":2322,"column":11},"end":{"line":2322,"column":27}},"1026":{"start":{"line":2325,"column":11},"end":{"line":2325,"column":33}},"1027":{"start":{"line":2330,"column":10},"end":{"line":2330,"column":42}},"1028":{"start":{"line":2333,"column":10},"end":{"line":2333,"column":51}},"1029":{"start":{"line":2336,"column":10},"end":{"line":2340,"column":12}},"1030":{"start":{"line":2337,"column":11},"end":{"line":2339,"column":12}},"1031":{"start":{"line":2338,"column":12},"end":{"line":2338,"column":84}},"1032":{"start":{"line":2343,"column":10},"end":{"line":2348,"column":12}},"1033":{"start":{"line":2344,"column":11},"end":{"line":2346,"column":12}},"1034":{"start":{"line":2345,"column":12},"end":{"line":2345,"column":84}},"1035":{"start":{"line":2347,"column":11},"end":{"line":2347,"column":73}},"1036":{"start":{"line":2355,"column":10},"end":{"line":2364,"column":12}},"1037":{"start":{"line":2356,"column":11},"end":{"line":2356,"column":59}},"1038":{"start":{"line":2356,"column":24},"end":{"line":2356,"column":59}},"1039":{"start":{"line":2357,"column":11},"end":{"line":2357,"column":37}},"1040":{"start":{"line":2357,"column":24},"end":{"line":2357,"column":37}},"1041":{"start":{"line":2358,"column":11},"end":{"line":2358,"column":97}},"1042":{"start":{"line":2358,"column":84},"end":{"line":2358,"column":97}},"1043":{"start":{"line":2359,"column":20},"end":{"line":2359,"column":39}},"1044":{"start":{"line":2360,"column":11},"end":{"line":2360,"column":37}},"1045":{"start":{"line":2361,"column":11},"end":{"line":2361,"column":84}},"1046":{"start":{"line":2362,"column":11},"end":{"line":2362,"column":159}},"1047":{"start":{"line":2362,"column":52},"end":{"line":2362,"column":159}},"1048":{"start":{"line":2362,"column":74},"end":{"line":2362,"column":159}},"1049":{"start":{"line":2362,"column":121},"end":{"line":2362,"column":139}},"1050":{"start":{"line":2363,"column":11},"end":{"line":2363,"column":21}},"1051":{"start":{"line":2367,"column":10},"end":{"line":2373,"column":12}},"1052":{"start":{"line":2368,"column":24},"end":{"line":2370,"column":58}},"1053":{"start":{"line":2369,"column":36},"end":{"line":2369,"column":61}},"1054":{"start":{"line":2370,"column":42},"end":{"line":2370,"column":56}},"1055":{"start":{"line":2371,"column":11},"end":{"line":2371,"column":54}},"1056":{"start":{"line":2372,"column":11},"end":{"line":2372,"column":25}},"1057":{"start":{"line":2376,"column":10},"end":{"line":2376,"column":128}},"1058":{"start":{"line":2376,"column":63},"end":{"line":2376,"column":125}},"1059":{"start":{"line":2379,"column":10},"end":{"line":2379,"column":43}},"1060":{"start":{"line":2383,"column":10},"end":{"line":2383,"column":66}},"1061":{"start":{"line":2392,"column":0},"end":{"line":2392,"column":43}},"1062":{"start":{"line":2395,"column":18},"end":{"line":2395,"column":40}},"1063":{"start":{"line":2396,"column":38},"end":{"line":2396,"column":72}},"1064":{"start":{"line":2399,"column":16},"end":{"line":2399,"column":39}},"1065":{"start":{"line":2400,"column":36},"end":{"line":2400,"column":68}},"1066":{"start":{"line":2403,"column":11},"end":{"line":2403,"column":33}},"1067":{"start":{"line":2406,"column":12},"end":{"line":2406,"column":34}},"1068":{"start":{"line":2409,"column":20},"end":{"line":2409,"column":42}},"1069":{"start":{"line":2410,"column":40},"end":{"line":2410,"column":76}},"1070":{"start":{"line":2419,"column":41},"end":{"line":2673,"column":1}},"1071":{"start":{"line":2450,"column":8},"end":{"line":2453,"column":10}},"1072":{"start":{"line":2471,"column":4},"end":{"line":2475,"column":6}},"1073":{"start":{"line":2478,"column":16},"end":{"line":2478,"column":20}},"1074":{"start":{"line":2480,"column":4},"end":{"line":2480,"column":31}},"1075":{"start":{"line":2480,"column":24},"end":{"line":2480,"column":31}},"1076":{"start":{"line":2482,"column":4},"end":{"line":2487,"column":16}},"1077":{"start":{"line":2485,"column":8},"end":{"line":2485,"column":25}},"1078":{"start":{"line":2489,"column":4},"end":{"line":2491,"column":7}},"1079":{"start":{"line":2490,"column":6},"end":{"line":2490,"column":39}},"1080":{"start":{"line":2494,"column":17},"end":{"line":2494,"column":21}},"1081":{"start":{"line":2496,"column":4},"end":{"line":2533,"column":5}},"1082":{"start":{"line":2497,"column":6},"end":{"line":2532,"column":8}},"1083":{"start":{"line":2512,"column":16},"end":{"line":2512,"column":47}},"1084":{"start":{"line":2512,"column":47},"end":{"line":2512,"column":70}},"1085":{"start":{"line":2515,"column":16},"end":{"line":2515,"column":46}},"1086":{"start":{"line":2535,"column":23},"end":{"line":2535,"column":45}},"1087":{"start":{"line":2536,"column":4},"end":{"line":2536,"column":35}},"1088":{"start":{"line":2536,"column":23},"end":{"line":2536,"column":35}},"1089":{"start":{"line":2538,"column":15},"end":{"line":2538,"column":58}},"1090":{"start":{"line":2539,"column":4},"end":{"line":2539,"column":62}},"1091":{"start":{"line":2541,"column":4},"end":{"line":2541,"column":24}},"1092":{"start":{"line":2544,"column":17},"end":{"line":2544,"column":21}},"1093":{"start":{"line":2546,"column":4},"end":{"line":2546,"column":33}},"1094":{"start":{"line":2547,"column":4},"end":{"line":2566,"column":5}},"1095":{"start":{"line":2548,"column":6},"end":{"line":2548,"column":64}},"1096":{"start":{"line":2549,"column":6},"end":{"line":2549,"column":55}},"1097":{"start":{"line":2550,"column":6},"end":{"line":2550,"column":69}},"1098":{"start":{"line":2551,"column":6},"end":{"line":2551,"column":69}},"1099":{"start":{"line":2552,"column":6},"end":{"line":2563,"column":9}},"1100":{"start":{"line":2553,"column":8},"end":{"line":2556,"column":9}},"1101":{"start":{"line":2554,"column":10},"end":{"line":2554,"column":31}},"1102":{"start":{"line":2555,"column":10},"end":{"line":2555,"column":17}},"1103":{"start":{"line":2557,"column":23},"end":{"line":2557,"column":65}},"1104":{"start":{"lin
[...]
,"861":0,"862":0,"863":0,"864":0,"865":0,"866":0,"867":0,"868":0,"869":0,"870":0,"871":0,"872":1,"873":0,"874":0,"875":0,"876":0,"877":0,"878":0,"879":0,"880":0,"881":0,"882":0,"883":0,"884":0,"885":0,"886":1,"887":1,"888":1,"889":0,"890":0,"891":0,"892":0,"893":1,"894":1,"895":1,"896":1,"897":0,"898":0,"899":0,"900":0,"901":0,"902":0,"903":0,"904":0,"905":0,"906":1,"907":1,"908":0,"909":1,"910":1,"911":1,"912":1,"913":1,"914":1,"915":1,"916":0,"917":1,"918":0,"919":0,"920":0,"921":0,"922":0,"923":0,"924":0,"925":0,"926":0,"927":0,"928":0,"929":0,"930":0,"931":0,"932":0,"933":0,"934":0,"935":0,"936":0,"937":0,"938":0,"939":0,"940":0,"941":0,"942":0,"943":0,"944":0,"945":0,"946":0,"947":0,"948":0,"949":0,"950":0,"951":0,"952":0,"953":0,"954":0,"955":0,"956":0,"957":0,"958":0,"959":0,"960":0,"961":0,"962":0,"963":0,"964":0,"965":0,"966":0,"967":0,"968":0,"969":0,"970":0,"971":0,"972":0,"973":0,"974":0,"975":0,"976":0,"977":0,"978":0,"979":0,"980":0,"981":0,"982":0,"983":0,"984":0,"985":0,"986":0,"987":0,"988":0,"989":0,"990":0,"991":0,"992":0,"993":1,"994":1,"995":0,"996":0,"997":0,"998":0,"999":0,"1000":0,"1001":0,"1002":0,"1003":0,"1004":0,"1005":0,"1006":0,"1007":0,"1008":0,"1009":0,"1010":0,"1011":0,"1012":0,"1013":0,"1014":0,"1015":1,"1016":1,"1017":1,"1018":1,"1019":1,"1020":1,"1021":6,"1022":0,"1023":6,"1024":6,"1025":6,"1026":6,"1027":1,"1028":1,"1029":1,"1030":3,"1031":3,"1032":1,"1033":1,"1034":1,"1035":1,"1036":1,"1037":0,"1038":0,"1039":0,"1040":0,"1041":0,"1042":0,"1043":0,"1044":0,"1045":0,"1046":0,"1047":0,"1048":0,"1049":0,"1050":0,"1051":1,"1052":3,"1053":1,"1054":0,"1055":3,"1056":3,"1057":1,"1058":3,"1059":1,"1060":1,"1061":1,"1062":1,"1063":1,"1064":1,"1065":1,"1066":1,"1067":1,"1068":1,"1069":1,"1070":1,"1071":2,"1072":0,"1073":0,"1074":0,"1075":0,"1076":0,"1077":0,"1078":0,"1079":0,"1080":0,"1081":0,"1082":0,"1083":0,"1084":0,"1085":0,"1086":0,"1087":0,"1088":0,"1089":0,"1090":0,"1091":0,"1092":0,"1093":0,"1094":0,"1095":0,"1096":0,"1097":0,"1098":0,"1099":0,"1100":0,"1101":0,"1102":0,"1103":0,"1104":0,"1105":0,"1106":0,"1107":0,"1108":0,"1109":0,"1110":0,"1111":0,"1112":0,"1113":0,"1114":0,"1115":0,"1116":0,"1117":0,"1118":0,"1119":0,"1120":0,"1121":0,"1122":0,"1123":0,"1124":0,"1125":0,"1126":0,"1127":0,"1128":0,"1129":0,"1130":0,"1131":0,"1132":0,"1133":0,"1134":0,"1135":0,"1136":0,"1137":0,"1138":0,"1139":0,"1140":0,"1141":0,"1142":0,"1143":0,"1144":0,"1145":0,"1146":0,"1147":0,"1148":0,"1149":0,"1150":0,"1151":0,"1152":0,"1153":0,"1154":0,"1155":0,"1156":0,"1157":0,"1158":0,"1159":0,"1160":0,"1161":0,"1162":0,"1163":0,"1164":0,"1165":1,"1166":1,"1167":1,"1168":1,"1169":1,"1170":1,"1171":1,"1172":1,"1173":1,"1174":1,"1175":0,"1176":0,"1177":0,"1178":1,"1179":0,"1180":0,"1181":0,"1182":0,"1183":0,"1184":0,"1185":0,"1186":0,"1187":0,"1188":0,"1189":0,"1190":1,"1191":1,"1192":1,"1193":0,"1194":1,"1195":1,"1196":1,"1197":1,"1198":1,"1199":1,"1200":1,"1201":1,"1202":1,"1203":0,"1204":0,"1205":0,"1206":0,"1207":0,"1208":0,"1209":0,"1210":1,"1211":0,"1212":0,"1213":0,"1214":0,"1215":0,"1216":0,"1217":1,"1218":1,"1219":1,"1220":0,"1221":0,"1222":0,"1223":0,"1224":0,"1225":0,"1226":0,"1227":0,"1228":0,"1229":0,"1230":0,"1231":0,"1232":0,"1233":0,"1234":0,"1235":0,"1236":0,"1237":0,"1238":0,"1239":0,"1240":1,"1241":1,"1242":1,"1243":1,"1244":1,"1245":1,"1246":1,"1247":1,"1248":1,"1249":1,"1250":1,"1251":4,"1252":1,"1253":1,"1254":1,"1255":0,"1256":0,"1257":0,"1258":0,"1259":0,"1260":0,"1261":0,"1262":0,"1263":0,"1264":0,"1265":0,"1266":0,"1267":0,"1268":0,"1269":0,"1270":0,"1271":0,"1272":0,"1273":0,"1274":0,"1275":0,"1276":0,"1277":0,"1278":0,"1279":0,"1280":0,"1281":0,"1282":0,"1283":0,"1284":0,"1285":0,"1286":0,"1287":0,"1288":0,"1289":0,"1290":0,"1291":0,"1292":0,"1293":0,"1294":0,"1295":0,"1296":0,"1297":0,"1298":0,"1299":0,"1300":0,"1301":0,"1302":0,"1303":0,"1304":0,"1305":0,"1306":0,"1307":0,"1308":0,"1309":0,"1310":0,"1311":0,"1312":0,"1313":0,"1314":0,"1315":0,"1316":0,"1317":0,"1318":0,"1319":0,"1320":0,"1321":0,"1322":0,"1323":0,"1324":0,"1325":0,"1326":0,"1327":0,"1328":0,"1329":0,"1330":0,"1331":0,"1332":0,"1333":0,"1334":0,"1335":0,"1336":0,"1337":0,"1338":0,"1339":0,"1340":0,"1341":0,"1342":0,"1343":0,"1344":0,"1345":1,"1346":1,"1347":1,"1348":0,"1349":0,"1350":0,"1351":0,"1352":0,"1353":0,"1354":0,"1355":0,"1356":0,"1357":0,"1358":1,"1359":1,"1360":0,"1361":1,"1362":1,"1363":1,"1364":1,"1365":1,"1366":0,"1367":1,"1368":1,"1369":1,"1370":1,"1371":1,"1372":0,"1373":0,"1374":0,"1375":1,"1376":0,"1377":0,"1378":1,"1379":0,"1380":1,"1381":0,"1382":1,"1383":1,"1384":1,"1385":1,"1386":1,"1387":1,"1388":1,"1389":1,"1390":1,"1391":0,"1392":0,"1393":0,"1394":0,"1395":0,"1396":0,"1397":0,"1398":0,"1399":0,"1400":0,"1401":0,"1402":0,"1403":0,"1404":0,"1405":1,"1406":1,"1407":0,"1408":0,"1409":0,"1410":0,"1411":0,"1412":0,"1413":0,"1414":0,"1415":0,"1416":0,"1417":0,"1418":0,"1419":0,"1420":0,"1421":0,"1422":0,"1423":0,"1424":0,"1425":0,"1426":0,"1427":0,"1428":0,"1429":0,"1430":0,"1431":0,"1432":0,"1433":0,"1434":0,"1435":0,"1436":0,"1437":0,"1438":0,"1439":0,"1440":0,"1441":0,"1442":0,"1443":0,"1444":0,"1445":0,"1446":0,"1447":0,"1448":0,"1449":0,"1450":0,"1451":0,"1452":0,"1453":0,"1454":0,"1455":0,"1456":0,"1457":0,"1458":0,"1459":0,"1460":0,"1461":0,"1462":0,"1463":0,"1464":0,"1465":0,"1466":0,"1467":0,"1468":0,"1469":0,"1470":0,"1471":0,"1472":0,"1473":0,"1474":0,"1475":0,"1476":0,"1477":1,"1478":0,"1479":0,"1480":0,"1481":0,"1482":0,"1483":1,"1484":0,"1485":0,"1486":0,"1487":0,"1488":0,"1489":0,"1490":0,"1491":0,"1492":1,"1493":1,"1494":0,"1495":0,"1496":0,"1497":0,"1498":1,"1499":1,"1500":0,"1501":0,"1502":1,"1503":1,"1504":1,"1505":1,"1506":1,"1507":0,"1508":0,"1509":0,"1510":0,"1511":0,"1512":0,"1513":0,"1514":0,"1515":0,"1516":0,"1517":0,"1518":0,"1519":0,"1520":0,"1521":0,"1522":0,"1523":0,"1524":0,"1525":0,"1526":1,"1527":0,"1528":0,"1529":0,"1530":0,"1531":0,"1532":0,"1533":0,"1534":0,"1535":0,"1536":1,"1537":0,"1538":0,"1539":0,"1540":0,"1541":0,"1542":0,"1543":0,"1544":0,"1545":1,"1546":0,"1547":0,"1548":1,"1549":0,"1550":0,"1551":1,"1552":0,"1553":0,"1554":0,"1555":0,"1556":0,"1557":0,"1558":0,"1559":0,"1560":0,"1561":0,"1562":0,"1563":0,"1564":0,"1565":0,"1566":0,"1567":0,"1568":0,"1569":0,"1570":0,"1571":0,"1572":0,"1573":0,"1574":0,"1575":0,"1576":0,"1577":0,"1578":0,"1579":0,"1580":0,"1581":0,"1582":0,"1583":0,"1584":0,"1585":1,"1586":0,"1587":0,"1588":0,"1589":0,"1590":0,"1591":1,"1592":0,"1593":0,"1594":0,"1595":0,"1596":0,"1597":0,"1598":0,"1599":0,"1600":0,"1601":0,"1602":0,"1603":0,"1604":0,"1605":0,"1606":0,"1607":0,"1608":0,"1609":0,"1610":1,"1611":0,"1612":0,"1613":0,"1614":0,"1615":0,"1616":0,"1617":0,"1618":0,"1619":1,"1620":0,"1621":0,"1622":0,"1623":0,"1624":0,"1625":1,"1626":0,"1627":0,"1628":0,"1629":0,"1630":0,"1631":0,"1632":0,"1633":0,"1634":0,"1635":0,"1636":0,"1637":0,"1638":0,"1639":0,"1640":0,"1641":0,"1642":0,"1643":0,"1644":0,"1645":0,"1646":0,"1647":0,"1648":0,"1649":0,"1650":0,"1651":0,"1652":1,"1653":0,"1654":0,"1655":0,"1656":0,"1657":0,"1658":0,"1659":0,"1660":1,"1661":0,"1662":0,"1663":0,"1664":1,"1665":1,"1666":0,"1667":0,"1668":0,"1669":0,"1670":0,"1671":0,"1672":0,"1673":0,"1674":0,"1675":0,"1676":0,"1677":0,"1678":0,"1679":0,"1680":0,"1681":1,"1682":0,"1683":0,"1684":0,"1685":0,"1686":0,"1687":0,"1688":0,"1689":0,"1690":0,"1691":0,"1692":1,"1693":0,"1694":0,"1695":0,"1696":0,"1697":0,"1698":0,"1699":0,"1700":0,"1701":0,"1702":0,"1703":0,"1704":0,"1705":0,"1706":0,"1707":0,"1708":0,"1709":0,"1710":0,"1711":0,"1712":0,"1713":0,"1714":0,"1715":1,"1716":0,"1717":0,"1718":0,"1719":0,"1720":0,"1721":0,"1722":0,"1723":0,"1724":0,"1725":0,"1726":0,"1727":0,"1728":1,"1729":0,"1730":0,"1731":0,"1732":0,"1733":0,"1734":0,"1735":0,"1736":0,"1737":0,"1738":0,"1739":0,"1740":0,"1741":0,"1742":0,"1743":0,"1744":0,"1745":0,"1746":0,"1747":0,"1748":0,"1749":0,"1750":0,"1751":0,"1752":0,"1753":0,"1754":0,"1755":0,"1756":1,"1757":0,"1758":0,"1759":0,"1760":0,"1761":0,"1762":0,"1763":0,"1764":0,"1765":0,"1766":0,"1767":0,"1768":1,"1769":0,"1770":0,"1771":0,"1772":0,"1773":0,"1774":0,"1775":0,"1776":0,"1777":0,"1778":0,"1779":0,"1780":0,"1781":0,"1782":0,"1783":0,"1784":0,"1785":0,"1786":0,"1787":0,"1788":0,"1789":0,"1790":0,"1791":0,"1792":0,"1793":0,"1794":0,"1795":0,"1796":0,"1797":0,"1798":0,"1799":0,"1800":0,"1801":0,"1802":0,"1803":0,"1804":0,"1805":0,"1806":0,"1807":0,"1808":0,"1809":0,"1810":0,"1811":0,"1812":0,"1813":0,"1814":0,"1815":0,"1816":0,"1817":0,"1818":0,"1819":0,"1820":0,"1821":0,"1822":0,"1823":0,"1824":0,"1825":0,"1826":0,"1827":0,"1828":0,"1829":0,"1830":0,"1831":0,"1832":0,"1833":0,"1834":0,"1835":0,"1836":0,"1837":0,"1838":0,"1839":0,"1840":0,"1841":0,"1842":0,"1843":0,"1844":0,"1845":0,"1846":0,"1847":0,"1848":0,"1849":0,"1850":0,"1851":0,"1852":0,"1853":0,"1854":0,"1855":0,"1856":0,"1857":0,"1858":0,"1859":0,"1860":0,"1861":0,"1862":0,"1863":0,"1864":0,"1865":0,"1866":0,"1867":0,"1868":0,"1869":0,"1870":0,"1871":0,"1872":0,"1873":0,"1874":0,"1875":0,"1876":0,"1877":0,"1878":0,"1879":0,"1880":0,"1881":1,"1882":0,"1883":0,"1884":0,"1885":0,"1886":0,"1887":0,"1888":0,"1889":0,"1890":0,"1891":0,"1892":0,"1893":0,"1894":0,"1895":0,"1896":0,"1897":0,"1898":0,"1899":0,"1900":0,"1901":1,"1902":1,"1903":1,"1904":1,"1905":3,"1906":3,"1907":3,"1908":3,"1909":0,"1910":0,"1911":1,"1912":1,"1913":1,"1914":1,"1915":1,"1916":1,"1917":1,"1918":2,"1919":2,"1920":2,"1921":2,"1922":2,"1923":2,"1924":0,"1925":0,"1926":0,"1927":0,"1928":0,"1929":0,"1930":0,"1931":0,"1932":0,"1933":1,"1934":1,"1935":1,"1936":1,"1937":1,"1938":1,"1939":1,"1940":1,"1941":0,"1942":1,"1943":1,"1944":1,"1945":0,"1946":1,"1947":1,"1948":1,"1949":1,"1950":1,"1951":0,"1952":1,"1953":1,"1954":1,"1955":1,"1956":1,"1957":1,"1958":1,"1959":1},"f":{"0":1,"1":115,"2":3,"3":1,"4":0,"5":0,"6":2,"7":1,"8":1,"9":3,"10":1,"11":1,"12":1,"13":1,"14":1,"15":1,"16":1,"17":0,"18":0,"19":0,"20":1,"21":0,"22":1,"23":0,"24":1,"25":0,"26":1,"27":1,"28":1,"29":2,"30":0,"31":0,"32":0,"33":0,"34":0,"35":0,"36":1,"37":1,"38":2,"39":2,"40":1,"41":1,"42":2,"43":2,"44":0,"45":2,"46":2,"47":2,"48":0,"49":2,"50":0,"51":2,"52":2,"53":2,"54":2,"55":0,"56":0,"57":0,"58":0,"59":1,"60":0,"61":0,"62":2,"63":0,"64":1,"65":0,"66":1,"67":205,"68":1,"69":2,"70":0,"71":1,"72":2,"73":1,"74":1,"75":0,"76":1,"77":0,"78":1,"79":1,"80":1,"81":1,"82":0,"83":0,"84":0,"85":0,"86":0,"87":1,"88":0,"89":1,"90":2,"91":1,"92":0,"93":1,"94":0,"95":1,"96":0,"97":0,"98":1,"99":0,"100":0,"101":0,"102":1,"103":3,"104":1,"105":0,"106":1,"107":0,"108":1,"109":2,"110":1,"111":1,"112":2,"113":0,"114":0,"115":1,"116":0,"117":0,"118":1,"119":0,"120":0,"121":1,"122":0,"123":0,"124":0,"125":0,"126":0,"127":0,"128":0,"129":0,"130":0,"131":0,"132":0,"133":0,"134":0,"135":0,"136":0,"137":0,"138":0,"139":0,"140":0,"141":0,"142":0,"143":0,"144":0,"145":0,"146":0,"147":0,"148":0,"149":0,"150":1,"151":0,"152":1,"153":0,"154":1,"155":1,"156":0,"157":1,"158":0,"159":1,"160":1,"161":0,"162":1,"163":0,"164":0,"165":0,"166":1,"167":0,"168":0,"169":0,"170":0,"171":1,"172":0,"173":1,"174":1,"175":0,"176":1,"177":0,"178":0,"179":0,"180":1,"181":0,"182":1,"183":0,"184":0,"185":1,"186":0,"187":1,"188":1,"189":0,"190":0,"191":0,"192":0,"193":0,"194":0,"195":0,"196":0,"197":0,"198":0,"199":0,"200":0,"201":0,"202":0,"203":0,"204":1,"205":0,"206":1,"207":1,"208":1,"209":6,"210":3,"211":1,"212":0,"213":0,"214":3,"215":1,"216":0,"217":3,"218":1,"219":2,"220":0,"221":0,"222":0,"223":0,"224":0,"225":0,"226":0,"227":0,"228":0,"229":0,"230":0,"231":0,"232":0,"233":0,"234":0,"235":0,"236":0,"237":0,"238":0,"239":0,"240":0,"241":0,"242":0,"243":0,"244":0,"245":1,"246":1,"247":1,"248":1,"249":1,"250":1,"251":1,"252":0,"253":0,"254":0,"255":1,"256":0,"257":1,"258":0,"259":0,"260":0,"261":1,"262":1,"263":0,"264":0,"265":0,"266":0,"267":1,"268":4,"269":0,"270":0,"271":0,"272":0,"273":0,"274":0,"275":0,"276":0,"277":0,"278":0,"279":0,"280":0,"281":0,"282":0,"283":1,"284":0,"285":1,"286":1,"287":0,"288":0,"289":0,"290":0,"291":0,"292":0,"293":1,"294":1,"295":0,"296":0,"297":0,"298":0,"299":0,"300":0,"301":0,"302":0,"303":0,"304":0,"305":0,"306":0,"307":0,"308":0,"309":0,"310":0,"311":0,"312":0,"313":1,"314":0,"315":0,"316":1,"317":1,"318":0,"319":0,"320":0,"321":0,"322":0,"323":0,"324":0,"325":0,"326":0,"327":0,"328":0,"329":0,"330":0,"331":0,"332":0,"333":0,"334":0,"335":0,"336":0,"337":0,"338":0,"339":0,"340":0,"341":0,"342":0,"343":0,"344":0,"345":0,"346":0,"347":0,"348":0,"349":0,"350":0,"351":0,"352":0,"353":0,"354":0,"355":0,"356":0,"357":0,"358":0,"359":0,"360":0,"361":0,"362":0,"363":0,"364":0,"365":0,"366":0,"367":0,"368":0,"369":0,"370":0,"371":1,"372":3,"373":0,"374":0,"375":2,"376":2,"377":2,"378":2,"379":2,"380":2,"381":0,"382":0,"383":0,"384":1,"385":1,"386":1,"387":1},"b":{"0":[49,66],"1":[3,0],"2":[1,0],"3":[1,1],"4":[0,0],"5":[0,0],"6":[0,0],"7":[0,0,0,0],"8":[0,0],"9":[0,0],"10":[1,1],"11":[2,2],"12":[1,0],"13":[1,1],"14":[0,0],"15":[0,0],"16":[0,1],"17":[0,1],"18":[1,0],"19":[0,1],"20":[0,1],"21":[0,1],"22":[0,0,0,0,0,0],"23":[0,0],"24":[0,0],"25":[0,0],"26":[0,0],"27":[0,0],"28":[0,1],"29":[0,0],"30":[0,1],"31":[0,0],"32":[0,0],"33":[0,0],"34":[0,0],"35":[1,0],"36":[0,0],"37":[0,0],"38":[0,0],"39":[0,0],"40":[0,0],"41":[0,0],"42":[0,0],"43":[0,0],"44":[0,0],"45":[0,0],"46":[0,0],"47":[0,0],"48":[0,0],"49":[0,0],"50":[0,0],"51":[0,0],"52":[2,0],"53":[2,2,2,0],"54":[0,1],"55":[0,2],"56":[1,1],"57":[0,1],"58":[1,1],"59":[0,2],"60":[2,0],"61":[0,0],"62":[2,0],"63":[0,2],"64":[2,0],"65":[2,2],"66":[2,0],"67":[2,0],"68":[0,0],"69":[0,0],"70":[0,2],"71":[0,2],"72":[2,0],"73":[0,2],"74":[0,2],"75":[0,0],"76":[0,0],"77":[2,0],"78":[0,0],"79":[0,0],"80":[0,0],"81":[0,0],"82":[2,0],"83":[2,0],"84":[0,2],"85":[0,0],"86":[0,2],"87":[0,2],"88":[2,0],"89":[0,0],"90":[0,0],"91":[0,2],"92":[0,0],"93":[0,2],"94":[2,0,0,0,0,0],"95":[0,0],"96":[0,0],"97":[0,0],"98":[0,0,0],"99":[0,0],"100":[0,0],"101":[0,0],"102":[0,0],"103":[0,2],"104":[0,2],"105":[0,0],"106":[0,0],"107":[0,0],"108":[0,0],"109":[0,0],"110":[1,0],"111":[1,0],"112":[0,1],"113":[1,0],"114":[1,1],"115":[1,0],"116":[0,1],"117":[1,0],"118":[0,0],"119":[205,205,205],"120":[1,0],"121":[0,0],"122":[0,0],"123":[0,0],"124":[0,0],"125":[0,0],"126":[0,0],"127":[0,0],"128":[0,0],"129":[0,0,0],"130":[0,0],"131":[0,0],"132":[0,0],"133":[0,0],"134":[0,0],"135":[0,0],"136":[0,0],"137":[0,0],"138":[0,0],"139":[0,0],"140":[0,1],"141":[0,0],"142":[0,0,0],"143":[0,2],"144":[0,0],"145":[0,0],"146":[1,0,0],"147":[1,0],"148":[1,1],"149":[0,0],"150":[0,0,0,0],"151":[0,1],"152":[1,1],"153":[0,1],"154":[0,0],"155":[0,0],"156":[0,0],"157":[0,0],"158":[0,0],"159":[0,0],"160":[0,0],"161":[0,0],"162":[0,0,0],"163":[0,0],"164":[0,0,0,0],"165":[1,1],"166":[3,3],"167":[2,1],"168":[0,1],"169":[0,0],"170":[0,0],"171":[0,0],"172":[0,0,0],"173":[0,0],"174":[0,0],"175":[0,0],"176":[0,0,0],"177":[2,1],"178":[0,0],"179":[0,0],"180":[1,0],"181":[1,0],"182":[1,1],"183":[0,0],"184":[0,0,0,0],"185":[0,1],"186":[1,1],"187":[0,0],"188":[0,0],"189":[0,0],"190":[0,0],"191":[0,0],"192":[0,0],"193":[0,0],"194":[0,0],"195":[0,0],"196":[0,0],"197":[0,0],"198":[0,0],"199":[0,0],"200":[0,0],"201":[0,0],"202":[0,0],"203":[0,0],"204":[0,0],"205":[0,0],"206":[0,0],"207":[0,0],"208":[0,0],"209":[0,0],"210":[0,0],"211":[0,0],"212":[0,0],"213":[0,0],"214":[0,0],"215":[0,0],"216":[0,0],"217":[0,0],"218":[0,0],"219":[0,0],"220":[0,0],"221":[0,0],"222":[0,0],"223":[0,0],"224":[0,0],"225":[0,0],"226":[0,0],"227":[0,0],"228":[0,0],"229":[0,0,0,0,0,0],"230":[0,0],"231":[0,0],"232":[0,0],"233":[1,0],"234":[1,0],"235":[0,0],"236":[0,0],"237":[0,0],"238":[0,0],"239":[0,0],"240":[0,0],"241":[0,0],"242":[0,0],"243":[0,0],"244":[0,0],"245":[0,0],"246":[0,0],"247":[0,0,0],"248":[0,0],"249":[1,0],"250":[0,0],"251":[0,0],"252":[0,0],"253":[0,0],"254":[0,0],"255":[0,0],"256":[0,0],"257":[0,0],"258":[0,0],"259":[1,0],"260":[0,0],"261":[0,0],"262":[0,0],"263":[0,0],"264":[0,0],"265":[0,0],"266":[0,0],"267":[0,0],"268":[0,0],"269":[0,0],"270":[0,0],"271":[0,0,0,0,0],"272":[0,0],"273":[0,0],"274":[0,1],"275":[1,1,1],"276":[0,0],"277":[0,0],"278":[0,0],"279":[0,0],"280":[0,0],"281":[0,0],"282":[0,0],"283":[0,0],"284":[0,0,0,0,0],"285":[1,0],"286":[0,0],"287":[0,0],"288":[0,1],"289":[1,1],"290":[0,1],"291":[0,0],"292":[0,0],"293":[0,0],"294":[0,0],"295":[0,0],"296":[0,0,0],"297":[0,0,0],"298":[0,0],"299":[0,0,0],"300":[0,0],"301":[0,0],"302":[0,0],"303":[0,0],"304":[0,0],"305":[0,0],"306":[0,0],"307":[0,0],"308":[0,0],"309":[0],"310":[0,0,0],"311":[0,0],"312":[0,0],"313":[0,0],"314":[0,0],"315":[0,0],"316":[0,0],"317":[0,0],"318":[0,0],"319":[0,0],"320":[0,0],"321":[0,0],"322":[0,1],"323":[1,1],"324":[0,6],"325":[3,0],"326":[1,0],"327":[1,1],"328":[0,0],"329":[0,0],"330":[0,0],"331":[0,0,0,0],"332":[0,0],"333":[0,0],"334":[1,2],"335":[3,3],"336":[0,0],"337":[0,0],"338":[0,0],"339":[0,0],"340":[0,0],"341":[0,0],"342":[0,0],"343":[0,0],"344":[0,0],"345":[0,0],"346":[0,0],"347":[0,0],"348":[0,0],"349":[0,0],"350":[0,0],"351":[0,0],"352":[0,0],"353":[0,0],"354":[0,0],"355":[0,0],"356":[0,0],"357":[0,0],"358":[0,0,0],"359":[0,0],"360":[0,0],"361":[0,0],"362":[0,0],"363":[0,0],"364":[0,0],"365":[0,0],"366":[0,0],"367":[0,0],"368":[0,0],"369":[1,0],"370":[0,0],"371":[0,0],"372":[1,0],"373":[0,0],"374":[0,0],"375":[0,0],"376":[0,0],"377":[0,0],"378":[0,0],"379":[0,0],"380":[0,0],"381":[0,0],"382":[0,0],"383":[0,0],"384":[0,0],"385":[0,0],"386":[0,0],"387":[3,1],"388":[4,4],"389":[0,0],"390":[0,0],"391":[0,0],"392":[0,0],"393":[0,0],"394":[0,0],"395":[0,0],"396":[0,0],"397":[0,0],"398":[0,0],"399":[0,0],"400":[0,0],"401":[0,0],"402":[0,0],"403":[0,0],"404":[0,0],"405":[0,0],"406":[0,0],"407":[0,0,0,0],"408":[0,0],"409":[0,0],"410":[0,0],"411":[0,0],"412":[0,0],"413":[0,0],"414":[0,0],"415":[0,0],"416":[0,0],"417":[0,0],"418":[0,0],"419":[0,0],"420":[0,0],"421":[0,1],"422":[0,1],"423":[0,1],"424":[0,0],"425":[0,0],"426":[0,0],"427":[0,1],"428":[1,1],"429":[0,0],"430":[0,0],"431":[0,0],"432":[0,0],"433":[0,0],"434":[0,0],"435":[0,0],"436":[0,0],"437":[0,0],"438":[0,0],"439":[0,0],"440":[0,0],"441":[0,0],"442":[0,0],"443":[0,0],"444":[0,0],"445":[0,0],"446":[0,0,0],"447":[0,0],"448":[0,0],"449":[0,0],"450":[0,0],"451":[0,0],"452":[0,0],"453":[0,0],"454":[0,0],"455":[0,0],"456":[0,0],"457":[0,0],"458":[0,0,0],"459":[0,0],"460":[0,0],"461":[0,0],"462":[0,0],"463":[1,0],"464":[0,0],"465":[0,0],"466":[0,0],"467":[0,0],"468":[0,0],"469":[1,0],"470":[1,1],"471":[0,0],"472":[0,0,0,0],"473":[1,0],"474":[1,0],"475":[1,1],"476":[0,0],"477":[0,0],"478":[0,0],"479":[0,0],"480":[0,0],"481":[0,0],"482":[0,0],"483":[0,0],"484":[0,0],"485":[0,0],"486":[0,0],"487":[0,0],"488":[0,0],"489":[0,0],"490":[0,0],"491":[0,0],"492":[0,0],"493":[0,0],"494":[0,0],"495":[0,0],"496":[0,0],"497":[0,0],"498":[0,0],"499":[0,0],"500":[0,0],"501":[0,0],"502":[0,0],"503":[0,0],"504":[0,0],"505":[0,0],"506":[0,0],"507":[0,0],"508":[0,0],"509":[0,0],"510":[0,0],"511":[0,0],"512":[0,0],"513":[0,0],"514":[0,0],"515":[0,0],"516":[0,0],"517":[0,0],"518":[0,0],"519":[0,0],"520":[0,0],"521":[0,0],"522":[0,0],"523":[0,0],"524":[0,0],"525":[0,0],"526":[0,0],"527":[0,0],"528":[0,0],"529":[0,0],"530":[0,0],"531":[0,0],"532":[0,0],"533":[0,0],"534":[0,0],"535":[0,0],"536":[0,0],"537":[0,0],"538":[0,0],"539":[0,0],"540":[0,0,0,0],"541":[0,0],"542":[0,0],"543":[0,0],"544":[0,0],"545":[0,0],"546":[0,0],"547":[0,0],"548":[0,0],"549":[0,0],"550":[0,0],"551":[0,0],"552":[0,0],"553":[0,0],"554":[0,0],"555":[0,0],"556":[0,0],"557":[0,0],"558":[0,0],"559":[0,0],"560":[0,0],"561":[0,0],"562":[0,0],"563":[0,0],"564":[0,0],"565":[0,0],"566":[0,0,0],"567":[0,0],"568":[0,0],"569":[0,0],"570":[0,0,0],"571":[0,0],"572":[0,0],"573":[0,0],"574":[0,0],"575":[0,0],"576":[0,0],"577":[0,0],"578":[0,0],"579":[0,1],"580":[0,0],"581":[0,0],"582":[0,0],"583":[0,0],"584":[0,0],"585":[0,0],"586":[3,0],"587":[0,0],"588":[0,0],"589":[0,1],"590":[0,1],"591":[0,1],"592":[0,1]},"_coverageSchema":"1a1c01bbd47fc00a2c39e90264f33305004495a9","hash":"3c6b36a00d04d453e4c7288dd501354032af289f"}
}
