TN:
SF:lib\tip\index.js
FN:2,(anonymous_0)
FN:7,__webpack_require__
FN:38,(anonymous_2)
FN:45,(anonymous_3)
FN:57,(anonymous_4)
FN:64,(anonymous_5)
FN:69,(anonymous_6)
FN:71,getDefault
FN:72,getModuleExports
FN:78,(anonymous_9)
FN:90,(anonymous_10)
FN:93,(anonymous_11)
FN:94,(anonymous_12)
FN:100,(anonymous_13)
FN:113,(anonymous_14)
FN:116,(anonymous_15)
FN:123,normalizeComponent
FN:157,(anonymous_17)
FN:181,(anonymous_18)
FN:192,renderWithStyleInjection
FN:214,(anonymous_20)
FN:216,(anonymous_21)
FN:223,(anonymous_22)
FN:226,(anonymous_23)
FN:234,(anonymous_24)
FN:241,defineProperty
FN:256,(anonymous_26)
FN:258,(anonymous_27)
FN:269,(anonymous_28)
FN:279,(anonymous_29)
FN:282,toString
FN:283,(anonymous_31)
FN:295,(anonymous_32)
FN:331,cssWithMappingToString
FN:341,(anonymous_34)
FN:351,toComment
FN:360,(anonymous_36)
FN:369,(anonymous_37)
FN:372,(anonymous_38)
FN:378,(anonymous_39)
FN:387,(anonymous_40)
FN:394,(anonymous_41)
FN:397,(anonymous_42)
FN:430,(anonymous_43)
FN:453,update
FN:481,addStylesToDom
FN:508,listToStyles
FN:527,insertStyleElement
FN:555,removeStyleElement
FN:565,createStyleElement
FN:585,createLinkElement
FN:599,addAttrs
FN:600,(anonymous_52)
FN:605,getNonce
FN:611,addStyle
FN:627,(anonymous_55)
FN:651,(anonymous_56)
FN:659,(anonymous_57)
FN:666,updateStyle
FN:683,(anonymous_59)
FN:686,(anonymous_60)
FN:693,applyToSingletonTag
FN:712,applyToTag
FN:731,updateLink
FN:764,(anonymous_64)
FN:774,(anonymous_65)
FN:778,(anonymous_66)
FN:794,toString
FN:801,(anonymous_68)
FN:805,(anonymous_69)
FN:807,(anonymous_70)
FN:815,(anonymous_71)
FN:818,(anonymous_72)
FN:825,(anonymous_73)
FN:831,(anonymous_74)
FN:840,(anonymous_75)
FN:880,(anonymous_76)
FN:883,(anonymous_77)
FN:891,(anonymous_78)
FN:899,(anonymous_79)
FN:903,(anonymous_80)
FN:910,(anonymous_81)
FN:914,(anonymous_82)
FN:918,(anonymous_83)
FN:921,(anonymous_84)
FN:924,(anonymous_85)
FN:928,(anonymous_86)
FN:936,(anonymous_87)
FN:941,(anonymous_88)
FN:948,(anonymous_89)
FN:952,(anonymous_90)
FN:959,(anonymous_91)
FN:964,(anonymous_92)
FN:971,(anonymous_93)
FN:981,(anonymous_94)
FN:993,(anonymous_95)
FN:1001,(anonymous_96)
FN:1001,(anonymous_97)
FN:1012,_interopRequireDefault
FN:1185,isScroll
FN:1194,getScrollContainer
FN:1211,isInContainer
FN:1233,(anonymous_102)
FN:1240,(anonymous_103)
FN:1251,(anonymous_104)
FN:1256,(anonymous_105)
FN:1263,(anonymous_106)
FN:1269,(anonymous_107)
FN:1281,(anonymous_108)
FN:1283,(anonymous_109)
FN:1295,(anonymous_110)
FN:1305,(anonymous_111)
FN:1309,(anonymous_112)
FN:1316,(anonymous_113)
FN:1322,(anonymous_114)
FN:1329,(anonymous_115)
FN:1331,(anonymous_116)
FN:1332,(anonymous_117)
FN:1338,(anonymous_118)
FN:1346,(anonymous_119)
FN:1346,(anonymous_120)
FN:1361,_interopRequireDefault
FN:1365,noop
FN:1367,hasOwn
FN:1371,extend
FN:1378,toObject
FN:1388,getValueByPath
FN:1406,getPropByPath
FN:1432,generateId
FN:1436,valueEquals
FN:1448,escapeRegexpString
FN:1454,arrayFindIndex
FN:1463,arrayFind
FN:1469,coerceTruthyValueToArray
FN:1479,isIE
FN:1483,isEdge
FN:1487,isFirefox
FN:1491,autoprefixer
FN:1495,(anonymous_138)
FN:1498,(anonymous_139)
FN:1506,kebabCase
FN:1511,capitalize
FN:1516,looseEqual
FN:1528,arrayEquals
FN:1545,isEqual
FN:1552,isEmpty
FN:1585,rafThrottle
FN:1587,(anonymous_147)
FN:1596,(anonymous_148)
FN:1603,objToArray
FN:1612,(anonymous_150)
FN:1618,keys
FN:1625,(anonymous_152)
FN:1630,(anonymous_153)
FN:1638,(anonymous_154)
FN:1645,(anonymous_155)
FN:1652,(anonymous_156)
FN:1668,(anonymous_157)
FN:1670,(anonymous_158)
FN:1678,(anonymous_159)
FN:1685,(anonymous_160)
FN:1686,(anonymous_161)
FN:1707,(anonymous_162)
FN:1714,(anonymous_163)
FN:1718,(anonymous_164)
FN:1739,create
FN:1754,(anonymous_166)
FN:1770,(anonymous_167)
FN:1812,(anonymous_168)
FN:1816,(anonymous_169)
FN:1817,(anonymous_170)
FN:1852,(anonymous_171)
FN:1862,getOwnPropertyDescriptor
FN:1878,(anonymous_173)
FN:1885,(anonymous_174)
FN:1890,(anonymous_175)
FN:1898,(anonymous_176)
FN:1921,(anonymous_177)
FN:1947,Number
FN:1952,(anonymous_179)
FN:1975,(anonymous_180)
FN:1979,(anonymous_181)
FN:1990,(anonymous_182)
FN:1996,defineProperties
FN:2009,(anonymous_184)
FN:2017,(anonymous_185)
FN:2037,(anonymous_186)
FN:2044,(anonymous_187)
FN:2057,_interopRequireDefault
FN:2059,(anonymous_189)
FN:2060,stop
FN:2103,_default
FN:2111,data
FN:2122,handler
FN:2128,showPopper
FN:2136,createPopper
FN:2164,(anonymous_196)
FN:2175,updatePopper
FN:2186,doDestroy
FN:2192,destroyPopper
FN:2197,resetTransformOrigin
FN:2209,appendArrow
FN:2235,beforeDestroy
FN:2245,deactivated
FN:2252,(anonymous_204)
FN:2259,(anonymous_205)
FN:2289,_interopRequireDefault
FN:2297,(anonymous_207)
FN:2300,(anonymous_208)
FN:2305,__webpack_require__
FN:2336,(anonymous_210)
FN:2343,(anonymous_211)
FN:2355,(anonymous_212)
FN:2362,(anonymous_213)
FN:2367,(anonymous_214)
FN:2369,getDefault
FN:2370,getModuleExports
FN:2376,(anonymous_217)
FN:2389,(anonymous_218)
FN:2449,_default
FN:2470,data
FN:2477,beforeCreate
FN:2484,render
FN:2489,(anonymous_223)
FN:2493,render
FN:2511,mouseleave
FN:2514,mouseenter
FN:2543,mounted
FN:2552,(anonymous_228)
FN:2569,(anonymous_229)
FN:2578,focusing
FN:2587,show
FN:2591,hide
FN:2595,handleFocus
FN:2599,handleBlur
FN:2603,removeFocusing
FN:2606,addTooltipClass
FN:2613,handleShowPopper
FN:2618,(anonymous_238)
FN:2623,(anonymous_239)
FN:2628,handleClosePopper
FN:2641,setExpectedState
FN:2647,getFirstElement
FN:2660,beforeDestroy
FN:2663,destroyed
FN:2687,(anonymous_245)
FN:2694,(anonymous_246)
FN:2701,(anonymous_247)
FN:2708,(anonymous_248)
FN:2715,(anonymous_249)
FN:2725,(anonymous_250)
FN:2734,(anonymous_251)
FN:2740,(anonymous_252)
FN:2746,(anonymous_253)
FN:2752,setPrototypeOf
FN:2765,(anonymous_255)
FN:2771,getOwnPropertyNames
FN:2778,(anonymous_257)
FN:2789,(anonymous_258)
FN:2791,(anonymous_259)
FN:2802,(anonymous_260)
FN:2814,(anonymous_261)
FN:2825,(anonymous_262)
FN:2845,(anonymous_263)
FN:2865,wrapper
FN:2872,exec
FN:2879,clear
FN:2922,(anonymous_267)
FN:2948,_interopRequireDefault
FN:2990,beforeMount
FN:2994,beforeDestroy
FN:3000,data
FN:3012,visible
FN:3019,(anonymous_273)
FN:3032,open
FN:3049,(anonymous_275)
FN:3057,doOpen
FN:3106,doAfterOpen
FN:3109,close
FN:3123,(anonymous_279)
FN:3131,doClose
FN:3144,doAfterClose
FN:3148,restoreBodyStyle
FN:3161,(anonymous_283)
FN:3168,(anonymous_284)
FN:3194,(anonymous_285)
FN:3226,(anonymous_286)
FN:3235,isString
FN:3239,isObject
FN:3243,isHtmlElement
FN:3247,isFunction
FN:3252,isUndefined
FN:3256,isDefined
FN:3262,(anonymous_293)
FN:3275,_interopRequireDefault
FN:3281,getModal
FN:3291,(anonymous_296)
FN:3296,(anonymous_297)
FN:3309,getInstance
FN:3313,register
FN:3319,deregister
FN:3326,nextZIndex
FN:3332,doOnModalClick
FN:3342,openModal
FN:3364,(anonymous_304)
FN:3368,(anonymous_305)
FN:3387,closeModal
FN:3396,(anonymous_307)
FN:3419,(anonymous_308)
FN:3433,get
FN:3440,set
FN:3445,getTopPopup
FN:3458,(anonymous_312)
FN:3473,(anonymous_313)
FN:3478,(anonymous_314)
FN:3478,(anonymous_315)
FN:3509,(anonymous_316)
FN:3518,(anonymous_317)
FN:3624,Popper
FN:3644,(anonymous_319)
FN:3678,(anonymous_320)
FN:3698,(anonymous_321)
FN:3725,(anonymous_322)
FN:3739,(anonymous_323)
FN:3751,(anonymous_324)
FN:3819,addClassNames
FN:3820,(anonymous_326)
FN:3834,addAttributes
FN:3835,(anonymous_328)
FN:3849,(anonymous_329)
FN:3871,(anonymous_330)
FN:3925,(anonymous_331)
FN:3947,(anonymous_332)
FN:3967,(anonymous_333)
FN:3990,getScrollTopValue
FN:3993,getScrollLeftValue
FN:4035,(anonymous_336)
FN:4041,(anonymous_337)
FN:4058,(anonymous_338)
FN:4060,(anonymous_339)
FN:4084,(anonymous_340)
FN:4136,(anonymous_341)
FN:4172,(anonymous_342)
FN:4177,left
FN:4184,right
FN:4191,top
FN:4198,bottom
FN:4207,(anonymous_347)
FN:4221,(anonymous_348)
FN:4251,(anonymous_349)
FN:4275,(anonymous_350)
FN:4313,(anonymous_351)
FN:4337,(anonymous_352)
FN:4416,getOuterSizes
FN:4441,getOppositePlacement
FN:4443,(anonymous_355)
FN:4455,getPopperClientRect
FN:4470,getArrayKeyIndex
FN:4489,getStyleComputedProperty
FN:4502,getOffsetParent
FN:4515,getScrollParent
FN:4550,isFixed
FN:4567,setStyle
FN:4568,is_numeric
FN:4571,(anonymous_364)
FN:4588,isFunction
FN:4600,getOffsetRect
FN:4622,getBoundingClientRect
FN:4649,getOffsetRectRelativeToCustomParent
FN:4679,getSupportedPropertyName
FN:4704,value
FN:4777,(anonymous_371)
FN:4787,(anonymous_372)
FN:4796,(anonymous_373)
FN:4799,(anonymous_374)
FN:4893,_default
FN:4899,_default
FN:4905,_default
FN:4911,_default
FN:4917,_default
FN:4922,data
FN:4928,showTip
FN:4941,hideTip
FN:4982,(anonymous_383)
FN:5042,(anonymous_384)
FN:5067,(anonymous_385)
FN:5077,(anonymous_386)
FN:5087,(anonymous_387)
FNF:388
FNH:136
FNDA:1,(anonymous_0)
FNDA:115,__webpack_require__
FNDA:3,(anonymous_2)
FNDA:1,(anonymous_3)
FNDA:0,(anonymous_4)
FNDA:0,(anonymous_5)
FNDA:2,(anonymous_6)
FNDA:1,getDefault
FNDA:1,getModuleExports
FNDA:3,(anonymous_9)
FNDA:1,(anonymous_10)
FNDA:1,(anonymous_11)
FNDA:1,(anonymous_12)
FNDA:1,(anonymous_13)
FNDA:1,(anonymous_14)
FNDA:1,(anonymous_15)
FNDA:1,normalizeComponent
FNDA:0,(anonymous_17)
FNDA:0,(anonymous_18)
FNDA:0,renderWithStyleInjection
FNDA:1,(anonymous_20)
FNDA:0,(anonymous_21)
FNDA:1,(anonymous_22)
FNDA:0,(anonymous_23)
FNDA:1,(anonymous_24)
FNDA:0,defineProperty
FNDA:1,(anonymous_26)
FNDA:1,(anonymous_27)
FNDA:1,(anonymous_28)
FNDA:2,(anonymous_29)
FNDA:0,toString
FNDA:0,(anonymous_31)
FNDA:0,(anonymous_32)
FNDA:0,cssWithMappingToString
FNDA:0,(anonymous_34)
FNDA:0,toComment
FNDA:1,(anonymous_36)
FNDA:1,(anonymous_37)
FNDA:2,(anonymous_38)
FNDA:2,(anonymous_39)
FNDA:1,(anonymous_40)
FNDA:1,(anonymous_41)
FNDA:2,(anonymous_42)
FNDA:2,(anonymous_43)
FNDA:0,update
FNDA:2,addStylesToDom
FNDA:2,listToStyles
FNDA:2,insertStyleElement
FNDA:0,removeStyleElement
FNDA:2,createStyleElement
FNDA:0,createLinkElement
FNDA:2,addAttrs
FNDA:2,(anonymous_52)
FNDA:2,getNonce
FNDA:2,addStyle
FNDA:0,(anonymous_55)
FNDA:0,(anonymous_56)
FNDA:0,(anonymous_57)
FNDA:0,updateStyle
FNDA:1,(anonymous_59)
FNDA:0,(anonymous_60)
FNDA:0,applyToSingletonTag
FNDA:2,applyToTag
FNDA:0,updateLink
FNDA:1,(anonymous_64)
FNDA:0,(anonymous_65)
FNDA:1,(anonymous_66)
FNDA:205,toString
FNDA:1,(anonymous_68)
FNDA:2,(anonymous_69)
FNDA:0,(anonymous_70)
FNDA:1,(anonymous_71)
FNDA:2,(anonymous_72)
FNDA:1,(anonymous_73)
FNDA:1,(anonymous_74)
FNDA:0,(anonymous_75)
FNDA:1,(anonymous_76)
FNDA:0,(anonymous_77)
FNDA:1,(anonymous_78)
FNDA:1,(anonymous_79)
FNDA:1,(anonymous_80)
FNDA:1,(anonymous_81)
FNDA:0,(anonymous_82)
FNDA:0,(anonymous_83)
FNDA:0,(anonymous_84)
FNDA:0,(anonymous_85)
FNDA:0,(anonymous_86)
FNDA:1,(anonymous_87)
FNDA:0,(anonymous_88)
FNDA:1,(anonymous_89)
FNDA:2,(anonymous_90)
FNDA:1,(anonymous_91)
FNDA:0,(anonymous_92)
FNDA:1,(anonymous_93)
FNDA:0,(anonymous_94)
FNDA:1,(anonymous_95)
FNDA:0,(anonymous_96)
FNDA:0,(anonymous_97)
FNDA:1,_interopRequireDefault
FNDA:0,isScroll
FNDA:0,getScrollContainer
FNDA:0,isInContainer
FNDA:1,(anonymous_102)
FNDA:3,(anonymous_103)
FNDA:1,(anonymous_104)
FNDA:0,(anonymous_105)
FNDA:1,(anonymous_106)
FNDA:0,(anonymous_107)
FNDA:1,(anonymous_108)
FNDA:2,(anonymous_109)
FNDA:1,(anonymous_110)
FNDA:1,(anonymous_111)
FNDA:2,(anonymous_112)
FNDA:0,(anonymous_113)
FNDA:0,(anonymous_114)
FNDA:1,(anonymous_115)
FNDA:0,(anonymous_116)
FNDA:0,(anonymous_117)
FNDA:1,(anonymous_118)
FNDA:0,(anonymous_119)
FNDA:0,(anonymous_120)
FNDA:1,_interopRequireDefault
FNDA:0,noop
FNDA:0,hasOwn
FNDA:0,extend
FNDA:0,toObject
FNDA:0,getValueByPath
FNDA:0,getPropByPath
FNDA:0,generateId
FNDA:0,valueEquals
FNDA:0,escapeRegexpString
FNDA:0,arrayFindIndex
FNDA:0,arrayFind
FNDA:0,coerceTruthyValueToArray
FNDA:0,isIE
FNDA:0,isEdge
FNDA:0,isFirefox
FNDA:0,autoprefixer
FNDA:0,(anonymous_138)
FNDA:0,(anonymous_139)
FNDA:0,kebabCase
FNDA:0,capitalize
FNDA:0,looseEqual
FNDA:0,arrayEquals
FNDA:0,isEqual
FNDA:0,isEmpty
FNDA:0,rafThrottle
FNDA:0,(anonymous_147)
FNDA:0,(anonymous_148)
FNDA:0,objToArray
FNDA:1,(anonymous_150)
FNDA:0,keys
FNDA:1,(anonymous_152)
FNDA:0,(anonymous_153)
FNDA:1,(anonymous_154)
FNDA:1,(anonymous_155)
FNDA:0,(anonymous_156)
FNDA:1,(anonymous_157)
FNDA:0,(anonymous_158)
FNDA:1,(anonymous_159)
FNDA:1,(anonymous_160)
FNDA:0,(anonymous_161)
FNDA:1,(anonymous_162)
FNDA:0,(anonymous_163)
FNDA:0,(anonymous_164)
FNDA:0,create
FNDA:1,(anonymous_166)
FNDA:0,(anonymous_167)
FNDA:0,(anonymous_168)
FNDA:0,(anonymous_169)
FNDA:0,(anonymous_170)
FNDA:1,(anonymous_171)
FNDA:0,getOwnPropertyDescriptor
FNDA:1,(anonymous_173)
FNDA:1,(anonymous_174)
FNDA:0,(anonymous_175)
FNDA:1,(anonymous_176)
FNDA:0,(anonymous_177)
FNDA:0,Number
FNDA:0,(anonymous_179)
FNDA:1,(anonymous_180)
FNDA:0,(anonymous_181)
FNDA:1,(anonymous_182)
FNDA:0,defineProperties
FNDA:0,(anonymous_184)
FNDA:1,(anonymous_185)
FNDA:0,(anonymous_186)
FNDA:1,(anonymous_187)
FNDA:1,_interopRequireDefault
FNDA:0,(anonymous_189)
FNDA:0,stop
FNDA:0,_default
FNDA:0,data
FNDA:0,handler
FNDA:0,showPopper
FNDA:0,createPopper
FNDA:0,(anonymous_196)
FNDA:0,updatePopper
FNDA:0,doDestroy
FNDA:0,destroyPopper
FNDA:0,resetTransformOrigin
FNDA:0,appendArrow
FNDA:0,beforeDestroy
FNDA:0,deactivated
FNDA:1,(anonymous_204)
FNDA:0,(anonymous_205)
FNDA:1,_interopRequireDefault
FNDA:1,(anonymous_207)
FNDA:1,(anonymous_208)
FNDA:6,__webpack_require__
FNDA:3,(anonymous_210)
FNDA:1,(anonymous_211)
FNDA:0,(anonymous_212)
FNDA:0,(anonymous_213)
FNDA:3,(anonymous_214)
FNDA:1,getDefault
FNDA:0,getModuleExports
FNDA:3,(anonymous_217)
FNDA:1,(anonymous_218)
FNDA:2,_default
FNDA:0,data
FNDA:0,beforeCreate
FNDA:0,render
FNDA:0,(anonymous_223)
FNDA:0,render
FNDA:0,mouseleave
FNDA:0,mouseenter
FNDA:0,mounted
FNDA:0,(anonymous_228)
FNDA:0,(anonymous_229)
FNDA:0,focusing
FNDA:0,show
FNDA:0,hide
FNDA:0,handleFocus
FNDA:0,handleBlur
FNDA:0,removeFocusing
FNDA:0,addTooltipClass
FNDA:0,handleShowPopper
FNDA:0,(anonymous_238)
FNDA:0,(anonymous_239)
FNDA:0,handleClosePopper
FNDA:0,setExpectedState
FNDA:0,getFirstElement
FNDA:0,beforeDestroy
FNDA:0,destroyed
FNDA:1,(anonymous_245)
FNDA:1,(anonymous_246)
FNDA:1,(anonymous_247)
FNDA:1,(anonymous_248)
FNDA:1,(anonymous_249)
FNDA:1,(anonymous_250)
FNDA:1,(anonymous_251)
FNDA:0,(anonymous_252)
FNDA:0,(anonymous_253)
FNDA:0,setPrototypeOf
FNDA:1,(anonymous_255)
FNDA:0,getOwnPropertyNames
FNDA:1,(anonymous_257)
FNDA:0,(anonymous_258)
FNDA:0,(anonymous_259)
FNDA:0,(anonymous_260)
FNDA:1,(anonymous_261)
FNDA:1,(anonymous_262)
FNDA:0,(anonymous_263)
FNDA:0,wrapper
FNDA:0,exec
FNDA:0,clear
FNDA:1,(anonymous_267)
FNDA:4,_interopRequireDefault
FNDA:0,beforeMount
FNDA:0,beforeDestroy
FNDA:0,data
FNDA:0,visible
FNDA:0,(anonymous_273)
FNDA:0,open
FNDA:0,(anonymous_275)
FNDA:0,doOpen
FNDA:0,doAfterOpen
FNDA:0,close
FNDA:0,(anonymous_279)
FNDA:0,doClose
FNDA:0,doAfterClose
FNDA:0,restoreBodyStyle
FNDA:1,(anonymous_283)
FNDA:0,(anonymous_284)
FNDA:1,(anonymous_285)
FNDA:1,(anonymous_286)
FNDA:0,isString
FNDA:0,isObject
FNDA:0,isHtmlElement
FNDA:0,isFunction
FNDA:0,isUndefined
FNDA:0,isDefined
FNDA:1,(anonymous_293)
FNDA:1,_interopRequireDefault
FNDA:0,getModal
FNDA:0,(anonymous_296)
FNDA:0,(anonymous_297)
FNDA:0,getInstance
FNDA:0,register
FNDA:0,deregister
FNDA:0,nextZIndex
FNDA:0,doOnModalClick
FNDA:0,openModal
FNDA:0,(anonymous_304)
FNDA:0,(anonymous_305)
FNDA:0,closeModal
FNDA:0,(anonymous_307)
FNDA:0,(anonymous_308)
FNDA:0,get
FNDA:0,set
FNDA:0,getTopPopup
FNDA:0,(anonymous_312)
FNDA:1,(anonymous_313)
FNDA:0,(anonymous_314)
FNDA:0,(anonymous_315)
FNDA:1,(anonymous_316)
FNDA:1,(anonymous_317)
FNDA:0,Popper
FNDA:0,(anonymous_319)
FNDA:0,(anonymous_320)
FNDA:0,(anonymous_321)
FNDA:0,(anonymous_322)
FNDA:0,(anonymous_323)
FNDA:0,(anonymous_324)
FNDA:0,addClassNames
FNDA:0,(anonymous_326)
FNDA:0,addAttributes
FNDA:0,(anonymous_328)
FNDA:0,(anonymous_329)
FNDA:0,(anonymous_330)
FNDA:0,(anonymous_331)
FNDA:0,(anonymous_332)
FNDA:0,(anonymous_333)
FNDA:0,getScrollTopValue
FNDA:0,getScrollLeftValue
FNDA:0,(anonymous_336)
FNDA:0,(anonymous_337)
FNDA:0,(anonymous_338)
FNDA:0,(anonymous_339)
FNDA:0,(anonymous_340)
FNDA:0,(anonymous_341)
FNDA:0,(anonymous_342)
FNDA:0,left
FNDA:0,right
FNDA:0,top
FNDA:0,bottom
FNDA:0,(anonymous_347)
FNDA:0,(anonymous_348)
FNDA:0,(anonymous_349)
FNDA:0,(anonymous_350)
FNDA:0,(anonymous_351)
FNDA:0,(anonymous_352)
FNDA:0,getOuterSizes
FNDA:0,getOppositePlacement
FNDA:0,(anonymous_355)
FNDA:0,getPopperClientRect
FNDA:0,getArrayKeyIndex
FNDA:0,getStyleComputedProperty
FNDA:0,getOffsetParent
FNDA:0,getScrollParent
FNDA:0,isFixed
FNDA:0,setStyle
FNDA:0,is_numeric
FNDA:0,(anonymous_364)
FNDA:0,isFunction
FNDA:0,getOffsetRect
FNDA:0,getBoundingClientRect
FNDA:0,getOffsetRectRelativeToCustomParent
FNDA:0,getSupportedPropertyName
FNDA:0,value
FNDA:1,(anonymous_371)
FNDA:3,(anonymous_372)
FNDA:0,(anonymous_373)
FNDA:0,(anonymous_374)
FNDA:2,_default
FNDA:2,_default
FNDA:2,_default
FNDA:2,_default
FNDA:2,_default
FNDA:2,data
FNDA:0,showTip
FNDA:0,hideTip
FNDA:0,(anonymous_383)
FNDA:1,(anonymous_384)
FNDA:1,(anonymous_385)
FNDA:1,(anonymous_386)
FNDA:1,(anonymous_387)
DA:1,1
DA:4,1
DA:10,115
DA:11,49
DA:14,66
DA:21,66
DA:24,66
DA:27,66
DA:32,1
DA:35,1
DA:38,1
DA:39,3
DA:40,3
DA:45,1
DA:46,1
DA:47,1
DA:49,1
DA:57,1
DA:58,0
DA:59,0
DA:60,0
DA:61,0
DA:62,0
DA:63,0
DA:64,0
DA:65,0
DA:69,1
DA:70,2
DA:71,1
DA:72,1
DA:73,2
DA:74,2
DA:78,3
DA:81,1
DA:85,1
DA:93,1
DA:94,1
DA:103,1
DA:107,1
DA:116,1
DA:134,1
DA:139,1
DA:140,1
DA:141,1
DA:142,1
DA:146,1
DA:147,0
DA:151,1
DA:152,0
DA:156,1
DA:157,0
DA:159,0
DA:164,0
DA:165,0
DA:168,0
DA:169,0
DA:172,0
DA:173,0
DA:178,0
DA:179,1
DA:180,0
DA:181,0
DA:185,1
DA:186,0
DA:189,0
DA:191,0
DA:192,0
DA:193,0
DA:194,0
DA:198,0
DA:199,0
DA:205,1
DA:216,1
DA:217,0
DA:225,1
DA:226,1
DA:227,0
DA:228,0
DA:236,1
DA:237,1
DA:238,1
DA:239,1
DA:241,1
DA:242,0
DA:243,0
DA:244,0
DA:245,0
DA:246,0
DA:248,0
DA:249,0
DA:250,0
DA:258,1
DA:259,1
DA:260,1
DA:262,0
DA:279,1
DA:280,2
DA:282,2
DA:283,0
DA:284,0
DA:286,0
DA:287,0
DA:289,0
DA:295,2
DA:296,0
DA:297,0
DA:300,0
DA:302,0
DA:303,0
DA:305,0
DA:306,0
DA:310,0
DA:311,0
DA:316,0
DA:317,0
DA:318,0
DA:319,0
DA:320,0
DA:323,0
DA:328,2
DA:332,0
DA:333,0
DA:335,0
DA:336,0
DA:339,0
DA:340,0
DA:341,0
DA:342,0
DA:344,0
DA:347,0
DA:353,0
DA:354,0
DA:355,0
DA:367,1
DA:369,1
DA:372,1
DA:373,2
DA:374,2
DA:378,1
DA:384,2
DA:387,1
DA:388,1
DA:389,0
DA:391,1
DA:394,1
DA:395,1
DA:397,1
DA:403,2
DA:404,0
DA:406,2
DA:407,1
DA:409,1
DA:410,0
DA:413,0
DA:415,0
DA:418,1
DA:420,2
DA:424,1
DA:425,1
DA:426,1
DA:428,1
DA:430,1
DA:431,2
DA:432,0
DA:435,2
DA:437,2
DA:441,2
DA:444,2
DA:447,2
DA:449,2
DA:451,2
DA:453,2
DA:454,0
DA:456,0
DA:457,0
DA:458,0
DA:460,0
DA:461,0
DA:464,0
DA:465,0
DA:466,0
DA:469,0
DA:470,0
DA:472,0
DA:473,0
DA:475,0
DA:482,2
DA:483,2
DA:484,2
DA:486,2
DA:487,0
DA:489,0
DA:490,0
DA:493,0
DA:494,0
DA:497,2
DA:499,2
DA:500,2
DA:503,2
DA:509,2
DA:510,2
DA:512,2
DA:513,2
DA:514,2
DA:515,2
DA:516,2
DA:517,2
DA:518,2
DA:520,2
DA:521,0
DA:524,2
DA:528,2
DA:530,2
DA:531,0
DA:534,2
DA:536,2
DA:537,0
DA:538,0
DA:539,0
DA:540,0
DA:542,0
DA:544,0
DA:545,2
DA:546,2
DA:547,0
DA:548,0
DA:549,0
DA:551,0
DA:556,0
DA:557,0
DA:559,0
DA:560,0
DA:561,0
DA:566,2
DA:568,2
DA:569,2
DA:572,2
DA:573,2
DA:574,2
DA:575,0
DA:579,2
DA:580,2
DA:582,2
DA:586,0
DA:588,0
DA:589,0
DA:591,0
DA:593,0
DA:594,0
DA:596,0
DA:600,2
DA:601,2
DA:606,2
DA:608,2
DA:615,2
DA:616,0
DA:620,0
DA:623,0
DA:627,0
DA:633,2
DA:634,0
DA:636,0
DA:638,0
DA:639,0
DA:641,2
DA:649,0
DA:650,0
DA:651,0
DA:652,0
DA:654,0
DA:657,2
DA:658,2
DA:659,2
DA:660,0
DA:664,2
DA:666,2
DA:667,0
DA:668,0
DA:673,0
DA:676,0
DA:678,0
DA:683,1
DA:684,1
DA:686,1
DA:687,0
DA:689,0
DA:694,0
DA:696,0
DA:697,0
DA:699,0
DA:700,0
DA:702,0
DA:704,0
DA:705,0
DA:707,0
DA:713,2
DA:714,2
DA:716,2
DA:717,0
DA:720,2
DA:721,0
DA:723,2
DA:724,0
DA:727,2
DA:732,0
DA:733,0
DA:741,0
DA:743,0
DA:744,0
DA:747,0
DA:749,0
DA:752,0
DA:754,0
DA:756,0
DA:758,0
DA:766,1
DA:767,1
DA:768,1
DA:769,1
DA:770,1
DA:771,1
DA:772,1
DA:774,1
DA:775,0
DA:778,1
DA:779,1
DA:780,1
DA:781,1
DA:782,1
DA:783,1
DA:784,0
DA:785,1
DA:786,1
DA:787,1
DA:788,0
DA:789,0
DA:791,0
DA:795,205
DA:803,1
DA:804,1
DA:805,1
DA:806,2
DA:808,0
DA:809,0
DA:817,1
DA:818,1
DA:819,2
DA:827,1
DA:833,1
DA:834,1
DA:835,1
DA:836,1
DA:837,1
DA:838,1
DA:840,1
DA:841,0
DA:842,0
DA:843,0
DA:844,0
DA:845,0
DA:846,0
DA:847,0
DA:848,0
DA:850,0
DA:851,0
DA:853,0
DA:855,0
DA:857,0
DA:859,0
DA:861,0
DA:862,0
DA:865,1
DA:867,1
DA:868,1
DA:869,1
DA:870,1
DA:871,1
DA:872,1
DA:873,1
DA:874,1
DA:875,1
DA:883,1
DA:884,0
DA:885,0
DA:893,1
DA:894,1
DA:901,1
DA:903,1
DA:904,1
DA:913,1
DA:914,1
DA:915,0
DA:916,0
DA:917,0
DA:918,0
DA:919,0
DA:921,0
DA:922,0
DA:924,0
DA:925,0
DA:928,0
DA:929,0
DA:939,1
DA:940,1
DA:941,1
DA:942,0
DA:950,1
DA:951,1
DA:952,1
DA:953,2
DA:962,1
DA:963,1
DA:964,1
DA:965,0
DA:973,1
DA:974,1
DA:975,1
DA:976,1
DA:979,1
DA:982,0
DA:983,0
DA:985,0
DA:998,1
DA:999,1
DA:1001,1
DA:1004,1
DA:1005,1
DA:1006,1
DA:1008,1
DA:1010,1
DA:1012,1
DA:1014,1
DA:1015,1
DA:1016,1
DA:1017,1
DA:1185,1
DA:1186,0
DA:1188,0
DA:1189,0
DA:1191,0
DA:1194,1
DA:1195,0
DA:1197,0
DA:1198,0
DA:1199,0
DA:1200,0
DA:1202,0
DA:1203,0
DA:1205,0
DA:1208,0
DA:1211,1
DA:1212,0
DA:1214,0
DA:1215,0
DA:1217,0
DA:1218,0
DA:1225,0
DA:1228,0
DA:1235,1
DA:1236,1
DA:1237,1
DA:1238,1
DA:1240,1
DA:1241,3
DA:1254,1
DA:1255,1
DA:1256,1
DA:1257,0
DA:1266,1
DA:1269,1
DA:1270,0
DA:1272,0
DA:1273,0
DA:1274,0
DA:1275,0
DA:1283,1
DA:1284,2
DA:1298,1
DA:1307,1
DA:1308,1
DA:1309,1
DA:1310,2
DA:1318,0
DA:1319,0
DA:1321,0
DA:1322,0
DA:1323,0
DA:1331,1
DA:1332,0
DA:1343,1
DA:1344,1
DA:1346,1
DA:1348,1
DA:1349,1
DA:1350,1
DA:1351,1
DA:1352,1
DA:1353,1
DA:1355,1
DA:1357,1
DA:1359,1
DA:1361,1
DA:1363,1
DA:1368,0
DA:1372,0
DA:1373,0
DA:1375,0
DA:1379,0
DA:1380,0
DA:1381,0
DA:1382,0
DA:1385,0
DA:1388,1
DA:1389,0
DA:1390,0
DA:1391,0
DA:1392,0
DA:1393,0
DA:1394,0
DA:1395,0
DA:1397,0
DA:1398,0
DA:1399,0
DA:1401,0
DA:1403,0
DA:1407,0
DA:1408,0
DA:1409,0
DA:1411,0
DA:1412,0
DA:1413,0
DA:1414,0
DA:1415,0
DA:1416,0
DA:1417,0
DA:1419,0
DA:1420,0
DA:1422,0
DA:1425,0
DA:1432,1
DA:1433,0
DA:1436,1
DA:1438,0
DA:1439,0
DA:1440,0
DA:1441,0
DA:1442,0
DA:1443,0
DA:1445,0
DA:1448,1
DA:1449,0
DA:1450,0
DA:1454,1
DA:1455,0
DA:1456,0
DA:1457,0
DA:1460,0
DA:1463,1
DA:1464,0
DA:1465,0
DA:1469,1
DA:1470,0
DA:1471,0
DA:1472,0
DA:1473,0
DA:1475,0
DA:1479,1
DA:1480,0
DA:1483,1
DA:1484,0
DA:1487,1
DA:1488,0
DA:1491,1
DA:1492,0
DA:1493,0
DA:1494,0
DA:1495,0
DA:1496,0
DA:1497,0
DA:1498,0
DA:1499,0
DA:1503,0
DA:1506,1
DA:1507,0
DA:1508,0
DA:1511,1
DA:1512,0
DA:1513,0
DA:1516,1
DA:1517,0
DA:1518,0
DA:1519,0
DA:1520,0
DA:1521,0
DA:1522,0
DA:1524,0
DA:1528,1
DA:1529,0
DA:1530,0
DA:1532,0
DA:1533,0
DA:1536,0
DA:1537,0
DA:1538,0
DA:1542,0
DA:1545,1
DA:1546,0
DA:1547,0
DA:1549,0
DA:1552,1
DA:1554,0
DA:1556,0
DA:1558,0
DA:1560,0
DA:1562,0
DA:1566,0
DA:1573,0
DA:1578,0
DA:1582,0
DA:1586,0
DA:1587,0
DA:1588,0
DA:1590,0
DA:1591,0
DA:1594,0
DA:1595,0
DA:1596,0
DA:1597,0
DA:1598,0
DA:1604,0
DA:1605,0
DA:1607,0
DA:1615,1
DA:1616,1
DA:1618,1
DA:1619,0
DA:1628,1
DA:1630,1
DA:1631,0
DA:1640,1
DA:1647,1
DA:1648,1
DA:1649,1
DA:1650,1
DA:1652,1
DA:1653,0
DA:1654,0
DA:1655,0
DA:1657,0
DA:1659,0
DA:1660,0
DA:1662,0
DA:1670,1
DA:1671,0
DA:1672,0
DA:1682,1
DA:1683,1
DA:1684,1
DA:1685,1
DA:1686,1
DA:1687,0
DA:1688,0
DA:1689,0
DA:1693,0
DA:1694,0
DA:1696,0
DA:1698,0
DA:1699,0
DA:1700,0
DA:1710,1
DA:1711,1
DA:1712,1
DA:1713,1
DA:1714,1
DA:1715,1
DA:1718,1
DA:1720,0
DA:1721,0
DA:1722,0
DA:1723,0
DA:1725,0
DA:1726,0
DA:1727,0
DA:1730,0
DA:1731,0
DA:1732,0
DA:1733,0
DA:1734,0
DA:1735,0
DA:1736,0
DA:1739,1
DA:1741,0
DA:1742,0
DA:1743,0
DA:1744,0
DA:1746,0
DA:1747,0
DA:1748,0
DA:1770,1
DA:1772,0
DA:1774,0
DA:1775,0
DA:1779,0
DA:1780,0
DA:1783,0
DA:1784,0
DA:1812,0
DA:1814,0
DA:1816,0
DA:1817,0
DA:1820,0
DA:1821,0
DA:1827,0
DA:1829,0
DA:1830,0
DA:1832,0
DA:1835,0
DA:1839,0
DA:1843,0
DA:1854,1
DA:1855,1
DA:1856,1
DA:1857,1
DA:1858,1
DA:1859,1
DA:1860,1
DA:1862,1
DA:1863,0
DA:1864,0
DA:1865,0
DA:1866,0
DA:1868,0
DA:1880,1
DA:1887,1
DA:1888,1
DA:1889,1
DA:1890,1
DA:1891,0
DA:1892,0
DA:1902,1
DA:1903,1
DA:1904,1
DA:1905,1
DA:1906,1
DA:1907,1
DA:1908,1
DA:1909,1
DA:1910,1
DA:1911,1
DA:1912,1
DA:1913,1
DA:1914,1
DA:1915,1
DA:1917,1
DA:1918,1
DA:1921,1
DA:1922,0
DA:1923,0
DA:1924,0
DA:1925,0
DA:1927,0
DA:1928,0
DA:1929,0
DA:1930,0
DA:1931,0
DA:1932,0
DA:1933,0
DA:1934,0
DA:1936,0
DA:1937,0
DA:1940,0
DA:1941,0
DA:1943,0
DA:1946,1
DA:1947,0
DA:1948,0
DA:1949,0
DA:1950,0
DA:1952,0
DA:1955,0
DA:1961,0
DA:1962,0
DA:1963,0
DA:1966,0
DA:1967,0
DA:1968,0
DA:1977,1
DA:1978,1
DA:1979,1
DA:1980,0
DA:1982,0
DA:1983,0
DA:1984,0
DA:1992,1
DA:1993,1
DA:1994,1
DA:1996,1
DA:1997,0
DA:1998,0
DA:1999,0
DA:2000,0
DA:2002,0
DA:2003,0
DA:2011,0
DA:2012,0
DA:2021,1
DA:2037,1
DA:2038,0
DA:2049,1
DA:2051,1
DA:2053,1
DA:2055,1
DA:2057,1
DA:2059,1
DA:2060,1
DA:2061,0
DA:2072,1
DA:2104,0
DA:2112,0
DA:2123,0
DA:2124,0
DA:2129,0
DA:2130,0
DA:2131,0
DA:2137,0
DA:2139,0
DA:2140,0
DA:2141,0
DA:2142,0
DA:2145,0
DA:2146,0
DA:2147,0
DA:2149,0
DA:2150,0
DA:2153,0
DA:2154,0
DA:2155,0
DA:2156,0
DA:2157,0
DA:2160,0
DA:2161,0
DA:2162,0
DA:2163,0
DA:2164,0
DA:2165,0
DA:2166,0
DA:2167,0
DA:2169,0
DA:2170,0
DA:2172,0
DA:2173,0
DA:2176,0
DA:2177,0
DA:2178,0
DA:2179,0
DA:2180,0
DA:2183,0
DA:2188,0
DA:2189,0
DA:2190,0
DA:2193,0
DA:2194,0
DA:2198,0
DA:2199,0
DA:2205,0
DA:2206,0
DA:2207,0
DA:2210,0
DA:2211,0
DA:2212,0
DA:2215,0
DA:2217,0
DA:2218,0
DA:2219,0
DA:2220,0
DA:2224,0
DA:2226,0
DA:2227,0
DA:2229,0
DA:2230,0
DA:2231,0
DA:2236,0
DA:2237,0
DA:2238,0
DA:2239,0
DA:2246,0
DA:2257,1
DA:2259,1
DA:2260,0
DA:2261,0
DA:2263,0
DA:2264,0
DA:2265,0
DA:2266,0
DA:2267,0
DA:2268,0
DA:2269,0
DA:2271,0
DA:2272,0
DA:2274,0
DA:2275,0
DA:2276,0
DA:2278,0
DA:2279,0
DA:2280,0
DA:2282,0
DA:2285,1
DA:2287,1
DA:2289,1
DA:2291,1
DA:2299,1
DA:2302,1
DA:2308,6
DA:2309,0
DA:2312,6
DA:2319,6
DA:2322,6
DA:2325,6
DA:2330,1
DA:2333,1
DA:2336,1
DA:2337,3
DA:2338,3
DA:2343,1
DA:2344,1
DA:2345,1
DA:2347,1
DA:2355,1
DA:2356,0
DA:2357,0
DA:2358,0
DA:2359,0
DA:2360,0
DA:2361,0
DA:2362,0
DA:2363,0
DA:2367,1
DA:2368,3
DA:2369,1
DA:2370,0
DA:2371,3
DA:2372,3
DA:2376,3
DA:2379,1
DA:2383,1
DA:2392,1
DA:2395,1
DA:2396,1
DA:2399,1
DA:2400,1
DA:2403,1
DA:2406,1
DA:2409,1
DA:2410,1
DA:2419,1
DA:2450,2
DA:2471,0
DA:2478,0
DA:2480,0
DA:2482,0
DA:2485,0
DA:2489,0
DA:2490,0
DA:2494,0
DA:2496,0
DA:2497,0
DA:2512,0
DA:2515,0
DA:2535,0
DA:2536,0
DA:2538,0
DA:2539,0
DA:2541,0
DA:2544,0
DA:2546,0
DA:2547,0
DA:2548,0
DA:2549,0
DA:2550,0
DA:2551,0
DA:2552,0
DA:2553,0
DA:2554,0
DA:2555,0
DA:2557,0
DA:2558,0
DA:2559,0
DA:2561,0
DA:2564,0
DA:2565,0
DA:2568,0
DA:2569,0
DA:2570,0
DA:2571,0
DA:2579,0
DA:2580,0
DA:2582,0
DA:2588,0
DA:2589,0
DA:2592,0
DA:2593,0
DA:2596,0
DA:2597,0
DA:2600,0
DA:2601,0
DA:2604,0
DA:2607,0
DA:2608,0
DA:2610,0
DA:2614,0
DA:2616,0
DA:2617,0
DA:2618,0
DA:2619,0
DA:2622,0
DA:2623,0
DA:2624,0
DA:2629,0
DA:2630,0
DA:2632,0
DA:2633,0
DA:2635,0
DA:2637,0
DA:2638,0
DA:2642,0
DA:2643,0
DA:2645,0
DA:2648,0
DA:2649,0
DA:2650,0
DA:2651,0
DA:2652,0
DA:2653,0
DA:2656,0
DA:2661,0
DA:2664,0
DA:2665,0
DA:2666,0
DA:2667,0
DA:2668,0
DA:2669,0
DA:2670,0
DA:2682,1
DA:2689,1
DA:2696,1
DA:2703,1
DA:2710,1
DA:2717,1
DA:2727,1
DA:2738,1
DA:2739,1
DA:2740,1
DA:2741,0
DA:2742,0
DA:2744,1
DA:2747,0
DA:2748,0
DA:2749,0
DA:2750,0
DA:2751,0
DA:2752,0
DA:2753,0
DA:2754,0
DA:2755,0
DA:2756,0
DA:2768,1
DA:2769,1
DA:2771,1
DA:2772,0
DA:2780,1
DA:2781,1
DA:2782,1
DA:2783,1
DA:2784,1
DA:2785,1
DA:2786,1
DA:2787,1
DA:2789,1
DA:2790,0
DA:2791,0
DA:2792,0
DA:2794,0
DA:2795,0
DA:2796,0
DA:2802,1
DA:2803,0
DA:2804,0
DA:2805,0
DA:2806,0
DA:2809,1
DA:2816,1
DA:2845,1
DA:2853,0
DA:2856,0
DA:2857,0
DA:2858,0
DA:2859,0
DA:2867,0
DA:2868,0
DA:2869,0
DA:2873,0
DA:2874,0
DA:2880,0
DA:2883,0
DA:2886,0
DA:2890,0
DA:2891,0
DA:2894,0
DA:2897,0
DA:2899,0
DA:2909,0
DA:2915,0
DA:2927,1
DA:2928,1
DA:2930,1
DA:2932,1
DA:2934,1
DA:2936,1
DA:2938,1
DA:2940,1
DA:2942,1
DA:2944,1
DA:2946,1
DA:2948,4
DA:2950,1
DA:2952,1
DA:2954,1
DA:2991,0
DA:2992,0
DA:2995,0
DA:2996,0
DA:2998,0
DA:3001,0
DA:3013,0
DA:3015,0
DA:3016,0
DA:3017,0
DA:3018,0
DA:3019,0
DA:3020,0
DA:3023,0
DA:3026,0
DA:3033,0
DA:3035,0
DA:3036,0
DA:3039,0
DA:3041,0
DA:3042,0
DA:3043,0
DA:3045,0
DA:3047,0
DA:3048,0
DA:3049,0
DA:3050,0
DA:3051,0
DA:3054,0
DA:3058,0
DA:3059,0
DA:3060,0
DA:3062,0
DA:3064,0
DA:3066,0
DA:3068,0
DA:3069,0
DA:3070,0
DA:3073,0
DA:3074,0
DA:3075,0
DA:3076,0
DA:3078,0
DA:3079,0
DA:3080,0
DA:3081,0
DA:3082,0
DA:3083,0
DA:3085,0
DA:3086,0
DA:3087,0
DA:3088,0
DA:3089,0
DA:3091,0
DA:3095,0
DA:3096,0
DA:3099,0
DA:3100,0
DA:3102,0
DA:3104,0
DA:3107,0
DA:3110,0
DA:3112,0
DA:3114,0
DA:3115,0
DA:3116,0
DA:3118,0
DA:3120,0
DA:3122,0
DA:3123,0
DA:3124,0
DA:3125,0
DA:3128,0
DA:3132,0
DA:3134,0
DA:3136,0
DA:3137,0
DA:3140,0
DA:3142,0
DA:3145,0
DA:3146,0
DA:3149,0
DA:3150,0
DA:3151,0
DA:3153,0
DA:3157,1
DA:3166,1
DA:3168,1
DA:3169,0
DA:3170,0
DA:3171,0
DA:3172,0
DA:3173,0
DA:3174,0
DA:3175,0
DA:3181,0
DA:3197,1
DA:3199,1
DA:3206,1
DA:3208,1
DA:3209,1
DA:3211,1
DA:3213,1
DA:3215,1
DA:3231,1
DA:3232,1
DA:3233,1
DA:3234,1
DA:3236,0
DA:3240,0
DA:3244,0
DA:3247,1
DA:3248,0
DA:3249,0
DA:3252,1
DA:3253,0
DA:3256,1
DA:3257,0
DA:3267,1
DA:3269,1
DA:3271,1
DA:3273,1
DA:3275,1
DA:3277,1
DA:3278,1
DA:3279,1
DA:3281,1
DA:3282,0
DA:3283,0
DA:3284,0
DA:3285,0
DA:3287,0
DA:3288,0
DA:3289,0
DA:3291,0
DA:3292,0
DA:3293,0
DA:3296,0
DA:3297,0
DA:3301,0
DA:3304,1
DA:3306,1
DA:3310,0
DA:3314,0
DA:3315,0
DA:3320,0
DA:3321,0
DA:3322,0
DA:3327,0
DA:3333,0
DA:3334,0
DA:3336,0
DA:3337,0
DA:3338,0
DA:3343,0
DA:3344,0
DA:3345,0
DA:3347,0
DA:3349,0
DA:3350,0
DA:3351,0
DA:3352,0
DA:3356,0
DA:3358,0
DA:3359,0
DA:3360,0
DA:3362,0
DA:3363,0
DA:3364,0
DA:3365,0
DA:3368,0
DA:3369,0
DA:3372,0
DA:3373,0
DA:3375,0
DA:3378,0
DA:3379,0
DA:3381,0
DA:3382,0
DA:3384,0
DA:3388,0
DA:3389,0
DA:3391,0
DA:3392,0
DA:3393,0
DA:3394,0
DA:3395,0
DA:3396,0
DA:3397,0
DA:3401,0
DA:3402,0
DA:3403,0
DA:3406,0
DA:3407,0
DA:3408,0
DA:3409,0
DA:3415,0
DA:3416,0
DA:3417,0
DA:3419,0
DA:3420,0
DA:3421,0
DA:3422,0
DA:3423,0
DA:3425,0
DA:3431,1
DA:3434,0
DA:3435,0
DA:3436,0
DA:3438,0
DA:3441,0
DA:3445,1
DA:3446,0
DA:3447,0
DA:3448,0
DA:3449,0
DA:3450,0
DA:3452,0
DA:3456,1
DA:3458,1
DA:3459,0
DA:3460,0
DA:3462,0
DA:3463,0
DA:3469,1
DA:3478,1
DA:3509,1
DA:3510,1
DA:3512,1
DA:3522,1
DA:3525,1
DA:3625,0
DA:3626,0
DA:3630,0
DA:3631,0
DA:3632,0
DA:3633,0
DA:3637,0
DA:3641,0
DA:3644,0
DA:3646,0
DA:3650,0
DA:3651,0
DA:3655,0
DA:3659,0
DA:3660,0
DA:3663,0
DA:3666,0
DA:3667,0
DA:3678,1
DA:3679,0
DA:3680,0
DA:3681,0
DA:3682,0
DA:3683,0
DA:3684,0
DA:3687,0
DA:3688,0
DA:3690,0
DA:3698,1
DA:3699,0
DA:3703,0
DA:3704,0
DA:3707,0
DA:3710,0
DA:3712,0
DA:3714,0
DA:3715,0
DA:3725,1
DA:3727,0
DA:3728,0
DA:3739,1
DA:3740,0
DA:3741,0
DA:3751,1
DA:3752,0
DA:3763,0
DA:3765,0
DA:3767,0
DA:3768,0
DA:3769,0
DA:3770,0
DA:3771,0
DA:3772,0
DA:3773,0
DA:3775,0
DA:3778,0
DA:3779,0
DA:3780,0
DA:3781,0
DA:3782,0
DA:3785,0
DA:3790,0
DA:3791,0
DA:3792,0
DA:3793,0
DA:3795,0
DA:3796,0
DA:3798,0
DA:3802,0
DA:3803,0
DA:3804,0
DA:3808,0
DA:3810,0
DA:3820,0
DA:3821,0
DA:3835,0
DA:3836,0
DA:3849,1
DA:3850,0
DA:3852,0
DA:3853,0
DA:3858,0
DA:3859,0
DA:3871,1
DA:3872,0
DA:3873,0
DA:3875,0
DA:3876,0
DA:3881,0
DA:3886,0
DA:3893,0
DA:3894,0
DA:3895,0
DA:3896,0
DA:3898,0
DA:3901,0
DA:3902,0
DA:3903,0
DA:3905,0
DA:3910,0
DA:3911,0
DA:3913,0
DA:3925,1
DA:3927,0
DA:3928,0
DA:3930,0
DA:3931,0
DA:3933,0
DA:3934,0
DA:3936,0
DA:3937,0
DA:3947,1
DA:3949,0
DA:3950,0
DA:3951,0
DA:3952,0
DA:3954,0
DA:3967,1
DA:3969,0
DA:3971,0
DA:3972,0
DA:3973,0
DA:3975,0
DA:3976,0
DA:3978,0
DA:3984,0
DA:3985,0
DA:3986,0
DA:3987,0
DA:3990,0
DA:3991,0
DA:3993,0
DA:3994,0
DA:3998,0
DA:3999,0
DA:4001,0
DA:4008,0
DA:4009,0
DA:4016,0
DA:4019,0
DA:4020,0
DA:4021,0
DA:4022,0
DA:4023,0
DA:4035,1
DA:4036,0
DA:4037,0
DA:4038,0
DA:4041,0
DA:4042,0
DA:4043,0
DA:4047,0
DA:4058,1
DA:4059,0
DA:4060,0
DA:4061,0
DA:4075,1
DA:4084,1
DA:4087,0
DA:4092,0
DA:4093,0
DA:4098,0
DA:4099,0
DA:4100,0
DA:4101,0
DA:4105,0
DA:4106,0
DA:4113,0
DA:4115,0
DA:4119,0
DA:4122,0
DA:4123,0
DA:4126,0
DA:4136,1
DA:4137,0
DA:4138,0
DA:4139,0
DA:4142,0
DA:4143,0
DA:4144,0
DA:4146,0
DA:4157,0
DA:4159,0
DA:4162,0
DA:4172,1
DA:4173,0
DA:4174,0
DA:4176,0
DA:4178,0
DA:4179,0
DA:4180,0
DA:4182,0
DA:4185,0
DA:4186,0
DA:4187,0
DA:4189,0
DA:4192,0
DA:4193,0
DA:4194,0
DA:4196,0
DA:4199,0
DA:4200,0
DA:4201,0
DA:4203,0
DA:4207,0
DA:4208,0
DA:4211,0
DA:4221,1
DA:4222,0
DA:4223,0
DA:4224,0
DA:4226,0
DA:4227,0
DA:4229,0
DA:4230,0
DA:4232,0
DA:4233,0
DA:4235,0
DA:4236,0
DA:4239,0
DA:4251,1
DA:4254,0
DA:4255,0
DA:4256,0
DA:4259,0
DA:4261,0
DA:4264,0
DA:4265,0
DA:4266,0
DA:4268,0
DA:4269,0
DA:4270,0
DA:4272,0
DA:4275,0
DA:4276,0
DA:4277,0
DA:4280,0
DA:4281,0
DA:4283,0
DA:4287,0
DA:4290,0
DA:4292,0
DA:4293,0
DA:4294,0
DA:4295,0
DA:4297,0
DA:4299,0
DA:4302,0
DA:4313,1
DA:4314,0
DA:4315,0
DA:4317,0
DA:4318,0
DA:4319,0
DA:4320,0
DA:4321,0
DA:4322,0
DA:4323,0
DA:4324,0
DA:4326,0
DA:4337,1
DA:4338,0
DA:4339,0
DA:4342,0
DA:4343,0
DA:4347,0
DA:4348,0
DA:4352,0
DA:4353,0
DA:4354,0
DA:4358,0
DA:4359,0
DA:4360,0
DA:4363,0
DA:4364,0
DA:4365,0
DA:4366,0
DA:4367,0
DA:4369,0
DA:4370,0
DA:4371,0
DA:4372,0
DA:4373,0
DA:4374,0
DA:4381,0
DA:4382,0
DA:4385,0
DA:4386,0
DA:4390,0
DA:4392,0
DA:4395,0
DA:4396,0
DA:4397,0
DA:4399,0
DA:4400,0
DA:4402,0
DA:4418,0
DA:4419,0
DA:4420,0
DA:4421,0
DA:4424,0
DA:4425,0
DA:4426,0
DA:4427,0
DA:4430,0
DA:4431,0
DA:4442,0
DA:4443,0
DA:4444,0
DA:4456,0
DA:4457,0
DA:4458,0
DA:4459,0
DA:4471,0
DA:4473,0
DA:4474,0
DA:4475,0
DA:4477,0
DA:4479,0
DA:4491,0
DA:4492,0
DA:4504,0
DA:4505,0
DA:4516,0
DA:4518,0
DA:4519,0
DA:4522,0
DA:4525,0
DA:4526,0
DA:4528,0
DA:4533,0
DA:4537,0
DA:4539,0
DA:4551,0
DA:4552,0
DA:4554,0
DA:4555,0
DA:4557,0
DA:4569,0
DA:4571,0
DA:4572,0
DA:4574,0
DA:4575,0
DA:4577,0
DA:4589,0
DA:4590,0
DA:4601,0
DA:4608,0
DA:4609,0
DA:4612,0
DA:4623,0
DA:4626,0
DA:4629,0
DA:4631,0
DA:4650,0
DA:4651,0
DA:4653,0
DA:4654,0
DA:4655,0
DA:4656,0
DA:4657,0
DA:4658,0
DA:4661,0
DA:4669,0
DA:4680,0
DA:4682,0
DA:4683,0
DA:4684,0
DA:4685,0
DA:4688,0
DA:4699,1
DA:4700,0
DA:4705,0
DA:4706,0
DA:4709,0
DA:4710,0
DA:4711,0
DA:4712,0
DA:4713,0
DA:4715,0
DA:4717,0
DA:4718,0
DA:4719,0
DA:4720,0
DA:4721,0
DA:4722,0
DA:4726,0
DA:4731,1
DA:4781,1
DA:4784,1
DA:4787,1
DA:4788,3
DA:4789,3
DA:4790,3
DA:4791,3
DA:4797,0
DA:4800,0
DA:4832,1
DA:4833,1
DA:4839,1
DA:4842,1
DA:4843,1
DA:4883,1
DA:4885,1
DA:4894,2
DA:4900,2
DA:4906,2
DA:4912,2
DA:4918,2
DA:4923,2
DA:4929,0
DA:4930,0
DA:4931,0
DA:4932,0
DA:4933,0
DA:4935,0
DA:4936,0
DA:4938,0
DA:4942,0
DA:4947,1
DA:4949,1
DA:4952,1
DA:4963,1
DA:4975,1
DA:4976,1
DA:4977,1
DA:4982,1
DA:4983,0
DA:4986,1
DA:5045,1
DA:5047,1
DA:5054,1
DA:5056,1
DA:5057,1
DA:5059,1
DA:5061,1
DA:5063,1
DA:5069,1
DA:5071,1
DA:5080,1
DA:5081,1
DA:5083,1
DA:5089,1
DA:5091,1
LF:1802
LH:543
BRDA:10,0,0,49
BRDA:10,0,1,66
BRDA:39,1,0,3
BRDA:39,1,1,0
BRDA:46,2,0,1
BRDA:46,2,1,0
BRDA:46,3,0,1
BRDA:46,3,1,1
BRDA:58,4,0,0
BRDA:58,4,1,0
BRDA:59,5,0,0
BRDA:59,5,1,0
BRDA:60,6,0,0
BRDA:60,6,1,0
BRDA:60,7,0,0
BRDA:60,7,1,0
BRDA:60,7,2,0
BRDA:60,7,3,0
BRDA:64,8,0,0
BRDA:64,8,1,0
BRDA:64,9,0,0
BRDA:64,9,1,0
BRDA:70,10,0,1
BRDA:70,10,1,1
BRDA:70,11,0,2
BRDA:70,11,1,2
BRDA:103,12,0,1
BRDA:103,12,1,0
BRDA:103,13,0,1
BRDA:103,13,1,1
BRDA:104,14,0,0
BRDA:104,14,1,0
BRDA:104,15,0,0
BRDA:104,15,1,0
BRDA:107,16,0,0
BRDA:107,16,1,1
BRDA:134,17,0,0
BRDA:134,17,1,1
BRDA:139,18,0,1
BRDA:139,18,1,0
BRDA:146,19,0,0
BRDA:146,19,1,1
BRDA:151,20,0,0
BRDA:151,20,1,1
BRDA:156,21,0,0
BRDA:156,21,1,1
BRDA:160,22,0,0
BRDA:160,22,1,0
BRDA:160,22,2,0
BRDA:160,22,3,0
BRDA:160,22,4,0
BRDA:160,22,5,0
BRDA:164,23,0,0
BRDA:164,23,1,0
BRDA:164,24,0,0
BRDA:164,24,1,0
BRDA:168,25,0,0
BRDA:168,25,1,0
BRDA:172,26,0,0
BRDA:172,26,1,0
BRDA:172,27,0,0
BRDA:172,27,1,0
BRDA:179,28,0,0
BRDA:179,28,1,1
BRDA:180,29,0,0
BRDA:180,29,1,0
BRDA:185,30,0,0
BRDA:185,30,1,1
BRDA:186,31,0,0
BRDA:186,31,1,0
BRDA:199,32,0,0
BRDA:199,32,1,0
BRDA:217,33,0,0
BRDA:217,33,1,0
BRDA:227,34,0,0
BRDA:227,34,1,0
BRDA:241,35,0,1
BRDA:241,35,1,0
BRDA:245,36,0,0
BRDA:245,36,1,0
BRDA:248,37,0,0
BRDA:248,37,1,0
BRDA:248,38,0,0
BRDA:248,38,1,0
BRDA:249,39,0,0
BRDA:249,39,1,0
BRDA:286,40,0,0
BRDA:286,40,1,0
BRDA:296,41,0,0
BRDA:296,41,1,0
BRDA:305,42,0,0
BRDA:305,42,1,0
BRDA:316,43,0,0
BRDA:316,43,1,0
BRDA:316,44,0,0
BRDA:316,44,1,0
BRDA:317,45,0,0
BRDA:317,45,1,0
BRDA:317,46,0,0
BRDA:317,46,1,0
BRDA:319,47,0,0
BRDA:319,47,1,0
BRDA:332,48,0,0
BRDA:332,48,1,0
BRDA:335,49,0,0
BRDA:335,49,1,0
BRDA:339,50,0,0
BRDA:339,50,1,0
BRDA:339,51,0,0
BRDA:339,51,1,0
BRDA:373,52,0,2
BRDA:373,52,1,0
BRDA:384,53,0,2
BRDA:384,53,1,2
BRDA:384,53,2,2
BRDA:384,53,3,0
BRDA:388,54,0,0
BRDA:388,54,1,1
BRDA:403,55,0,0
BRDA:403,55,1,2
BRDA:406,56,0,1
BRDA:406,56,1,1
BRDA:409,57,0,0
BRDA:409,57,1,1
BRDA:409,58,0,1
BRDA:409,58,1,1
BRDA:431,59,0,0
BRDA:431,59,1,2
BRDA:431,60,0,2
BRDA:431,60,1,0
BRDA:432,61,0,0
BRDA:432,61,1,0
BRDA:435,62,0,2
BRDA:435,62,1,0
BRDA:437,63,0,0
BRDA:437,63,1,2
BRDA:441,64,0,2
BRDA:441,64,1,0
BRDA:441,65,0,2
BRDA:441,65,1,2
BRDA:444,66,0,2
BRDA:444,66,1,0
BRDA:447,67,0,2
BRDA:447,67,1,0
BRDA:464,68,0,0
BRDA:464,68,1,0
BRDA:472,69,0,0
BRDA:472,69,1,0
BRDA:486,70,0,0
BRDA:486,70,1,2
BRDA:514,71,0,0
BRDA:514,71,1,2
BRDA:520,72,0,2
BRDA:520,72,1,0
BRDA:530,73,0,0
BRDA:530,73,1,2
BRDA:536,74,0,0
BRDA:536,74,1,2
BRDA:537,75,0,0
BRDA:537,75,1,0
BRDA:539,76,0,0
BRDA:539,76,1,0
BRDA:545,77,0,2
BRDA:545,77,1,0
BRDA:547,78,0,0
BRDA:547,78,1,0
BRDA:547,79,0,0
BRDA:547,79,1,0
BRDA:556,80,0,0
BRDA:556,80,1,0
BRDA:560,81,0,0
BRDA:560,81,1,0
BRDA:568,82,0,2
BRDA:568,82,1,0
BRDA:572,83,0,2
BRDA:572,83,1,0
BRDA:574,84,0,0
BRDA:574,84,1,2
BRDA:588,85,0,0
BRDA:588,85,1,0
BRDA:606,86,0,0
BRDA:606,86,1,2
BRDA:615,87,0,0
BRDA:615,87,1,2
BRDA:615,88,0,2
BRDA:615,88,1,0
BRDA:616,89,0,0
BRDA:616,89,1,0
BRDA:620,90,0,0
BRDA:620,90,1,0
BRDA:633,91,0,0
BRDA:633,91,1,2
BRDA:636,92,0,0
BRDA:636,92,1,0
BRDA:641,93,0,0
BRDA:641,93,1,2
BRDA:642,94,0,2
BRDA:642,94,1,0
BRDA:642,94,2,0
BRDA:642,94,3,0
BRDA:642,94,4,0
BRDA:642,94,5,0
BRDA:654,95,0,0
BRDA:654,95,1,0
BRDA:667,96,0,0
BRDA:667,96,1,0
BRDA:668,97,0,0
BRDA:668,97,1,0
BRDA:669,98,0,0
BRDA:669,98,1,0
BRDA:669,98,2,0
BRDA:694,99,0,0
BRDA:694,99,1,0
BRDA:696,100,0,0
BRDA:696,100,1,0
BRDA:702,101,0,0
BRDA:702,101,1,0
BRDA:704,102,0,0
BRDA:704,102,1,0
BRDA:716,103,0,0
BRDA:716,103,1,2
BRDA:720,104,0,0
BRDA:720,104,1,2
BRDA:741,105,0,0
BRDA:741,105,1,0
BRDA:743,106,0,0
BRDA:743,106,1,0
BRDA:743,107,0,0
BRDA:743,107,1,0
BRDA:747,108,0,0
BRDA:747,108,1,0
BRDA:758,109,0,0
BRDA:758,109,1,0
BRDA:780,110,0,1
BRDA:780,110,1,0
BRDA:780,111,0,1
BRDA:780,111,1,0
BRDA:781,112,0,0
BRDA:781,112,1,1
BRDA:782,113,0,1
BRDA:782,113,1,0
BRDA:782,114,0,1
BRDA:782,114,1,1
BRDA:782,115,0,1
BRDA:782,115,1,0
BRDA:783,116,0,0
BRDA:783,116,1,1
BRDA:785,117,0,1
BRDA:785,117,1,0
BRDA:788,118,0,0
BRDA:788,118,1,0
BRDA:795,119,0,205
BRDA:795,119,1,205
BRDA:795,119,2,205
BRDA:805,120,0,1
BRDA:805,120,1,0
BRDA:846,121,0,0
BRDA:846,121,1,0
BRDA:846,122,0,0
BRDA:846,122,1,0
BRDA:846,123,0,0
BRDA:846,123,1,0
BRDA:846,124,0,0
BRDA:846,124,1,0
BRDA:847,125,0,0
BRDA:847,125,1,0
BRDA:847,126,0,0
BRDA:847,126,1,0
BRDA:848,127,0,0
BRDA:848,127,1,0
BRDA:850,128,0,0
BRDA:850,128,1,0
BRDA:853,129,0,0
BRDA:853,129,1,0
BRDA:853,129,2,0
BRDA:855,130,0,0
BRDA:855,130,1,0
BRDA:857,131,0,0
BRDA:857,131,1,0
BRDA:857,132,0,0
BRDA:857,132,1,0
BRDA:857,133,0,0
BRDA:857,133,1,0
BRDA:857,134,0,0
BRDA:857,134,1,0
BRDA:859,135,0,0
BRDA:859,135,1,0
BRDA:861,136,0,0
BRDA:861,136,1,0
BRDA:862,137,0,0
BRDA:862,137,1,0
BRDA:862,138,0,0
BRDA:862,138,1,0
BRDA:884,139,0,0
BRDA:884,139,1,0
BRDA:894,140,0,0
BRDA:894,140,1,1
BRDA:916,141,0,0
BRDA:916,141,1,0
BRDA:917,142,0,0
BRDA:917,142,1,0
BRDA:917,142,2,0
BRDA:953,143,0,0
BRDA:953,143,1,2
BRDA:965,144,0,0
BRDA:965,144,1,0
BRDA:965,145,0,0
BRDA:965,145,1,0
BRDA:979,146,0,1
BRDA:979,146,1,0
BRDA:979,146,2,0
BRDA:1001,147,0,1
BRDA:1001,147,1,0
BRDA:1001,148,0,1
BRDA:1001,148,1,1
BRDA:1001,149,0,0
BRDA:1001,149,1,0
BRDA:1001,150,0,0
BRDA:1001,150,1,0
BRDA:1001,150,2,0
BRDA:1001,150,3,0
BRDA:1012,151,0,0
BRDA:1012,151,1,1
BRDA:1012,152,0,1
BRDA:1012,152,1,1
BRDA:1017,153,0,0
BRDA:1017,153,1,1
BRDA:1186,154,0,0
BRDA:1186,154,1,0
BRDA:1188,155,0,0
BRDA:1188,155,1,0
BRDA:1189,156,0,0
BRDA:1189,156,1,0
BRDA:1189,157,0,0
BRDA:1189,157,1,0
BRDA:1195,158,0,0
BRDA:1195,158,1,0
BRDA:1199,159,0,0
BRDA:1199,159,1,0
BRDA:1202,160,0,0
BRDA:1202,160,1,0
BRDA:1212,161,0,0
BRDA:1212,161,1,0
BRDA:1212,162,0,0
BRDA:1212,162,1,0
BRDA:1212,162,2,0
BRDA:1217,163,0,0
BRDA:1217,163,1,0
BRDA:1228,164,0,0
BRDA:1228,164,1,0
BRDA:1228,164,2,0
BRDA:1228,164,3,0
BRDA:1238,165,0,1
BRDA:1238,165,1,1
BRDA:1241,166,0,3
BRDA:1241,166,1,3
BRDA:1241,167,0,2
BRDA:1241,167,1,1
BRDA:1244,168,0,0
BRDA:1244,168,1,1
BRDA:1257,169,0,0
BRDA:1257,169,1,0
BRDA:1270,170,0,0
BRDA:1270,170,1,0
BRDA:1272,171,0,0
BRDA:1272,171,1,0
BRDA:1272,172,0,0
BRDA:1272,172,1,0
BRDA:1272,172,2,0
BRDA:1273,173,0,0
BRDA:1273,173,1,0
BRDA:1273,174,0,0
BRDA:1273,174,1,0
BRDA:1274,175,0,0
BRDA:1274,175,1,0
BRDA:1274,176,0,0
BRDA:1274,176,1,0
BRDA:1274,176,2,0
BRDA:1310,177,0,2
BRDA:1310,177,1,1
BRDA:1321,178,0,0
BRDA:1321,178,1,0
BRDA:1323,179,0,0
BRDA:1323,179,1,0
BRDA:1331,180,0,1
BRDA:1331,180,1,0
BRDA:1346,181,0,1
BRDA:1346,181,1,0
BRDA:1346,182,0,1
BRDA:1346,182,1,1
BRDA:1346,183,0,0
BRDA:1346,183,1,0
BRDA:1346,184,0,0
BRDA:1346,184,1,0
BRDA:1346,184,2,0
BRDA:1346,184,3,0
BRDA:1361,185,0,0
BRDA:1361,185,1,1
BRDA:1361,186,0,1
BRDA:1361,186,1,1
BRDA:1381,187,0,0
BRDA:1381,187,1,0
BRDA:1389,188,0,0
BRDA:1389,188,1,0
BRDA:1395,189,0,0
BRDA:1395,189,1,0
BRDA:1397,190,0,0
BRDA:1397,190,1,0
BRDA:1414,191,0,0
BRDA:1414,191,1,0
BRDA:1414,192,0,0
BRDA:1414,192,1,0
BRDA:1416,193,0,0
BRDA:1416,193,1,0
BRDA:1419,194,0,0
BRDA:1419,194,1,0
BRDA:1428,195,0,0
BRDA:1428,195,1,0
BRDA:1438,196,0,0
BRDA:1438,196,1,0
BRDA:1439,197,0,0
BRDA:1439,197,1,0
BRDA:1440,198,0,0
BRDA:1440,198,1,0
BRDA:1441,199,0,0
BRDA:1441,199,1,0
BRDA:1443,200,0,0
BRDA:1443,200,1,0
BRDA:1449,201,0,0
BRDA:1449,201,1,0
BRDA:1449,202,0,0
BRDA:1449,202,1,0
BRDA:1456,203,0,0
BRDA:1456,203,1,0
BRDA:1465,204,0,0
BRDA:1465,204,1,0
BRDA:1470,205,0,0
BRDA:1470,205,1,0
BRDA:1472,206,0,0
BRDA:1472,206,1,0
BRDA:1480,207,0,0
BRDA:1480,207,1,0
BRDA:1484,208,0,0
BRDA:1484,208,1,0
BRDA:1488,209,0,0
BRDA:1488,209,1,0
BRDA:1492,210,0,0
BRDA:1492,210,1,0
BRDA:1492,211,0,0
BRDA:1492,211,1,0
BRDA:1497,212,0,0
BRDA:1497,212,1,0
BRDA:1497,213,0,0
BRDA:1497,213,1,0
BRDA:1512,214,0,0
BRDA:1512,214,1,0
BRDA:1519,215,0,0
BRDA:1519,215,1,0
BRDA:1519,216,0,0
BRDA:1519,216,1,0
BRDA:1521,217,0,0
BRDA:1521,217,1,0
BRDA:1521,218,0,0
BRDA:1521,218,1,0
BRDA:1529,219,0,0
BRDA:1529,219,1,0
BRDA:1530,220,0,0
BRDA:1530,220,1,0
BRDA:1532,221,0,0
BRDA:1532,221,1,0
BRDA:1537,222,0,0
BRDA:1537,222,1,0
BRDA:1546,223,0,0
BRDA:1546,223,1,0
BRDA:1546,224,0,0
BRDA:1546,224,1,0
BRDA:1554,225,0,0
BRDA:1554,225,1,0
BRDA:1556,226,0,0
BRDA:1556,226,1,0
BRDA:1558,227,0,0
BRDA:1558,227,1,0
BRDA:1560,228,0,0
BRDA:1560,228,1,0
BRDA:1562,229,0,0
BRDA:1562,229,1,0
BRDA:1562,229,2,0
BRDA:1562,229,3,0
BRDA:1562,229,4,0
BRDA:1562,229,5,0
BRDA:1594,230,0,0
BRDA:1594,230,1,0
BRDA:1604,231,0,0
BRDA:1604,231,1,0
BRDA:1607,232,0,0
BRDA:1607,232,1,0
BRDA:1618,233,0,1
BRDA:1618,233,1,0
BRDA:1630,234,0,1
BRDA:1630,234,1,0
BRDA:1631,235,0,0
BRDA:1631,235,1,0
BRDA:1657,236,0,0
BRDA:1657,236,1,0
BRDA:1657,237,0,0
BRDA:1657,237,1,0
BRDA:1659,238,0,0
BRDA:1659,238,1,0
BRDA:1660,239,0,0
BRDA:1660,239,1,0
BRDA:1671,240,0,0
BRDA:1671,240,1,0
BRDA:1693,241,0,0
BRDA:1693,241,1,0
BRDA:1693,242,0,0
BRDA:1693,242,1,0
BRDA:1696,243,0,0
BRDA:1696,243,1,0
BRDA:1698,244,0,0
BRDA:1698,244,1,0
BRDA:1698,245,0,0
BRDA:1698,245,1,0
BRDA:1699,246,0,0
BRDA:1699,246,1,0
BRDA:1699,247,0,0
BRDA:1699,247,1,0
BRDA:1699,247,2,0
BRDA:1700,248,0,0
BRDA:1700,248,1,0
BRDA:1739,249,0,1
BRDA:1739,249,1,0
BRDA:1741,250,0,0
BRDA:1741,250,1,0
BRDA:1748,251,0,0
BRDA:1748,251,1,0
BRDA:1772,252,0,0
BRDA:1772,252,1,0
BRDA:1774,253,0,0
BRDA:1774,253,1,0
BRDA:1779,254,0,0
BRDA:1779,254,1,0
BRDA:1779,255,0,0
BRDA:1779,255,1,0
BRDA:1820,256,0,0
BRDA:1820,256,1,0
BRDA:1827,257,0,0
BRDA:1827,257,1,0
BRDA:1830,258,0,0
BRDA:1830,258,1,0
BRDA:1862,259,0,1
BRDA:1862,259,1,0
BRDA:1865,260,0,0
BRDA:1865,260,1,0
BRDA:1868,261,0,0
BRDA:1868,261,1,0
BRDA:1892,262,0,0
BRDA:1892,262,1,0
BRDA:1923,263,0,0
BRDA:1923,263,1,0
BRDA:1923,264,0,0
BRDA:1923,264,1,0
BRDA:1924,265,0,0
BRDA:1924,265,1,0
BRDA:1927,266,0,0
BRDA:1927,266,1,0
BRDA:1927,267,0,0
BRDA:1927,267,1,0
BRDA:1929,268,0,0
BRDA:1929,268,1,0
BRDA:1929,269,0,0
BRDA:1929,269,1,0
BRDA:1930,270,0,0
BRDA:1930,270,1,0
BRDA:1931,271,0,0
BRDA:1931,271,1,0
BRDA:1931,271,2,0
BRDA:1931,271,3,0
BRDA:1931,271,4,0
BRDA:1940,272,0,0
BRDA:1940,272,1,0
BRDA:1940,273,0,0
BRDA:1940,273,1,0
BRDA:1946,274,0,0
BRDA:1946,274,1,1
BRDA:1946,275,0,1
BRDA:1946,275,1,1
BRDA:1946,275,2,1
BRDA:1948,276,0,0
BRDA:1948,276,1,0
BRDA:1950,277,0,0
BRDA:1950,277,1,0
BRDA:1950,278,0,0
BRDA:1950,278,1,0
BRDA:1952,279,0,0
BRDA:1952,279,1,0
BRDA:1955,280,0,0
BRDA:1955,280,1,0
BRDA:1962,281,0,0
BRDA:1962,281,1,0
BRDA:1962,282,0,0
BRDA:1962,282,1,0
BRDA:1982,283,0,0
BRDA:1982,283,1,0
BRDA:1982,284,0,0
BRDA:1982,284,1,0
BRDA:1982,284,2,0
BRDA:1982,284,3,0
BRDA:1982,284,4,0
BRDA:1996,285,0,1
BRDA:1996,285,1,0
BRDA:2012,286,0,0
BRDA:2012,286,1,0
BRDA:2038,287,0,0
BRDA:2038,287,1,0
BRDA:2057,288,0,0
BRDA:2057,288,1,1
BRDA:2057,289,0,1
BRDA:2057,289,1,1
BRDA:2059,290,0,0
BRDA:2059,290,1,1
BRDA:2129,291,0,0
BRDA:2129,291,1,0
BRDA:2130,292,0,0
BRDA:2130,292,1,0
BRDA:2139,293,0,0
BRDA:2139,293,1,0
BRDA:2140,294,0,0
BRDA:2140,294,1,0
BRDA:2141,295,0,0
BRDA:2141,295,1,0
BRDA:2146,296,0,0
BRDA:2146,296,1,0
BRDA:2146,296,2,0
BRDA:2147,297,0,0
BRDA:2147,297,1,0
BRDA:2147,297,2,0
BRDA:2149,298,0,0
BRDA:2149,298,1,0
BRDA:2149,299,0,0
BRDA:2149,299,1,0
BRDA:2149,299,2,0
BRDA:2153,300,0,0
BRDA:2153,300,1,0
BRDA:2153,301,0,0
BRDA:2153,301,1,0
BRDA:2154,302,0,0
BRDA:2154,302,1,0
BRDA:2155,303,0,0
BRDA:2155,303,1,0
BRDA:2156,304,0,0
BRDA:2156,304,1,0
BRDA:2156,305,0,0
BRDA:2156,305,1,0
BRDA:2169,306,0,0
BRDA:2169,306,1,0
BRDA:2177,307,0,0
BRDA:2177,307,1,0
BRDA:2179,308,0,0
BRDA:2179,308,1,0
BRDA:2188,309,0,0
BRDA:2188,310,0,0
BRDA:2188,310,1,0
BRDA:2188,310,2,0
BRDA:2193,311,0,0
BRDA:2193,311,1,0
BRDA:2198,312,0,0
BRDA:2198,312,1,0
BRDA:2207,313,0,0
BRDA:2207,313,1,0
BRDA:2207,314,0,0
BRDA:2207,314,1,0
BRDA:2211,315,0,0
BRDA:2211,315,1,0
BRDA:2218,316,0,0
BRDA:2218,316,1,0
BRDA:2226,317,0,0
BRDA:2226,317,1,0
BRDA:2237,318,0,0
BRDA:2237,318,1,0
BRDA:2237,319,0,0
BRDA:2237,319,1,0
BRDA:2260,320,0,0
BRDA:2260,320,1,0
BRDA:2261,321,0,0
BRDA:2261,321,1,0
BRDA:2289,322,0,0
BRDA:2289,322,1,1
BRDA:2289,323,0,1
BRDA:2289,323,1,1
BRDA:2308,324,0,0
BRDA:2308,324,1,6
BRDA:2337,325,0,3
BRDA:2337,325,1,0
BRDA:2344,326,0,1
BRDA:2344,326,1,0
BRDA:2344,327,0,1
BRDA:2344,327,1,1
BRDA:2356,328,0,0
BRDA:2356,328,1,0
BRDA:2357,329,0,0
BRDA:2357,329,1,0
BRDA:2358,330,0,0
BRDA:2358,330,1,0
BRDA:2358,331,0,0
BRDA:2358,331,1,0
BRDA:2358,331,2,0
BRDA:2358,331,3,0
BRDA:2362,332,0,0
BRDA:2362,332,1,0
BRDA:2362,333,0,0
BRDA:2362,333,1,0
BRDA:2368,334,0,1
BRDA:2368,334,1,2
BRDA:2368,335,0,3
BRDA:2368,335,1,3
BRDA:2480,336,0,0
BRDA:2480,336,1,0
BRDA:2496,337,0,0
BRDA:2496,337,1,0
BRDA:2522,338,0,0
BRDA:2522,338,1,0
BRDA:2522,339,0,0
BRDA:2522,339,1,0
BRDA:2526,340,0,0
BRDA:2526,340,1,0
BRDA:2530,341,0,0
BRDA:2530,341,1,0
BRDA:2536,342,0,0
BRDA:2536,342,1,0
BRDA:2538,343,0,0
BRDA:2538,343,1,0
BRDA:2547,344,0,0
BRDA:2547,344,1,0
BRDA:2553,345,0,0
BRDA:2553,345,1,0
BRDA:2553,346,0,0
BRDA:2553,346,1,0
BRDA:2558,347,0,0
BRDA:2558,347,1,0
BRDA:2558,348,0,0
BRDA:2558,348,1,0
BRDA:2568,349,0,0
BRDA:2568,349,1,0
BRDA:2568,350,0,0
BRDA:2568,350,1,0
BRDA:2570,351,0,0
BRDA:2570,351,1,0
BRDA:2579,352,0,0
BRDA:2579,352,1,0
BRDA:2607,353,0,0
BRDA:2607,353,1,0
BRDA:2616,354,0,0
BRDA:2616,354,1,0
BRDA:2616,355,0,0
BRDA:2616,355,1,0
BRDA:2622,356,0,0
BRDA:2622,356,1,0
BRDA:2629,357,0,0
BRDA:2629,357,1,0
BRDA:2629,358,0,0
BRDA:2629,358,1,0
BRDA:2629,358,2,0
BRDA:2632,359,0,0
BRDA:2632,359,1,0
BRDA:2637,360,0,0
BRDA:2637,360,1,0
BRDA:2642,361,0,0
BRDA:2642,361,1,0
BRDA:2649,362,0,0
BRDA:2649,362,1,0
BRDA:2652,363,0,0
BRDA:2652,363,1,0
BRDA:2652,364,0,0
BRDA:2652,364,1,0
BRDA:2661,365,0,0
BRDA:2661,365,1,0
BRDA:2665,366,0,0
BRDA:2665,366,1,0
BRDA:2742,367,0,0
BRDA:2742,367,1,0
BRDA:2742,368,0,0
BRDA:2742,368,1,0
BRDA:2745,369,0,1
BRDA:2745,369,1,0
BRDA:2745,370,0,0
BRDA:2745,370,1,0
BRDA:2754,371,0,0
BRDA:2754,371,1,0
BRDA:2771,372,0,1
BRDA:2771,372,1,0
BRDA:2792,373,0,0
BRDA:2792,373,1,0
BRDA:2794,374,0,0
BRDA:2794,374,1,0
BRDA:2795,375,0,0
BRDA:2795,375,1,0
BRDA:2804,376,0,0
BRDA:2804,376,1,0
BRDA:2805,377,0,0
BRDA:2805,377,1,0
BRDA:2856,378,0,0
BRDA:2856,378,1,0
BRDA:2883,379,0,0
BRDA:2883,379,1,0
BRDA:2883,380,0,0
BRDA:2883,380,1,0
BRDA:2890,381,0,0
BRDA:2890,381,1,0
BRDA:2894,382,0,0
BRDA:2894,382,1,0
BRDA:2894,383,0,0
BRDA:2894,383,1,0
BRDA:2899,384,0,0
BRDA:2899,384,1,0
BRDA:2909,385,0,0
BRDA:2909,385,1,0
BRDA:2909,386,0,0
BRDA:2909,386,1,0
BRDA:2948,387,0,3
BRDA:2948,387,1,1
BRDA:2948,388,0,4
BRDA:2948,388,1,4
BRDA:3015,389,0,0
BRDA:3015,389,1,0
BRDA:3016,390,0,0
BRDA:3016,390,1,0
BRDA:3017,391,0,0
BRDA:3017,391,1,0
BRDA:3035,392,0,0
BRDA:3035,392,1,0
BRDA:3039,393,0,0
BRDA:3039,393,1,0
BRDA:3041,394,0,0
BRDA:3041,394,1,0
BRDA:3048,395,0,0
BRDA:3048,395,1,0
BRDA:3058,396,0,0
BRDA:3058,396,1,0
BRDA:3059,397,0,0
BRDA:3059,397,1,0
BRDA:3059,398,0,0
BRDA:3059,398,1,0
BRDA:3060,399,0,0
BRDA:3060,399,1,0
BRDA:3069,400,0,0
BRDA:3069,400,1,0
BRDA:3073,401,0,0
BRDA:3073,401,1,0
BRDA:3074,402,0,0
BRDA:3074,402,1,0
BRDA:3078,403,0,0
BRDA:3078,403,1,0
BRDA:3079,404,0,0
BRDA:3079,404,1,0
BRDA:3081,405,0,0
BRDA:3081,405,1,0
BRDA:3088,406,0,0
BRDA:3088,406,1,0
BRDA:3088,407,0,0
BRDA:3088,407,1,0
BRDA:3088,407,2,0
BRDA:3088,407,3,0
BRDA:3095,408,0,0
BRDA:3095,408,1,0
BRDA:3102,409,0,0
BRDA:3102,409,1,0
BRDA:3112,410,0,0
BRDA:3112,410,1,0
BRDA:3112,411,0,0
BRDA:3112,411,1,0
BRDA:3114,412,0,0
BRDA:3114,412,1,0
BRDA:3122,413,0,0
BRDA:3122,413,1,0
BRDA:3134,414,0,0
BRDA:3134,414,1,0
BRDA:3136,415,0,0
BRDA:3136,415,1,0
BRDA:3149,416,0,0
BRDA:3149,416,1,0
BRDA:3149,417,0,0
BRDA:3149,417,1,0
BRDA:3170,418,0,0
BRDA:3170,418,1,0
BRDA:3172,419,0,0
BRDA:3172,419,1,0
BRDA:3174,420,0,0
BRDA:3174,420,1,0
BRDA:3199,421,0,0
BRDA:3199,421,1,1
BRDA:3213,422,0,0
BRDA:3213,422,1,1
BRDA:3215,423,0,0
BRDA:3215,423,1,1
BRDA:3244,424,0,0
BRDA:3244,424,1,0
BRDA:3249,425,0,0
BRDA:3249,425,1,0
BRDA:3257,426,0,0
BRDA:3257,426,1,0
BRDA:3275,427,0,0
BRDA:3275,427,1,1
BRDA:3275,428,0,1
BRDA:3275,428,1,1
BRDA:3282,429,0,0
BRDA:3282,429,1,0
BRDA:3284,430,0,0
BRDA:3284,430,1,0
BRDA:3297,431,0,0
BRDA:3297,431,1,0
BRDA:3314,432,0,0
BRDA:3314,432,1,0
BRDA:3314,433,0,0
BRDA:3314,433,1,0
BRDA:3320,434,0,0
BRDA:3320,434,1,0
BRDA:3334,435,0,0
BRDA:3334,435,1,0
BRDA:3337,436,0,0
BRDA:3337,436,1,0
BRDA:3337,437,0,0
BRDA:3337,437,1,0
BRDA:3343,438,0,0
BRDA:3343,438,1,0
BRDA:3344,439,0,0
BRDA:3344,439,1,0
BRDA:3344,440,0,0
BRDA:3344,440,1,0
BRDA:3351,441,0,0
BRDA:3351,441,1,0
BRDA:3359,442,0,0
BRDA:3359,442,1,0
BRDA:3359,443,0,0
BRDA:3359,443,1,0
BRDA:3362,444,0,0
BRDA:3362,444,1,0
BRDA:3372,445,0,0
BRDA:3372,445,1,0
BRDA:3372,446,0,0
BRDA:3372,446,1,0
BRDA:3372,446,2,0
BRDA:3378,447,0,0
BRDA:3378,447,1,0
BRDA:3391,448,0,0
BRDA:3391,448,1,0
BRDA:3393,449,0,0
BRDA:3393,449,1,0
BRDA:3394,450,0,0
BRDA:3394,450,1,0
BRDA:3402,451,0,0
BRDA:3402,451,1,0
BRDA:3407,452,0,0
BRDA:3407,452,1,0
BRDA:3415,453,0,0
BRDA:3415,453,1,0
BRDA:3416,454,0,0
BRDA:3416,454,1,0
BRDA:3420,455,0,0
BRDA:3420,455,1,0
BRDA:3421,456,0,0
BRDA:3421,456,1,0
BRDA:3434,457,0,0
BRDA:3434,457,1,0
BRDA:3435,458,0,0
BRDA:3435,458,1,0
BRDA:3435,458,2,0
BRDA:3435,459,0,0
BRDA:3435,459,1,0
BRDA:3446,460,0,0
BRDA:3446,460,1,0
BRDA:3447,461,0,0
BRDA:3447,461,1,0
BRDA:3449,462,0,0
BRDA:3449,462,1,0
BRDA:3456,463,0,1
BRDA:3456,463,1,0
BRDA:3459,464,0,0
BRDA:3459,464,1,0
BRDA:3462,465,0,0
BRDA:3462,465,1,0
BRDA:3462,466,0,0
BRDA:3462,466,1,0
BRDA:3463,467,0,0
BRDA:3463,467,1,0
BRDA:3463,468,0,0
BRDA:3463,468,1,0
BRDA:3478,469,0,1
BRDA:3478,469,1,0
BRDA:3478,470,0,1
BRDA:3478,470,1,1
BRDA:3478,471,0,0
BRDA:3478,471,1,0
BRDA:3478,472,0,0
BRDA:3478,472,1,0
BRDA:3478,472,2,0
BRDA:3478,472,3,0
BRDA:3510,473,0,1
BRDA:3510,473,1,0
BRDA:3513,474,0,1
BRDA:3513,474,1,0
BRDA:3516,475,0,1
BRDA:3516,475,1,1
BRDA:3625,476,0,0
BRDA:3625,476,1,0
BRDA:3630,477,0,0
BRDA:3630,477,1,0
BRDA:3631,478,0,0
BRDA:3631,478,1,0
BRDA:3632,479,0,0
BRDA:3632,479,1,0
BRDA:3632,480,0,0
BRDA:3632,480,1,0
BRDA:3633,481,0,0
BRDA:3633,481,1,0
BRDA:3637,482,0,0
BRDA:3637,482,1,0
BRDA:3646,483,0,0
BRDA:3646,483,1,0
BRDA:3650,484,0,0
BRDA:3650,484,1,0
BRDA:3655,485,0,0
BRDA:3655,485,1,0
BRDA:3687,486,0,0
BRDA:3687,486,1,0
BRDA:3714,487,0,0
BRDA:3714,487,1,0
BRDA:3770,488,0,0
BRDA:3770,488,1,0
BRDA:3771,489,0,0
BRDA:3771,489,1,0
BRDA:3772,490,0,0
BRDA:3772,490,1,0
BRDA:3778,491,0,0
BRDA:3778,491,1,0
BRDA:3785,492,0,0
BRDA:3785,492,1,0
BRDA:3790,493,0,0
BRDA:3790,493,1,0
BRDA:3792,494,0,0
BRDA:3792,494,1,0
BRDA:3795,495,0,0
BRDA:3795,495,1,0
BRDA:3802,496,0,0
BRDA:3802,496,1,0
BRDA:3802,497,0,0
BRDA:3802,497,1,0
BRDA:3836,498,0,0
BRDA:3836,498,1,0
BRDA:3852,499,0,0
BRDA:3852,499,1,0
BRDA:3859,500,0,0
BRDA:3859,500,1,0
BRDA:3893,501,0,0
BRDA:3893,501,1,0
BRDA:3895,502,0,0
BRDA:3895,502,1,0
BRDA:3902,503,0,0
BRDA:3902,503,1,0
BRDA:3930,504,0,0
BRDA:3930,504,1,0
BRDA:3933,505,0,0
BRDA:3933,505,1,0
BRDA:3933,506,0,0
BRDA:3933,506,1,0
BRDA:3950,507,0,0
BRDA:3950,507,1,0
BRDA:3950,508,0,0
BRDA:3950,508,1,0
BRDA:3971,509,0,0
BRDA:3971,509,1,0
BRDA:3984,510,0,0
BRDA:3984,510,1,0
BRDA:3991,511,0,0
BRDA:3991,511,1,0
BRDA:3994,512,0,0
BRDA:3994,512,1,0
BRDA:3998,513,0,0
BRDA:3998,513,1,0
BRDA:3999,514,0,0
BRDA:3999,514,1,0
BRDA:4008,515,0,0
BRDA:4008,515,1,0
BRDA:4037,516,0,0
BRDA:4037,516,1,0
BRDA:4042,517,0,0
BRDA:4042,517,1,0
BRDA:4098,518,0,0
BRDA:4098,518,1,0
BRDA:4098,519,0,0
BRDA:4098,519,1,0
BRDA:4122,520,0,0
BRDA:4122,520,1,0
BRDA:4122,521,0,0
BRDA:4122,521,1,0
BRDA:4142,522,0,0
BRDA:4142,522,1,0
BRDA:4157,523,0,0
BRDA:4157,523,1,0
BRDA:4179,524,0,0
BRDA:4179,524,1,0
BRDA:4186,525,0,0
BRDA:4186,525,1,0
BRDA:4193,526,0,0
BRDA:4193,526,1,0
BRDA:4200,527,0,0
BRDA:4200,527,1,0
BRDA:4226,528,0,0
BRDA:4226,528,1,0
BRDA:4229,529,0,0
BRDA:4229,529,1,0
BRDA:4232,530,0,0
BRDA:4232,530,1,0
BRDA:4235,531,0,0
BRDA:4235,531,1,0
BRDA:4254,532,0,0
BRDA:4254,532,1,0
BRDA:4259,533,0,0
BRDA:4259,533,1,0
BRDA:4259,534,0,0
BRDA:4259,534,1,0
BRDA:4266,535,0,0
BRDA:4266,535,1,0
BRDA:4269,536,0,0
BRDA:4269,536,1,0
BRDA:4276,537,0,0
BRDA:4276,537,1,0
BRDA:4276,538,0,0
BRDA:4276,538,1,0
BRDA:4290,539,0,0
BRDA:4290,539,1,0
BRDA:4290,540,0,0
BRDA:4290,540,1,0
BRDA:4290,540,2,0
BRDA:4290,540,3,0
BRDA:4294,541,0,0
BRDA:4294,541,1,0
BRDA:4317,542,0,0
BRDA:4317,542,1,0
BRDA:4319,543,0,0
BRDA:4319,543,1,0
BRDA:4321,544,0,0
BRDA:4321,544,1,0
BRDA:4323,545,0,0
BRDA:4323,545,1,0
BRDA:4342,546,0,0
BRDA:4342,546,1,0
BRDA:4347,547,0,0
BRDA:4347,547,1,0
BRDA:4352,548,0,0
BRDA:4352,548,1,0
BRDA:4358,549,0,0
BRDA:4358,549,1,0
BRDA:4369,550,0,0
BRDA:4369,550,1,0
BRDA:4370,551,0,0
BRDA:4370,551,1,0
BRDA:4371,552,0,0
BRDA:4371,552,1,0
BRDA:4372,553,0,0
BRDA:4372,553,1,0
BRDA:4373,554,0,0
BRDA:4373,554,1,0
BRDA:4381,555,0,0
BRDA:4381,555,1,0
BRDA:4385,556,0,0
BRDA:4385,556,1,0
BRDA:4390,557,0,0
BRDA:4390,557,1,0
BRDA:4474,558,0,0
BRDA:4474,558,1,0
BRDA:4505,559,0,0
BRDA:4505,559,1,0
BRDA:4505,560,0,0
BRDA:4505,560,1,0
BRDA:4518,561,0,0
BRDA:4518,561,1,0
BRDA:4522,562,0,0
BRDA:4522,562,1,0
BRDA:4525,563,0,0
BRDA:4525,563,1,0
BRDA:4525,564,0,0
BRDA:4525,564,1,0
BRDA:4533,565,0,0
BRDA:4533,565,1,0
BRDA:4533,566,0,0
BRDA:4533,566,1,0
BRDA:4533,566,2,0
BRDA:4551,567,0,0
BRDA:4551,567,1,0
BRDA:4554,568,0,0
BRDA:4554,568,1,0
BRDA:4557,569,0,0
BRDA:4557,569,1,0
BRDA:4569,570,0,0
BRDA:4569,570,1,0
BRDA:4569,570,2,0
BRDA:4574,571,0,0
BRDA:4574,571,1,0
BRDA:4574,572,0,0
BRDA:4574,572,1,0
BRDA:4590,573,0,0
BRDA:4590,573,1,0
BRDA:4629,574,0,0
BRDA:4629,574,1,0
BRDA:4629,575,0,0
BRDA:4629,575,1,0
BRDA:4653,576,0,0
BRDA:4653,576,1,0
BRDA:4683,577,0,0
BRDA:4683,577,1,0
BRDA:4684,578,0,0
BRDA:4684,578,1,0
BRDA:4699,579,0,0
BRDA:4699,579,1,1
BRDA:4705,580,0,0
BRDA:4705,580,1,0
BRDA:4705,581,0,0
BRDA:4705,581,1,0
BRDA:4712,582,0,0
BRDA:4712,582,1,0
BRDA:4712,583,0,0
BRDA:4712,583,1,0
BRDA:4721,584,0,0
BRDA:4721,584,1,0
BRDA:4721,585,0,0
BRDA:4721,585,1,0
BRDA:4790,586,0,3
BRDA:4790,586,1,0
BRDA:4935,587,0,0
BRDA:4935,587,1,0
BRDA:4935,588,0,0
BRDA:4935,588,1,0
BRDA:4975,589,0,0
BRDA:4975,589,1,1
BRDA:5047,590,0,0
BRDA:5047,590,1,1
BRDA:5061,591,0,0
BRDA:5061,591,1,1
BRDA:5063,592,0,0
BRDA:5063,592,1,1
BRF:1240
BRH:149
end_of_record
