TN:
SF:lib\tip\index.js
FN:2,(anonymous_0)
FN:7,__webpack_require__
FN:38,(anonymous_2)
FN:45,(anonymous_3)
FN:57,(anonymous_4)
FN:64,(anonymous_5)
FN:69,(anonymous_6)
FN:71,getDefault
FN:72,getModuleExports
FN:78,(anonymous_9)
FN:90,(anonymous_10)
FN:93,(anonymous_11)
FN:100,normalizeComponent
FN:134,(anonymous_13)
FN:158,(anonymous_14)
FN:169,renderWithStyleInjection
FN:191,(anonymous_16)
FN:197,(anonymous_17)
FN:205,(anonymous_18)
FN:205,(anonymous_19)
FN:216,_interopRequireDefault
FN:389,isScroll
FN:398,getScrollContainer
FN:415,isInContainer
FN:437,(anonymous_24)
FN:445,(anonymous_25)
FN:445,(anonymous_26)
FN:460,_interopRequireDefault
FN:464,noop
FN:466,hasOwn
FN:470,extend
FN:477,toObject
FN:487,getValueByPath
FN:505,getPropByPath
FN:531,generateId
FN:535,valueEquals
FN:547,escapeRegexpString
FN:553,arrayFindIndex
FN:562,arrayFind
FN:568,coerceTruthyValueToArray
FN:578,isIE
FN:582,isEdge
FN:586,isFirefox
FN:590,autoprefixer
FN:594,(anonymous_44)
FN:597,(anonymous_45)
FN:605,kebabCase
FN:610,capitalize
FN:615,looseEqual
FN:627,arrayEquals
FN:644,isEqual
FN:651,isEmpty
FN:684,rafThrottle
FN:686,(anonymous_53)
FN:695,(anonymous_54)
FN:702,objToArray
FN:711,(anonymous_56)
FN:721,(anonymous_57)
FN:724,toString
FN:725,(anonymous_59)
FN:737,(anonymous_60)
FN:773,cssWithMappingToString
FN:783,(anonymous_62)
FN:793,toComment
FN:802,(anonymous_64)
FN:811,(anonymous_65)
FN:814,(anonymous_66)
FN:820,(anonymous_67)
FN:829,(anonymous_68)
FN:836,(anonymous_69)
FN:839,(anonymous_70)
FN:872,(anonymous_71)
FN:895,update
FN:923,addStylesToDom
FN:950,listToStyles
FN:969,insertStyleElement
FN:997,removeStyleElement
FN:1007,createStyleElement
FN:1027,createLinkElement
FN:1041,addAttrs
FN:1042,(anonymous_80)
FN:1047,getNonce
FN:1053,addStyle
FN:1069,(anonymous_83)
FN:1093,(anonymous_84)
FN:1101,(anonymous_85)
FN:1108,updateStyle
FN:1125,(anonymous_87)
FN:1128,(anonymous_88)
FN:1135,applyToSingletonTag
FN:1154,applyToTag
FN:1173,updateLink
FN:1207,(anonymous_92)
FN:1227,(anonymous_93)
FN:1234,(anonymous_94)
FN:1247,_interopRequireDefault
FN:1249,(anonymous_96)
FN:1250,stop
FN:1293,_default
FN:1301,data
FN:1312,handler
FN:1318,showPopper
FN:1326,createPopper
FN:1354,(anonymous_103)
FN:1365,updatePopper
FN:1376,doDestroy
FN:1382,destroyPopper
FN:1387,resetTransformOrigin
FN:1399,appendArrow
FN:1425,beforeDestroy
FN:1435,deactivated
FN:1442,(anonymous_111)
FN:1449,(anonymous_112)
FN:1479,_interopRequireDefault
FN:1489,(anonymous_114)
FN:1492,(anonymous_115)
FN:1497,__webpack_require__
FN:1528,(anonymous_117)
FN:1535,(anonymous_118)
FN:1547,(anonymous_119)
FN:1554,(anonymous_120)
FN:1559,(anonymous_121)
FN:1561,getDefault
FN:1562,getModuleExports
FN:1568,(anonymous_124)
FN:1581,(anonymous_125)
FN:1641,_default
FN:1662,data
FN:1669,beforeCreate
FN:1676,render
FN:1681,(anonymous_130)
FN:1685,render
FN:1703,mouseleave
FN:1706,mouseenter
FN:1735,mounted
FN:1744,(anonymous_135)
FN:1761,(anonymous_136)
FN:1770,focusing
FN:1779,show
FN:1783,hide
FN:1787,handleFocus
FN:1791,handleBlur
FN:1795,removeFocusing
FN:1798,addTooltipClass
FN:1805,handleShowPopper
FN:1810,(anonymous_145)
FN:1815,(anonymous_146)
FN:1820,handleClosePopper
FN:1833,setExpectedState
FN:1839,getFirstElement
FN:1852,beforeDestroy
FN:1855,destroyed
FN:1879,(anonymous_152)
FN:1886,(anonymous_153)
FN:1893,(anonymous_154)
FN:1900,(anonymous_155)
FN:1907,(anonymous_156)
FN:1917,(anonymous_157)
FN:1924,(anonymous_158)
FN:1944,(anonymous_159)
FN:1964,wrapper
FN:1971,exec
FN:1978,clear
FN:2021,(anonymous_163)
FN:2047,_interopRequireDefault
FN:2089,beforeMount
FN:2093,beforeDestroy
FN:2099,data
FN:2111,visible
FN:2118,(anonymous_169)
FN:2131,open
FN:2148,(anonymous_171)
FN:2156,doOpen
FN:2205,doAfterOpen
FN:2208,close
FN:2222,(anonymous_175)
FN:2230,doClose
FN:2243,doAfterClose
FN:2247,restoreBodyStyle
FN:2260,(anonymous_179)
FN:2267,(anonymous_180)
FN:2287,(anonymous_181)
FN:2296,isString
FN:2300,isObject
FN:2304,isHtmlElement
FN:2308,isFunction
FN:2313,isUndefined
FN:2317,isDefined
FN:2323,(anonymous_188)
FN:2336,_interopRequireDefault
FN:2342,getModal
FN:2352,(anonymous_191)
FN:2357,(anonymous_192)
FN:2370,getInstance
FN:2374,register
FN:2380,deregister
FN:2387,nextZIndex
FN:2393,doOnModalClick
FN:2403,openModal
FN:2425,(anonymous_199)
FN:2429,(anonymous_200)
FN:2448,closeModal
FN:2457,(anonymous_202)
FN:2480,(anonymous_203)
FN:2494,get
FN:2501,set
FN:2506,getTopPopup
FN:2519,(anonymous_207)
FN:2534,(anonymous_208)
FN:2539,(anonymous_209)
FN:2539,(anonymous_210)
FN:2570,(anonymous_211)
FN:2579,(anonymous_212)
FN:2685,Popper
FN:2705,(anonymous_214)
FN:2739,(anonymous_215)
FN:2759,(anonymous_216)
FN:2786,(anonymous_217)
FN:2800,(anonymous_218)
FN:2812,(anonymous_219)
FN:2880,addClassNames
FN:2881,(anonymous_221)
FN:2895,addAttributes
FN:2896,(anonymous_223)
FN:2910,(anonymous_224)
FN:2932,(anonymous_225)
FN:2986,(anonymous_226)
FN:3008,(anonymous_227)
FN:3028,(anonymous_228)
FN:3051,getScrollTopValue
FN:3054,getScrollLeftValue
FN:3096,(anonymous_231)
FN:3102,(anonymous_232)
FN:3119,(anonymous_233)
FN:3121,(anonymous_234)
FN:3145,(anonymous_235)
FN:3197,(anonymous_236)
FN:3233,(anonymous_237)
FN:3238,left
FN:3245,right
FN:3252,top
FN:3259,bottom
FN:3268,(anonymous_242)
FN:3282,(anonymous_243)
FN:3312,(anonymous_244)
FN:3336,(anonymous_245)
FN:3374,(anonymous_246)
FN:3398,(anonymous_247)
FN:3477,getOuterSizes
FN:3502,getOppositePlacement
FN:3504,(anonymous_250)
FN:3516,getPopperClientRect
FN:3531,getArrayKeyIndex
FN:3550,getStyleComputedProperty
FN:3563,getOffsetParent
FN:3576,getScrollParent
FN:3611,isFixed
FN:3628,setStyle
FN:3629,is_numeric
FN:3632,(anonymous_259)
FN:3649,isFunction
FN:3661,getOffsetRect
FN:3683,getBoundingClientRect
FN:3710,getOffsetRectRelativeToCustomParent
FN:3740,getSupportedPropertyName
FN:3765,value
FN:3797,(anonymous_266)
FN:3813,(anonymous_267)
FN:3855,(anonymous_268)
FN:3859,(anonymous_269)
FN:3860,(anonymous_270)
FN:3904,(anonymous_271)
FN:3910,(anonymous_272)
FN:3919,(anonymous_273)
FN:3922,(anonymous_274)
FN:4012,_default
FN:4018,_default
FN:4024,_default
FN:4030,_default
FN:4036,_default
FN:4041,data
FN:4047,showTip
FN:4060,hideTip
FN:4100,(anonymous_283)
FN:4111,(anonymous_284)
FN:4136,(anonymous_285)
FN:4146,(anonymous_286)
FNF:287
FNH:79
FNDA:1,(anonymous_0)
FNDA:30,__webpack_require__
FNDA:3,(anonymous_2)
FNDA:1,(anonymous_3)
FNDA:0,(anonymous_4)
FNDA:0,(anonymous_5)
FNDA:2,(anonymous_6)
FNDA:1,getDefault
FNDA:1,getModuleExports
FNDA:3,(anonymous_9)
FNDA:1,(anonymous_10)
FNDA:1,(anonymous_11)
FNDA:1,normalizeComponent
FNDA:0,(anonymous_13)
FNDA:0,(anonymous_14)
FNDA:0,renderWithStyleInjection
FNDA:1,(anonymous_16)
FNDA:1,(anonymous_17)
FNDA:0,(anonymous_18)
FNDA:0,(anonymous_19)
FNDA:1,_interopRequireDefault
FNDA:0,isScroll
FNDA:0,getScrollContainer
FNDA:0,isInContainer
FNDA:1,(anonymous_24)
FNDA:0,(anonymous_25)
FNDA:0,(anonymous_26)
FNDA:1,_interopRequireDefault
FNDA:0,noop
FNDA:0,hasOwn
FNDA:0,extend
FNDA:0,toObject
FNDA:0,getValueByPath
FNDA:0,getPropByPath
FNDA:0,generateId
FNDA:0,valueEquals
FNDA:0,escapeRegexpString
FNDA:0,arrayFindIndex
FNDA:0,arrayFind
FNDA:0,coerceTruthyValueToArray
FNDA:0,isIE
FNDA:0,isEdge
FNDA:0,isFirefox
FNDA:0,autoprefixer
FNDA:0,(anonymous_44)
FNDA:0,(anonymous_45)
FNDA:0,kebabCase
FNDA:0,capitalize
FNDA:0,looseEqual
FNDA:0,arrayEquals
FNDA:0,isEqual
FNDA:0,isEmpty
FNDA:0,rafThrottle
FNDA:0,(anonymous_53)
FNDA:0,(anonymous_54)
FNDA:0,objToArray
FNDA:1,(anonymous_56)
FNDA:1,(anonymous_57)
FNDA:0,toString
FNDA:0,(anonymous_59)
FNDA:0,(anonymous_60)
FNDA:0,cssWithMappingToString
FNDA:0,(anonymous_62)
FNDA:0,toComment
FNDA:1,(anonymous_64)
FNDA:1,(anonymous_65)
FNDA:1,(anonymous_66)
FNDA:1,(anonymous_67)
FNDA:1,(anonymous_68)
FNDA:1,(anonymous_69)
FNDA:1,(anonymous_70)
FNDA:1,(anonymous_71)
FNDA:0,update
FNDA:1,addStylesToDom
FNDA:1,listToStyles
FNDA:1,insertStyleElement
FNDA:0,removeStyleElement
FNDA:1,createStyleElement
FNDA:0,createLinkElement
FNDA:1,addAttrs
FNDA:1,(anonymous_80)
FNDA:1,getNonce
FNDA:1,addStyle
FNDA:0,(anonymous_83)
FNDA:0,(anonymous_84)
FNDA:0,(anonymous_85)
FNDA:0,updateStyle
FNDA:1,(anonymous_87)
FNDA:0,(anonymous_88)
FNDA:0,applyToSingletonTag
FNDA:1,applyToTag
FNDA:0,updateLink
FNDA:1,(anonymous_92)
FNDA:0,(anonymous_93)
FNDA:1,(anonymous_94)
FNDA:1,_interopRequireDefault
FNDA:0,(anonymous_96)
FNDA:0,stop
FNDA:0,_default
FNDA:0,data
FNDA:0,handler
FNDA:0,showPopper
FNDA:0,createPopper
FNDA:0,(anonymous_103)
FNDA:0,updatePopper
FNDA:0,doDestroy
FNDA:0,destroyPopper
FNDA:0,resetTransformOrigin
FNDA:0,appendArrow
FNDA:0,beforeDestroy
FNDA:0,deactivated
FNDA:1,(anonymous_111)
FNDA:0,(anonymous_112)
FNDA:1,_interopRequireDefault
FNDA:1,(anonymous_114)
FNDA:1,(anonymous_115)
FNDA:6,__webpack_require__
FNDA:3,(anonymous_117)
FNDA:1,(anonymous_118)
FNDA:0,(anonymous_119)
FNDA:0,(anonymous_120)
FNDA:3,(anonymous_121)
FNDA:1,getDefault
FNDA:0,getModuleExports
FNDA:3,(anonymous_124)
FNDA:1,(anonymous_125)
FNDA:2,_default
FNDA:0,data
FNDA:0,beforeCreate
FNDA:0,render
FNDA:0,(anonymous_130)
FNDA:0,render
FNDA:0,mouseleave
FNDA:0,mouseenter
FNDA:0,mounted
FNDA:0,(anonymous_135)
FNDA:0,(anonymous_136)
FNDA:0,focusing
FNDA:0,show
FNDA:0,hide
FNDA:0,handleFocus
FNDA:0,handleBlur
FNDA:0,removeFocusing
FNDA:0,addTooltipClass
FNDA:0,handleShowPopper
FNDA:0,(anonymous_145)
FNDA:0,(anonymous_146)
FNDA:0,handleClosePopper
FNDA:0,setExpectedState
FNDA:0,getFirstElement
FNDA:0,beforeDestroy
FNDA:0,destroyed
FNDA:1,(anonymous_152)
FNDA:1,(anonymous_153)
FNDA:1,(anonymous_154)
FNDA:1,(anonymous_155)
FNDA:1,(anonymous_156)
FNDA:1,(anonymous_157)
FNDA:1,(anonymous_158)
FNDA:0,(anonymous_159)
FNDA:0,wrapper
FNDA:0,exec
FNDA:0,clear
FNDA:1,(anonymous_163)
FNDA:4,_interopRequireDefault
FNDA:0,beforeMount
FNDA:0,beforeDestroy
FNDA:0,data
FNDA:0,visible
FNDA:0,(anonymous_169)
FNDA:0,open
FNDA:0,(anonymous_171)
FNDA:0,doOpen
FNDA:0,doAfterOpen
FNDA:0,close
FNDA:0,(anonymous_175)
FNDA:0,doClose
FNDA:0,doAfterClose
FNDA:0,restoreBodyStyle
FNDA:1,(anonymous_179)
FNDA:0,(anonymous_180)
FNDA:1,(anonymous_181)
FNDA:0,isString
FNDA:0,isObject
FNDA:0,isHtmlElement
FNDA:0,isFunction
FNDA:0,isUndefined
FNDA:0,isDefined
FNDA:1,(anonymous_188)
FNDA:1,_interopRequireDefault
FNDA:0,getModal
FNDA:0,(anonymous_191)
FNDA:0,(anonymous_192)
FNDA:0,getInstance
FNDA:0,register
FNDA:0,deregister
FNDA:0,nextZIndex
FNDA:0,doOnModalClick
FNDA:0,openModal
FNDA:0,(anonymous_199)
FNDA:0,(anonymous_200)
FNDA:0,closeModal
FNDA:0,(anonymous_202)
FNDA:0,(anonymous_203)
FNDA:0,get
FNDA:0,set
FNDA:0,getTopPopup
FNDA:0,(anonymous_207)
FNDA:1,(anonymous_208)
FNDA:0,(anonymous_209)
FNDA:0,(anonymous_210)
FNDA:1,(anonymous_211)
FNDA:1,(anonymous_212)
FNDA:0,Popper
FNDA:0,(anonymous_214)
FNDA:0,(anonymous_215)
FNDA:0,(anonymous_216)
FNDA:0,(anonymous_217)
FNDA:0,(anonymous_218)
FNDA:0,(anonymous_219)
FNDA:0,addClassNames
FNDA:0,(anonymous_221)
FNDA:0,addAttributes
FNDA:0,(anonymous_223)
FNDA:0,(anonymous_224)
FNDA:0,(anonymous_225)
FNDA:0,(anonymous_226)
FNDA:0,(anonymous_227)
FNDA:0,(anonymous_228)
FNDA:0,getScrollTopValue
FNDA:0,getScrollLeftValue
FNDA:0,(anonymous_231)
FNDA:0,(anonymous_232)
FNDA:0,(anonymous_233)
FNDA:0,(anonymous_234)
FNDA:0,(anonymous_235)
FNDA:0,(anonymous_236)
FNDA:0,(anonymous_237)
FNDA:0,left
FNDA:0,right
FNDA:0,top
FNDA:0,bottom
FNDA:0,(anonymous_242)
FNDA:0,(anonymous_243)
FNDA:0,(anonymous_244)
FNDA:0,(anonymous_245)
FNDA:0,(anonymous_246)
FNDA:0,(anonymous_247)
FNDA:0,getOuterSizes
FNDA:0,getOppositePlacement
FNDA:0,(anonymous_250)
FNDA:0,getPopperClientRect
FNDA:0,getArrayKeyIndex
FNDA:0,getStyleComputedProperty
FNDA:0,getOffsetParent
FNDA:0,getScrollParent
FNDA:0,isFixed
FNDA:0,setStyle
FNDA:0,is_numeric
FNDA:0,(anonymous_259)
FNDA:0,isFunction
FNDA:0,getOffsetRect
FNDA:0,getBoundingClientRect
FNDA:0,getOffsetRectRelativeToCustomParent
FNDA:0,getSupportedPropertyName
FNDA:0,value
FNDA:1,(anonymous_266)
FNDA:0,(anonymous_267)
FNDA:0,(anonymous_268)
FNDA:0,(anonymous_269)
FNDA:0,(anonymous_270)
FNDA:1,(anonymous_271)
FNDA:3,(anonymous_272)
FNDA:0,(anonymous_273)
FNDA:0,(anonymous_274)
FNDA:2,_default
FNDA:2,_default
FNDA:2,_default
FNDA:2,_default
FNDA:2,_default
FNDA:2,data
FNDA:0,showTip
FNDA:0,hideTip
FNDA:0,(anonymous_283)
FNDA:1,(anonymous_284)
FNDA:1,(anonymous_285)
FNDA:1,(anonymous_286)
DA:1,1
DA:4,1
DA:10,30
DA:11,8
DA:14,22
DA:21,22
DA:24,22
DA:27,22
DA:32,1
DA:35,1
DA:38,1
DA:39,3
DA:40,3
DA:45,1
DA:46,1
DA:47,1
DA:49,1
DA:57,1
DA:58,0
DA:59,0
DA:60,0
DA:61,0
DA:62,0
DA:63,0
DA:64,0
DA:65,0
DA:69,1
DA:70,2
DA:71,1
DA:72,1
DA:73,2
DA:74,2
DA:78,3
DA:81,1
DA:85,1
DA:93,1
DA:111,1
DA:116,1
DA:117,1
DA:118,1
DA:119,1
DA:123,1
DA:124,0
DA:128,1
DA:129,0
DA:133,1
DA:134,0
DA:136,0
DA:141,0
DA:142,0
DA:145,0
DA:146,0
DA:149,0
DA:150,0
DA:155,0
DA:156,1
DA:157,0
DA:158,0
DA:162,1
DA:163,0
DA:166,0
DA:168,0
DA:169,0
DA:170,0
DA:171,0
DA:175,0
DA:176,0
DA:182,1
DA:193,1
DA:202,1
DA:203,1
DA:205,1
DA:208,1
DA:209,1
DA:210,1
DA:212,1
DA:214,1
DA:216,1
DA:218,1
DA:219,1
DA:220,1
DA:221,1
DA:389,1
DA:390,0
DA:392,0
DA:393,0
DA:395,0
DA:398,1
DA:399,0
DA:401,0
DA:402,0
DA:403,0
DA:404,0
DA:406,0
DA:407,0
DA:409,0
DA:412,0
DA:415,1
DA:416,0
DA:418,0
DA:419,0
DA:421,0
DA:422,0
DA:429,0
DA:432,0
DA:442,1
DA:443,1
DA:445,1
DA:447,1
DA:448,1
DA:449,1
DA:450,1
DA:451,1
DA:452,1
DA:454,1
DA:456,1
DA:458,1
DA:460,1
DA:462,1
DA:467,0
DA:471,0
DA:472,0
DA:474,0
DA:478,0
DA:479,0
DA:480,0
DA:481,0
DA:484,0
DA:487,1
DA:488,0
DA:489,0
DA:490,0
DA:491,0
DA:492,0
DA:493,0
DA:494,0
DA:496,0
DA:497,0
DA:498,0
DA:500,0
DA:502,0
DA:506,0
DA:507,0
DA:508,0
DA:510,0
DA:511,0
DA:512,0
DA:513,0
DA:514,0
DA:515,0
DA:516,0
DA:518,0
DA:519,0
DA:521,0
DA:524,0
DA:531,1
DA:532,0
DA:535,1
DA:537,0
DA:538,0
DA:539,0
DA:540,0
DA:541,0
DA:542,0
DA:544,0
DA:547,1
DA:548,0
DA:549,0
DA:553,1
DA:554,0
DA:555,0
DA:556,0
DA:559,0
DA:562,1
DA:563,0
DA:564,0
DA:568,1
DA:569,0
DA:570,0
DA:571,0
DA:572,0
DA:574,0
DA:578,1
DA:579,0
DA:582,1
DA:583,0
DA:586,1
DA:587,0
DA:590,1
DA:591,0
DA:592,0
DA:593,0
DA:594,0
DA:595,0
DA:596,0
DA:597,0
DA:598,0
DA:602,0
DA:605,1
DA:606,0
DA:607,0
DA:610,1
DA:611,0
DA:612,0
DA:615,1
DA:616,0
DA:617,0
DA:618,0
DA:619,0
DA:620,0
DA:621,0
DA:623,0
DA:627,1
DA:628,0
DA:629,0
DA:631,0
DA:632,0
DA:635,0
DA:636,0
DA:637,0
DA:641,0
DA:644,1
DA:645,0
DA:646,0
DA:648,0
DA:651,1
DA:653,0
DA:655,0
DA:657,0
DA:659,0
DA:661,0
DA:665,0
DA:672,0
DA:677,0
DA:681,0
DA:685,0
DA:686,0
DA:687,0
DA:689,0
DA:690,0
DA:693,0
DA:694,0
DA:695,0
DA:696,0
DA:697,0
DA:703,0
DA:704,0
DA:706,0
DA:721,1
DA:722,1
DA:724,1
DA:725,0
DA:726,0
DA:728,0
DA:729,0
DA:731,0
DA:737,1
DA:738,0
DA:739,0
DA:742,0
DA:744,0
DA:745,0
DA:747,0
DA:748,0
DA:752,0
DA:753,0
DA:758,0
DA:759,0
DA:760,0
DA:761,0
DA:762,0
DA:765,0
DA:770,1
DA:774,0
DA:775,0
DA:777,0
DA:778,0
DA:781,0
DA:782,0
DA:783,0
DA:784,0
DA:786,0
DA:789,0
DA:795,0
DA:796,0
DA:797,0
DA:809,1
DA:811,1
DA:814,1
DA:815,1
DA:816,1
DA:820,1
DA:826,1
DA:829,1
DA:830,1
DA:831,0
DA:833,1
DA:836,1
DA:837,1
DA:839,1
DA:845,1
DA:846,0
DA:848,1
DA:849,1
DA:851,1
DA:852,0
DA:855,0
DA:857,0
DA:860,1
DA:862,1
DA:866,1
DA:867,1
DA:868,1
DA:870,1
DA:872,1
DA:873,1
DA:874,0
DA:877,1
DA:879,1
DA:883,1
DA:886,1
DA:889,1
DA:891,1
DA:893,1
DA:895,1
DA:896,0
DA:898,0
DA:899,0
DA:900,0
DA:902,0
DA:903,0
DA:906,0
DA:907,0
DA:908,0
DA:911,0
DA:912,0
DA:914,0
DA:915,0
DA:917,0
DA:924,1
DA:925,1
DA:926,1
DA:928,1
DA:929,0
DA:931,0
DA:932,0
DA:935,0
DA:936,0
DA:939,1
DA:941,1
DA:942,1
DA:945,1
DA:951,1
DA:952,1
DA:954,1
DA:955,1
DA:956,1
DA:957,1
DA:958,1
DA:959,1
DA:960,1
DA:962,1
DA:963,0
DA:966,1
DA:970,1
DA:972,1
DA:973,0
DA:976,1
DA:978,1
DA:979,0
DA:980,0
DA:981,0
DA:982,0
DA:984,0
DA:986,0
DA:987,1
DA:988,1
DA:989,0
DA:990,0
DA:991,0
DA:993,0
DA:998,0
DA:999,0
DA:1001,0
DA:1002,0
DA:1003,0
DA:1008,1
DA:1010,1
DA:1011,1
DA:1014,1
DA:1015,1
DA:1016,1
DA:1017,0
DA:1021,1
DA:1022,1
DA:1024,1
DA:1028,0
DA:1030,0
DA:1031,0
DA:1033,0
DA:1035,0
DA:1036,0
DA:1038,0
DA:1042,1
DA:1043,1
DA:1048,1
DA:1050,1
DA:1057,1
DA:1058,0
DA:1062,0
DA:1065,0
DA:1069,0
DA:1075,1
DA:1076,0
DA:1078,0
DA:1080,0
DA:1081,0
DA:1083,1
DA:1091,0
DA:1092,0
DA:1093,0
DA:1094,0
DA:1096,0
DA:1099,1
DA:1100,1
DA:1101,1
DA:1102,0
DA:1106,1
DA:1108,1
DA:1109,0
DA:1110,0
DA:1115,0
DA:1118,0
DA:1120,0
DA:1125,1
DA:1126,1
DA:1128,1
DA:1129,0
DA:1131,0
DA:1136,0
DA:1138,0
DA:1139,0
DA:1141,0
DA:1142,0
DA:1144,0
DA:1146,0
DA:1147,0
DA:1149,0
DA:1155,1
DA:1156,1
DA:1158,1
DA:1159,0
DA:1162,1
DA:1163,0
DA:1165,1
DA:1166,0
DA:1169,1
DA:1174,0
DA:1175,0
DA:1183,0
DA:1185,0
DA:1186,0
DA:1189,0
DA:1191,0
DA:1194,0
DA:1196,0
DA:1198,0
DA:1200,0
DA:1211,1
DA:1227,1
DA:1228,0
DA:1239,1
DA:1241,1
DA:1243,1
DA:1245,1
DA:1247,1
DA:1249,1
DA:1250,1
DA:1251,0
DA:1262,1
DA:1294,0
DA:1302,0
DA:1313,0
DA:1314,0
DA:1319,0
DA:1320,0
DA:1321,0
DA:1327,0
DA:1329,0
DA:1330,0
DA:1331,0
DA:1332,0
DA:1335,0
DA:1336,0
DA:1337,0
DA:1339,0
DA:1340,0
DA:1343,0
DA:1344,0
DA:1345,0
DA:1346,0
DA:1347,0
DA:1350,0
DA:1351,0
DA:1352,0
DA:1353,0
DA:1354,0
DA:1355,0
DA:1356,0
DA:1357,0
DA:1359,0
DA:1360,0
DA:1362,0
DA:1363,0
DA:1366,0
DA:1367,0
DA:1368,0
DA:1369,0
DA:1370,0
DA:1373,0
DA:1378,0
DA:1379,0
DA:1380,0
DA:1383,0
DA:1384,0
DA:1388,0
DA:1389,0
DA:1395,0
DA:1396,0
DA:1397,0
DA:1400,0
DA:1401,0
DA:1402,0
DA:1405,0
DA:1407,0
DA:1408,0
DA:1409,0
DA:1410,0
DA:1414,0
DA:1416,0
DA:1417,0
DA:1419,0
DA:1420,0
DA:1421,0
DA:1426,0
DA:1427,0
DA:1428,0
DA:1429,0
DA:1436,0
DA:1447,1
DA:1449,1
DA:1450,0
DA:1451,0
DA:1453,0
DA:1454,0
DA:1455,0
DA:1456,0
DA:1457,0
DA:1458,0
DA:1459,0
DA:1461,0
DA:1462,0
DA:1464,0
DA:1465,0
DA:1466,0
DA:1468,0
DA:1469,0
DA:1470,0
DA:1472,0
DA:1475,1
DA:1477,1
DA:1479,1
DA:1481,1
DA:1491,1
DA:1494,1
DA:1500,6
DA:1501,0
DA:1504,6
DA:1511,6
DA:1514,6
DA:1517,6
DA:1522,1
DA:1525,1
DA:1528,1
DA:1529,3
DA:1530,3
DA:1535,1
DA:1536,1
DA:1537,1
DA:1539,1
DA:1547,1
DA:1548,0
DA:1549,0
DA:1550,0
DA:1551,0
DA:1552,0
DA:1553,0
DA:1554,0
DA:1555,0
DA:1559,1
DA:1560,3
DA:1561,1
DA:1562,0
DA:1563,3
DA:1564,3
DA:1568,3
DA:1571,1
DA:1575,1
DA:1584,1
DA:1587,1
DA:1588,1
DA:1591,1
DA:1592,1
DA:1595,1
DA:1598,1
DA:1601,1
DA:1602,1
DA:1611,1
DA:1642,2
DA:1663,0
DA:1670,0
DA:1672,0
DA:1674,0
DA:1677,0
DA:1681,0
DA:1682,0
DA:1686,0
DA:1688,0
DA:1689,0
DA:1704,0
DA:1707,0
DA:1727,0
DA:1728,0
DA:1730,0
DA:1731,0
DA:1733,0
DA:1736,0
DA:1738,0
DA:1739,0
DA:1740,0
DA:1741,0
DA:1742,0
DA:1743,0
DA:1744,0
DA:1745,0
DA:1746,0
DA:1747,0
DA:1749,0
DA:1750,0
DA:1751,0
DA:1753,0
DA:1756,0
DA:1757,0
DA:1760,0
DA:1761,0
DA:1762,0
DA:1763,0
DA:1771,0
DA:1772,0
DA:1774,0
DA:1780,0
DA:1781,0
DA:1784,0
DA:1785,0
DA:1788,0
DA:1789,0
DA:1792,0
DA:1793,0
DA:1796,0
DA:1799,0
DA:1800,0
DA:1802,0
DA:1806,0
DA:1808,0
DA:1809,0
DA:1810,0
DA:1811,0
DA:1814,0
DA:1815,0
DA:1816,0
DA:1821,0
DA:1822,0
DA:1824,0
DA:1825,0
DA:1827,0
DA:1829,0
DA:1830,0
DA:1834,0
DA:1835,0
DA:1837,0
DA:1840,0
DA:1841,0
DA:1842,0
DA:1843,0
DA:1844,0
DA:1845,0
DA:1848,0
DA:1853,0
DA:1856,0
DA:1857,0
DA:1858,0
DA:1859,0
DA:1860,0
DA:1861,0
DA:1862,0
DA:1874,1
DA:1881,1
DA:1888,1
DA:1895,1
DA:1902,1
DA:1909,1
DA:1944,1
DA:1952,0
DA:1955,0
DA:1956,0
DA:1957,0
DA:1958,0
DA:1966,0
DA:1967,0
DA:1968,0
DA:1972,0
DA:1973,0
DA:1979,0
DA:1982,0
DA:1985,0
DA:1989,0
DA:1990,0
DA:1993,0
DA:1996,0
DA:1998,0
DA:2008,0
DA:2014,0
DA:2026,1
DA:2027,1
DA:2029,1
DA:2031,1
DA:2033,1
DA:2035,1
DA:2037,1
DA:2039,1
DA:2041,1
DA:2043,1
DA:2045,1
DA:2047,4
DA:2049,1
DA:2051,1
DA:2053,1
DA:2090,0
DA:2091,0
DA:2094,0
DA:2095,0
DA:2097,0
DA:2100,0
DA:2112,0
DA:2114,0
DA:2115,0
DA:2116,0
DA:2117,0
DA:2118,0
DA:2119,0
DA:2122,0
DA:2125,0
DA:2132,0
DA:2134,0
DA:2135,0
DA:2138,0
DA:2140,0
DA:2141,0
DA:2142,0
DA:2144,0
DA:2146,0
DA:2147,0
DA:2148,0
DA:2149,0
DA:2150,0
DA:2153,0
DA:2157,0
DA:2158,0
DA:2159,0
DA:2161,0
DA:2163,0
DA:2165,0
DA:2167,0
DA:2168,0
DA:2169,0
DA:2172,0
DA:2173,0
DA:2174,0
DA:2175,0
DA:2177,0
DA:2178,0
DA:2179,0
DA:2180,0
DA:2181,0
DA:2182,0
DA:2184,0
DA:2185,0
DA:2186,0
DA:2187,0
DA:2188,0
DA:2190,0
DA:2194,0
DA:2195,0
DA:2198,0
DA:2199,0
DA:2201,0
DA:2203,0
DA:2206,0
DA:2209,0
DA:2211,0
DA:2213,0
DA:2214,0
DA:2215,0
DA:2217,0
DA:2219,0
DA:2221,0
DA:2222,0
DA:2223,0
DA:2224,0
DA:2227,0
DA:2231,0
DA:2233,0
DA:2235,0
DA:2236,0
DA:2239,0
DA:2241,0
DA:2244,0
DA:2245,0
DA:2248,0
DA:2249,0
DA:2250,0
DA:2252,0
DA:2256,1
DA:2265,1
DA:2267,1
DA:2268,0
DA:2269,0
DA:2270,0
DA:2271,0
DA:2272,0
DA:2273,0
DA:2274,0
DA:2280,0
DA:2292,1
DA:2293,1
DA:2294,1
DA:2295,1
DA:2297,0
DA:2301,0
DA:2305,0
DA:2308,1
DA:2309,0
DA:2310,0
DA:2313,1
DA:2314,0
DA:2317,1
DA:2318,0
DA:2328,1
DA:2330,1
DA:2332,1
DA:2334,1
DA:2336,1
DA:2338,1
DA:2339,1
DA:2340,1
DA:2342,1
DA:2343,0
DA:2344,0
DA:2345,0
DA:2346,0
DA:2348,0
DA:2349,0
DA:2350,0
DA:2352,0
DA:2353,0
DA:2354,0
DA:2357,0
DA:2358,0
DA:2362,0
DA:2365,1
DA:2367,1
DA:2371,0
DA:2375,0
DA:2376,0
DA:2381,0
DA:2382,0
DA:2383,0
DA:2388,0
DA:2394,0
DA:2395,0
DA:2397,0
DA:2398,0
DA:2399,0
DA:2404,0
DA:2405,0
DA:2406,0
DA:2408,0
DA:2410,0
DA:2411,0
DA:2412,0
DA:2413,0
DA:2417,0
DA:2419,0
DA:2420,0
DA:2421,0
DA:2423,0
DA:2424,0
DA:2425,0
DA:2426,0
DA:2429,0
DA:2430,0
DA:2433,0
DA:2434,0
DA:2436,0
DA:2439,0
DA:2440,0
DA:2442,0
DA:2443,0
DA:2445,0
DA:2449,0
DA:2450,0
DA:2452,0
DA:2453,0
DA:2454,0
DA:2455,0
DA:2456,0
DA:2457,0
DA:2458,0
DA:2462,0
DA:2463,0
DA:2464,0
DA:2467,0
DA:2468,0
DA:2469,0
DA:2470,0
DA:2476,0
DA:2477,0
DA:2478,0
DA:2480,0
DA:2481,0
DA:2482,0
DA:2483,0
DA:2484,0
DA:2486,0
DA:2492,1
DA:2495,0
DA:2496,0
DA:2497,0
DA:2499,0
DA:2502,0
DA:2506,1
DA:2507,0
DA:2508,0
DA:2509,0
DA:2510,0
DA:2511,0
DA:2513,0
DA:2517,1
DA:2519,1
DA:2520,0
DA:2521,0
DA:2523,0
DA:2524,0
DA:2530,1
DA:2539,1
DA:2570,1
DA:2571,1
DA:2573,1
DA:2583,1
DA:2586,1
DA:2686,0
DA:2687,0
DA:2691,0
DA:2692,0
DA:2693,0
DA:2694,0
DA:2698,0
DA:2702,0
DA:2705,0
DA:2707,0
DA:2711,0
DA:2712,0
DA:2716,0
DA:2720,0
DA:2721,0
DA:2724,0
DA:2727,0
DA:2728,0
DA:2739,1
DA:2740,0
DA:2741,0
DA:2742,0
DA:2743,0
DA:2744,0
DA:2745,0
DA:2748,0
DA:2749,0
DA:2751,0
DA:2759,1
DA:2760,0
DA:2764,0
DA:2765,0
DA:2768,0
DA:2771,0
DA:2773,0
DA:2775,0
DA:2776,0
DA:2786,1
DA:2788,0
DA:2789,0
DA:2800,1
DA:2801,0
DA:2802,0
DA:2812,1
DA:2813,0
DA:2824,0
DA:2826,0
DA:2828,0
DA:2829,0
DA:2830,0
DA:2831,0
DA:2832,0
DA:2833,0
DA:2834,0
DA:2836,0
DA:2839,0
DA:2840,0
DA:2841,0
DA:2842,0
DA:2843,0
DA:2846,0
DA:2851,0
DA:2852,0
DA:2853,0
DA:2854,0
DA:2856,0
DA:2857,0
DA:2859,0
DA:2863,0
DA:2864,0
DA:2865,0
DA:2869,0
DA:2871,0
DA:2881,0
DA:2882,0
DA:2896,0
DA:2897,0
DA:2910,1
DA:2911,0
DA:2913,0
DA:2914,0
DA:2919,0
DA:2920,0
DA:2932,1
DA:2933,0
DA:2934,0
DA:2936,0
DA:2937,0
DA:2942,0
DA:2947,0
DA:2954,0
DA:2955,0
DA:2956,0
DA:2957,0
DA:2959,0
DA:2962,0
DA:2963,0
DA:2964,0
DA:2966,0
DA:2971,0
DA:2972,0
DA:2974,0
DA:2986,1
DA:2988,0
DA:2989,0
DA:2991,0
DA:2992,0
DA:2994,0
DA:2995,0
DA:2997,0
DA:2998,0
DA:3008,1
DA:3010,0
DA:3011,0
DA:3012,0
DA:3013,0
DA:3015,0
DA:3028,1
DA:3030,0
DA:3032,0
DA:3033,0
DA:3034,0
DA:3036,0
DA:3037,0
DA:3039,0
DA:3045,0
DA:3046,0
DA:3047,0
DA:3048,0
DA:3051,0
DA:3052,0
DA:3054,0
DA:3055,0
DA:3059,0
DA:3060,0
DA:3062,0
DA:3069,0
DA:3070,0
DA:3077,0
DA:3080,0
DA:3081,0
DA:3082,0
DA:3083,0
DA:3084,0
DA:3096,1
DA:3097,0
DA:3098,0
DA:3099,0
DA:3102,0
DA:3103,0
DA:3104,0
DA:3108,0
DA:3119,1
DA:3120,0
DA:3121,0
DA:3122,0
DA:3136,1
DA:3145,1
DA:3148,0
DA:3153,0
DA:3154,0
DA:3159,0
DA:3160,0
DA:3161,0
DA:3162,0
DA:3166,0
DA:3167,0
DA:3174,0
DA:3176,0
DA:3180,0
DA:3183,0
DA:3184,0
DA:3187,0
DA:3197,1
DA:3198,0
DA:3199,0
DA:3200,0
DA:3203,0
DA:3204,0
DA:3205,0
DA:3207,0
DA:3218,0
DA:3220,0
DA:3223,0
DA:3233,1
DA:3234,0
DA:3235,0
DA:3237,0
DA:3239,0
DA:3240,0
DA:3241,0
DA:3243,0
DA:3246,0
DA:3247,0
DA:3248,0
DA:3250,0
DA:3253,0
DA:3254,0
DA:3255,0
DA:3257,0
DA:3260,0
DA:3261,0
DA:3262,0
DA:3264,0
DA:3268,0
DA:3269,0
DA:3272,0
DA:3282,1
DA:3283,0
DA:3284,0
DA:3285,0
DA:3287,0
DA:3288,0
DA:3290,0
DA:3291,0
DA:3293,0
DA:3294,0
DA:3296,0
DA:3297,0
DA:3300,0
DA:3312,1
DA:3315,0
DA:3316,0
DA:3317,0
DA:3320,0
DA:3322,0
DA:3325,0
DA:3326,0
DA:3327,0
DA:3329,0
DA:3330,0
DA:3331,0
DA:3333,0
DA:3336,0
DA:3337,0
DA:3338,0
DA:3341,0
DA:3342,0
DA:3344,0
DA:3348,0
DA:3351,0
DA:3353,0
DA:3354,0
DA:3355,0
DA:3356,0
DA:3358,0
DA:3360,0
DA:3363,0
DA:3374,1
DA:3375,0
DA:3376,0
DA:3378,0
DA:3379,0
DA:3380,0
DA:3381,0
DA:3382,0
DA:3383,0
DA:3384,0
DA:3385,0
DA:3387,0
DA:3398,1
DA:3399,0
DA:3400,0
DA:3403,0
DA:3404,0
DA:3408,0
DA:3409,0
DA:3413,0
DA:3414,0
DA:3415,0
DA:3419,0
DA:3420,0
DA:3421,0
DA:3424,0
DA:3425,0
DA:3426,0
DA:3427,0
DA:3428,0
DA:3430,0
DA:3431,0
DA:3432,0
DA:3433,0
DA:3434,0
DA:3435,0
DA:3442,0
DA:3443,0
DA:3446,0
DA:3447,0
DA:3451,0
DA:3453,0
DA:3456,0
DA:3457,0
DA:3458,0
DA:3460,0
DA:3461,0
DA:3463,0
DA:3479,0
DA:3480,0
DA:3481,0
DA:3482,0
DA:3485,0
DA:3486,0
DA:3487,0
DA:3488,0
DA:3491,0
DA:3492,0
DA:3503,0
DA:3504,0
DA:3505,0
DA:3517,0
DA:3518,0
DA:3519,0
DA:3520,0
DA:3532,0
DA:3534,0
DA:3535,0
DA:3536,0
DA:3538,0
DA:3540,0
DA:3552,0
DA:3553,0
DA:3565,0
DA:3566,0
DA:3577,0
DA:3579,0
DA:3580,0
DA:3583,0
DA:3586,0
DA:3587,0
DA:3589,0
DA:3594,0
DA:3598,0
DA:3600,0
DA:3612,0
DA:3613,0
DA:3615,0
DA:3616,0
DA:3618,0
DA:3630,0
DA:3632,0
DA:3633,0
DA:3635,0
DA:3636,0
DA:3638,0
DA:3650,0
DA:3651,0
DA:3662,0
DA:3669,0
DA:3670,0
DA:3673,0
DA:3684,0
DA:3687,0
DA:3690,0
DA:3692,0
DA:3711,0
DA:3712,0
DA:3714,0
DA:3715,0
DA:3716,0
DA:3717,0
DA:3718,0
DA:3719,0
DA:3722,0
DA:3730,0
DA:3741,0
DA:3743,0
DA:3744,0
DA:3745,0
DA:3746,0
DA:3749,0
DA:3760,1
DA:3761,0
DA:3766,0
DA:3767,0
DA:3770,0
DA:3771,0
DA:3772,0
DA:3773,0
DA:3774,0
DA:3776,0
DA:3778,0
DA:3779,0
DA:3780,0
DA:3781,0
DA:3782,0
DA:3783,0
DA:3787,0
DA:3792,1
DA:3813,1
DA:3815,0
DA:3817,0
DA:3818,0
DA:3822,0
DA:3823,0
DA:3826,0
DA:3827,0
DA:3855,0
DA:3857,0
DA:3859,0
DA:3860,0
DA:3863,0
DA:3864,0
DA:3870,0
DA:3872,0
DA:3873,0
DA:3875,0
DA:3878,0
DA:3882,0
DA:3886,0
DA:3907,1
DA:3910,1
DA:3911,3
DA:3912,3
DA:3913,3
DA:3914,3
DA:3920,0
DA:3923,0
DA:3955,1
DA:3956,1
DA:3962,1
DA:3963,1
DA:4002,1
DA:4004,1
DA:4013,2
DA:4019,2
DA:4025,2
DA:4031,2
DA:4037,2
DA:4042,2
DA:4048,0
DA:4049,0
DA:4050,0
DA:4051,0
DA:4052,0
DA:4054,0
DA:4055,0
DA:4057,0
DA:4061,0
DA:4066,1
DA:4068,1
DA:4071,1
DA:4082,1
DA:4094,1
DA:4095,1
DA:4096,1
DA:4100,1
DA:4101,0
DA:4104,1
DA:4114,1
DA:4116,1
DA:4123,1
DA:4125,1
DA:4126,1
DA:4128,1
DA:4130,1
DA:4132,1
DA:4138,1
DA:4140,1
DA:4149,1
DA:4150,1
DA:4152,1
LF:1431
LH:349
BRDA:10,0,0,8
BRDA:10,0,1,22
BRDA:39,1,0,3
BRDA:39,1,1,0
BRDA:46,2,0,1
BRDA:46,2,1,0
BRDA:46,3,0,1
BRDA:46,3,1,1
BRDA:58,4,0,0
BRDA:58,4,1,0
BRDA:59,5,0,0
BRDA:59,5,1,0
BRDA:60,6,0,0
BRDA:60,6,1,0
BRDA:60,7,0,0
BRDA:60,7,1,0
BRDA:60,7,2,0
BRDA:60,7,3,0
BRDA:64,8,0,0
BRDA:64,8,1,0
BRDA:64,9,0,0
BRDA:64,9,1,0
BRDA:70,10,0,1
BRDA:70,10,1,1
BRDA:70,11,0,2
BRDA:70,11,1,2
BRDA:111,12,0,0
BRDA:111,12,1,1
BRDA:116,13,0,1
BRDA:116,13,1,0
BRDA:123,14,0,0
BRDA:123,14,1,1
BRDA:128,15,0,0
BRDA:128,15,1,1
BRDA:133,16,0,0
BRDA:133,16,1,1
BRDA:137,17,0,0
BRDA:137,17,1,0
BRDA:137,17,2,0
BRDA:137,17,3,0
BRDA:137,17,4,0
BRDA:137,17,5,0
BRDA:141,18,0,0
BRDA:141,18,1,0
BRDA:141,19,0,0
BRDA:141,19,1,0
BRDA:145,20,0,0
BRDA:145,20,1,0
BRDA:149,21,0,0
BRDA:149,21,1,0
BRDA:149,22,0,0
BRDA:149,22,1,0
BRDA:156,23,0,0
BRDA:156,23,1,1
BRDA:157,24,0,0
BRDA:157,24,1,0
BRDA:162,25,0,0
BRDA:162,25,1,1
BRDA:163,26,0,0
BRDA:163,26,1,0
BRDA:176,27,0,0
BRDA:176,27,1,0
BRDA:205,28,0,1
BRDA:205,28,1,0
BRDA:205,29,0,1
BRDA:205,29,1,1
BRDA:205,30,0,0
BRDA:205,30,1,0
BRDA:205,31,0,0
BRDA:205,31,1,0
BRDA:205,31,2,0
BRDA:205,31,3,0
BRDA:216,32,0,0
BRDA:216,32,1,1
BRDA:216,33,0,1
BRDA:216,33,1,1
BRDA:221,34,0,0
BRDA:221,34,1,1
BRDA:390,35,0,0
BRDA:390,35,1,0
BRDA:392,36,0,0
BRDA:392,36,1,0
BRDA:393,37,0,0
BRDA:393,37,1,0
BRDA:393,38,0,0
BRDA:393,38,1,0
BRDA:399,39,0,0
BRDA:399,39,1,0
BRDA:403,40,0,0
BRDA:403,40,1,0
BRDA:406,41,0,0
BRDA:406,41,1,0
BRDA:416,42,0,0
BRDA:416,42,1,0
BRDA:416,43,0,0
BRDA:416,43,1,0
BRDA:416,43,2,0
BRDA:421,44,0,0
BRDA:421,44,1,0
BRDA:432,45,0,0
BRDA:432,45,1,0
BRDA:432,45,2,0
BRDA:432,45,3,0
BRDA:445,46,0,1
BRDA:445,46,1,0
BRDA:445,47,0,1
BRDA:445,47,1,1
BRDA:445,48,0,0
BRDA:445,48,1,0
BRDA:445,49,0,0
BRDA:445,49,1,0
BRDA:445,49,2,0
BRDA:445,49,3,0
BRDA:460,50,0,0
BRDA:460,50,1,1
BRDA:460,51,0,1
BRDA:460,51,1,1
BRDA:480,52,0,0
BRDA:480,52,1,0
BRDA:488,53,0,0
BRDA:488,53,1,0
BRDA:494,54,0,0
BRDA:494,54,1,0
BRDA:496,55,0,0
BRDA:496,55,1,0
BRDA:513,56,0,0
BRDA:513,56,1,0
BRDA:513,57,0,0
BRDA:513,57,1,0
BRDA:515,58,0,0
BRDA:515,58,1,0
BRDA:518,59,0,0
BRDA:518,59,1,0
BRDA:527,60,0,0
BRDA:527,60,1,0
BRDA:537,61,0,0
BRDA:537,61,1,0
BRDA:538,62,0,0
BRDA:538,62,1,0
BRDA:539,63,0,0
BRDA:539,63,1,0
BRDA:540,64,0,0
BRDA:540,64,1,0
BRDA:542,65,0,0
BRDA:542,65,1,0
BRDA:548,66,0,0
BRDA:548,66,1,0
BRDA:548,67,0,0
BRDA:548,67,1,0
BRDA:555,68,0,0
BRDA:555,68,1,0
BRDA:564,69,0,0
BRDA:564,69,1,0
BRDA:569,70,0,0
BRDA:569,70,1,0
BRDA:571,71,0,0
BRDA:571,71,1,0
BRDA:579,72,0,0
BRDA:579,72,1,0
BRDA:583,73,0,0
BRDA:583,73,1,0
BRDA:587,74,0,0
BRDA:587,74,1,0
BRDA:591,75,0,0
BRDA:591,75,1,0
BRDA:591,76,0,0
BRDA:591,76,1,0
BRDA:596,77,0,0
BRDA:596,77,1,0
BRDA:596,78,0,0
BRDA:596,78,1,0
BRDA:611,79,0,0
BRDA:611,79,1,0
BRDA:618,80,0,0
BRDA:618,80,1,0
BRDA:618,81,0,0
BRDA:618,81,1,0
BRDA:620,82,0,0
BRDA:620,82,1,0
BRDA:620,83,0,0
BRDA:620,83,1,0
BRDA:628,84,0,0
BRDA:628,84,1,0
BRDA:629,85,0,0
BRDA:629,85,1,0
BRDA:631,86,0,0
BRDA:631,86,1,0
BRDA:636,87,0,0
BRDA:636,87,1,0
BRDA:645,88,0,0
BRDA:645,88,1,0
BRDA:645,89,0,0
BRDA:645,89,1,0
BRDA:653,90,0,0
BRDA:653,90,1,0
BRDA:655,91,0,0
BRDA:655,91,1,0
BRDA:657,92,0,0
BRDA:657,92,1,0
BRDA:659,93,0,0
BRDA:659,93,1,0
BRDA:661,94,0,0
BRDA:661,94,1,0
BRDA:661,94,2,0
BRDA:661,94,3,0
BRDA:661,94,4,0
BRDA:661,94,5,0
BRDA:693,95,0,0
BRDA:693,95,1,0
BRDA:703,96,0,0
BRDA:703,96,1,0
BRDA:706,97,0,0
BRDA:706,97,1,0
BRDA:728,98,0,0
BRDA:728,98,1,0
BRDA:738,99,0,0
BRDA:738,99,1,0
BRDA:747,100,0,0
BRDA:747,100,1,0
BRDA:758,101,0,0
BRDA:758,101,1,0
BRDA:758,102,0,0
BRDA:758,102,1,0
BRDA:759,103,0,0
BRDA:759,103,1,0
BRDA:759,104,0,0
BRDA:759,104,1,0
BRDA:761,105,0,0
BRDA:761,105,1,0
BRDA:774,106,0,0
BRDA:774,106,1,0
BRDA:777,107,0,0
BRDA:777,107,1,0
BRDA:781,108,0,0
BRDA:781,108,1,0
BRDA:781,109,0,0
BRDA:781,109,1,0
BRDA:815,110,0,1
BRDA:815,110,1,0
BRDA:826,111,0,1
BRDA:826,111,1,1
BRDA:826,111,2,1
BRDA:826,111,3,0
BRDA:830,112,0,0
BRDA:830,112,1,1
BRDA:845,113,0,0
BRDA:845,113,1,1
BRDA:848,114,0,1
BRDA:848,114,1,0
BRDA:851,115,0,0
BRDA:851,115,1,1
BRDA:851,116,0,1
BRDA:851,116,1,1
BRDA:873,117,0,0
BRDA:873,117,1,1
BRDA:873,118,0,1
BRDA:873,118,1,0
BRDA:874,119,0,0
BRDA:874,119,1,0
BRDA:877,120,0,1
BRDA:877,120,1,0
BRDA:879,121,0,0
BRDA:879,121,1,1
BRDA:883,122,0,1
BRDA:883,122,1,0
BRDA:883,123,0,1
BRDA:883,123,1,1
BRDA:886,124,0,1
BRDA:886,124,1,0
BRDA:889,125,0,1
BRDA:889,125,1,0
BRDA:906,126,0,0
BRDA:906,126,1,0
BRDA:914,127,0,0
BRDA:914,127,1,0
BRDA:928,128,0,0
BRDA:928,128,1,1
BRDA:956,129,0,0
BRDA:956,129,1,1
BRDA:962,130,0,1
BRDA:962,130,1,0
BRDA:972,131,0,0
BRDA:972,131,1,1
BRDA:978,132,0,0
BRDA:978,132,1,1
BRDA:979,133,0,0
BRDA:979,133,1,0
BRDA:981,134,0,0
BRDA:981,134,1,0
BRDA:987,135,0,1
BRDA:987,135,1,0
BRDA:989,136,0,0
BRDA:989,136,1,0
BRDA:989,137,0,0
BRDA:989,137,1,0
BRDA:998,138,0,0
BRDA:998,138,1,0
BRDA:1002,139,0,0
BRDA:1002,139,1,0
BRDA:1010,140,0,1
BRDA:1010,140,1,0
BRDA:1014,141,0,1
BRDA:1014,141,1,0
BRDA:1016,142,0,0
BRDA:1016,142,1,1
BRDA:1030,143,0,0
BRDA:1030,143,1,0
BRDA:1048,144,0,0
BRDA:1048,144,1,1
BRDA:1057,145,0,0
BRDA:1057,145,1,1
BRDA:1057,146,0,1
BRDA:1057,146,1,0
BRDA:1058,147,0,0
BRDA:1058,147,1,0
BRDA:1062,148,0,0
BRDA:1062,148,1,0
BRDA:1075,149,0,0
BRDA:1075,149,1,1
BRDA:1078,150,0,0
BRDA:1078,150,1,0
BRDA:1083,151,0,0
BRDA:1083,151,1,1
BRDA:1084,152,0,1
BRDA:1084,152,1,0
BRDA:1084,152,2,0
BRDA:1084,152,3,0
BRDA:1084,152,4,0
BRDA:1084,152,5,0
BRDA:1096,153,0,0
BRDA:1096,153,1,0
BRDA:1109,154,0,0
BRDA:1109,154,1,0
BRDA:1110,155,0,0
BRDA:1110,155,1,0
BRDA:1111,156,0,0
BRDA:1111,156,1,0
BRDA:1111,156,2,0
BRDA:1136,157,0,0
BRDA:1136,157,1,0
BRDA:1138,158,0,0
BRDA:1138,158,1,0
BRDA:1144,159,0,0
BRDA:1144,159,1,0
BRDA:1146,160,0,0
BRDA:1146,160,1,0
BRDA:1158,161,0,0
BRDA:1158,161,1,1
BRDA:1162,162,0,0
BRDA:1162,162,1,1
BRDA:1183,163,0,0
BRDA:1183,163,1,0
BRDA:1185,164,0,0
BRDA:1185,164,1,0
BRDA:1185,165,0,0
BRDA:1185,165,1,0
BRDA:1189,166,0,0
BRDA:1189,166,1,0
BRDA:1200,167,0,0
BRDA:1200,167,1,0
BRDA:1228,168,0,0
BRDA:1228,168,1,0
BRDA:1247,169,0,0
BRDA:1247,169,1,1
BRDA:1247,170,0,1
BRDA:1247,170,1,1
BRDA:1249,171,0,0
BRDA:1249,171,1,1
BRDA:1319,172,0,0
BRDA:1319,172,1,0
BRDA:1320,173,0,0
BRDA:1320,173,1,0
BRDA:1329,174,0,0
BRDA:1329,174,1,0
BRDA:1330,175,0,0
BRDA:1330,175,1,0
BRDA:1331,176,0,0
BRDA:1331,176,1,0
BRDA:1336,177,0,0
BRDA:1336,177,1,0
BRDA:1336,177,2,0
BRDA:1337,178,0,0
BRDA:1337,178,1,0
BRDA:1337,178,2,0
BRDA:1339,179,0,0
BRDA:1339,179,1,0
BRDA:1339,180,0,0
BRDA:1339,180,1,0
BRDA:1339,180,2,0
BRDA:1343,181,0,0
BRDA:1343,181,1,0
BRDA:1343,182,0,0
BRDA:1343,182,1,0
BRDA:1344,183,0,0
BRDA:1344,183,1,0
BRDA:1345,184,0,0
BRDA:1345,184,1,0
BRDA:1346,185,0,0
BRDA:1346,185,1,0
BRDA:1346,186,0,0
BRDA:1346,186,1,0
BRDA:1359,187,0,0
BRDA:1359,187,1,0
BRDA:1367,188,0,0
BRDA:1367,188,1,0
BRDA:1369,189,0,0
BRDA:1369,189,1,0
BRDA:1378,190,0,0
BRDA:1378,191,0,0
BRDA:1378,191,1,0
BRDA:1378,191,2,0
BRDA:1383,192,0,0
BRDA:1383,192,1,0
BRDA:1388,193,0,0
BRDA:1388,193,1,0
BRDA:1397,194,0,0
BRDA:1397,194,1,0
BRDA:1397,195,0,0
BRDA:1397,195,1,0
BRDA:1401,196,0,0
BRDA:1401,196,1,0
BRDA:1408,197,0,0
BRDA:1408,197,1,0
BRDA:1416,198,0,0
BRDA:1416,198,1,0
BRDA:1427,199,0,0
BRDA:1427,199,1,0
BRDA:1427,200,0,0
BRDA:1427,200,1,0
BRDA:1450,201,0,0
BRDA:1450,201,1,0
BRDA:1451,202,0,0
BRDA:1451,202,1,0
BRDA:1479,203,0,0
BRDA:1479,203,1,1
BRDA:1479,204,0,1
BRDA:1479,204,1,1
BRDA:1500,205,0,0
BRDA:1500,205,1,6
BRDA:1529,206,0,3
BRDA:1529,206,1,0
BRDA:1536,207,0,1
BRDA:1536,207,1,0
BRDA:1536,208,0,1
BRDA:1536,208,1,1
BRDA:1548,209,0,0
BRDA:1548,209,1,0
BRDA:1549,210,0,0
BRDA:1549,210,1,0
BRDA:1550,211,0,0
BRDA:1550,211,1,0
BRDA:1550,212,0,0
BRDA:1550,212,1,0
BRDA:1550,212,2,0
BRDA:1550,212,3,0
BRDA:1554,213,0,0
BRDA:1554,213,1,0
BRDA:1554,214,0,0
BRDA:1554,214,1,0
BRDA:1560,215,0,1
BRDA:1560,215,1,2
BRDA:1560,216,0,3
BRDA:1560,216,1,3
BRDA:1672,217,0,0
BRDA:1672,217,1,0
BRDA:1688,218,0,0
BRDA:1688,218,1,0
BRDA:1714,219,0,0
BRDA:1714,219,1,0
BRDA:1714,220,0,0
BRDA:1714,220,1,0
BRDA:1718,221,0,0
BRDA:1718,221,1,0
BRDA:1722,222,0,0
BRDA:1722,222,1,0
BRDA:1728,223,0,0
BRDA:1728,223,1,0
BRDA:1730,224,0,0
BRDA:1730,224,1,0
BRDA:1739,225,0,0
BRDA:1739,225,1,0
BRDA:1745,226,0,0
BRDA:1745,226,1,0
BRDA:1745,227,0,0
BRDA:1745,227,1,0
BRDA:1750,228,0,0
BRDA:1750,228,1,0
BRDA:1750,229,0,0
BRDA:1750,229,1,0
BRDA:1760,230,0,0
BRDA:1760,230,1,0
BRDA:1760,231,0,0
BRDA:1760,231,1,0
BRDA:1762,232,0,0
BRDA:1762,232,1,0
BRDA:1771,233,0,0
BRDA:1771,233,1,0
BRDA:1799,234,0,0
BRDA:1799,234,1,0
BRDA:1808,235,0,0
BRDA:1808,235,1,0
BRDA:1808,236,0,0
BRDA:1808,236,1,0
BRDA:1814,237,0,0
BRDA:1814,237,1,0
BRDA:1821,238,0,0
BRDA:1821,238,1,0
BRDA:1821,239,0,0
BRDA:1821,239,1,0
BRDA:1821,239,2,0
BRDA:1824,240,0,0
BRDA:1824,240,1,0
BRDA:1829,241,0,0
BRDA:1829,241,1,0
BRDA:1834,242,0,0
BRDA:1834,242,1,0
BRDA:1841,243,0,0
BRDA:1841,243,1,0
BRDA:1844,244,0,0
BRDA:1844,244,1,0
BRDA:1844,245,0,0
BRDA:1844,245,1,0
BRDA:1853,246,0,0
BRDA:1853,246,1,0
BRDA:1857,247,0,0
BRDA:1857,247,1,0
BRDA:1955,248,0,0
BRDA:1955,248,1,0
BRDA:1982,249,0,0
BRDA:1982,249,1,0
BRDA:1982,250,0,0
BRDA:1982,250,1,0
BRDA:1989,251,0,0
BRDA:1989,251,1,0
BRDA:1993,252,0,0
BRDA:1993,252,1,0
BRDA:1993,253,0,0
BRDA:1993,253,1,0
BRDA:1998,254,0,0
BRDA:1998,254,1,0
BRDA:2008,255,0,0
BRDA:2008,255,1,0
BRDA:2008,256,0,0
BRDA:2008,256,1,0
BRDA:2047,257,0,3
BRDA:2047,257,1,1
BRDA:2047,258,0,4
BRDA:2047,258,1,4
BRDA:2114,259,0,0
BRDA:2114,259,1,0
BRDA:2115,260,0,0
BRDA:2115,260,1,0
BRDA:2116,261,0,0
BRDA:2116,261,1,0
BRDA:2134,262,0,0
BRDA:2134,262,1,0
BRDA:2138,263,0,0
BRDA:2138,263,1,0
BRDA:2140,264,0,0
BRDA:2140,264,1,0
BRDA:2147,265,0,0
BRDA:2147,265,1,0
BRDA:2157,266,0,0
BRDA:2157,266,1,0
BRDA:2158,267,0,0
BRDA:2158,267,1,0
BRDA:2158,268,0,0
BRDA:2158,268,1,0
BRDA:2159,269,0,0
BRDA:2159,269,1,0
BRDA:2168,270,0,0
BRDA:2168,270,1,0
BRDA:2172,271,0,0
BRDA:2172,271,1,0
BRDA:2173,272,0,0
BRDA:2173,272,1,0
BRDA:2177,273,0,0
BRDA:2177,273,1,0
BRDA:2178,274,0,0
BRDA:2178,274,1,0
BRDA:2180,275,0,0
BRDA:2180,275,1,0
BRDA:2187,276,0,0
BRDA:2187,276,1,0
BRDA:2187,277,0,0
BRDA:2187,277,1,0
BRDA:2187,277,2,0
BRDA:2187,277,3,0
BRDA:2194,278,0,0
BRDA:2194,278,1,0
BRDA:2201,279,0,0
BRDA:2201,279,1,0
BRDA:2211,280,0,0
BRDA:2211,280,1,0
BRDA:2211,281,0,0
BRDA:2211,281,1,0
BRDA:2213,282,0,0
BRDA:2213,282,1,0
BRDA:2221,283,0,0
BRDA:2221,283,1,0
BRDA:2233,284,0,0
BRDA:2233,284,1,0
BRDA:2235,285,0,0
BRDA:2235,285,1,0
BRDA:2248,286,0,0
BRDA:2248,286,1,0
BRDA:2248,287,0,0
BRDA:2248,287,1,0
BRDA:2269,288,0,0
BRDA:2269,288,1,0
BRDA:2271,289,0,0
BRDA:2271,289,1,0
BRDA:2273,290,0,0
BRDA:2273,290,1,0
BRDA:2305,291,0,0
BRDA:2305,291,1,0
BRDA:2310,292,0,0
BRDA:2310,292,1,0
BRDA:2318,293,0,0
BRDA:2318,293,1,0
BRDA:2336,294,0,0
BRDA:2336,294,1,1
BRDA:2336,295,0,1
BRDA:2336,295,1,1
BRDA:2343,296,0,0
BRDA:2343,296,1,0
BRDA:2345,297,0,0
BRDA:2345,297,1,0
BRDA:2358,298,0,0
BRDA:2358,298,1,0
BRDA:2375,299,0,0
BRDA:2375,299,1,0
BRDA:2375,300,0,0
BRDA:2375,300,1,0
BRDA:2381,301,0,0
BRDA:2381,301,1,0
BRDA:2395,302,0,0
BRDA:2395,302,1,0
BRDA:2398,303,0,0
BRDA:2398,303,1,0
BRDA:2398,304,0,0
BRDA:2398,304,1,0
BRDA:2404,305,0,0
BRDA:2404,305,1,0
BRDA:2405,306,0,0
BRDA:2405,306,1,0
BRDA:2405,307,0,0
BRDA:2405,307,1,0
BRDA:2412,308,0,0
BRDA:2412,308,1,0
BRDA:2420,309,0,0
BRDA:2420,309,1,0
BRDA:2420,310,0,0
BRDA:2420,310,1,0
BRDA:2423,311,0,0
BRDA:2423,311,1,0
BRDA:2433,312,0,0
BRDA:2433,312,1,0
BRDA:2433,313,0,0
BRDA:2433,313,1,0
BRDA:2433,313,2,0
BRDA:2439,314,0,0
BRDA:2439,314,1,0
BRDA:2452,315,0,0
BRDA:2452,315,1,0
BRDA:2454,316,0,0
BRDA:2454,316,1,0
BRDA:2455,317,0,0
BRDA:2455,317,1,0
BRDA:2463,318,0,0
BRDA:2463,318,1,0
BRDA:2468,319,0,0
BRDA:2468,319,1,0
BRDA:2476,320,0,0
BRDA:2476,320,1,0
BRDA:2477,321,0,0
BRDA:2477,321,1,0
BRDA:2481,322,0,0
BRDA:2481,322,1,0
BRDA:2482,323,0,0
BRDA:2482,323,1,0
BRDA:2495,324,0,0
BRDA:2495,324,1,0
BRDA:2496,325,0,0
BRDA:2496,325,1,0
BRDA:2496,325,2,0
BRDA:2496,326,0,0
BRDA:2496,326,1,0
BRDA:2507,327,0,0
BRDA:2507,327,1,0
BRDA:2508,328,0,0
BRDA:2508,328,1,0
BRDA:2510,329,0,0
BRDA:2510,329,1,0
BRDA:2517,330,0,1
BRDA:2517,330,1,0
BRDA:2520,331,0,0
BRDA:2520,331,1,0
BRDA:2523,332,0,0
BRDA:2523,332,1,0
BRDA:2523,333,0,0
BRDA:2523,333,1,0
BRDA:2524,334,0,0
BRDA:2524,334,1,0
BRDA:2524,335,0,0
BRDA:2524,335,1,0
BRDA:2539,336,0,1
BRDA:2539,336,1,0
BRDA:2539,337,0,1
BRDA:2539,337,1,1
BRDA:2539,338,0,0
BRDA:2539,338,1,0
BRDA:2539,339,0,0
BRDA:2539,339,1,0
BRDA:2539,339,2,0
BRDA:2539,339,3,0
BRDA:2571,340,0,1
BRDA:2571,340,1,0
BRDA:2574,341,0,1
BRDA:2574,341,1,0
BRDA:2577,342,0,1
BRDA:2577,342,1,1
BRDA:2686,343,0,0
BRDA:2686,343,1,0
BRDA:2691,344,0,0
BRDA:2691,344,1,0
BRDA:2692,345,0,0
BRDA:2692,345,1,0
BRDA:2693,346,0,0
BRDA:2693,346,1,0
BRDA:2693,347,0,0
BRDA:2693,347,1,0
BRDA:2694,348,0,0
BRDA:2694,348,1,0
BRDA:2698,349,0,0
BRDA:2698,349,1,0
BRDA:2707,350,0,0
BRDA:2707,350,1,0
BRDA:2711,351,0,0
BRDA:2711,351,1,0
BRDA:2716,352,0,0
BRDA:2716,352,1,0
BRDA:2748,353,0,0
BRDA:2748,353,1,0
BRDA:2775,354,0,0
BRDA:2775,354,1,0
BRDA:2831,355,0,0
BRDA:2831,355,1,0
BRDA:2832,356,0,0
BRDA:2832,356,1,0
BRDA:2833,357,0,0
BRDA:2833,357,1,0
BRDA:2839,358,0,0
BRDA:2839,358,1,0
BRDA:2846,359,0,0
BRDA:2846,359,1,0
BRDA:2851,360,0,0
BRDA:2851,360,1,0
BRDA:2853,361,0,0
BRDA:2853,361,1,0
BRDA:2856,362,0,0
BRDA:2856,362,1,0
BRDA:2863,363,0,0
BRDA:2863,363,1,0
BRDA:2863,364,0,0
BRDA:2863,364,1,0
BRDA:2897,365,0,0
BRDA:2897,365,1,0
BRDA:2913,366,0,0
BRDA:2913,366,1,0
BRDA:2920,367,0,0
BRDA:2920,367,1,0
BRDA:2954,368,0,0
BRDA:2954,368,1,0
BRDA:2956,369,0,0
BRDA:2956,369,1,0
BRDA:2963,370,0,0
BRDA:2963,370,1,0
BRDA:2991,371,0,0
BRDA:2991,371,1,0
BRDA:2994,372,0,0
BRDA:2994,372,1,0
BRDA:2994,373,0,0
BRDA:2994,373,1,0
BRDA:3011,374,0,0
BRDA:3011,374,1,0
BRDA:3011,375,0,0
BRDA:3011,375,1,0
BRDA:3032,376,0,0
BRDA:3032,376,1,0
BRDA:3045,377,0,0
BRDA:3045,377,1,0
BRDA:3052,378,0,0
BRDA:3052,378,1,0
BRDA:3055,379,0,0
BRDA:3055,379,1,0
BRDA:3059,380,0,0
BRDA:3059,380,1,0
BRDA:3060,381,0,0
BRDA:3060,381,1,0
BRDA:3069,382,0,0
BRDA:3069,382,1,0
BRDA:3098,383,0,0
BRDA:3098,383,1,0
BRDA:3103,384,0,0
BRDA:3103,384,1,0
BRDA:3159,385,0,0
BRDA:3159,385,1,0
BRDA:3159,386,0,0
BRDA:3159,386,1,0
BRDA:3183,387,0,0
BRDA:3183,387,1,0
BRDA:3183,388,0,0
BRDA:3183,388,1,0
BRDA:3203,389,0,0
BRDA:3203,389,1,0
BRDA:3218,390,0,0
BRDA:3218,390,1,0
BRDA:3240,391,0,0
BRDA:3240,391,1,0
BRDA:3247,392,0,0
BRDA:3247,392,1,0
BRDA:3254,393,0,0
BRDA:3254,393,1,0
BRDA:3261,394,0,0
BRDA:3261,394,1,0
BRDA:3287,395,0,0
BRDA:3287,395,1,0
BRDA:3290,396,0,0
BRDA:3290,396,1,0
BRDA:3293,397,0,0
BRDA:3293,397,1,0
BRDA:3296,398,0,0
BRDA:3296,398,1,0
BRDA:3315,399,0,0
BRDA:3315,399,1,0
BRDA:3320,400,0,0
BRDA:3320,400,1,0
BRDA:3320,401,0,0
BRDA:3320,401,1,0
BRDA:3327,402,0,0
BRDA:3327,402,1,0
BRDA:3330,403,0,0
BRDA:3330,403,1,0
BRDA:3337,404,0,0
BRDA:3337,404,1,0
BRDA:3337,405,0,0
BRDA:3337,405,1,0
BRDA:3351,406,0,0
BRDA:3351,406,1,0
BRDA:3351,407,0,0
BRDA:3351,407,1,0
BRDA:3351,407,2,0
BRDA:3351,407,3,0
BRDA:3355,408,0,0
BRDA:3355,408,1,0
BRDA:3378,409,0,0
BRDA:3378,409,1,0
BRDA:3380,410,0,0
BRDA:3380,410,1,0
BRDA:3382,411,0,0
BRDA:3382,411,1,0
BRDA:3384,412,0,0
BRDA:3384,412,1,0
BRDA:3403,413,0,0
BRDA:3403,413,1,0
BRDA:3408,414,0,0
BRDA:3408,414,1,0
BRDA:3413,415,0,0
BRDA:3413,415,1,0
BRDA:3419,416,0,0
BRDA:3419,416,1,0
BRDA:3430,417,0,0
BRDA:3430,417,1,0
BRDA:3431,418,0,0
BRDA:3431,418,1,0
BRDA:3432,419,0,0
BRDA:3432,419,1,0
BRDA:3433,420,0,0
BRDA:3433,420,1,0
BRDA:3434,421,0,0
BRDA:3434,421,1,0
BRDA:3442,422,0,0
BRDA:3442,422,1,0
BRDA:3446,423,0,0
BRDA:3446,423,1,0
BRDA:3451,424,0,0
BRDA:3451,424,1,0
BRDA:3535,425,0,0
BRDA:3535,425,1,0
BRDA:3566,426,0,0
BRDA:3566,426,1,0
BRDA:3566,427,0,0
BRDA:3566,427,1,0
BRDA:3579,428,0,0
BRDA:3579,428,1,0
BRDA:3583,429,0,0
BRDA:3583,429,1,0
BRDA:3586,430,0,0
BRDA:3586,430,1,0
BRDA:3586,431,0,0
BRDA:3586,431,1,0
BRDA:3594,432,0,0
BRDA:3594,432,1,0
BRDA:3594,433,0,0
BRDA:3594,433,1,0
BRDA:3594,433,2,0
BRDA:3612,434,0,0
BRDA:3612,434,1,0
BRDA:3615,435,0,0
BRDA:3615,435,1,0
BRDA:3618,436,0,0
BRDA:3618,436,1,0
BRDA:3630,437,0,0
BRDA:3630,437,1,0
BRDA:3630,437,2,0
BRDA:3635,438,0,0
BRDA:3635,438,1,0
BRDA:3635,439,0,0
BRDA:3635,439,1,0
BRDA:3651,440,0,0
BRDA:3651,440,1,0
BRDA:3690,441,0,0
BRDA:3690,441,1,0
BRDA:3690,442,0,0
BRDA:3690,442,1,0
BRDA:3714,443,0,0
BRDA:3714,443,1,0
BRDA:3744,444,0,0
BRDA:3744,444,1,0
BRDA:3745,445,0,0
BRDA:3745,445,1,0
BRDA:3760,446,0,0
BRDA:3760,446,1,1
BRDA:3766,447,0,0
BRDA:3766,447,1,0
BRDA:3766,448,0,0
BRDA:3766,448,1,0
BRDA:3773,449,0,0
BRDA:3773,449,1,0
BRDA:3773,450,0,0
BRDA:3773,450,1,0
BRDA:3782,451,0,0
BRDA:3782,451,1,0
BRDA:3782,452,0,0
BRDA:3782,452,1,0
BRDA:3815,453,0,0
BRDA:3815,453,1,0
BRDA:3817,454,0,0
BRDA:3817,454,1,0
BRDA:3822,455,0,0
BRDA:3822,455,1,0
BRDA:3822,456,0,0
BRDA:3822,456,1,0
BRDA:3863,457,0,0
BRDA:3863,457,1,0
BRDA:3870,458,0,0
BRDA:3870,458,1,0
BRDA:3873,459,0,0
BRDA:3873,459,1,0
BRDA:3913,460,0,3
BRDA:3913,460,1,0
BRDA:4054,461,0,0
BRDA:4054,461,1,0
BRDA:4054,462,0,0
BRDA:4054,462,1,0
BRDA:4094,463,0,0
BRDA:4094,463,1,1
BRDA:4116,464,0,0
BRDA:4116,464,1,1
BRDA:4130,465,0,0
BRDA:4130,465,1,1
BRDA:4132,466,0,0
BRDA:4132,466,1,1
BRF:974
BRH:103
end_of_record
